2025-08-20 15:02:52 [restartedMain] INFO  com.afr.fms.AFRFMSApplication - Starting AFRFMSApplication using Java 19.0.2 on SYDC_INHD_PC1 with PID 23680 (D:\IS_MGT\is_mgt_enhanced_latest\Backend\AuditFindingReportingandFollowupManagementSystem\target\classes started by Abebayehu Alaro in D:\IS_MGT\is_mgt_enhanced_latest\Backend)
2025-08-20 15:02:52 [restartedMain] INFO  com.afr.fms.AFRFMSApplication - No active profile set, falling back to 1 default profile: "default"
2025-08-20 15:02:57 [restartedMain] INFO  com.zaxxer.hikari.HikariDataSource - HikariPool-1 - Starting...
2025-08-20 15:02:57 [restartedMain] INFO  com.zaxxer.hikari.pool.PoolBase - HikariPool-1 - Driver does not support get/set network timeout for connections. (This operation is not supported.)
2025-08-20 15:02:57 [restartedMain] INFO  com.zaxxer.hikari.HikariDataSource - HikariPool-1 - Start completed.
2025-08-20 15:02:59 [restartedMain] WARN  o.s.b.a.o.j.JpaBaseConfiguration$JpaWebConfiguration - spring.jpa.open-in-view is enabled by default. Therefore, database queries may be performed during view rendering. Explicitly configure spring.jpa.open-in-view to disable this warning
2025-08-20 15:03:01 [restartedMain] WARN  o.s.data.convert.CustomConversions - Registering converter from class microsoft.sql.DateTimeOffset to class java.time.OffsetDateTime as reading converter although it doesn't convert from a store-supported type; You might want to check your annotation setup at the converter implementation
2025-08-20 15:03:01 [restartedMain] INFO  com.afr.fms.AFRFMSApplication - Started AFRFMSApplication in 9.53 seconds (JVM running for 10.443)
2025-08-20 15:03:11 [Thread-8] INFO  com.zaxxer.hikari.HikariDataSource - HikariPool-1 - Shutdown initiated...
2025-08-20 15:03:11 [Thread-8] INFO  com.zaxxer.hikari.HikariDataSource - HikariPool-1 - Shutdown completed.
2025-08-20 15:03:11 [restartedMain] INFO  com.afr.fms.AFRFMSApplication - Starting AFRFMSApplication using Java 19.0.2 on SYDC_INHD_PC1 with PID 23680 (D:\IS_MGT\is_mgt_enhanced_latest\Backend\AuditFindingReportingandFollowupManagementSystem\target\classes started by Abebayehu Alaro in D:\IS_MGT\is_mgt_enhanced_latest\Backend)
2025-08-20 15:03:11 [restartedMain] INFO  com.afr.fms.AFRFMSApplication - No active profile set, falling back to 1 default profile: "default"
2025-08-20 15:03:14 [restartedMain] ERROR o.s.b.w.e.tomcat.TomcatStarter - Error starting Tomcat context. Exception: org.springframework.beans.factory.BeanCreationException. Message: Error creating bean with name 'authenticationJwtTokenFilter' defined in class path resource [com/afr/fms/Security/WebSecurityConfig.class]: Bean instantiation via factory method failed; nested exception is org.springframework.beans.BeanInstantiationException: Failed to instantiate [com.afr.fms.Security.jwt.AuthTokenFilter]: Factory method 'authenticationJwtTokenFilter' threw exception; nested exception is java.lang.Error: Unresolved compilation problems: 
	Syntax error on token "else", delete this token
	Syntax error on token "}", delete this token

2025-08-20 15:03:14 [restartedMain] WARN  o.s.b.w.s.c.AnnotationConfigServletWebServerApplicationContext - Exception encountered during context initialization - cancelling refresh attempt: org.springframework.context.ApplicationContextException: Unable to start web server; nested exception is org.springframework.boot.web.server.WebServerException: Unable to start embedded Tomcat
2025-08-20 15:03:14 [restartedMain] ERROR o.s.boot.SpringApplication - Application run failed
org.springframework.context.ApplicationContextException: Unable to start web server; nested exception is org.springframework.boot.web.server.WebServerException: Unable to start embedded Tomcat
	at org.springframework.boot.web.servlet.context.ServletWebServerApplicationContext.onRefresh(ServletWebServerApplicationContext.java:165)
	at org.springframework.context.support.AbstractApplicationContext.refresh(AbstractApplicationContext.java:577)
	at org.springframework.boot.web.servlet.context.ServletWebServerApplicationContext.refresh(ServletWebServerApplicationContext.java:147)
	at org.springframework.boot.SpringApplication.refresh(SpringApplication.java:734)
	at org.springframework.boot.SpringApplication.refreshContext(SpringApplication.java:408)
	at org.springframework.boot.SpringApplication.run(SpringApplication.java:308)
	at org.springframework.boot.SpringApplication.run(SpringApplication.java:1306)
	at org.springframework.boot.SpringApplication.run(SpringApplication.java:1295)
	at com.afr.fms.AFRFMSApplication.main(AFRFMSApplication.java:23)
	at java.base/jdk.internal.reflect.DirectMethodHandleAccessor.invoke(DirectMethodHandleAccessor.java:104)
	at java.base/java.lang.reflect.Method.invoke(Method.java:578)
	at org.springframework.boot.devtools.restart.RestartLauncher.run(RestartLauncher.java:49)
Caused by: org.springframework.boot.web.server.WebServerException: Unable to start embedded Tomcat
	at org.springframework.boot.web.embedded.tomcat.TomcatWebServer.initialize(TomcatWebServer.java:142)
	at org.springframework.boot.web.embedded.tomcat.TomcatWebServer.<init>(TomcatWebServer.java:104)
	at org.springframework.boot.web.embedded.tomcat.TomcatServletWebServerFactory.getTomcatWebServer(TomcatServletWebServerFactory.java:479)
	at org.springframework.boot.web.embedded.tomcat.TomcatServletWebServerFactory.getWebServer(TomcatServletWebServerFactory.java:211)
	at org.springframework.boot.web.servlet.context.ServletWebServerApplicationContext.createWebServer(ServletWebServerApplicationContext.java:184)
	at org.springframework.boot.web.servlet.context.ServletWebServerApplicationContext.onRefresh(ServletWebServerApplicationContext.java:162)
	... 11 common frames omitted
Caused by: org.springframework.beans.factory.BeanCreationException: Error creating bean with name 'authenticationJwtTokenFilter' defined in class path resource [com/afr/fms/Security/WebSecurityConfig.class]: Bean instantiation via factory method failed; nested exception is org.springframework.beans.BeanInstantiationException: Failed to instantiate [com.afr.fms.Security.jwt.AuthTokenFilter]: Factory method 'authenticationJwtTokenFilter' threw exception; nested exception is java.lang.Error: Unresolved compilation problems: 
	Syntax error on token "else", delete this token
	Syntax error on token "}", delete this token

	at org.springframework.beans.factory.support.ConstructorResolver.instantiate(ConstructorResolver.java:658)
	at org.springframework.beans.factory.support.ConstructorResolver.instantiateUsingFactoryMethod(ConstructorResolver.java:486)
	at org.springframework.beans.factory.support.AbstractAutowireCapableBeanFactory.instantiateUsingFactoryMethod(AbstractAutowireCapableBeanFactory.java:1352)
	at org.springframework.beans.factory.support.AbstractAutowireCapableBeanFactory.createBeanInstance(AbstractAutowireCapableBeanFactory.java:1195)
	at org.springframework.beans.factory.support.AbstractAutowireCapableBeanFactory.doCreateBean(AbstractAutowireCapableBeanFactory.java:582)
	at org.springframework.beans.factory.support.AbstractAutowireCapableBeanFactory.createBean(AbstractAutowireCapableBeanFactory.java:542)
	at org.springframework.beans.factory.support.AbstractBeanFactory.lambda$doGetBean$0(AbstractBeanFactory.java:335)
	at org.springframework.beans.factory.support.DefaultSingletonBeanRegistry.getSingleton(DefaultSingletonBeanRegistry.java:234)
	at org.springframework.beans.factory.support.AbstractBeanFactory.doGetBean(AbstractBeanFactory.java:333)
	at org.springframework.beans.factory.support.AbstractBeanFactory.getBean(AbstractBeanFactory.java:213)
	at org.springframework.boot.web.servlet.ServletContextInitializerBeans.getOrderedBeansOfType(ServletContextInitializerBeans.java:212)
	at org.springframework.boot.web.servlet.ServletContextInitializerBeans.addAsRegistrationBean(ServletContextInitializerBeans.java:175)
	at org.springframework.boot.web.servlet.ServletContextInitializerBeans.addAsRegistrationBean(ServletContextInitializerBeans.java:170)
	at org.springframework.boot.web.servlet.ServletContextInitializerBeans.addAdaptableBeans(ServletContextInitializerBeans.java:155)
	at org.springframework.boot.web.servlet.ServletContextInitializerBeans.<init>(ServletContextInitializerBeans.java:87)
	at org.springframework.boot.web.servlet.context.ServletWebServerApplicationContext.getServletContextInitializerBeans(ServletWebServerApplicationContext.java:262)
	at org.springframework.boot.web.servlet.context.ServletWebServerApplicationContext.selfInitialize(ServletWebServerApplicationContext.java:236)
	at org.springframework.boot.web.embedded.tomcat.TomcatStarter.onStartup(TomcatStarter.java:53)
	at org.apache.catalina.core.StandardContext.startInternal(StandardContext.java:5219)
	at org.apache.catalina.util.LifecycleBase.start(LifecycleBase.java:183)
	at org.apache.catalina.core.ContainerBase$StartChild.call(ContainerBase.java:1396)
	at org.apache.catalina.core.ContainerBase$StartChild.call(ContainerBase.java:1386)
	at java.base/java.util.concurrent.FutureTask.run(FutureTask.java:317)
	at org.apache.tomcat.util.threads.InlineExecutorService.execute(InlineExecutorService.java:75)
	at java.base/java.util.concurrent.AbstractExecutorService.submit(AbstractExecutorService.java:145)
	at org.apache.catalina.core.ContainerBase.startInternal(ContainerBase.java:919)
	at org.apache.catalina.core.StandardHost.startInternal(StandardHost.java:835)
	at org.apache.catalina.util.LifecycleBase.start(LifecycleBase.java:183)
	at org.apache.catalina.core.ContainerBase$StartChild.call(ContainerBase.java:1396)
	at org.apache.catalina.core.ContainerBase$StartChild.call(ContainerBase.java:1386)
	at java.base/java.util.concurrent.FutureTask.run(FutureTask.java:317)
	at org.apache.tomcat.util.threads.InlineExecutorService.execute(InlineExecutorService.java:75)
	at java.base/java.util.concurrent.AbstractExecutorService.submit(AbstractExecutorService.java:145)
	at org.apache.catalina.core.ContainerBase.startInternal(ContainerBase.java:919)
	at org.apache.catalina.core.StandardEngine.startInternal(StandardEngine.java:265)
	at org.apache.catalina.util.LifecycleBase.start(LifecycleBase.java:183)
	at org.apache.catalina.core.StandardService.startInternal(StandardService.java:432)
	at org.apache.catalina.util.LifecycleBase.start(LifecycleBase.java:183)
	at org.apache.catalina.core.StandardServer.startInternal(StandardServer.java:930)
	at org.apache.catalina.util.LifecycleBase.start(LifecycleBase.java:183)
	at org.apache.catalina.startup.Tomcat.start(Tomcat.java:486)
	at org.springframework.boot.web.embedded.tomcat.TomcatWebServer.initialize(TomcatWebServer.java:123)
	... 16 common frames omitted
Caused by: org.springframework.beans.BeanInstantiationException: Failed to instantiate [com.afr.fms.Security.jwt.AuthTokenFilter]: Factory method 'authenticationJwtTokenFilter' threw exception; nested exception is java.lang.Error: Unresolved compilation problems: 
	Syntax error on token "else", delete this token
	Syntax error on token "}", delete this token

	at org.springframework.beans.factory.support.SimpleInstantiationStrategy.instantiate(SimpleInstantiationStrategy.java:185)
	at org.springframework.beans.factory.support.ConstructorResolver.instantiate(ConstructorResolver.java:653)
	... 57 common frames omitted
Caused by: java.lang.Error: Unresolved compilation problems: 
	Syntax error on token "else", delete this token
	Syntax error on token "}", delete this token

	at com.afr.fms.Security.jwt.AuthTokenFilter.<init>(AuthTokenFilter.java:100)
	at com.afr.fms.Security.WebSecurityConfig.authenticationJwtTokenFilter(WebSecurityConfig.java:32)
	at com.afr.fms.Security.WebSecurityConfig$$EnhancerBySpringCGLIB$$c7f03010.CGLIB$authenticationJwtTokenFilter$0(<generated>)
	at com.afr.fms.Security.WebSecurityConfig$$EnhancerBySpringCGLIB$$c7f03010$$FastClassBySpringCGLIB$$23115dfb.invoke(<generated>)
	at org.springframework.cglib.proxy.MethodProxy.invokeSuper(MethodProxy.java:244)
	at org.springframework.context.annotation.ConfigurationClassEnhancer$BeanMethodInterceptor.intercept(ConfigurationClassEnhancer.java:331)
	at com.afr.fms.Security.WebSecurityConfig$$EnhancerBySpringCGLIB$$c7f03010.authenticationJwtTokenFilter(<generated>)
	at java.base/jdk.internal.reflect.DirectMethodHandleAccessor.invoke(DirectMethodHandleAccessor.java:104)
	at java.base/java.lang.reflect.Method.invoke(Method.java:578)
	at org.springframework.beans.factory.support.SimpleInstantiationStrategy.instantiate(SimpleInstantiationStrategy.java:154)
	... 58 common frames omitted
2025-08-20 15:03:15 [restartedMain] INFO  com.afr.fms.AFRFMSApplication - Starting AFRFMSApplication using Java 19.0.2 on SYDC_INHD_PC1 with PID 23680 (D:\IS_MGT\is_mgt_enhanced_latest\Backend\AuditFindingReportingandFollowupManagementSystem\target\classes started by Abebayehu Alaro in D:\IS_MGT\is_mgt_enhanced_latest\Backend)
2025-08-20 15:03:15 [restartedMain] INFO  com.afr.fms.AFRFMSApplication - No active profile set, falling back to 1 default profile: "default"
2025-08-20 15:03:18 [restartedMain] INFO  com.zaxxer.hikari.HikariDataSource - HikariPool-2 - Starting...
2025-08-20 15:03:18 [restartedMain] INFO  com.zaxxer.hikari.pool.PoolBase - HikariPool-2 - Driver does not support get/set network timeout for connections. (This operation is not supported.)
2025-08-20 15:03:18 [restartedMain] INFO  com.zaxxer.hikari.HikariDataSource - HikariPool-2 - Start completed.
2025-08-20 15:03:18 [restartedMain] WARN  o.s.b.a.o.j.JpaBaseConfiguration$JpaWebConfiguration - spring.jpa.open-in-view is enabled by default. Therefore, database queries may be performed during view rendering. Explicitly configure spring.jpa.open-in-view to disable this warning
2025-08-20 15:03:19 [restartedMain] WARN  o.s.data.convert.CustomConversions - Registering converter from class microsoft.sql.DateTimeOffset to class java.time.OffsetDateTime as reading converter although it doesn't convert from a store-supported type; You might want to check your annotation setup at the converter implementation
2025-08-20 15:03:20 [restartedMain] INFO  com.afr.fms.AFRFMSApplication - Started AFRFMSApplication in 4.198 seconds (JVM running for 29.094)
2025-08-20 15:03:40 [http-nio-8442-exec-1] INFO  c.a.fms.Security.jwt.AuthTokenFilter - AFRFMS API URI: /api/user Method: GET Remote: 0:0:0:0:0:0:0:1 Host: localhost:8442 Origin: null
2025-08-20 15:03:40 [http-nio-8442-exec-1] WARN  c.a.fms.Security.jwt.AuthTokenFilter - Blocked request from disallowed source. Host=localhost:8442 Origin=null IP=0:0:0:0:0:0:0:1
2025-08-20 15:03:40 [http-nio-8442-exec-1] ERROR c.a.f.Security.jwt.AuthEntryPointJwt - Unauthorized error: Full authentication is required to access this resource
2025-08-20 15:04:05 [Thread-10] INFO  com.zaxxer.hikari.HikariDataSource - HikariPool-2 - Shutdown initiated...
2025-08-20 15:04:05 [Thread-10] INFO  com.zaxxer.hikari.HikariDataSource - HikariPool-2 - Shutdown completed.
2025-08-20 15:04:05 [restartedMain] INFO  com.afr.fms.AFRFMSApplication - Starting AFRFMSApplication using Java 19.0.2 on SYDC_INHD_PC1 with PID 23680 (D:\IS_MGT\is_mgt_enhanced_latest\Backend\AuditFindingReportingandFollowupManagementSystem\target\classes started by Abebayehu Alaro in D:\IS_MGT\is_mgt_enhanced_latest\Backend)
2025-08-20 15:04:05 [restartedMain] INFO  com.afr.fms.AFRFMSApplication - No active profile set, falling back to 1 default profile: "default"
2025-08-20 15:04:06 [restartedMain] INFO  com.zaxxer.hikari.HikariDataSource - HikariPool-3 - Starting...
2025-08-20 15:04:06 [restartedMain] INFO  com.zaxxer.hikari.pool.PoolBase - HikariPool-3 - Driver does not support get/set network timeout for connections. (This operation is not supported.)
2025-08-20 15:04:06 [restartedMain] INFO  com.zaxxer.hikari.HikariDataSource - HikariPool-3 - Start completed.
2025-08-20 15:04:07 [restartedMain] WARN  o.s.b.a.o.j.JpaBaseConfiguration$JpaWebConfiguration - spring.jpa.open-in-view is enabled by default. Therefore, database queries may be performed during view rendering. Explicitly configure spring.jpa.open-in-view to disable this warning
2025-08-20 15:04:08 [restartedMain] WARN  o.s.data.convert.CustomConversions - Registering converter from class microsoft.sql.DateTimeOffset to class java.time.OffsetDateTime as reading converter although it doesn't convert from a store-supported type; You might want to check your annotation setup at the converter implementation
2025-08-20 15:04:08 [restartedMain] INFO  com.afr.fms.AFRFMSApplication - Started AFRFMSApplication in 3.705 seconds (JVM running for 77.916)
2025-08-20 15:04:12 [http-nio-8442-exec-2] INFO  c.a.fms.Security.jwt.AuthTokenFilter - AFRFMS API URI: /api/user Method: GET Remote: 0:0:0:0:0:0:0:1 Host: localhost:8442 Origin: null
2025-08-20 15:04:12 [http-nio-8442-exec-2] WARN  c.a.fms.Security.jwt.AuthTokenFilter - Blocked request from disallowed source. Host=localhost:8442 Origin=null IP=0:0:0:0:0:0:0:1
2025-08-20 15:04:12 [http-nio-8442-exec-2] ERROR c.a.f.Security.jwt.AuthEntryPointJwt - Unauthorized error: Full authentication is required to access this resource
2025-08-20 15:04:23 [Thread-22] INFO  com.zaxxer.hikari.HikariDataSource - HikariPool-3 - Shutdown initiated...
2025-08-20 15:04:23 [Thread-22] INFO  com.zaxxer.hikari.HikariDataSource - HikariPool-3 - Shutdown completed.
2025-08-20 15:04:23 [restartedMain] INFO  com.afr.fms.AFRFMSApplication - Starting AFRFMSApplication using Java 19.0.2 on SYDC_INHD_PC1 with PID 23680 (D:\IS_MGT\is_mgt_enhanced_latest\Backend\AuditFindingReportingandFollowupManagementSystem\target\classes started by Abebayehu Alaro in D:\IS_MGT\is_mgt_enhanced_latest\Backend)
2025-08-20 15:04:23 [restartedMain] INFO  com.afr.fms.AFRFMSApplication - No active profile set, falling back to 1 default profile: "default"
2025-08-20 15:04:25 [restartedMain] INFO  com.zaxxer.hikari.HikariDataSource - HikariPool-4 - Starting...
2025-08-20 15:04:25 [restartedMain] INFO  com.zaxxer.hikari.pool.PoolBase - HikariPool-4 - Driver does not support get/set network timeout for connections. (This operation is not supported.)
2025-08-20 15:04:25 [restartedMain] INFO  com.zaxxer.hikari.HikariDataSource - HikariPool-4 - Start completed.
2025-08-20 15:04:26 [restartedMain] WARN  o.s.b.a.o.j.JpaBaseConfiguration$JpaWebConfiguration - spring.jpa.open-in-view is enabled by default. Therefore, database queries may be performed during view rendering. Explicitly configure spring.jpa.open-in-view to disable this warning
2025-08-20 15:04:27 [restartedMain] WARN  o.s.data.convert.CustomConversions - Registering converter from class microsoft.sql.DateTimeOffset to class java.time.OffsetDateTime as reading converter although it doesn't convert from a store-supported type; You might want to check your annotation setup at the converter implementation
2025-08-20 15:04:27 [restartedMain] INFO  com.afr.fms.AFRFMSApplication - Started AFRFMSApplication in 3.715 seconds (JVM running for 96.335)
2025-08-20 15:04:28 [Thread-30] INFO  com.zaxxer.hikari.HikariDataSource - HikariPool-4 - Shutdown initiated...
2025-08-20 15:04:28 [Thread-30] INFO  com.zaxxer.hikari.HikariDataSource - HikariPool-4 - Shutdown completed.
2025-08-20 15:04:28 [restartedMain] INFO  com.afr.fms.AFRFMSApplication - Starting AFRFMSApplication using Java 19.0.2 on SYDC_INHD_PC1 with PID 23680 (D:\IS_MGT\is_mgt_enhanced_latest\Backend\AuditFindingReportingandFollowupManagementSystem\target\classes started by Abebayehu Alaro in D:\IS_MGT\is_mgt_enhanced_latest\Backend)
2025-08-20 15:04:28 [restartedMain] INFO  com.afr.fms.AFRFMSApplication - No active profile set, falling back to 1 default profile: "default"
2025-08-20 15:04:30 [restartedMain] INFO  com.zaxxer.hikari.HikariDataSource - HikariPool-5 - Starting...
2025-08-20 15:04:30 [restartedMain] INFO  com.zaxxer.hikari.pool.PoolBase - HikariPool-5 - Driver does not support get/set network timeout for connections. (This operation is not supported.)
2025-08-20 15:04:30 [restartedMain] INFO  com.zaxxer.hikari.HikariDataSource - HikariPool-5 - Start completed.
2025-08-20 15:04:31 [restartedMain] WARN  o.s.b.a.o.j.JpaBaseConfiguration$JpaWebConfiguration - spring.jpa.open-in-view is enabled by default. Therefore, database queries may be performed during view rendering. Explicitly configure spring.jpa.open-in-view to disable this warning
2025-08-20 15:04:32 [restartedMain] WARN  o.s.data.convert.CustomConversions - Registering converter from class microsoft.sql.DateTimeOffset to class java.time.OffsetDateTime as reading converter although it doesn't convert from a store-supported type; You might want to check your annotation setup at the converter implementation
2025-08-20 15:04:32 [restartedMain] INFO  com.afr.fms.AFRFMSApplication - Started AFRFMSApplication in 3.845 seconds (JVM running for 101.753)
2025-08-20 15:04:34 [Thread-37] INFO  com.zaxxer.hikari.HikariDataSource - HikariPool-5 - Shutdown initiated...
2025-08-20 15:04:34 [Thread-37] INFO  com.zaxxer.hikari.HikariDataSource - HikariPool-5 - Shutdown completed.
2025-08-20 15:04:34 [restartedMain] INFO  com.afr.fms.AFRFMSApplication - Starting AFRFMSApplication using Java 19.0.2 on SYDC_INHD_PC1 with PID 23680 (D:\IS_MGT\is_mgt_enhanced_latest\Backend\AuditFindingReportingandFollowupManagementSystem\target\classes started by Abebayehu Alaro in D:\IS_MGT\is_mgt_enhanced_latest\Backend)
2025-08-20 15:04:34 [restartedMain] INFO  com.afr.fms.AFRFMSApplication - No active profile set, falling back to 1 default profile: "default"
2025-08-20 15:04:36 [restartedMain] INFO  com.zaxxer.hikari.HikariDataSource - HikariPool-6 - Starting...
2025-08-20 15:04:36 [restartedMain] INFO  com.zaxxer.hikari.pool.PoolBase - HikariPool-6 - Driver does not support get/set network timeout for connections. (This operation is not supported.)
2025-08-20 15:04:36 [restartedMain] INFO  com.zaxxer.hikari.HikariDataSource - HikariPool-6 - Start completed.
2025-08-20 15:04:37 [restartedMain] WARN  o.s.b.a.o.j.JpaBaseConfiguration$JpaWebConfiguration - spring.jpa.open-in-view is enabled by default. Therefore, database queries may be performed during view rendering. Explicitly configure spring.jpa.open-in-view to disable this warning
2025-08-20 15:04:38 [restartedMain] WARN  o.s.data.convert.CustomConversions - Registering converter from class microsoft.sql.DateTimeOffset to class java.time.OffsetDateTime as reading converter although it doesn't convert from a store-supported type; You might want to check your annotation setup at the converter implementation
2025-08-20 15:04:38 [restartedMain] INFO  com.afr.fms.AFRFMSApplication - Started AFRFMSApplication in 4.258 seconds (JVM running for 107.636)
2025-08-20 15:04:45 [Thread-44] INFO  com.zaxxer.hikari.HikariDataSource - HikariPool-6 - Shutdown initiated...
2025-08-20 15:04:45 [Thread-44] INFO  com.zaxxer.hikari.HikariDataSource - HikariPool-6 - Shutdown completed.
2025-08-20 15:04:45 [restartedMain] INFO  com.afr.fms.AFRFMSApplication - Starting AFRFMSApplication using Java 19.0.2 on SYDC_INHD_PC1 with PID 23680 (D:\IS_MGT\is_mgt_enhanced_latest\Backend\AuditFindingReportingandFollowupManagementSystem\target\classes started by Abebayehu Alaro in D:\IS_MGT\is_mgt_enhanced_latest\Backend)
2025-08-20 15:04:45 [restartedMain] INFO  com.afr.fms.AFRFMSApplication - No active profile set, falling back to 1 default profile: "default"
2025-08-20 15:04:47 [restartedMain] INFO  com.zaxxer.hikari.HikariDataSource - HikariPool-7 - Starting...
2025-08-20 15:04:47 [restartedMain] INFO  com.zaxxer.hikari.pool.PoolBase - HikariPool-7 - Driver does not support get/set network timeout for connections. (This operation is not supported.)
2025-08-20 15:04:47 [restartedMain] INFO  com.zaxxer.hikari.HikariDataSource - HikariPool-7 - Start completed.
2025-08-20 15:04:48 [restartedMain] WARN  o.s.b.a.o.j.JpaBaseConfiguration$JpaWebConfiguration - spring.jpa.open-in-view is enabled by default. Therefore, database queries may be performed during view rendering. Explicitly configure spring.jpa.open-in-view to disable this warning
2025-08-20 15:04:49 [restartedMain] WARN  o.s.data.convert.CustomConversions - Registering converter from class microsoft.sql.DateTimeOffset to class java.time.OffsetDateTime as reading converter although it doesn't convert from a store-supported type; You might want to check your annotation setup at the converter implementation
2025-08-20 15:04:49 [restartedMain] INFO  com.afr.fms.AFRFMSApplication - Started AFRFMSApplication in 4.011 seconds (JVM running for 118.882)
2025-08-20 15:04:54 [http-nio-8442-exec-2] INFO  c.a.fms.Security.jwt.AuthTokenFilter - AFRFMS API URI: /api/user Method: GET Remote: 0:0:0:0:0:0:0:1 Host: localhost:8442 Origin: null
2025-08-20 15:04:56 [http-nio-8442-exec-4] INFO  c.a.fms.Security.jwt.AuthTokenFilter - AFRFMS API URI: /api/user Method: GET Remote: 0:0:0:0:0:0:0:1 Host: localhost:8442 Origin: null
2025-08-20 15:04:56 [http-nio-8442-exec-2] WARN  o.s.w.s.m.m.a.ExceptionHandlerExceptionResolver - Resolved [org.apache.catalina.connector.ClientAbortException: java.io.IOException: An established connection was aborted by the software in your host machine]
2025-08-20 15:05:18 [Thread-51] INFO  com.zaxxer.hikari.HikariDataSource - HikariPool-7 - Shutdown initiated...
2025-08-20 15:05:18 [Thread-51] INFO  com.zaxxer.hikari.HikariDataSource - HikariPool-7 - Shutdown completed.
2025-08-20 15:05:18 [restartedMain] INFO  com.afr.fms.AFRFMSApplication - Starting AFRFMSApplication using Java 19.0.2 on SYDC_INHD_PC1 with PID 23680 (D:\IS_MGT\is_mgt_enhanced_latest\Backend\AuditFindingReportingandFollowupManagementSystem\target\classes started by Abebayehu Alaro in D:\IS_MGT\is_mgt_enhanced_latest\Backend)
2025-08-20 15:05:18 [restartedMain] INFO  com.afr.fms.AFRFMSApplication - No active profile set, falling back to 1 default profile: "default"
2025-08-20 15:05:20 [restartedMain] INFO  com.zaxxer.hikari.HikariDataSource - HikariPool-8 - Starting...
2025-08-20 15:05:20 [restartedMain] INFO  com.zaxxer.hikari.pool.PoolBase - HikariPool-8 - Driver does not support get/set network timeout for connections. (This operation is not supported.)
2025-08-20 15:05:20 [restartedMain] INFO  com.zaxxer.hikari.HikariDataSource - HikariPool-8 - Start completed.
2025-08-20 15:05:20 [restartedMain] WARN  o.s.b.a.o.j.JpaBaseConfiguration$JpaWebConfiguration - spring.jpa.open-in-view is enabled by default. Therefore, database queries may be performed during view rendering. Explicitly configure spring.jpa.open-in-view to disable this warning
2025-08-20 15:05:21 [restartedMain] WARN  o.s.data.convert.CustomConversions - Registering converter from class microsoft.sql.DateTimeOffset to class java.time.OffsetDateTime as reading converter although it doesn't convert from a store-supported type; You might want to check your annotation setup at the converter implementation
2025-08-20 15:05:21 [restartedMain] INFO  com.afr.fms.AFRFMSApplication - Started AFRFMSApplication in 3.582 seconds (JVM running for 150.972)
2025-08-20 15:05:23 [Thread-60] INFO  com.zaxxer.hikari.HikariDataSource - HikariPool-8 - Shutdown initiated...
2025-08-20 15:05:23 [Thread-60] INFO  com.zaxxer.hikari.HikariDataSource - HikariPool-8 - Shutdown completed.
2025-08-20 15:05:23 [restartedMain] INFO  com.afr.fms.AFRFMSApplication - Starting AFRFMSApplication using Java 19.0.2 on SYDC_INHD_PC1 with PID 23680 (D:\IS_MGT\is_mgt_enhanced_latest\Backend\AuditFindingReportingandFollowupManagementSystem\target\classes started by Abebayehu Alaro in D:\IS_MGT\is_mgt_enhanced_latest\Backend)
2025-08-20 15:05:23 [restartedMain] INFO  com.afr.fms.AFRFMSApplication - No active profile set, falling back to 1 default profile: "default"
2025-08-20 15:05:25 [restartedMain] INFO  com.zaxxer.hikari.HikariDataSource - HikariPool-9 - Starting...
2025-08-20 15:05:25 [restartedMain] INFO  com.zaxxer.hikari.pool.PoolBase - HikariPool-9 - Driver does not support get/set network timeout for connections. (This operation is not supported.)
2025-08-20 15:05:25 [restartedMain] INFO  com.zaxxer.hikari.HikariDataSource - HikariPool-9 - Start completed.
2025-08-20 15:05:25 [restartedMain] WARN  o.s.b.a.o.j.JpaBaseConfiguration$JpaWebConfiguration - spring.jpa.open-in-view is enabled by default. Therefore, database queries may be performed during view rendering. Explicitly configure spring.jpa.open-in-view to disable this warning
2025-08-20 15:05:27 [restartedMain] WARN  o.s.data.convert.CustomConversions - Registering converter from class microsoft.sql.DateTimeOffset to class java.time.OffsetDateTime as reading converter although it doesn't convert from a store-supported type; You might want to check your annotation setup at the converter implementation
2025-08-20 15:05:27 [restartedMain] INFO  com.afr.fms.AFRFMSApplication - Started AFRFMSApplication in 3.508 seconds (JVM running for 156.121)
2025-08-20 15:05:59 [Thread-67] INFO  com.zaxxer.hikari.HikariDataSource - HikariPool-9 - Shutdown initiated...
2025-08-20 15:05:59 [Thread-67] INFO  com.zaxxer.hikari.HikariDataSource - HikariPool-9 - Shutdown completed.
2025-08-20 15:05:59 [restartedMain] INFO  com.afr.fms.AFRFMSApplication - Starting AFRFMSApplication using Java 19.0.2 on SYDC_INHD_PC1 with PID 23680 (D:\IS_MGT\is_mgt_enhanced_latest\Backend\AuditFindingReportingandFollowupManagementSystem\target\classes started by Abebayehu Alaro in D:\IS_MGT\is_mgt_enhanced_latest\Backend)
2025-08-20 15:05:59 [restartedMain] INFO  com.afr.fms.AFRFMSApplication - No active profile set, falling back to 1 default profile: "default"
2025-08-20 15:06:01 [restartedMain] INFO  com.zaxxer.hikari.HikariDataSource - HikariPool-10 - Starting...
2025-08-20 15:06:01 [restartedMain] INFO  com.zaxxer.hikari.pool.PoolBase - HikariPool-10 - Driver does not support get/set network timeout for connections. (This operation is not supported.)
2025-08-20 15:06:01 [restartedMain] INFO  com.zaxxer.hikari.HikariDataSource - HikariPool-10 - Start completed.
2025-08-20 15:06:02 [restartedMain] WARN  o.s.b.a.o.j.JpaBaseConfiguration$JpaWebConfiguration - spring.jpa.open-in-view is enabled by default. Therefore, database queries may be performed during view rendering. Explicitly configure spring.jpa.open-in-view to disable this warning
2025-08-20 15:06:03 [restartedMain] WARN  o.s.data.convert.CustomConversions - Registering converter from class microsoft.sql.DateTimeOffset to class java.time.OffsetDateTime as reading converter although it doesn't convert from a store-supported type; You might want to check your annotation setup at the converter implementation
2025-08-20 15:06:03 [restartedMain] INFO  com.afr.fms.AFRFMSApplication - Started AFRFMSApplication in 4.117 seconds (JVM running for 193.034)
2025-08-20 15:06:14 [Thread-74] INFO  com.zaxxer.hikari.HikariDataSource - HikariPool-10 - Shutdown initiated...
2025-08-20 15:06:14 [Thread-74] INFO  com.zaxxer.hikari.HikariDataSource - HikariPool-10 - Shutdown completed.
2025-08-20 15:06:14 [restartedMain] INFO  com.afr.fms.AFRFMSApplication - Starting AFRFMSApplication using Java 19.0.2 on SYDC_INHD_PC1 with PID 23680 (D:\IS_MGT\is_mgt_enhanced_latest\Backend\AuditFindingReportingandFollowupManagementSystem\target\classes started by Abebayehu Alaro in D:\IS_MGT\is_mgt_enhanced_latest\Backend)
2025-08-20 15:06:14 [restartedMain] INFO  com.afr.fms.AFRFMSApplication - No active profile set, falling back to 1 default profile: "default"
2025-08-20 15:06:17 [restartedMain] INFO  com.zaxxer.hikari.HikariDataSource - HikariPool-11 - Starting...
2025-08-20 15:06:17 [restartedMain] INFO  com.zaxxer.hikari.pool.PoolBase - HikariPool-11 - Driver does not support get/set network timeout for connections. (This operation is not supported.)
2025-08-20 15:06:17 [restartedMain] INFO  com.zaxxer.hikari.HikariDataSource - HikariPool-11 - Start completed.
2025-08-20 15:06:17 [restartedMain] WARN  o.s.b.a.o.j.JpaBaseConfiguration$JpaWebConfiguration - spring.jpa.open-in-view is enabled by default. Therefore, database queries may be performed during view rendering. Explicitly configure spring.jpa.open-in-view to disable this warning
2025-08-20 15:06:18 [restartedMain] WARN  o.s.data.convert.CustomConversions - Registering converter from class microsoft.sql.DateTimeOffset to class java.time.OffsetDateTime as reading converter although it doesn't convert from a store-supported type; You might want to check your annotation setup at the converter implementation
2025-08-20 15:06:18 [restartedMain] INFO  com.afr.fms.AFRFMSApplication - Started AFRFMSApplication in 4.299 seconds (JVM running for 207.972)
2025-08-20 15:06:29 [Thread-81] INFO  com.zaxxer.hikari.HikariDataSource - HikariPool-11 - Shutdown initiated...
2025-08-20 15:06:29 [Thread-81] INFO  com.zaxxer.hikari.HikariDataSource - HikariPool-11 - Shutdown completed.
2025-08-20 15:06:29 [restartedMain] INFO  com.afr.fms.AFRFMSApplication - Starting AFRFMSApplication using Java 19.0.2 on SYDC_INHD_PC1 with PID 23680 (D:\IS_MGT\is_mgt_enhanced_latest\Backend\AuditFindingReportingandFollowupManagementSystem\target\classes started by Abebayehu Alaro in D:\IS_MGT\is_mgt_enhanced_latest\Backend)
2025-08-20 15:06:29 [restartedMain] INFO  com.afr.fms.AFRFMSApplication - No active profile set, falling back to 1 default profile: "default"
2025-08-20 15:06:31 [restartedMain] INFO  com.zaxxer.hikari.HikariDataSource - HikariPool-12 - Starting...
2025-08-20 15:06:31 [restartedMain] INFO  com.zaxxer.hikari.pool.PoolBase - HikariPool-12 - Driver does not support get/set network timeout for connections. (This operation is not supported.)
2025-08-20 15:06:31 [restartedMain] INFO  com.zaxxer.hikari.HikariDataSource - HikariPool-12 - Start completed.
2025-08-20 15:06:31 [restartedMain] WARN  o.s.b.a.o.j.JpaBaseConfiguration$JpaWebConfiguration - spring.jpa.open-in-view is enabled by default. Therefore, database queries may be performed during view rendering. Explicitly configure spring.jpa.open-in-view to disable this warning
2025-08-20 15:06:33 [restartedMain] WARN  o.s.data.convert.CustomConversions - Registering converter from class microsoft.sql.DateTimeOffset to class java.time.OffsetDateTime as reading converter although it doesn't convert from a store-supported type; You might want to check your annotation setup at the converter implementation
2025-08-20 15:06:33 [restartedMain] INFO  com.afr.fms.AFRFMSApplication - Started AFRFMSApplication in 3.542 seconds (JVM running for 222.151)
2025-08-20 15:06:34 [Thread-88] INFO  com.zaxxer.hikari.HikariDataSource - HikariPool-12 - Shutdown initiated...
2025-08-20 15:06:34 [Thread-88] INFO  com.zaxxer.hikari.HikariDataSource - HikariPool-12 - Shutdown completed.
2025-08-20 15:06:34 [restartedMain] INFO  com.afr.fms.AFRFMSApplication - Starting AFRFMSApplication using Java 19.0.2 on SYDC_INHD_PC1 with PID 23680 (D:\IS_MGT\is_mgt_enhanced_latest\Backend\AuditFindingReportingandFollowupManagementSystem\target\classes started by Abebayehu Alaro in D:\IS_MGT\is_mgt_enhanced_latest\Backend)
2025-08-20 15:06:34 [restartedMain] INFO  com.afr.fms.AFRFMSApplication - No active profile set, falling back to 1 default profile: "default"
2025-08-20 15:06:37 [restartedMain] INFO  com.zaxxer.hikari.HikariDataSource - HikariPool-13 - Starting...
2025-08-20 15:06:37 [restartedMain] INFO  com.zaxxer.hikari.pool.PoolBase - HikariPool-13 - Driver does not support get/set network timeout for connections. (This operation is not supported.)
2025-08-20 15:06:37 [restartedMain] INFO  com.zaxxer.hikari.HikariDataSource - HikariPool-13 - Start completed.
2025-08-20 15:06:37 [restartedMain] WARN  o.s.b.a.o.j.JpaBaseConfiguration$JpaWebConfiguration - spring.jpa.open-in-view is enabled by default. Therefore, database queries may be performed during view rendering. Explicitly configure spring.jpa.open-in-view to disable this warning
2025-08-20 15:06:38 [restartedMain] WARN  o.s.data.convert.CustomConversions - Registering converter from class microsoft.sql.DateTimeOffset to class java.time.OffsetDateTime as reading converter although it doesn't convert from a store-supported type; You might want to check your annotation setup at the converter implementation
2025-08-20 15:06:39 [restartedMain] INFO  com.afr.fms.AFRFMSApplication - Started AFRFMSApplication in 4.285 seconds (JVM running for 228.099)
2025-08-20 15:08:03 [Thread-95] INFO  com.zaxxer.hikari.HikariDataSource - HikariPool-13 - Shutdown initiated...
2025-08-20 15:08:03 [Thread-95] INFO  com.zaxxer.hikari.HikariDataSource - HikariPool-13 - Shutdown completed.
2025-08-20 15:08:04 [restartedMain] INFO  com.afr.fms.AFRFMSApplication - Starting AFRFMSApplication using Java 19.0.2 on SYDC_INHD_PC1 with PID 23680 (D:\IS_MGT\is_mgt_enhanced_latest\Backend\AuditFindingReportingandFollowupManagementSystem\target\classes started by Abebayehu Alaro in D:\IS_MGT\is_mgt_enhanced_latest\Backend)
2025-08-20 15:08:04 [restartedMain] INFO  com.afr.fms.AFRFMSApplication - No active profile set, falling back to 1 default profile: "default"
2025-08-20 15:08:06 [restartedMain] INFO  com.zaxxer.hikari.HikariDataSource - HikariPool-14 - Starting...
2025-08-20 15:08:06 [restartedMain] INFO  com.zaxxer.hikari.pool.PoolBase - HikariPool-14 - Driver does not support get/set network timeout for connections. (This operation is not supported.)
2025-08-20 15:08:06 [restartedMain] INFO  com.zaxxer.hikari.HikariDataSource - HikariPool-14 - Start completed.
2025-08-20 15:08:07 [restartedMain] WARN  o.s.b.w.s.c.AnnotationConfigServletWebServerApplicationContext - Exception encountered during context initialization - cancelling refresh attempt: org.springframework.beans.factory.BeanCreationException: Error creating bean with name 'corsConfig': Injection of autowired dependencies failed; nested exception is java.lang.IllegalArgumentException: Could not resolve placeholder 'cors.allowed.origins' in value "${cors.allowed.origins}"
2025-08-20 15:08:07 [restartedMain] INFO  com.zaxxer.hikari.HikariDataSource - HikariPool-14 - Shutdown initiated...
2025-08-20 15:08:07 [restartedMain] INFO  com.zaxxer.hikari.HikariDataSource - HikariPool-14 - Shutdown completed.
2025-08-20 15:08:07 [restartedMain] ERROR o.s.boot.SpringApplication - Application run failed
org.springframework.beans.factory.BeanCreationException: Error creating bean with name 'corsConfig': Injection of autowired dependencies failed; nested exception is java.lang.IllegalArgumentException: Could not resolve placeholder 'cors.allowed.origins' in value "${cors.allowed.origins}"
	at org.springframework.beans.factory.annotation.AutowiredAnnotationBeanPostProcessor.postProcessProperties(AutowiredAnnotationBeanPostProcessor.java:405)
	at org.springframework.beans.factory.support.AbstractAutowireCapableBeanFactory.populateBean(AbstractAutowireCapableBeanFactory.java:1431)
	at org.springframework.beans.factory.support.AbstractAutowireCapableBeanFactory.doCreateBean(AbstractAutowireCapableBeanFactory.java:619)
	at org.springframework.beans.factory.support.AbstractAutowireCapableBeanFactory.createBean(AbstractAutowireCapableBeanFactory.java:542)
	at org.springframework.beans.factory.support.AbstractBeanFactory.lambda$doGetBean$0(AbstractBeanFactory.java:335)
	at org.springframework.beans.factory.support.DefaultSingletonBeanRegistry.getSingleton(DefaultSingletonBeanRegistry.java:234)
	at org.springframework.beans.factory.support.AbstractBeanFactory.doGetBean(AbstractBeanFactory.java:333)
	at org.springframework.beans.factory.support.AbstractBeanFactory.getBean(AbstractBeanFactory.java:208)
	at org.springframework.beans.factory.support.DefaultListableBeanFactory.preInstantiateSingletons(DefaultListableBeanFactory.java:955)
	at org.springframework.context.support.AbstractApplicationContext.finishBeanFactoryInitialization(AbstractApplicationContext.java:918)
	at org.springframework.context.support.AbstractApplicationContext.refresh(AbstractApplicationContext.java:583)
	at org.springframework.boot.web.servlet.context.ServletWebServerApplicationContext.refresh(ServletWebServerApplicationContext.java:147)
	at org.springframework.boot.SpringApplication.refresh(SpringApplication.java:734)
	at org.springframework.boot.SpringApplication.refreshContext(SpringApplication.java:408)
	at org.springframework.boot.SpringApplication.run(SpringApplication.java:308)
	at org.springframework.boot.SpringApplication.run(SpringApplication.java:1306)
	at org.springframework.boot.SpringApplication.run(SpringApplication.java:1295)
	at com.afr.fms.AFRFMSApplication.main(AFRFMSApplication.java:23)
	at java.base/jdk.internal.reflect.DirectMethodHandleAccessor.invoke(DirectMethodHandleAccessor.java:104)
	at java.base/java.lang.reflect.Method.invoke(Method.java:578)
	at org.springframework.boot.devtools.restart.RestartLauncher.run(RestartLauncher.java:49)
Caused by: java.lang.IllegalArgumentException: Could not resolve placeholder 'cors.allowed.origins' in value "${cors.allowed.origins}"
	at org.springframework.util.PropertyPlaceholderHelper.parseStringValue(PropertyPlaceholderHelper.java:180)
	at org.springframework.util.PropertyPlaceholderHelper.replacePlaceholders(PropertyPlaceholderHelper.java:126)
	at org.springframework.core.env.AbstractPropertyResolver.doResolvePlaceholders(AbstractPropertyResolver.java:239)
	at org.springframework.core.env.AbstractPropertyResolver.resolveRequiredPlaceholders(AbstractPropertyResolver.java:210)
	at org.springframework.context.support.PropertySourcesPlaceholderConfigurer.lambda$processProperties$0(PropertySourcesPlaceholderConfigurer.java:191)
	at org.springframework.beans.factory.support.AbstractBeanFactory.resolveEmbeddedValue(AbstractBeanFactory.java:936)
	at org.springframework.beans.factory.support.DefaultListableBeanFactory.doResolveDependency(DefaultListableBeanFactory.java:1332)
	at org.springframework.beans.factory.support.DefaultListableBeanFactory.resolveDependency(DefaultListableBeanFactory.java:1311)
	at org.springframework.beans.factory.annotation.AutowiredAnnotationBeanPostProcessor$AutowiredFieldElement.resolveFieldValue(AutowiredAnnotationBeanPostProcessor.java:656)
	at org.springframework.beans.factory.annotation.AutowiredAnnotationBeanPostProcessor$AutowiredFieldElement.inject(AutowiredAnnotationBeanPostProcessor.java:639)
	at org.springframework.beans.factory.annotation.InjectionMetadata.inject(InjectionMetadata.java:119)
	at org.springframework.beans.factory.annotation.AutowiredAnnotationBeanPostProcessor.postProcessProperties(AutowiredAnnotationBeanPostProcessor.java:399)
	... 20 common frames omitted
2025-08-20 15:08:16 [restartedMain] INFO  com.afr.fms.AFRFMSApplication - Starting AFRFMSApplication using Java 19.0.2 on SYDC_INHD_PC1 with PID 23680 (D:\IS_MGT\is_mgt_enhanced_latest\Backend\AuditFindingReportingandFollowupManagementSystem\target\classes started by Abebayehu Alaro in D:\IS_MGT\is_mgt_enhanced_latest\Backend)
2025-08-20 15:08:16 [restartedMain] INFO  com.afr.fms.AFRFMSApplication - No active profile set, falling back to 1 default profile: "default"
2025-08-20 15:08:18 [restartedMain] INFO  com.zaxxer.hikari.HikariDataSource - HikariPool-15 - Starting...
2025-08-20 15:08:18 [restartedMain] INFO  com.zaxxer.hikari.pool.PoolBase - HikariPool-15 - Driver does not support get/set network timeout for connections. (This operation is not supported.)
2025-08-20 15:08:18 [restartedMain] INFO  com.zaxxer.hikari.HikariDataSource - HikariPool-15 - Start completed.
2025-08-20 15:08:19 [restartedMain] WARN  o.s.b.a.o.j.JpaBaseConfiguration$JpaWebConfiguration - spring.jpa.open-in-view is enabled by default. Therefore, database queries may be performed during view rendering. Explicitly configure spring.jpa.open-in-view to disable this warning
2025-08-20 15:08:20 [restartedMain] WARN  o.s.data.convert.CustomConversions - Registering converter from class microsoft.sql.DateTimeOffset to class java.time.OffsetDateTime as reading converter although it doesn't convert from a store-supported type; You might want to check your annotation setup at the converter implementation
2025-08-20 15:08:20 [restartedMain] INFO  com.afr.fms.AFRFMSApplication - Started AFRFMSApplication in 3.766 seconds (JVM running for 329.45)
2025-08-20 15:08:45 [Thread-102] INFO  com.zaxxer.hikari.HikariDataSource - HikariPool-15 - Shutdown initiated...
2025-08-20 15:08:45 [Thread-102] INFO  com.zaxxer.hikari.HikariDataSource - HikariPool-15 - Shutdown completed.
2025-08-20 15:08:45 [restartedMain] INFO  com.afr.fms.AFRFMSApplication - Starting AFRFMSApplication using Java 19.0.2 on SYDC_INHD_PC1 with PID 23680 (D:\IS_MGT\is_mgt_enhanced_latest\Backend\AuditFindingReportingandFollowupManagementSystem\target\classes started by Abebayehu Alaro in D:\IS_MGT\is_mgt_enhanced_latest\Backend)
2025-08-20 15:08:45 [restartedMain] INFO  com.afr.fms.AFRFMSApplication - No active profile set, falling back to 1 default profile: "default"
2025-08-20 15:08:47 [restartedMain] INFO  com.zaxxer.hikari.HikariDataSource - HikariPool-16 - Starting...
2025-08-20 15:08:47 [restartedMain] INFO  com.zaxxer.hikari.pool.PoolBase - HikariPool-16 - Driver does not support get/set network timeout for connections. (This operation is not supported.)
2025-08-20 15:08:47 [restartedMain] INFO  com.zaxxer.hikari.HikariDataSource - HikariPool-16 - Start completed.
2025-08-20 15:08:47 [restartedMain] WARN  o.s.b.a.o.j.JpaBaseConfiguration$JpaWebConfiguration - spring.jpa.open-in-view is enabled by default. Therefore, database queries may be performed during view rendering. Explicitly configure spring.jpa.open-in-view to disable this warning
2025-08-20 15:08:48 [restartedMain] WARN  o.s.data.convert.CustomConversions - Registering converter from class microsoft.sql.DateTimeOffset to class java.time.OffsetDateTime as reading converter although it doesn't convert from a store-supported type; You might want to check your annotation setup at the converter implementation
2025-08-20 15:08:48 [restartedMain] INFO  com.afr.fms.AFRFMSApplication - Started AFRFMSApplication in 3.62 seconds (JVM running for 357.93)
2025-08-20 15:08:50 [Thread-114] INFO  com.zaxxer.hikari.HikariDataSource - HikariPool-16 - Shutdown initiated...
2025-08-20 15:08:50 [Thread-114] INFO  com.zaxxer.hikari.HikariDataSource - HikariPool-16 - Shutdown completed.
2025-08-20 15:08:50 [restartedMain] INFO  com.afr.fms.AFRFMSApplication - Starting AFRFMSApplication using Java 19.0.2 on SYDC_INHD_PC1 with PID 23680 (D:\IS_MGT\is_mgt_enhanced_latest\Backend\AuditFindingReportingandFollowupManagementSystem\target\classes started by Abebayehu Alaro in D:\IS_MGT\is_mgt_enhanced_latest\Backend)
2025-08-20 15:08:50 [restartedMain] INFO  com.afr.fms.AFRFMSApplication - No active profile set, falling back to 1 default profile: "default"
2025-08-20 15:08:52 [restartedMain] INFO  com.zaxxer.hikari.HikariDataSource - HikariPool-17 - Starting...
2025-08-20 15:08:52 [restartedMain] INFO  com.zaxxer.hikari.pool.PoolBase - HikariPool-17 - Driver does not support get/set network timeout for connections. (This operation is not supported.)
2025-08-20 15:08:52 [restartedMain] INFO  com.zaxxer.hikari.HikariDataSource - HikariPool-17 - Start completed.
2025-08-20 15:08:52 [restartedMain] WARN  o.s.b.a.o.j.JpaBaseConfiguration$JpaWebConfiguration - spring.jpa.open-in-view is enabled by default. Therefore, database queries may be performed during view rendering. Explicitly configure spring.jpa.open-in-view to disable this warning
2025-08-20 15:08:54 [restartedMain] WARN  o.s.data.convert.CustomConversions - Registering converter from class microsoft.sql.DateTimeOffset to class java.time.OffsetDateTime as reading converter although it doesn't convert from a store-supported type; You might want to check your annotation setup at the converter implementation
2025-08-20 15:08:54 [restartedMain] INFO  com.afr.fms.AFRFMSApplication - Started AFRFMSApplication in 3.712 seconds (JVM running for 363.302)
2025-08-20 15:09:05 [Thread-121] INFO  com.zaxxer.hikari.HikariDataSource - HikariPool-17 - Shutdown initiated...
2025-08-20 15:09:05 [Thread-121] INFO  com.zaxxer.hikari.HikariDataSource - HikariPool-17 - Shutdown completed.
2025-08-20 15:09:05 [restartedMain] INFO  com.afr.fms.AFRFMSApplication - Starting AFRFMSApplication using Java 19.0.2 on SYDC_INHD_PC1 with PID 23680 (D:\IS_MGT\is_mgt_enhanced_latest\Backend\AuditFindingReportingandFollowupManagementSystem\target\classes started by Abebayehu Alaro in D:\IS_MGT\is_mgt_enhanced_latest\Backend)
2025-08-20 15:09:05 [restartedMain] INFO  com.afr.fms.AFRFMSApplication - No active profile set, falling back to 1 default profile: "default"
2025-08-20 15:09:06 [restartedMain] INFO  com.zaxxer.hikari.HikariDataSource - HikariPool-18 - Starting...
2025-08-20 15:09:07 [restartedMain] INFO  com.zaxxer.hikari.pool.PoolBase - HikariPool-18 - Driver does not support get/set network timeout for connections. (This operation is not supported.)
2025-08-20 15:09:07 [restartedMain] INFO  com.zaxxer.hikari.HikariDataSource - HikariPool-18 - Start completed.
2025-08-20 15:09:07 [restartedMain] WARN  o.s.b.a.o.j.JpaBaseConfiguration$JpaWebConfiguration - spring.jpa.open-in-view is enabled by default. Therefore, database queries may be performed during view rendering. Explicitly configure spring.jpa.open-in-view to disable this warning
2025-08-20 15:09:08 [restartedMain] WARN  o.s.data.convert.CustomConversions - Registering converter from class microsoft.sql.DateTimeOffset to class java.time.OffsetDateTime as reading converter although it doesn't convert from a store-supported type; You might want to check your annotation setup at the converter implementation
2025-08-20 15:09:08 [restartedMain] INFO  com.afr.fms.AFRFMSApplication - Started AFRFMSApplication in 3.631 seconds (JVM running for 377.845)
2025-08-20 15:09:54 [Thread-128] INFO  com.zaxxer.hikari.HikariDataSource - HikariPool-18 - Shutdown initiated...
2025-08-20 15:09:54 [Thread-128] INFO  com.zaxxer.hikari.HikariDataSource - HikariPool-18 - Shutdown completed.
2025-08-20 15:09:54 [restartedMain] INFO  com.afr.fms.AFRFMSApplication - Starting AFRFMSApplication using Java 19.0.2 on SYDC_INHD_PC1 with PID 23680 (D:\IS_MGT\is_mgt_enhanced_latest\Backend\AuditFindingReportingandFollowupManagementSystem\target\classes started by Abebayehu Alaro in D:\IS_MGT\is_mgt_enhanced_latest\Backend)
2025-08-20 15:09:54 [restartedMain] INFO  com.afr.fms.AFRFMSApplication - No active profile set, falling back to 1 default profile: "default"
2025-08-20 15:09:56 [restartedMain] INFO  com.zaxxer.hikari.HikariDataSource - HikariPool-19 - Starting...
2025-08-20 15:09:56 [restartedMain] INFO  com.zaxxer.hikari.pool.PoolBase - HikariPool-19 - Driver does not support get/set network timeout for connections. (This operation is not supported.)
2025-08-20 15:09:56 [restartedMain] INFO  com.zaxxer.hikari.HikariDataSource - HikariPool-19 - Start completed.
2025-08-20 15:09:56 [restartedMain] WARN  o.s.b.a.o.j.JpaBaseConfiguration$JpaWebConfiguration - spring.jpa.open-in-view is enabled by default. Therefore, database queries may be performed during view rendering. Explicitly configure spring.jpa.open-in-view to disable this warning
2025-08-20 15:09:57 [restartedMain] WARN  o.s.data.convert.CustomConversions - Registering converter from class microsoft.sql.DateTimeOffset to class java.time.OffsetDateTime as reading converter although it doesn't convert from a store-supported type; You might want to check your annotation setup at the converter implementation
2025-08-20 15:09:57 [restartedMain] INFO  com.afr.fms.AFRFMSApplication - Started AFRFMSApplication in 3.365 seconds (JVM running for 426.828)
2025-08-20 15:09:57 [http-nio-8442-exec-3] INFO  c.a.fms.Security.jwt.AuthTokenFilter - AFRFMS API URI: /api/user Method: GET Remote: 0:0:0:0:0:0:0:1 Host: localhost:8442 Origin: null
2025-08-20 15:09:57 [http-nio-8442-exec-3] WARN  c.a.fms.Security.jwt.AuthTokenFilter - Blocked request from disallowed source. Host=localhost:8442 Origin=null IP=0:0:0:0:0:0:0:1
2025-08-20 15:09:57 [http-nio-8442-exec-3] ERROR c.a.f.Security.jwt.AuthEntryPointJwt - Unauthorized error: Full authentication is required to access this resource
2025-08-20 15:10:00 [http-nio-8442-exec-9] INFO  c.a.fms.Security.jwt.AuthTokenFilter - AFRFMS API URI: /api/user Method: GET Remote: 0:0:0:0:0:0:0:1 Host: localhost:8442 Origin: null
2025-08-20 15:10:00 [http-nio-8442-exec-9] WARN  c.a.fms.Security.jwt.AuthTokenFilter - Blocked request from disallowed source. Host=localhost:8442 Origin=null IP=0:0:0:0:0:0:0:1
2025-08-20 15:10:00 [http-nio-8442-exec-9] ERROR c.a.f.Security.jwt.AuthEntryPointJwt - Unauthorized error: Full authentication is required to access this resource
2025-08-20 15:10:08 [SpringApplicationShutdownHook] INFO  com.zaxxer.hikari.HikariDataSource - HikariPool-19 - Shutdown initiated...
2025-08-20 15:10:08 [SpringApplicationShutdownHook] INFO  com.zaxxer.hikari.HikariDataSource - HikariPool-19 - Shutdown completed.
