2025-08-19 08:39:30 [restartedMain] INFO  com.afr.fms.AFRFMSApplication - Starting AFRFMSApplication using Java 17.0.12 on HQ-SDI-T01 with PID 13524 (E:\VSC\Project\Audit\Ewunete\is_mgt_enhanced_latest\Backend\AuditFindingReportingandFollowupManagementSystem\target\classes started by ewnetiea in E:\VSC\Project\Audit\Ewunete\is_mgt_enhanced_latest\Backend\AuditFindingReportingandFollowupManagementSystem)
2025-08-19 08:39:30 [restartedMain] INFO  com.afr.fms.AFRFMSApplication - No active profile set, falling back to 1 default profile: "default"
2025-08-19 08:39:40 [restartedMain] INFO  com.zaxxer.hikari.HikariDataSource - HikariPool-1 - Starting...
2025-08-19 08:39:41 [restartedMain] INFO  com.zaxxer.hikari.pool.PoolBase - HikariPool-1 - Driver does not support get/set network timeout for connections. (This operation is not supported.)
2025-08-19 08:39:41 [restartedMain] INFO  com.zaxxer.hikari.HikariDataSource - HikariPool-1 - Start completed.
2025-08-19 08:39:44 [restartedMain] WARN  o.s.b.a.o.j.JpaBaseConfiguration$JpaWebConfiguration - spring.jpa.open-in-view is enabled by default. Therefore, database queries may be performed during view rendering. Explicitly configure spring.jpa.open-in-view to disable this warning
2025-08-19 08:39:48 [restartedMain] WARN  o.s.data.convert.CustomConversions - Registering converter from class microsoft.sql.DateTimeOffset to class java.time.OffsetDateTime as reading converter although it doesn't convert from a store-supported type; You might want to check your annotation setup at the converter implementation
2025-08-19 08:39:49 [restartedMain] INFO  com.afr.fms.AFRFMSApplication - Started AFRFMSApplication in 19.291 seconds (JVM running for 20.839)
2025-08-19 09:03:38 [Thread-9] INFO  com.zaxxer.hikari.HikariDataSource - HikariPool-1 - Shutdown initiated...
2025-08-19 09:03:38 [Thread-9] INFO  com.zaxxer.hikari.HikariDataSource - HikariPool-1 - Shutdown completed.
2025-08-19 09:03:38 [restartedMain] INFO  com.afr.fms.AFRFMSApplication - Starting AFRFMSApplication using Java 17.0.12 on HQ-SDI-T01 with PID 13524 (E:\VSC\Project\Audit\Ewunete\is_mgt_enhanced_latest\Backend\AuditFindingReportingandFollowupManagementSystem\target\classes started by ewnetiea in E:\VSC\Project\Audit\Ewunete\is_mgt_enhanced_latest\Backend\AuditFindingReportingandFollowupManagementSystem)
2025-08-19 09:03:38 [restartedMain] INFO  com.afr.fms.AFRFMSApplication - No active profile set, falling back to 1 default profile: "default"
2025-08-19 09:03:42 [restartedMain] WARN  o.s.b.w.s.c.AnnotationConfigServletWebServerApplicationContext - Exception encountered during context initialization - cancelling refresh attempt: org.springframework.beans.factory.BeanDefinitionStoreException: Failed to parse configuration class [com.afr.fms.AFRFMSApplication]; nested exception is java.io.FileNotFoundException: class path resource [com/afr/fms/AD/Controller/ADController.class] cannot be opened because it does not exist
2025-08-19 09:03:42 [restartedMain] ERROR o.s.boot.SpringApplication - Application run failed
org.springframework.beans.factory.BeanDefinitionStoreException: Failed to parse configuration class [com.afr.fms.AFRFMSApplication]; nested exception is java.io.FileNotFoundException: class path resource [com/afr/fms/AD/Controller/ADController.class] cannot be opened because it does not exist
	at org.springframework.context.annotation.ConfigurationClassParser.parse(ConfigurationClassParser.java:189)
	at org.springframework.context.annotation.ConfigurationClassPostProcessor.processConfigBeanDefinitions(ConfigurationClassPostProcessor.java:331)
	at org.springframework.context.annotation.ConfigurationClassPostProcessor.postProcessBeanDefinitionRegistry(ConfigurationClassPostProcessor.java:247)
	at org.springframework.context.support.PostProcessorRegistrationDelegate.invokeBeanDefinitionRegistryPostProcessors(PostProcessorRegistrationDelegate.java:311)
	at org.springframework.context.support.PostProcessorRegistrationDelegate.invokeBeanFactoryPostProcessors(PostProcessorRegistrationDelegate.java:112)
	at org.springframework.context.support.AbstractApplicationContext.invokeBeanFactoryPostProcessors(AbstractApplicationContext.java:746)
	at org.springframework.context.support.AbstractApplicationContext.refresh(AbstractApplicationContext.java:564)
	at org.springframework.boot.web.servlet.context.ServletWebServerApplicationContext.refresh(ServletWebServerApplicationContext.java:147)
	at org.springframework.boot.SpringApplication.refresh(SpringApplication.java:734)
	at org.springframework.boot.SpringApplication.refreshContext(SpringApplication.java:408)
	at org.springframework.boot.SpringApplication.run(SpringApplication.java:308)
	at org.springframework.boot.SpringApplication.run(SpringApplication.java:1306)
	at org.springframework.boot.SpringApplication.run(SpringApplication.java:1295)
	at com.afr.fms.AFRFMSApplication.main(AFRFMSApplication.java:23)
	at java.base/jdk.internal.reflect.NativeMethodAccessorImpl.invoke0(Native Method)
	at java.base/jdk.internal.reflect.NativeMethodAccessorImpl.invoke(NativeMethodAccessorImpl.java:77)
	at java.base/jdk.internal.reflect.DelegatingMethodAccessorImpl.invoke(DelegatingMethodAccessorImpl.java:43)
	at java.base/java.lang.reflect.Method.invoke(Method.java:568)
	at org.springframework.boot.devtools.restart.RestartLauncher.run(RestartLauncher.java:49)
Caused by: java.io.FileNotFoundException: class path resource [com/afr/fms/AD/Controller/ADController.class] cannot be opened because it does not exist
	at org.springframework.core.io.ClassPathResource.getInputStream(ClassPathResource.java:199)
	at org.springframework.core.type.classreading.SimpleMetadataReader.getClassReader(SimpleMetadataReader.java:55)
	at org.springframework.core.type.classreading.SimpleMetadataReader.<init>(SimpleMetadataReader.java:49)
	at org.springframework.core.type.classreading.SimpleMetadataReaderFactory.getMetadataReader(SimpleMetadataReaderFactory.java:103)
	at org.springframework.boot.type.classreading.ConcurrentReferenceCachingMetadataReaderFactory.createMetadataReader(ConcurrentReferenceCachingMetadataReaderFactory.java:86)
	at org.springframework.boot.type.classreading.ConcurrentReferenceCachingMetadataReaderFactory.getMetadataReader(ConcurrentReferenceCachingMetadataReaderFactory.java:73)
	at org.springframework.core.type.classreading.SimpleMetadataReaderFactory.getMetadataReader(SimpleMetadataReaderFactory.java:81)
	at org.springframework.context.annotation.ConfigurationClassParser.parse(ConfigurationClassParser.java:198)
	at org.springframework.context.annotation.ConfigurationClassParser.doProcessConfigurationClass(ConfigurationClassParser.java:304)
	at org.springframework.context.annotation.ConfigurationClassParser.processConfigurationClass(ConfigurationClassParser.java:250)
	at org.springframework.context.annotation.ConfigurationClassParser.parse(ConfigurationClassParser.java:207)
	at org.springframework.context.annotation.ConfigurationClassParser.parse(ConfigurationClassParser.java:175)
	... 18 common frames omitted
2025-08-19 09:03:55 [restartedMain] INFO  com.afr.fms.AFRFMSApplication - Starting AFRFMSApplication using Java 17.0.12 on HQ-SDI-T01 with PID 13524 (E:\VSC\Project\Audit\Ewunete\is_mgt_enhanced_latest\Backend\AuditFindingReportingandFollowupManagementSystem\target\classes started by ewnetiea in E:\VSC\Project\Audit\Ewunete\is_mgt_enhanced_latest\Backend\AuditFindingReportingandFollowupManagementSystem)
2025-08-19 09:03:55 [restartedMain] INFO  com.afr.fms.AFRFMSApplication - No active profile set, falling back to 1 default profile: "default"
2025-08-19 09:04:00 [restartedMain] INFO  com.zaxxer.hikari.HikariDataSource - HikariPool-2 - Starting...
2025-08-19 09:04:00 [restartedMain] INFO  com.zaxxer.hikari.pool.PoolBase - HikariPool-2 - Driver does not support get/set network timeout for connections. (This operation is not supported.)
2025-08-19 09:04:00 [restartedMain] INFO  com.zaxxer.hikari.HikariDataSource - HikariPool-2 - Start completed.
2025-08-19 09:04:02 [restartedMain] WARN  o.s.b.a.o.j.JpaBaseConfiguration$JpaWebConfiguration - spring.jpa.open-in-view is enabled by default. Therefore, database queries may be performed during view rendering. Explicitly configure spring.jpa.open-in-view to disable this warning
2025-08-19 09:04:03 [restartedMain] WARN  o.s.data.convert.CustomConversions - Registering converter from class microsoft.sql.DateTimeOffset to class java.time.OffsetDateTime as reading converter although it doesn't convert from a store-supported type; You might want to check your annotation setup at the converter implementation
2025-08-19 09:04:03 [restartedMain] INFO  com.afr.fms.AFRFMSApplication - Started AFRFMSApplication in 7.95 seconds (JVM running for 1475.454)
2025-08-19 09:24:07 [SpringApplicationShutdownHook] INFO  com.zaxxer.hikari.HikariDataSource - HikariPool-2 - Shutdown initiated...
2025-08-19 09:24:07 [SpringApplicationShutdownHook] INFO  com.zaxxer.hikari.HikariDataSource - HikariPool-2 - Shutdown completed.
2025-08-19 09:59:25 [restartedMain] INFO  com.afr.fms.AFRFMSApplication - Starting AFRFMSApplication using Java 17.0.12 on HQ-SDI-T01 with PID 18640 (E:\VSC\Project\Audit\Ewunete\is_mgt_enhanced_latest\Backend\AuditFindingReportingandFollowupManagementSystem\target\classes started by ewnetiea in E:\VSC\Project\Audit\Ewunete\is_mgt_enhanced_latest\Backend\AuditFindingReportingandFollowupManagementSystem)
2025-08-19 09:59:25 [restartedMain] INFO  com.afr.fms.AFRFMSApplication - No active profile set, falling back to 1 default profile: "default"
2025-08-19 09:59:34 [restartedMain] INFO  com.zaxxer.hikari.HikariDataSource - HikariPool-1 - Starting...
2025-08-19 09:59:35 [restartedMain] INFO  com.zaxxer.hikari.pool.PoolBase - HikariPool-1 - Driver does not support get/set network timeout for connections. (This operation is not supported.)
2025-08-19 09:59:35 [restartedMain] INFO  com.zaxxer.hikari.HikariDataSource - HikariPool-1 - Start completed.
2025-08-19 09:59:38 [restartedMain] WARN  o.s.b.a.o.j.JpaBaseConfiguration$JpaWebConfiguration - spring.jpa.open-in-view is enabled by default. Therefore, database queries may be performed during view rendering. Explicitly configure spring.jpa.open-in-view to disable this warning
2025-08-19 09:59:41 [restartedMain] WARN  o.s.data.convert.CustomConversions - Registering converter from class microsoft.sql.DateTimeOffset to class java.time.OffsetDateTime as reading converter although it doesn't convert from a store-supported type; You might want to check your annotation setup at the converter implementation
2025-08-19 09:59:41 [restartedMain] INFO  com.afr.fms.AFRFMSApplication - Started AFRFMSApplication in 17.203 seconds (JVM running for 19.838)
2025-08-19 10:05:16 [http-nio-8443-exec-4] INFO  c.a.fms.Security.jwt.AuthTokenFilter - AFRFMS API URI: /api/auth/signin Method: POST Remote: 0:0:0:0:0:0:0:1
2025-08-19 10:05:16 [http-nio-8443-exec-4] ERROR com.afr.fms.Security.jwt.JwtUtils - JWT token is expired: JWT expired at 2025-08-18T18:00:56Z. Current time: 2025-08-19T10:05:16Z, a difference of 57860985 milliseconds.  Allowed clock skew: 0 milliseconds.
2025-08-19 10:05:17 [http-nio-8443-exec-4] INFO  com.afr.fms.Security.jwt.JwtUtils - jwt path: --------------
2025-08-19 10:05:17 [http-nio-8443-exec-4] INFO  com.afr.fms.Security.jwt.JwtUtils - jwt path: --------------
2025-08-19 10:05:18 [http-nio-8443-exec-8] INFO  c.a.fms.Security.jwt.AuthTokenFilter - AFRFMS API URI: /api/audit/auditor/dashboard/ism Method: POST Remote: 0:0:0:0:0:0:0:1
2025-08-19 10:05:28 [http-nio-8443-exec-9] INFO  c.a.fms.Security.jwt.AuthTokenFilter - AFRFMS API URI: /api/branch Method: GET Remote: 0:0:0:0:0:0:0:1
2025-08-19 10:05:28 [http-nio-8443-exec-2] INFO  c.a.fms.Security.jwt.AuthTokenFilter - AFRFMS API URI: /api/user/5 Method: GET Remote: 0:0:0:0:0:0:0:1
2025-08-19 10:05:28 [http-nio-8443-exec-3] INFO  c.a.fms.Security.jwt.AuthTokenFilter - AFRFMS API URI: /api/common/findings/AbnormalBalance Method: GET Remote: 0:0:0:0:0:0:0:1
2025-08-19 10:05:44 [http-nio-8443-exec-7] INFO  c.a.fms.Security.jwt.AuthTokenFilter - AFRFMS API URI: /api/mgt_report/fetch_new_report Method: POST Remote: 0:0:0:0:0:0:0:1
2025-08-19 10:08:08 [Thread-8] INFO  com.zaxxer.hikari.HikariDataSource - HikariPool-1 - Shutdown initiated...
2025-08-19 10:08:08 [Thread-8] INFO  com.zaxxer.hikari.HikariDataSource - HikariPool-1 - Shutdown completed.
2025-08-19 10:08:08 [restartedMain] INFO  com.afr.fms.AFRFMSApplication - Starting AFRFMSApplication using Java 17.0.12 on HQ-SDI-T01 with PID 18640 (E:\VSC\Project\Audit\Ewunete\is_mgt_enhanced_latest\Backend\AuditFindingReportingandFollowupManagementSystem\target\classes started by ewnetiea in E:\VSC\Project\Audit\Ewunete\is_mgt_enhanced_latest\Backend\AuditFindingReportingandFollowupManagementSystem)
2025-08-19 10:08:08 [restartedMain] INFO  com.afr.fms.AFRFMSApplication - No active profile set, falling back to 1 default profile: "default"
2025-08-19 10:08:11 [restartedMain] INFO  com.zaxxer.hikari.HikariDataSource - HikariPool-2 - Starting...
2025-08-19 10:08:11 [restartedMain] INFO  com.zaxxer.hikari.pool.PoolBase - HikariPool-2 - Driver does not support get/set network timeout for connections. (This operation is not supported.)
2025-08-19 10:08:11 [restartedMain] INFO  com.zaxxer.hikari.HikariDataSource - HikariPool-2 - Start completed.
2025-08-19 10:08:12 [restartedMain] WARN  o.s.b.a.o.j.JpaBaseConfiguration$JpaWebConfiguration - spring.jpa.open-in-view is enabled by default. Therefore, database queries may be performed during view rendering. Explicitly configure spring.jpa.open-in-view to disable this warning
2025-08-19 10:08:13 [restartedMain] WARN  o.s.data.convert.CustomConversions - Registering converter from class microsoft.sql.DateTimeOffset to class java.time.OffsetDateTime as reading converter although it doesn't convert from a store-supported type; You might want to check your annotation setup at the converter implementation
2025-08-19 10:08:14 [restartedMain] INFO  com.afr.fms.AFRFMSApplication - Started AFRFMSApplication in 5.569 seconds (JVM running for 532.082)
2025-08-19 10:08:22 [Thread-18] INFO  com.zaxxer.hikari.HikariDataSource - HikariPool-2 - Shutdown initiated...
2025-08-19 10:08:22 [Thread-18] INFO  com.zaxxer.hikari.HikariDataSource - HikariPool-2 - Shutdown completed.
2025-08-19 10:08:22 [restartedMain] INFO  com.afr.fms.AFRFMSApplication - Starting AFRFMSApplication using Java 17.0.12 on HQ-SDI-T01 with PID 18640 (E:\VSC\Project\Audit\Ewunete\is_mgt_enhanced_latest\Backend\AuditFindingReportingandFollowupManagementSystem\target\classes started by ewnetiea in E:\VSC\Project\Audit\Ewunete\is_mgt_enhanced_latest\Backend\AuditFindingReportingandFollowupManagementSystem)
2025-08-19 10:08:22 [restartedMain] INFO  com.afr.fms.AFRFMSApplication - No active profile set, falling back to 1 default profile: "default"
2025-08-19 10:08:25 [restartedMain] INFO  com.zaxxer.hikari.HikariDataSource - HikariPool-3 - Starting...
2025-08-19 10:08:25 [restartedMain] INFO  com.zaxxer.hikari.pool.PoolBase - HikariPool-3 - Driver does not support get/set network timeout for connections. (This operation is not supported.)
2025-08-19 10:08:25 [restartedMain] INFO  com.zaxxer.hikari.HikariDataSource - HikariPool-3 - Start completed.
2025-08-19 10:08:26 [restartedMain] WARN  o.s.b.a.o.j.JpaBaseConfiguration$JpaWebConfiguration - spring.jpa.open-in-view is enabled by default. Therefore, database queries may be performed during view rendering. Explicitly configure spring.jpa.open-in-view to disable this warning
2025-08-19 10:08:27 [restartedMain] WARN  o.s.data.convert.CustomConversions - Registering converter from class microsoft.sql.DateTimeOffset to class java.time.OffsetDateTime as reading converter although it doesn't convert from a store-supported type; You might want to check your annotation setup at the converter implementation
2025-08-19 10:08:27 [restartedMain] INFO  com.afr.fms.AFRFMSApplication - Started AFRFMSApplication in 5.159 seconds (JVM running for 545.536)
2025-08-19 10:08:29 [Thread-25] INFO  com.zaxxer.hikari.HikariDataSource - HikariPool-3 - Shutdown initiated...
2025-08-19 10:08:29 [Thread-25] INFO  com.zaxxer.hikari.HikariDataSource - HikariPool-3 - Shutdown completed.
2025-08-19 10:08:29 [restartedMain] INFO  com.afr.fms.AFRFMSApplication - Starting AFRFMSApplication using Java 17.0.12 on HQ-SDI-T01 with PID 18640 (E:\VSC\Project\Audit\Ewunete\is_mgt_enhanced_latest\Backend\AuditFindingReportingandFollowupManagementSystem\target\classes started by ewnetiea in E:\VSC\Project\Audit\Ewunete\is_mgt_enhanced_latest\Backend\AuditFindingReportingandFollowupManagementSystem)
2025-08-19 10:08:29 [restartedMain] INFO  com.afr.fms.AFRFMSApplication - No active profile set, falling back to 1 default profile: "default"
2025-08-19 10:08:31 [restartedMain] INFO  com.zaxxer.hikari.HikariDataSource - HikariPool-4 - Starting...
2025-08-19 10:08:31 [restartedMain] INFO  com.zaxxer.hikari.pool.PoolBase - HikariPool-4 - Driver does not support get/set network timeout for connections. (This operation is not supported.)
2025-08-19 10:08:31 [restartedMain] INFO  com.zaxxer.hikari.HikariDataSource - HikariPool-4 - Start completed.
2025-08-19 10:08:32 [restartedMain] WARN  o.s.b.a.o.j.JpaBaseConfiguration$JpaWebConfiguration - spring.jpa.open-in-view is enabled by default. Therefore, database queries may be performed during view rendering. Explicitly configure spring.jpa.open-in-view to disable this warning
2025-08-19 10:08:33 [restartedMain] WARN  o.s.data.convert.CustomConversions - Registering converter from class microsoft.sql.DateTimeOffset to class java.time.OffsetDateTime as reading converter although it doesn't convert from a store-supported type; You might want to check your annotation setup at the converter implementation
2025-08-19 10:08:33 [restartedMain] INFO  com.afr.fms.AFRFMSApplication - Started AFRFMSApplication in 4.711 seconds (JVM running for 551.927)
2025-08-19 10:08:35 [Thread-32] INFO  com.zaxxer.hikari.HikariDataSource - HikariPool-4 - Shutdown initiated...
2025-08-19 10:08:35 [Thread-32] INFO  com.zaxxer.hikari.HikariDataSource - HikariPool-4 - Shutdown completed.
2025-08-19 10:08:35 [restartedMain] INFO  com.afr.fms.AFRFMSApplication - Starting AFRFMSApplication using Java 17.0.12 on HQ-SDI-T01 with PID 18640 (E:\VSC\Project\Audit\Ewunete\is_mgt_enhanced_latest\Backend\AuditFindingReportingandFollowupManagementSystem\target\classes started by ewnetiea in E:\VSC\Project\Audit\Ewunete\is_mgt_enhanced_latest\Backend\AuditFindingReportingandFollowupManagementSystem)
2025-08-19 10:08:35 [restartedMain] INFO  com.afr.fms.AFRFMSApplication - No active profile set, falling back to 1 default profile: "default"
2025-08-19 10:08:38 [restartedMain] INFO  com.zaxxer.hikari.HikariDataSource - HikariPool-5 - Starting...
2025-08-19 10:08:38 [restartedMain] INFO  com.zaxxer.hikari.pool.PoolBase - HikariPool-5 - Driver does not support get/set network timeout for connections. (This operation is not supported.)
2025-08-19 10:08:38 [restartedMain] INFO  com.zaxxer.hikari.HikariDataSource - HikariPool-5 - Start completed.
2025-08-19 10:08:39 [restartedMain] WARN  o.s.b.a.o.j.JpaBaseConfiguration$JpaWebConfiguration - spring.jpa.open-in-view is enabled by default. Therefore, database queries may be performed during view rendering. Explicitly configure spring.jpa.open-in-view to disable this warning
2025-08-19 10:08:40 [restartedMain] WARN  o.s.data.convert.CustomConversions - Registering converter from class microsoft.sql.DateTimeOffset to class java.time.OffsetDateTime as reading converter although it doesn't convert from a store-supported type; You might want to check your annotation setup at the converter implementation
2025-08-19 10:08:40 [restartedMain] INFO  com.afr.fms.AFRFMSApplication - Started AFRFMSApplication in 4.997 seconds (JVM running for 558.642)
2025-08-19 10:08:47 [http-nio-8443-exec-1] INFO  c.a.fms.Security.jwt.AuthTokenFilter - AFRFMS API URI: /api/mgt_report/fetch_new_report Method: POST Remote: 0:0:0:0:0:0:0:1
2025-08-19 10:08:49 [http-nio-8443-exec-2] INFO  c.a.fms.Security.jwt.AuthTokenFilter - AFRFMS API URI: /api/mgt_report/fetch_new_report Method: POST Remote: 0:0:0:0:0:0:0:1
2025-08-19 10:08:50 [http-nio-8443-exec-3] INFO  c.a.fms.Security.jwt.AuthTokenFilter - AFRFMS API URI: /api/mgt_report/fetch_new_report Method: POST Remote: 0:0:0:0:0:0:0:1
2025-08-19 10:08:50 [http-nio-8443-exec-4] INFO  c.a.fms.Security.jwt.AuthTokenFilter - AFRFMS API URI: /api/mgt_report/fetch_new_report Method: POST Remote: 0:0:0:0:0:0:0:1
2025-08-19 10:08:50 [http-nio-8443-exec-5] INFO  c.a.fms.Security.jwt.AuthTokenFilter - AFRFMS API URI: /api/mgt_report/fetch_new_report Method: POST Remote: 0:0:0:0:0:0:0:1
2025-08-19 10:09:22 [http-nio-8443-exec-6] INFO  c.a.fms.Security.jwt.AuthTokenFilter - AFRFMS API URI: /api/mgt_report/fetch_new_report Method: POST Remote: 0:0:0:0:0:0:0:1
2025-08-19 10:09:50 [Thread-39] INFO  com.zaxxer.hikari.HikariDataSource - HikariPool-5 - Shutdown initiated...
2025-08-19 10:09:50 [Thread-39] INFO  com.zaxxer.hikari.HikariDataSource - HikariPool-5 - Shutdown completed.
2025-08-19 10:09:50 [restartedMain] INFO  com.afr.fms.AFRFMSApplication - Starting AFRFMSApplication using Java 17.0.12 on HQ-SDI-T01 with PID 18640 (E:\VSC\Project\Audit\Ewunete\is_mgt_enhanced_latest\Backend\AuditFindingReportingandFollowupManagementSystem\target\classes started by ewnetiea in E:\VSC\Project\Audit\Ewunete\is_mgt_enhanced_latest\Backend\AuditFindingReportingandFollowupManagementSystem)
2025-08-19 10:09:50 [restartedMain] INFO  com.afr.fms.AFRFMSApplication - No active profile set, falling back to 1 default profile: "default"
2025-08-19 10:09:53 [restartedMain] INFO  com.zaxxer.hikari.HikariDataSource - HikariPool-6 - Starting...
2025-08-19 10:09:53 [restartedMain] INFO  com.zaxxer.hikari.pool.PoolBase - HikariPool-6 - Driver does not support get/set network timeout for connections. (This operation is not supported.)
2025-08-19 10:09:53 [restartedMain] INFO  com.zaxxer.hikari.HikariDataSource - HikariPool-6 - Start completed.
2025-08-19 10:09:54 [restartedMain] WARN  o.s.b.a.o.j.JpaBaseConfiguration$JpaWebConfiguration - spring.jpa.open-in-view is enabled by default. Therefore, database queries may be performed during view rendering. Explicitly configure spring.jpa.open-in-view to disable this warning
2025-08-19 10:09:55 [restartedMain] WARN  o.s.data.convert.CustomConversions - Registering converter from class microsoft.sql.DateTimeOffset to class java.time.OffsetDateTime as reading converter although it doesn't convert from a store-supported type; You might want to check your annotation setup at the converter implementation
2025-08-19 10:09:55 [restartedMain] INFO  com.afr.fms.AFRFMSApplication - Started AFRFMSApplication in 4.892 seconds (JVM running for 633.849)
2025-08-19 10:10:17 [http-nio-8443-exec-1] INFO  c.a.fms.Security.jwt.AuthTokenFilter - AFRFMS API URI: /api/branch Method: GET Remote: 0:0:0:0:0:0:0:1
2025-08-19 10:10:17 [http-nio-8443-exec-3] INFO  c.a.fms.Security.jwt.AuthTokenFilter - AFRFMS API URI: /api/common/findings/AbnormalBalance Method: GET Remote: 0:0:0:0:0:0:0:1
2025-08-19 10:10:17 [http-nio-8443-exec-2] INFO  c.a.fms.Security.jwt.AuthTokenFilter - AFRFMS API URI: /api/user/5 Method: GET Remote: 0:0:0:0:0:0:0:1
2025-08-19 10:10:46 [http-nio-8443-exec-4] INFO  c.a.fms.Security.jwt.AuthTokenFilter - AFRFMS API URI: /api/mgt_report/fetch_new_report Method: POST Remote: 0:0:0:0:0:0:0:1
2025-08-19 10:10:58 [http-nio-8443-exec-5] INFO  c.a.fms.Security.jwt.AuthTokenFilter - AFRFMS API URI: /api/mgt_report/fetch_new_report Method: POST Remote: 0:0:0:0:0:0:0:1
2025-08-19 10:11:02 [http-nio-8443-exec-6] INFO  c.a.fms.Security.jwt.AuthTokenFilter - AFRFMS API URI: /api/mgt_report/fetch_new_report Method: POST Remote: 0:0:0:0:0:0:0:1
2025-08-19 10:11:03 [http-nio-8443-exec-7] INFO  c.a.fms.Security.jwt.AuthTokenFilter - AFRFMS API URI: /api/mgt_report/fetch_new_report Method: POST Remote: 0:0:0:0:0:0:0:1
2025-08-19 10:11:03 [http-nio-8443-exec-8] INFO  c.a.fms.Security.jwt.AuthTokenFilter - AFRFMS API URI: /api/mgt_report/fetch_new_report Method: POST Remote: 0:0:0:0:0:0:0:1
2025-08-19 10:11:03 [http-nio-8443-exec-9] INFO  c.a.fms.Security.jwt.AuthTokenFilter - AFRFMS API URI: /api/mgt_report/fetch_new_report Method: POST Remote: 0:0:0:0:0:0:0:1
2025-08-19 10:11:04 [http-nio-8443-exec-10] INFO  c.a.fms.Security.jwt.AuthTokenFilter - AFRFMS API URI: /api/mgt_report/fetch_new_report Method: POST Remote: 0:0:0:0:0:0:0:1
2025-08-19 10:11:06 [http-nio-8443-exec-3] INFO  c.a.fms.Security.jwt.AuthTokenFilter - AFRFMS API URI: /api/mgt_report/fetch_new_report Method: POST Remote: 0:0:0:0:0:0:0:1
2025-08-19 10:11:07 [http-nio-8443-exec-2] INFO  c.a.fms.Security.jwt.AuthTokenFilter - AFRFMS API URI: /api/mgt_report/fetch_new_report Method: POST Remote: 0:0:0:0:0:0:0:1
2025-08-19 10:11:07 [http-nio-8443-exec-1] INFO  c.a.fms.Security.jwt.AuthTokenFilter - AFRFMS API URI: /api/mgt_report/fetch_new_report Method: POST Remote: 0:0:0:0:0:0:0:1
2025-08-19 10:11:08 [http-nio-8443-exec-4] INFO  c.a.fms.Security.jwt.AuthTokenFilter - AFRFMS API URI: /api/mgt_report/fetch_new_report Method: POST Remote: 0:0:0:0:0:0:0:1
2025-08-19 10:11:08 [http-nio-8443-exec-5] INFO  c.a.fms.Security.jwt.AuthTokenFilter - AFRFMS API URI: /api/mgt_report/fetch_new_report Method: POST Remote: 0:0:0:0:0:0:0:1
2025-08-19 10:11:08 [http-nio-8443-exec-6] INFO  c.a.fms.Security.jwt.AuthTokenFilter - AFRFMS API URI: /api/mgt_report/fetch_new_report Method: POST Remote: 0:0:0:0:0:0:0:1
2025-08-19 10:11:08 [http-nio-8443-exec-7] INFO  c.a.fms.Security.jwt.AuthTokenFilter - AFRFMS API URI: /api/mgt_report/fetch_new_report Method: POST Remote: 0:0:0:0:0:0:0:1
2025-08-19 10:11:09 [http-nio-8443-exec-8] INFO  c.a.fms.Security.jwt.AuthTokenFilter - AFRFMS API URI: /api/mgt_report/fetch_new_report Method: POST Remote: 0:0:0:0:0:0:0:1
2025-08-19 10:11:09 [http-nio-8443-exec-9] INFO  c.a.fms.Security.jwt.AuthTokenFilter - AFRFMS API URI: /api/mgt_report/fetch_new_report Method: POST Remote: 0:0:0:0:0:0:0:1
2025-08-19 10:11:09 [http-nio-8443-exec-10] INFO  c.a.fms.Security.jwt.AuthTokenFilter - AFRFMS API URI: /api/mgt_report/fetch_new_report Method: POST Remote: 0:0:0:0:0:0:0:1
2025-08-19 10:11:09 [http-nio-8443-exec-3] INFO  c.a.fms.Security.jwt.AuthTokenFilter - AFRFMS API URI: /api/mgt_report/fetch_new_report Method: POST Remote: 0:0:0:0:0:0:0:1
2025-08-19 10:11:10 [http-nio-8443-exec-2] INFO  c.a.fms.Security.jwt.AuthTokenFilter - AFRFMS API URI: /api/mgt_report/fetch_new_report Method: POST Remote: 0:0:0:0:0:0:0:1
2025-08-19 10:17:16 [http-nio-8443-exec-6] INFO  c.a.fms.Security.jwt.AuthTokenFilter - AFRFMS API URI: /api/branch Method: GET Remote: 0:0:0:0:0:0:0:1
2025-08-19 10:17:16 [http-nio-8443-exec-7] INFO  c.a.fms.Security.jwt.AuthTokenFilter - AFRFMS API URI: /api/user/5 Method: GET Remote: 0:0:0:0:0:0:0:1
2025-08-19 10:17:16 [http-nio-8443-exec-8] INFO  c.a.fms.Security.jwt.AuthTokenFilter - AFRFMS API URI: /api/common/findings/AbnormalBalance Method: GET Remote: 0:0:0:0:0:0:0:1
2025-08-19 10:20:26 [http-nio-8443-exec-2] INFO  c.a.fms.Security.jwt.AuthTokenFilter - AFRFMS API URI: /api/branch Method: GET Remote: 0:0:0:0:0:0:0:1
2025-08-19 10:20:26 [http-nio-8443-exec-1] INFO  c.a.fms.Security.jwt.AuthTokenFilter - AFRFMS API URI: /api/user/5 Method: GET Remote: 0:0:0:0:0:0:0:1
2025-08-19 10:20:26 [http-nio-8443-exec-4] INFO  c.a.fms.Security.jwt.AuthTokenFilter - AFRFMS API URI: /api/common/findings/AbnormalBalance Method: GET Remote: 0:0:0:0:0:0:0:1
2025-08-19 10:23:15 [http-nio-8443-exec-6] INFO  c.a.fms.Security.jwt.AuthTokenFilter - AFRFMS API URI: /api/branch Method: GET Remote: 0:0:0:0:0:0:0:1
2025-08-19 10:23:15 [http-nio-8443-exec-9] INFO  c.a.fms.Security.jwt.AuthTokenFilter - AFRFMS API URI: /api/user/5 Method: GET Remote: 0:0:0:0:0:0:0:1
2025-08-19 10:23:15 [http-nio-8443-exec-10] INFO  c.a.fms.Security.jwt.AuthTokenFilter - AFRFMS API URI: /api/common/findings/AbnormalBalance Method: GET Remote: 0:0:0:0:0:0:0:1
2025-08-19 10:24:03 [http-nio-8443-exec-2] INFO  c.a.fms.Security.jwt.AuthTokenFilter - AFRFMS API URI: /api/mgt_report/fetch_new_report Method: POST Remote: 0:0:0:0:0:0:0:1
2025-08-19 10:24:14 [http-nio-8443-exec-7] INFO  c.a.fms.Security.jwt.AuthTokenFilter - AFRFMS API URI: /api/auditor/abnormal_balance_audit/drafted Method: POST Remote: 0:0:0:0:0:0:0:1
2025-08-19 10:24:28 [http-nio-8443-exec-5] INFO  c.a.fms.Security.jwt.AuthTokenFilter - AFRFMS API URI: /api/common/findings/MGT Method: GET Remote: 0:0:0:0:0:0:0:1
2025-08-19 10:24:28 [http-nio-8443-exec-9] INFO  c.a.fms.Security.jwt.AuthTokenFilter - AFRFMS API URI: /api/common/recommendation/recommendations/MGT Method: GET Remote: 0:0:0:0:0:0:0:1
2025-08-19 10:24:28 [http-nio-8443-exec-6] INFO  c.a.fms.Security.jwt.AuthTokenFilter - AFRFMS API URI: /api/branch Method: GET Remote: 0:0:0:0:0:0:0:1
2025-08-19 10:27:16 [http-nio-8443-exec-2] INFO  c.a.fms.Security.jwt.AuthTokenFilter - AFRFMS API URI: /api/auditor/abnormal_balance_audit/drafted Method: POST Remote: 0:0:0:0:0:0:0:1
2025-08-19 10:28:20 [http-nio-8443-exec-7] INFO  c.a.fms.Security.jwt.AuthTokenFilter - AFRFMS API URI: /api/auditor/abnormal_balance_audit/drafted Method: POST Remote: 0:0:0:0:0:0:0:1
2025-08-19 10:29:00 [http-nio-8443-exec-9] INFO  c.a.fms.Security.jwt.AuthTokenFilter - AFRFMS API URI: /api/auditor/abnormal_balance_audit/drafted Method: POST Remote: 0:0:0:0:0:0:0:1
2025-08-19 10:29:51 [http-nio-8443-exec-5] INFO  c.a.fms.Security.jwt.AuthTokenFilter - AFRFMS API URI: /api/auditor/abnormal_balance_audit/drafted Method: POST Remote: 0:0:0:0:0:0:0:1
2025-08-19 10:30:22 [http-nio-8443-exec-6] INFO  c.a.fms.Security.jwt.AuthTokenFilter - AFRFMS API URI: /api/auditor/abnormal_balance_audit/drafted Method: POST Remote: 0:0:0:0:0:0:0:1
2025-08-19 10:33:50 [http-nio-8443-exec-1] INFO  c.a.fms.Security.jwt.AuthTokenFilter - AFRFMS API URI: /api/auditor/abnormal_balance_audit/drafted Method: POST Remote: 0:0:0:0:0:0:0:1
2025-08-19 10:34:18 [http-nio-8443-exec-3] INFO  c.a.fms.Security.jwt.AuthTokenFilter - AFRFMS API URI: /api/auditor/abnormal_balance_audit/drafted Method: POST Remote: 0:0:0:0:0:0:0:1
2025-08-19 10:35:02 [http-nio-8443-exec-4] INFO  c.a.fms.Security.jwt.AuthTokenFilter - AFRFMS API URI: /api/auditor/abnormal_balance_audit/drafted Method: POST Remote: 0:0:0:0:0:0:0:1
2025-08-19 10:59:30 [http-nio-8443-exec-8] INFO  c.a.fms.Security.jwt.AuthTokenFilter - AFRFMS API URI: /api/auditor/abnormal_balance_audit/drafted Method: POST Remote: 0:0:0:0:0:0:0:1
2025-08-19 10:59:30 [http-nio-8443-exec-8] ERROR c.a.fms.Security.jwt.AuthTokenFilter - Cannot set user authentication: Refresh token missing
2025-08-19 10:59:30 [http-nio-8443-exec-9] INFO  c.a.fms.Security.jwt.AuthTokenFilter - AFRFMS API URI: /api/auth/refreshtoken Method: POST Remote: 0:0:0:0:0:0:0:1
2025-08-19 10:59:30 [http-nio-8443-exec-9] ERROR c.a.fms.Security.jwt.AuthTokenFilter - Cannot set user authentication: Refresh token missing
2025-08-19 10:59:30 [http-nio-8443-exec-5] INFO  c.a.fms.Security.jwt.AuthTokenFilter - AFRFMS API URI: /api/auth/refreshtoken Method: POST Remote: 0:0:0:0:0:0:0:1
2025-08-19 10:59:30 [http-nio-8443-exec-5] ERROR c.a.fms.Security.jwt.AuthTokenFilter - Cannot set user authentication: Refresh token missing
2025-08-19 11:00:09 [http-nio-8443-exec-6] INFO  c.a.fms.Security.jwt.AuthTokenFilter - AFRFMS API URI: /api/auditor/abnormal_balance_audit/drafted Method: POST Remote: 0:0:0:0:0:0:0:1
2025-08-19 11:00:09 [http-nio-8443-exec-6] ERROR c.a.fms.Security.jwt.AuthTokenFilter - Cannot set user authentication: Refresh token missing
2025-08-19 11:00:09 [http-nio-8443-exec-10] INFO  c.a.fms.Security.jwt.AuthTokenFilter - AFRFMS API URI: /api/auth/refreshtoken Method: POST Remote: 0:0:0:0:0:0:0:1
2025-08-19 11:00:09 [http-nio-8443-exec-10] ERROR c.a.fms.Security.jwt.AuthTokenFilter - Cannot set user authentication: Refresh token missing
2025-08-19 11:00:09 [http-nio-8443-exec-1] INFO  c.a.fms.Security.jwt.AuthTokenFilter - AFRFMS API URI: /api/auth/refreshtoken Method: POST Remote: 0:0:0:0:0:0:0:1
2025-08-19 11:00:09 [http-nio-8443-exec-1] ERROR c.a.fms.Security.jwt.AuthTokenFilter - Cannot set user authentication: Refresh token missing
2025-08-19 11:00:34 [http-nio-8443-exec-2] INFO  c.a.fms.Security.jwt.AuthTokenFilter - AFRFMS API URI: /api/asset-liability/auditor Method: POST Remote: 0:0:0:0:0:0:0:1
2025-08-19 11:00:34 [http-nio-8443-exec-2] ERROR c.a.fms.Security.jwt.AuthTokenFilter - Cannot set user authentication: Refresh token missing
2025-08-19 11:00:34 [http-nio-8443-exec-8] INFO  c.a.fms.Security.jwt.AuthTokenFilter - AFRFMS API URI: /api/auth/refreshtoken Method: POST Remote: 0:0:0:0:0:0:0:1
2025-08-19 11:00:34 [http-nio-8443-exec-8] ERROR c.a.fms.Security.jwt.AuthTokenFilter - Cannot set user authentication: Refresh token missing
2025-08-19 11:00:34 [http-nio-8443-exec-7] INFO  c.a.fms.Security.jwt.AuthTokenFilter - AFRFMS API URI: /api/auth/refreshtoken Method: POST Remote: 0:0:0:0:0:0:0:1
2025-08-19 11:00:34 [http-nio-8443-exec-7] ERROR c.a.fms.Security.jwt.AuthTokenFilter - Cannot set user authentication: Refresh token missing
2025-08-19 11:00:40 [http-nio-8443-exec-9] INFO  c.a.fms.Security.jwt.AuthTokenFilter - AFRFMS API URI: /api/common/findings/AssetLiability Method: GET Remote: 0:0:0:0:0:0:0:1
2025-08-19 11:00:40 [http-nio-8443-exec-5] INFO  c.a.fms.Security.jwt.AuthTokenFilter - AFRFMS API URI: /api/common/recommendation/recommendations/AssetLiability Method: GET Remote: 0:0:0:0:0:0:0:1
2025-08-19 11:00:40 [http-nio-8443-exec-6] INFO  c.a.fms.Security.jwt.AuthTokenFilter - AFRFMS API URI: /api/branch Method: GET Remote: 0:0:0:0:0:0:0:1
2025-08-19 11:00:40 [http-nio-8443-exec-5] ERROR c.a.fms.Security.jwt.AuthTokenFilter - Cannot set user authentication: Refresh token missing
2025-08-19 11:00:40 [http-nio-8443-exec-9] ERROR c.a.fms.Security.jwt.AuthTokenFilter - Cannot set user authentication: Refresh token missing
2025-08-19 11:00:40 [http-nio-8443-exec-6] ERROR c.a.fms.Security.jwt.AuthTokenFilter - Cannot set user authentication: Refresh token missing
2025-08-19 11:00:40 [http-nio-8443-exec-10] INFO  c.a.fms.Security.jwt.AuthTokenFilter - AFRFMS API URI: /api/auth/refreshtoken Method: POST Remote: 0:0:0:0:0:0:0:1
2025-08-19 11:00:40 [http-nio-8443-exec-10] ERROR c.a.fms.Security.jwt.AuthTokenFilter - Cannot set user authentication: Refresh token missing
2025-08-19 11:00:40 [http-nio-8443-exec-1] INFO  c.a.fms.Security.jwt.AuthTokenFilter - AFRFMS API URI: /api/branch Method: GET Remote: 0:0:0:0:0:0:0:1
2025-08-19 11:00:40 [http-nio-8443-exec-3] INFO  c.a.fms.Security.jwt.AuthTokenFilter - AFRFMS API URI: /api/common/recommendation/recommendations/AssetLiability Method: GET Remote: 0:0:0:0:0:0:0:1
2025-08-19 11:00:40 [http-nio-8443-exec-1] ERROR c.a.fms.Security.jwt.AuthTokenFilter - Cannot set user authentication: Refresh token missing
2025-08-19 11:00:40 [http-nio-8443-exec-3] ERROR c.a.fms.Security.jwt.AuthTokenFilter - Cannot set user authentication: Refresh token missing
2025-08-19 11:00:40 [http-nio-8443-exec-4] INFO  c.a.fms.Security.jwt.AuthTokenFilter - AFRFMS API URI: /api/auth/refreshtoken Method: POST Remote: 0:0:0:0:0:0:0:1
2025-08-19 11:00:40 [http-nio-8443-exec-4] ERROR c.a.fms.Security.jwt.AuthTokenFilter - Cannot set user authentication: Refresh token missing
2025-08-19 11:01:10 [http-nio-8443-exec-2] INFO  c.a.fms.Security.jwt.AuthTokenFilter - AFRFMS API URI: /api/auditor/abnormal_balance_audit/drafted Method: POST Remote: 0:0:0:0:0:0:0:1
2025-08-19 11:01:10 [http-nio-8443-exec-2] ERROR c.a.fms.Security.jwt.AuthTokenFilter - Cannot set user authentication: Refresh token missing
2025-08-19 11:01:10 [http-nio-8443-exec-8] INFO  c.a.fms.Security.jwt.AuthTokenFilter - AFRFMS API URI: /api/auth/refreshtoken Method: POST Remote: 0:0:0:0:0:0:0:1
2025-08-19 11:01:10 [http-nio-8443-exec-8] ERROR c.a.fms.Security.jwt.AuthTokenFilter - Cannot set user authentication: Refresh token missing
2025-08-19 11:01:10 [http-nio-8443-exec-7] INFO  c.a.fms.Security.jwt.AuthTokenFilter - AFRFMS API URI: /api/auth/refreshtoken Method: POST Remote: 0:0:0:0:0:0:0:1
2025-08-19 11:01:10 [http-nio-8443-exec-7] ERROR c.a.fms.Security.jwt.AuthTokenFilter - Cannot set user authentication: Refresh token missing
2025-08-19 11:01:13 [http-nio-8443-exec-9] INFO  c.a.fms.Security.jwt.AuthTokenFilter - AFRFMS API URI: /api/branch Method: GET Remote: 0:0:0:0:0:0:0:1
2025-08-19 11:01:13 [http-nio-8443-exec-6] INFO  c.a.fms.Security.jwt.AuthTokenFilter - AFRFMS API URI: /api/user/5 Method: GET Remote: 0:0:0:0:0:0:0:1
2025-08-19 11:01:13 [http-nio-8443-exec-5] INFO  c.a.fms.Security.jwt.AuthTokenFilter - AFRFMS API URI: /api/common/findings/AssetLiability Method: GET Remote: 0:0:0:0:0:0:0:1
2025-08-19 11:01:13 [http-nio-8443-exec-6] ERROR c.a.fms.Security.jwt.AuthTokenFilter - Cannot set user authentication: Refresh token missing
2025-08-19 11:01:13 [http-nio-8443-exec-9] ERROR c.a.fms.Security.jwt.AuthTokenFilter - Cannot set user authentication: Refresh token missing
2025-08-19 11:01:13 [http-nio-8443-exec-5] ERROR c.a.fms.Security.jwt.AuthTokenFilter - Cannot set user authentication: Refresh token missing
2025-08-19 11:01:13 [http-nio-8443-exec-10] INFO  c.a.fms.Security.jwt.AuthTokenFilter - AFRFMS API URI: /api/auth/refreshtoken Method: POST Remote: 0:0:0:0:0:0:0:1
2025-08-19 11:01:13 [http-nio-8443-exec-1] INFO  c.a.fms.Security.jwt.AuthTokenFilter - AFRFMS API URI: /api/common/findings/AssetLiability Method: GET Remote: 0:0:0:0:0:0:0:1
2025-08-19 11:01:13 [http-nio-8443-exec-3] INFO  c.a.fms.Security.jwt.AuthTokenFilter - AFRFMS API URI: /api/user/5 Method: GET Remote: 0:0:0:0:0:0:0:1
2025-08-19 11:01:13 [http-nio-8443-exec-10] ERROR c.a.fms.Security.jwt.AuthTokenFilter - Cannot set user authentication: Refresh token missing
2025-08-19 11:01:13 [http-nio-8443-exec-1] ERROR c.a.fms.Security.jwt.AuthTokenFilter - Cannot set user authentication: Refresh token missing
2025-08-19 11:01:13 [http-nio-8443-exec-3] ERROR c.a.fms.Security.jwt.AuthTokenFilter - Cannot set user authentication: Refresh token missing
2025-08-19 11:01:13 [http-nio-8443-exec-4] INFO  c.a.fms.Security.jwt.AuthTokenFilter - AFRFMS API URI: /api/auth/refreshtoken Method: POST Remote: 0:0:0:0:0:0:0:1
2025-08-19 11:01:13 [http-nio-8443-exec-4] ERROR c.a.fms.Security.jwt.AuthTokenFilter - Cannot set user authentication: Refresh token missing
2025-08-19 11:01:38 [http-nio-8443-exec-7] INFO  c.a.fms.Security.jwt.AuthTokenFilter - AFRFMS API URI: /api/auth/signout/277992 Method: GET Remote: 0:0:0:0:0:0:0:1
2025-08-19 11:01:38 [http-nio-8443-exec-7] ERROR c.a.fms.Security.jwt.AuthTokenFilter - Cannot set user authentication: Refresh token missing
2025-08-19 11:01:38 [http-nio-8443-exec-6] INFO  c.a.fms.Security.jwt.AuthTokenFilter - AFRFMS API URI: /api/auth/refreshtoken Method: POST Remote: 0:0:0:0:0:0:0:1
2025-08-19 11:01:38 [http-nio-8443-exec-6] ERROR c.a.fms.Security.jwt.AuthTokenFilter - Cannot set user authentication: Refresh token missing
2025-08-19 11:01:38 [http-nio-8443-exec-9] INFO  c.a.fms.Security.jwt.AuthTokenFilter - AFRFMS API URI: /api/auth/refreshtoken Method: POST Remote: 0:0:0:0:0:0:0:1
2025-08-19 11:01:38 [http-nio-8443-exec-9] ERROR c.a.fms.Security.jwt.AuthTokenFilter - Cannot set user authentication: Refresh token missing
2025-08-19 11:01:41 [http-nio-8443-exec-5] INFO  c.a.fms.Security.jwt.AuthTokenFilter - AFRFMS API URI: /api/auth/signout/277992 Method: GET Remote: 0:0:0:0:0:0:0:1
2025-08-19 11:01:41 [http-nio-8443-exec-5] ERROR c.a.fms.Security.jwt.AuthTokenFilter - Cannot set user authentication: Refresh token missing
2025-08-19 11:01:41 [http-nio-8443-exec-10] INFO  c.a.fms.Security.jwt.AuthTokenFilter - AFRFMS API URI: /api/auth/refreshtoken Method: POST Remote: 0:0:0:0:0:0:0:1
2025-08-19 11:01:41 [http-nio-8443-exec-10] ERROR c.a.fms.Security.jwt.AuthTokenFilter - Cannot set user authentication: Refresh token missing
2025-08-19 11:01:41 [http-nio-8443-exec-1] INFO  c.a.fms.Security.jwt.AuthTokenFilter - AFRFMS API URI: /api/auth/refreshtoken Method: POST Remote: 0:0:0:0:0:0:0:1
2025-08-19 11:01:41 [http-nio-8443-exec-1] ERROR c.a.fms.Security.jwt.AuthTokenFilter - Cannot set user authentication: Refresh token missing
2025-08-19 11:01:52 [http-nio-8443-exec-3] INFO  c.a.fms.Security.jwt.AuthTokenFilter - AFRFMS API URI: /api/auth/signin Method: POST Remote: 0:0:0:0:0:0:0:1
2025-08-19 11:01:52 [http-nio-8443-exec-3] ERROR c.a.fms.Security.jwt.AuthTokenFilter - Cannot set user authentication: Refresh token missing
2025-08-19 11:01:53 [http-nio-8443-exec-4] INFO  c.a.fms.Security.jwt.AuthTokenFilter - AFRFMS API URI: /api/auth/signin Method: POST Remote: 0:0:0:0:0:0:0:1
2025-08-19 11:01:53 [http-nio-8443-exec-4] ERROR c.a.fms.Security.jwt.AuthTokenFilter - Cannot set user authentication: Refresh token missing
2025-08-19 11:02:10 [SpringApplicationShutdownHook] INFO  com.zaxxer.hikari.HikariDataSource - HikariPool-6 - Shutdown initiated...
2025-08-19 11:02:10 [SpringApplicationShutdownHook] INFO  com.zaxxer.hikari.HikariDataSource - HikariPool-6 - Shutdown completed.
2025-08-19 11:02:23 [restartedMain] INFO  com.afr.fms.AFRFMSApplication - Starting AFRFMSApplication using Java 17.0.12 on HQ-SDI-T01 with PID 13204 (E:\VSC\Project\Audit\Ewunete\is_mgt_enhanced_latest\Backend\AuditFindingReportingandFollowupManagementSystem\target\classes started by ewnetiea in E:\VSC\Project\Audit\Ewunete\is_mgt_enhanced_latest\Backend\AuditFindingReportingandFollowupManagementSystem)
2025-08-19 11:02:23 [restartedMain] INFO  com.afr.fms.AFRFMSApplication - No active profile set, falling back to 1 default profile: "default"
2025-08-19 11:02:32 [restartedMain] INFO  com.zaxxer.hikari.HikariDataSource - HikariPool-1 - Starting...
2025-08-19 11:02:32 [restartedMain] INFO  com.zaxxer.hikari.pool.PoolBase - HikariPool-1 - Driver does not support get/set network timeout for connections. (This operation is not supported.)
2025-08-19 11:02:32 [restartedMain] INFO  com.zaxxer.hikari.HikariDataSource - HikariPool-1 - Start completed.
2025-08-19 11:02:35 [restartedMain] WARN  o.s.b.a.o.j.JpaBaseConfiguration$JpaWebConfiguration - spring.jpa.open-in-view is enabled by default. Therefore, database queries may be performed during view rendering. Explicitly configure spring.jpa.open-in-view to disable this warning
2025-08-19 11:02:38 [restartedMain] WARN  o.s.data.convert.CustomConversions - Registering converter from class microsoft.sql.DateTimeOffset to class java.time.OffsetDateTime as reading converter although it doesn't convert from a store-supported type; You might want to check your annotation setup at the converter implementation
2025-08-19 11:02:39 [restartedMain] INFO  com.afr.fms.AFRFMSApplication - Started AFRFMSApplication in 16.583 seconds (JVM running for 18.836)
2025-08-19 11:02:42 [http-nio-8443-exec-1] INFO  c.a.fms.Security.jwt.AuthTokenFilter - AFRFMS API URI: /api/auth/signin Method: POST Remote: 0:0:0:0:0:0:0:1
2025-08-19 11:02:42 [http-nio-8443-exec-1] ERROR c.a.fms.Security.jwt.AuthTokenFilter - Cannot set user authentication: Refresh token missing
2025-08-19 11:03:09 [http-nio-8443-exec-3] INFO  c.a.fms.Security.jwt.AuthTokenFilter - AFRFMS API URI: /api/auth/signin Method: POST Remote: 0:0:0:0:0:0:0:1
2025-08-19 11:03:09 [http-nio-8443-exec-3] ERROR c.a.fms.Security.jwt.AuthTokenFilter - Cannot set user authentication: Refresh token missing
2025-08-19 11:03:10 [http-nio-8443-exec-7] INFO  c.a.fms.Security.jwt.AuthTokenFilter - AFRFMS API URI: /api/auth/signin Method: POST Remote: 0:0:0:0:0:0:0:1
2025-08-19 11:03:10 [http-nio-8443-exec-7] ERROR c.a.fms.Security.jwt.AuthTokenFilter - Cannot set user authentication: Refresh token missing
2025-08-19 11:03:10 [http-nio-8443-exec-10] INFO  c.a.fms.Security.jwt.AuthTokenFilter - AFRFMS API URI: /api/auth/signin Method: POST Remote: 0:0:0:0:0:0:0:1
2025-08-19 11:03:10 [http-nio-8443-exec-10] ERROR c.a.fms.Security.jwt.AuthTokenFilter - Cannot set user authentication: Refresh token missing
2025-08-19 11:03:11 [http-nio-8443-exec-8] INFO  c.a.fms.Security.jwt.AuthTokenFilter - AFRFMS API URI: /api/auth/signin Method: POST Remote: 0:0:0:0:0:0:0:1
2025-08-19 11:03:11 [http-nio-8443-exec-8] ERROR c.a.fms.Security.jwt.AuthTokenFilter - Cannot set user authentication: Refresh token missing
2025-08-19 11:03:15 [http-nio-8443-exec-1] INFO  c.a.fms.Security.jwt.AuthTokenFilter - AFRFMS API URI: /api/auth/signin Method: POST Remote: 0:0:0:0:0:0:0:1
2025-08-19 11:03:15 [http-nio-8443-exec-1] ERROR c.a.fms.Security.jwt.AuthTokenFilter - Cannot set user authentication: Refresh token missing
2025-08-19 11:05:13 [Thread-9] INFO  com.zaxxer.hikari.HikariDataSource - HikariPool-1 - Shutdown initiated...
2025-08-19 11:05:13 [Thread-9] INFO  com.zaxxer.hikari.HikariDataSource - HikariPool-1 - Shutdown completed.
2025-08-19 11:05:13 [restartedMain] INFO  com.afr.fms.AFRFMSApplication - Starting AFRFMSApplication using Java 17.0.12 on HQ-SDI-T01 with PID 13204 (E:\VSC\Project\Audit\Ewunete\is_mgt_enhanced_latest\Backend\AuditFindingReportingandFollowupManagementSystem\target\classes started by ewnetiea in E:\VSC\Project\Audit\Ewunete\is_mgt_enhanced_latest\Backend\AuditFindingReportingandFollowupManagementSystem)
2025-08-19 11:05:13 [restartedMain] INFO  com.afr.fms.AFRFMSApplication - No active profile set, falling back to 1 default profile: "default"
2025-08-19 11:05:16 [restartedMain] INFO  com.zaxxer.hikari.HikariDataSource - HikariPool-2 - Starting...
2025-08-19 11:05:16 [restartedMain] INFO  com.zaxxer.hikari.pool.PoolBase - HikariPool-2 - Driver does not support get/set network timeout for connections. (This operation is not supported.)
2025-08-19 11:05:16 [restartedMain] INFO  com.zaxxer.hikari.HikariDataSource - HikariPool-2 - Start completed.
2025-08-19 11:05:18 [restartedMain] WARN  o.s.b.a.o.j.JpaBaseConfiguration$JpaWebConfiguration - spring.jpa.open-in-view is enabled by default. Therefore, database queries may be performed during view rendering. Explicitly configure spring.jpa.open-in-view to disable this warning
2025-08-19 11:05:20 [restartedMain] WARN  o.s.data.convert.CustomConversions - Registering converter from class microsoft.sql.DateTimeOffset to class java.time.OffsetDateTime as reading converter although it doesn't convert from a store-supported type; You might want to check your annotation setup at the converter implementation
2025-08-19 11:05:20 [restartedMain] INFO  com.afr.fms.AFRFMSApplication - Started AFRFMSApplication in 6.887 seconds (JVM running for 179.921)
2025-08-19 11:05:45 [http-nio-8443-exec-4] INFO  c.a.fms.Security.jwt.AuthTokenFilter - AFRFMS API URI: /api/auth/signin Method: POST Remote: 0:0:0:0:0:0:0:1
2025-08-19 11:05:45 [http-nio-8443-exec-4] ERROR c.a.fms.Security.jwt.AuthTokenFilter - Cannot set user authentication: Refresh token missing
2025-08-19 11:06:10 [http-nio-8443-exec-2] INFO  c.a.fms.Security.jwt.AuthTokenFilter - AFRFMS API URI: /api/auth/signin Method: POST Remote: 0:0:0:0:0:0:0:1
2025-08-19 11:06:10 [http-nio-8443-exec-2] INFO  com.afr.fms.Security.jwt.JwtUtils - jwt path: --------------
2025-08-19 11:06:10 [http-nio-8443-exec-2] INFO  com.afr.fms.Security.jwt.JwtUtils - jwt path: --------------
2025-08-19 11:06:23 [http-nio-8443-exec-6] INFO  c.a.fms.Security.jwt.AuthTokenFilter - AFRFMS API URI: /api/audit/auditor/dashboard/ism Method: POST Remote: 0:0:0:0:0:0:0:1
2025-08-19 11:06:33 [http-nio-8443-exec-10] INFO  c.a.fms.Security.jwt.AuthTokenFilter - AFRFMS API URI: /api/auditor/abnormal_balance_audit/drafted Method: POST Remote: 0:0:0:0:0:0:0:1
2025-08-19 11:06:35 [http-nio-8443-exec-9] INFO  c.a.fms.Security.jwt.AuthTokenFilter - AFRFMS API URI: /api/common/findings/AbnormalBalance Method: GET Remote: 0:0:0:0:0:0:0:1
2025-08-19 11:06:35 [http-nio-8443-exec-4] INFO  c.a.fms.Security.jwt.AuthTokenFilter - AFRFMS API URI: /api/branch Method: GET Remote: 0:0:0:0:0:0:0:1
2025-08-19 11:06:35 [http-nio-8443-exec-3] INFO  c.a.fms.Security.jwt.AuthTokenFilter - AFRFMS API URI: /api/common/recommendation/recommendations/AbnormalBalance Method: GET Remote: 0:0:0:0:0:0:0:1
2025-08-19 11:07:24 [http-nio-8443-exec-1] INFO  c.a.fms.Security.jwt.AuthTokenFilter - AFRFMS API URI: /api/all_audit/upload Method: POST Remote: 0:0:0:0:0:0:0:1
2025-08-19 11:07:26 [http-nio-8443-exec-5] INFO  c.a.fms.Security.jwt.AuthTokenFilter - AFRFMS API URI: /api/auditor/abnormal_balance_audit/create Method: POST Remote: 0:0:0:0:0:0:0:1
2025-08-19 11:07:27 [http-nio-8443-exec-6] INFO  c.a.fms.Security.jwt.AuthTokenFilter - AFRFMS API URI: /api/auditor/abnormal_balance_audit/drafted Method: POST Remote: 0:0:0:0:0:0:0:1
2025-08-19 11:07:30 [http-nio-8443-exec-9] INFO  c.a.fms.Security.jwt.AuthTokenFilter - AFRFMS API URI: /api/remark/getUnseenRemarks Method: POST Remote: 0:0:0:0:0:0:0:1
2025-08-19 11:07:30 [http-nio-8443-exec-4] INFO  c.a.fms.Security.jwt.AuthTokenFilter - AFRFMS API URI: /api/all_audit/files Method: POST Remote: 0:0:0:0:0:0:0:1
2025-08-19 11:07:38 [http-nio-8443-exec-8] INFO  c.a.fms.Security.jwt.AuthTokenFilter - AFRFMS API URI: /api/remark/getUnseenRemarks Method: POST Remote: 0:0:0:0:0:0:0:1
2025-08-19 11:07:42 [http-nio-8443-exec-1] INFO  c.a.fms.Security.jwt.AuthTokenFilter - AFRFMS API URI: /api/common-action/auditor/pass/50265 Method: GET Remote: 0:0:0:0:0:0:0:1
2025-08-19 11:07:46 [http-nio-8443-exec-2] INFO  c.a.fms.Security.jwt.AuthTokenFilter - AFRFMS API URI: /api/asset-liability/auditor Method: POST Remote: 0:0:0:0:0:0:0:1
2025-08-19 11:07:48 [http-nio-8443-exec-6] INFO  c.a.fms.Security.jwt.AuthTokenFilter - AFRFMS API URI: /api/common/recommendation/recommendations/AssetLiability Method: GET Remote: 0:0:0:0:0:0:0:1
2025-08-19 11:07:48 [http-nio-8443-exec-10] INFO  c.a.fms.Security.jwt.AuthTokenFilter - AFRFMS API URI: /api/branch Method: GET Remote: 0:0:0:0:0:0:0:1
2025-08-19 11:07:48 [http-nio-8443-exec-5] INFO  c.a.fms.Security.jwt.AuthTokenFilter - AFRFMS API URI: /api/common/findings/AssetLiability Method: GET Remote: 0:0:0:0:0:0:0:1
2025-08-19 11:08:44 [http-nio-8443-exec-4] INFO  c.a.fms.Security.jwt.AuthTokenFilter - AFRFMS API URI: /api/asset-liability/create-edit Method: POST Remote: 0:0:0:0:0:0:0:1
2025-08-19 11:08:44 [http-nio-8443-exec-7] INFO  c.a.fms.Security.jwt.AuthTokenFilter - AFRFMS API URI: /api/asset-liability/auditor Method: POST Remote: 0:0:0:0:0:0:0:1
2025-08-19 11:08:53 [http-nio-8443-exec-2] INFO  c.a.fms.Security.jwt.AuthTokenFilter - AFRFMS API URI: /api/common-action/auditor/pass/50266 Method: GET Remote: 0:0:0:0:0:0:0:1
2025-08-19 11:08:57 [http-nio-8443-exec-5] INFO  c.a.fms.Security.jwt.AuthTokenFilter - AFRFMS API URI: /api/auditor/cash_count_audit/drafted Method: POST Remote: 0:0:0:0:0:0:0:1
2025-08-19 11:09:01 [http-nio-8443-exec-10] INFO  c.a.fms.Security.jwt.AuthTokenFilter - AFRFMS API URI: /api/common/findings/MGT Method: GET Remote: 0:0:0:0:0:0:0:1
2025-08-19 11:09:01 [http-nio-8443-exec-3] INFO  c.a.fms.Security.jwt.AuthTokenFilter - AFRFMS API URI: /api/common/recommendation/recommendations/MGT Method: GET Remote: 0:0:0:0:0:0:0:1
2025-08-19 11:09:01 [http-nio-8443-exec-9] INFO  c.a.fms.Security.jwt.AuthTokenFilter - AFRFMS API URI: /api/branch Method: GET Remote: 0:0:0:0:0:0:0:1
2025-08-19 11:09:28 [http-nio-8443-exec-7] INFO  c.a.fms.Security.jwt.AuthTokenFilter - AFRFMS API URI: /api/auditor/cash_count_audit/create Method: POST Remote: 0:0:0:0:0:0:0:1
2025-08-19 11:09:28 [http-nio-8443-exec-8] INFO  c.a.fms.Security.jwt.AuthTokenFilter - AFRFMS API URI: /api/auditor/cash_count_audit/drafted Method: POST Remote: 0:0:0:0:0:0:0:1
2025-08-19 11:09:32 [http-nio-8443-exec-1] INFO  c.a.fms.Security.jwt.AuthTokenFilter - AFRFMS API URI: /api/common-action/auditor/pass/50267 Method: GET Remote: 0:0:0:0:0:0:0:1
2025-08-19 11:09:39 [http-nio-8443-exec-6] INFO  c.a.fms.Security.jwt.AuthTokenFilter - AFRFMS API URI: /api/creditDoc/getFindingBasedOnStatus Method: POST Remote: 0:0:0:0:0:0:0:1
2025-08-19 11:09:40 [http-nio-8443-exec-5] INFO  c.a.fms.Security.jwt.AuthTokenFilter - AFRFMS API URI: /api/fee_charge_commission/feeCommissionCategory Method: GET Remote: 0:0:0:0:0:0:0:1
2025-08-19 11:09:40 [http-nio-8443-exec-10] INFO  c.a.fms.Security.jwt.AuthTokenFilter - AFRFMS API URI: /api/common/findings/MGT Method: GET Remote: 0:0:0:0:0:0:0:1
2025-08-19 11:09:40 [http-nio-8443-exec-3] INFO  c.a.fms.Security.jwt.AuthTokenFilter - AFRFMS API URI: /api/common/recommendation/recommendations/MGT Method: GET Remote: 0:0:0:0:0:0:0:1
2025-08-19 11:09:40 [http-nio-8443-exec-9] INFO  c.a.fms.Security.jwt.AuthTokenFilter - AFRFMS API URI: /api/branch Method: GET Remote: 0:0:0:0:0:0:0:1
2025-08-19 11:09:56 [http-nio-8443-exec-7] INFO  c.a.fms.Security.jwt.AuthTokenFilter - AFRFMS API URI: /api/user/5 Method: GET Remote: 0:0:0:0:0:0:0:1
2025-08-19 11:09:56 [http-nio-8443-exec-8] INFO  c.a.fms.Security.jwt.AuthTokenFilter - AFRFMS API URI: /api/common/findings/MemorandomContingent Method: GET Remote: 0:0:0:0:0:0:0:1
2025-08-19 11:09:56 [http-nio-8443-exec-4] INFO  c.a.fms.Security.jwt.AuthTokenFilter - AFRFMS API URI: /api/branch Method: GET Remote: 0:0:0:0:0:0:0:1
2025-08-19 11:10:01 [http-nio-8443-exec-2] INFO  c.a.fms.Security.jwt.AuthTokenFilter - AFRFMS API URI: /api/auditor/long_outstanding_items_audit/drafted Method: POST Remote: 0:0:0:0:0:0:0:1
2025-08-19 11:10:02 [http-nio-8443-exec-10] INFO  c.a.fms.Security.jwt.AuthTokenFilter - AFRFMS API URI: /api/branch Method: GET Remote: 0:0:0:0:0:0:0:1
2025-08-19 11:10:02 [http-nio-8443-exec-6] INFO  c.a.fms.Security.jwt.AuthTokenFilter - AFRFMS API URI: /api/common/findings/MGT Method: GET Remote: 0:0:0:0:0:0:0:1
2025-08-19 11:10:02 [http-nio-8443-exec-5] INFO  c.a.fms.Security.jwt.AuthTokenFilter - AFRFMS API URI: /api/common/recommendation/recommendations/MGT Method: GET Remote: 0:0:0:0:0:0:0:1
2025-08-19 11:11:26 [http-nio-8443-exec-2] INFO  c.a.fms.Security.jwt.AuthTokenFilter - AFRFMS API URI: /api/auditor/long_outstanding_items_audit/create Method: POST Remote: 0:0:0:0:0:0:0:1
2025-08-19 11:11:26 [http-nio-8443-exec-5] INFO  c.a.fms.Security.jwt.AuthTokenFilter - AFRFMS API URI: /api/auditor/long_outstanding_items_audit/drafted Method: POST Remote: 0:0:0:0:0:0:0:1
2025-08-19 11:11:32 [http-nio-8443-exec-6] INFO  c.a.fms.Security.jwt.AuthTokenFilter - AFRFMS API URI: /api/common-action/auditor/pass/50268 Method: GET Remote: 0:0:0:0:0:0:0:1
2025-08-19 11:11:35 [http-nio-8443-exec-3] INFO  c.a.fms.Security.jwt.AuthTokenFilter - AFRFMS API URI: /api/auth/signout/278007 Method: GET Remote: 0:0:0:0:0:0:0:1
2025-08-19 11:11:35 [http-nio-8443-exec-3] INFO  com.afr.fms.Security.jwt.JwtUtils - jwt path: --------------
2025-08-19 11:11:35 [http-nio-8443-exec-3] INFO  com.afr.fms.Security.jwt.JwtUtils - jwt path: --------------
2025-08-19 11:13:39 [http-nio-8443-exec-4] INFO  c.a.fms.Security.jwt.AuthTokenFilter - AFRFMS API URI: /api/auth/signin Method: POST Remote: 0:0:0:0:0:0:0:1
2025-08-19 11:13:39 [http-nio-8443-exec-4] ERROR com.afr.fms.Security.jwt.JwtUtils - JWT claims string is empty: JWT String argument cannot be null or empty.
2025-08-19 11:13:39 [http-nio-8443-exec-4] INFO  com.afr.fms.Security.jwt.JwtUtils - jwt path: --------------
2025-08-19 11:13:39 [http-nio-8443-exec-4] INFO  com.afr.fms.Security.jwt.JwtUtils - jwt path: --------------
2025-08-19 11:13:41 [http-nio-8443-exec-1] INFO  c.a.fms.Security.jwt.AuthTokenFilter - AFRFMS API URI: /api/approver/dashboard/ism Method: POST Remote: 0:0:0:0:0:0:0:1
2025-08-19 11:13:41 [http-nio-8443-exec-2] INFO  c.a.fms.Security.jwt.AuthTokenFilter - AFRFMS API URI: /api/user/image/e78fea62-f758-428d-9850-ad1f831c34af320141903111383577.png Method: GET Remote: 0:0:0:0:0:0:0:1
2025-08-19 11:13:43 [http-nio-8443-exec-5] INFO  c.a.fms.Security.jwt.AuthTokenFilter - AFRFMS API URI: /api/common/finding/10003 Method: GET Remote: 0:0:0:0:0:0:0:1
2025-08-19 11:14:07 [http-nio-8443-exec-10] INFO  c.a.fms.Security.jwt.AuthTokenFilter - AFRFMS API URI: /api/common/finding Method: POST Remote: 0:0:0:0:0:0:0:1
2025-08-19 11:14:07 [http-nio-8443-exec-3] INFO  c.a.fms.Security.jwt.AuthTokenFilter - AFRFMS API URI: /api/common/finding/10003 Method: GET Remote: 0:0:0:0:0:0:0:1
2025-08-19 11:14:21 [http-nio-8443-exec-9] INFO  c.a.fms.Security.jwt.AuthTokenFilter - AFRFMS API URI: /api/auth/signout/278008 Method: GET Remote: 0:0:0:0:0:0:0:1
2025-08-19 11:14:21 [http-nio-8443-exec-9] INFO  com.afr.fms.Security.jwt.JwtUtils - jwt path: --------------
2025-08-19 11:14:21 [http-nio-8443-exec-9] INFO  com.afr.fms.Security.jwt.JwtUtils - jwt path: --------------
2025-08-19 11:14:33 [http-nio-8443-exec-4] INFO  c.a.fms.Security.jwt.AuthTokenFilter - AFRFMS API URI: /api/auth/signin Method: POST Remote: 0:0:0:0:0:0:0:1
2025-08-19 11:14:33 [http-nio-8443-exec-4] ERROR com.afr.fms.Security.jwt.JwtUtils - JWT claims string is empty: JWT String argument cannot be null or empty.
2025-08-19 11:14:33 [http-nio-8443-exec-4] INFO  com.afr.fms.Security.jwt.JwtUtils - jwt path: --------------
2025-08-19 11:14:33 [http-nio-8443-exec-4] INFO  com.afr.fms.Security.jwt.JwtUtils - jwt path: --------------
2025-08-19 11:14:34 [http-nio-8443-exec-7] INFO  c.a.fms.Security.jwt.AuthTokenFilter - AFRFMS API URI: /api/audit/auditor/dashboard/ism Method: POST Remote: 0:0:0:0:0:0:0:1
2025-08-19 11:14:40 [http-nio-8443-exec-2] INFO  c.a.fms.Security.jwt.AuthTokenFilter - AFRFMS API URI: /api/auditor/long_outstanding_items_audit/drafted Method: POST Remote: 0:0:0:0:0:0:0:1
2025-08-19 11:14:41 [http-nio-8443-exec-1] INFO  c.a.fms.Security.jwt.AuthTokenFilter - AFRFMS API URI: /api/common/findings/MGT Method: GET Remote: 0:0:0:0:0:0:0:1
2025-08-19 11:14:41 [http-nio-8443-exec-5] INFO  c.a.fms.Security.jwt.AuthTokenFilter - AFRFMS API URI: /api/common/recommendation/recommendations/MGT Method: GET Remote: 0:0:0:0:0:0:0:1
2025-08-19 11:14:41 [http-nio-8443-exec-6] INFO  c.a.fms.Security.jwt.AuthTokenFilter - AFRFMS API URI: /api/branch Method: GET Remote: 0:0:0:0:0:0:0:1
2025-08-19 11:15:41 [http-nio-8443-exec-8] INFO  c.a.fms.Security.jwt.AuthTokenFilter - AFRFMS API URI: /api/auditor/general_observation_audit/drafted Method: POST Remote: 0:0:0:0:0:0:0:1
2025-08-19 11:15:42 [http-nio-8443-exec-7] INFO  c.a.fms.Security.jwt.AuthTokenFilter - AFRFMS API URI: /api/common/findings/GeneralObservation Method: GET Remote: 0:0:0:0:0:0:0:1
2025-08-19 11:15:42 [http-nio-8443-exec-2] INFO  c.a.fms.Security.jwt.AuthTokenFilter - AFRFMS API URI: /api/common/recommendation/recommendations/GeneralObservation Method: GET Remote: 0:0:0:0:0:0:0:1
2025-08-19 11:15:42 [http-nio-8443-exec-5] INFO  c.a.fms.Security.jwt.AuthTokenFilter - AFRFMS API URI: /api/branch Method: GET Remote: 0:0:0:0:0:0:0:1
2025-08-19 11:16:36 [http-nio-8443-exec-6] INFO  c.a.fms.Security.jwt.AuthTokenFilter - AFRFMS API URI: /api/memorandom/auditor Method: POST Remote: 0:0:0:0:0:0:0:1
2025-08-19 11:16:37 [http-nio-8443-exec-10] INFO  c.a.fms.Security.jwt.AuthTokenFilter - AFRFMS API URI: /api/common/findings/MemorandomContingent Method: GET Remote: 0:0:0:0:0:0:0:1
2025-08-19 11:16:37 [http-nio-8443-exec-8] INFO  c.a.fms.Security.jwt.AuthTokenFilter - AFRFMS API URI: /api/branch Method: GET Remote: 0:0:0:0:0:0:0:1
2025-08-19 11:16:37 [http-nio-8443-exec-3] INFO  c.a.fms.Security.jwt.AuthTokenFilter - AFRFMS API URI: /api/common/recommendation/recommendations/MemorandomContingent Method: GET Remote: 0:0:0:0:0:0:0:1
2025-08-19 11:17:06 [http-nio-8443-exec-4] INFO  c.a.fms.Security.jwt.AuthTokenFilter - AFRFMS API URI: /api/memorandom/create-edit Method: POST Remote: 0:0:0:0:0:0:0:1
2025-08-19 11:17:06 [http-nio-8443-exec-2] INFO  c.a.fms.Security.jwt.AuthTokenFilter - AFRFMS API URI: /api/memorandom/auditor Method: POST Remote: 0:0:0:0:0:0:0:1
2025-08-19 11:17:10 [http-nio-8443-exec-7] INFO  c.a.fms.Security.jwt.AuthTokenFilter - AFRFMS API URI: /api/common-action/auditor/pass/50269 Method: GET Remote: 0:0:0:0:0:0:0:1
2025-08-19 11:17:16 [http-nio-8443-exec-1] INFO  c.a.fms.Security.jwt.AuthTokenFilter - AFRFMS API URI: /api/suspense-account/auditor Method: POST Remote: 0:0:0:0:0:0:0:1
2025-08-19 11:17:17 [http-nio-8443-exec-10] INFO  c.a.fms.Security.jwt.AuthTokenFilter - AFRFMS API URI: /api/branch Method: GET Remote: 0:0:0:0:0:0:0:1
2025-08-19 11:17:17 [http-nio-8443-exec-3] INFO  c.a.fms.Security.jwt.AuthTokenFilter - AFRFMS API URI: /api/common/findings/SuspenseAccount Method: GET Remote: 0:0:0:0:0:0:0:1
2025-08-19 11:17:17 [http-nio-8443-exec-6] INFO  c.a.fms.Security.jwt.AuthTokenFilter - AFRFMS API URI: /api/common/recommendation/recommendations/SuspenseAccount Method: GET Remote: 0:0:0:0:0:0:0:1
2025-08-19 11:17:53 [http-nio-8443-exec-9] INFO  c.a.fms.Security.jwt.AuthTokenFilter - AFRFMS API URI: /api/suspense-account/create-edit Method: POST Remote: 0:0:0:0:0:0:0:1
2025-08-19 11:17:53 [http-nio-8443-exec-4] INFO  c.a.fms.Security.jwt.AuthTokenFilter - AFRFMS API URI: /api/suspense-account/auditor Method: POST Remote: 0:0:0:0:0:0:0:1
2025-08-19 11:17:59 [http-nio-8443-exec-2] INFO  c.a.fms.Security.jwt.AuthTokenFilter - AFRFMS API URI: /api/common-action/auditor/pass/50270 Method: GET Remote: 0:0:0:0:0:0:0:1
2025-08-19 11:18:08 [http-nio-8443-exec-7] INFO  c.a.fms.Security.jwt.AuthTokenFilter - AFRFMS API URI: /api/auditor/long_outstanding_items_audit/drafted Method: POST Remote: 0:0:0:0:0:0:0:1
2025-08-19 11:18:09 [http-nio-8443-exec-1] INFO  c.a.fms.Security.jwt.AuthTokenFilter - AFRFMS API URI: /api/common/recommendation/recommendations/MGT Method: GET Remote: 0:0:0:0:0:0:0:1
2025-08-19 11:18:09 [http-nio-8443-exec-6] INFO  c.a.fms.Security.jwt.AuthTokenFilter - AFRFMS API URI: /api/branch Method: GET Remote: 0:0:0:0:0:0:0:1
2025-08-19 11:18:09 [http-nio-8443-exec-5] INFO  c.a.fms.Security.jwt.AuthTokenFilter - AFRFMS API URI: /api/common/findings/MGT Method: GET Remote: 0:0:0:0:0:0:0:1
2025-08-19 11:18:25 [http-nio-8443-exec-3] INFO  c.a.fms.Security.jwt.AuthTokenFilter - AFRFMS API URI: /api/auditor/cash_count_audit/drafted Method: POST Remote: 0:0:0:0:0:0:0:1
2025-08-19 11:18:26 [http-nio-8443-exec-10] INFO  c.a.fms.Security.jwt.AuthTokenFilter - AFRFMS API URI: /api/common/findings/MGT Method: GET Remote: 0:0:0:0:0:0:0:1
2025-08-19 11:18:26 [http-nio-8443-exec-9] INFO  c.a.fms.Security.jwt.AuthTokenFilter - AFRFMS API URI: /api/common/recommendation/recommendations/MGT Method: GET Remote: 0:0:0:0:0:0:0:1
2025-08-19 11:18:26 [http-nio-8443-exec-8] INFO  c.a.fms.Security.jwt.AuthTokenFilter - AFRFMS API URI: /api/branch Method: GET Remote: 0:0:0:0:0:0:0:1
2025-08-19 11:20:02 [http-nio-8443-exec-5] INFO  c.a.fms.Security.jwt.AuthTokenFilter - AFRFMS API URI: /api/auditor/cash_count_audit/drafted Method: POST Remote: 0:0:0:0:0:0:0:1
2025-08-19 11:20:33 [http-nio-8443-exec-6] INFO  c.a.fms.Security.jwt.AuthTokenFilter - AFRFMS API URI: /api/auditor/cash_count_audit/drafted Method: POST Remote: 0:0:0:0:0:0:0:1
2025-08-19 11:20:45 [http-nio-8443-exec-3] INFO  c.a.fms.Security.jwt.AuthTokenFilter - AFRFMS API URI: /api/auditor/cash_count_audit/drafted Method: POST Remote: 0:0:0:0:0:0:0:1
2025-08-19 11:21:42 [http-nio-8443-exec-9] INFO  c.a.fms.Security.jwt.AuthTokenFilter - AFRFMS API URI: /api/auditor/cash_count_audit/drafted Method: POST Remote: 0:0:0:0:0:0:0:1
2025-08-19 11:21:53 [http-nio-8443-exec-10] INFO  c.a.fms.Security.jwt.AuthTokenFilter - AFRFMS API URI: /api/auditor/cash_count_audit/drafted Method: POST Remote: 0:0:0:0:0:0:0:1
2025-08-19 11:22:25 [http-nio-8443-exec-8] INFO  c.a.fms.Security.jwt.AuthTokenFilter - AFRFMS API URI: /api/auditor/cash_count_audit/drafted Method: POST Remote: 0:0:0:0:0:0:0:1
2025-08-19 11:22:42 [http-nio-8443-exec-4] INFO  c.a.fms.Security.jwt.AuthTokenFilter - AFRFMS API URI: /api/auditor/cash_count_audit/drafted Method: POST Remote: 0:0:0:0:0:0:0:1
2025-08-19 11:23:05 [http-nio-8443-exec-7] INFO  c.a.fms.Security.jwt.AuthTokenFilter - AFRFMS API URI: /api/auditor/cash_count_audit/drafted Method: POST Remote: 0:0:0:0:0:0:0:1
2025-08-19 11:23:27 [http-nio-8443-exec-1] INFO  c.a.fms.Security.jwt.AuthTokenFilter - AFRFMS API URI: /api/auditor/cash_count_audit/drafted Method: POST Remote: 0:0:0:0:0:0:0:1
2025-08-19 11:24:57 [http-nio-8443-exec-9] INFO  c.a.fms.Security.jwt.AuthTokenFilter - AFRFMS API URI: /api/branch Method: GET Remote: 0:0:0:0:0:0:0:1
2025-08-19 11:24:57 [http-nio-8443-exec-6] INFO  c.a.fms.Security.jwt.AuthTokenFilter - AFRFMS API URI: /api/common/findings/CashCount Method: GET Remote: 0:0:0:0:0:0:0:1
2025-08-19 11:24:57 [http-nio-8443-exec-3] INFO  c.a.fms.Security.jwt.AuthTokenFilter - AFRFMS API URI: /api/common/recommendation/recommendations/CashCount Method: GET Remote: 0:0:0:0:0:0:0:1
2025-08-19 11:25:09 [http-nio-8443-exec-8] INFO  c.a.fms.Security.jwt.AuthTokenFilter - AFRFMS API URI: /api/auth/signout/278009 Method: GET Remote: 0:0:0:0:0:0:0:1
2025-08-19 11:25:09 [http-nio-8443-exec-8] INFO  com.afr.fms.Security.jwt.JwtUtils - jwt path: --------------
2025-08-19 11:25:09 [http-nio-8443-exec-8] INFO  com.afr.fms.Security.jwt.JwtUtils - jwt path: --------------
2025-08-19 11:25:31 [http-nio-8443-exec-4] INFO  c.a.fms.Security.jwt.AuthTokenFilter - AFRFMS API URI: /api/auth/signin Method: POST Remote: 0:0:0:0:0:0:0:1
2025-08-19 11:25:31 [http-nio-8443-exec-4] ERROR com.afr.fms.Security.jwt.JwtUtils - JWT claims string is empty: JWT String argument cannot be null or empty.
2025-08-19 11:25:31 [http-nio-8443-exec-4] INFO  com.afr.fms.Security.jwt.JwtUtils - jwt path: --------------
2025-08-19 11:25:31 [http-nio-8443-exec-4] INFO  com.afr.fms.Security.jwt.JwtUtils - jwt path: --------------
2025-08-19 11:25:31 [http-nio-8443-exec-7] INFO  c.a.fms.Security.jwt.AuthTokenFilter - AFRFMS API URI: /api/approver/dashboard/ism Method: POST Remote: 0:0:0:0:0:0:0:1
2025-08-19 11:25:31 [http-nio-8443-exec-2] INFO  c.a.fms.Security.jwt.AuthTokenFilter - AFRFMS API URI: /api/user/image/e78fea62-f758-428d-9850-ad1f831c34af320141903111383577.png Method: GET Remote: 0:0:0:0:0:0:0:1
2025-08-19 11:26:43 [http-nio-8443-exec-6] INFO  c.a.fms.Security.jwt.AuthTokenFilter - AFRFMS API URI: /api/common/finding/10003 Method: GET Remote: 0:0:0:0:0:0:0:1
2025-08-19 11:27:16 [http-nio-8443-exec-9] INFO  c.a.fms.Security.jwt.AuthTokenFilter - AFRFMS API URI: /api/common/finding Method: POST Remote: 0:0:0:0:0:0:0:1
2025-08-19 11:27:16 [http-nio-8443-exec-10] INFO  c.a.fms.Security.jwt.AuthTokenFilter - AFRFMS API URI: /api/common/finding/10003 Method: GET Remote: 0:0:0:0:0:0:0:1
2025-08-19 11:27:33 [http-nio-8443-exec-8] INFO  c.a.fms.Security.jwt.AuthTokenFilter - AFRFMS API URI: /api/common/finding/10003 Method: GET Remote: 0:0:0:0:0:0:0:1
2025-08-19 11:27:33 [http-nio-8443-exec-4] INFO  c.a.fms.Security.jwt.AuthTokenFilter - AFRFMS API URI: /api/user/image/e78fea62-f758-428d-9850-ad1f831c34af320141903111383577.png Method: GET Remote: 0:0:0:0:0:0:0:1
2025-08-19 11:27:46 [http-nio-8443-exec-7] INFO  c.a.fms.Security.jwt.AuthTokenFilter - AFRFMS API URI: /api/auth/signout/278010 Method: GET Remote: 0:0:0:0:0:0:0:1
2025-08-19 11:27:46 [http-nio-8443-exec-7] INFO  com.afr.fms.Security.jwt.JwtUtils - jwt path: --------------
2025-08-19 11:27:46 [http-nio-8443-exec-7] INFO  com.afr.fms.Security.jwt.JwtUtils - jwt path: --------------
2025-08-19 11:27:51 [http-nio-8443-exec-1] INFO  c.a.fms.Security.jwt.AuthTokenFilter - AFRFMS API URI: /api/auth/signin Method: POST Remote: 0:0:0:0:0:0:0:1
2025-08-19 11:27:51 [http-nio-8443-exec-1] ERROR com.afr.fms.Security.jwt.JwtUtils - JWT claims string is empty: JWT String argument cannot be null or empty.
2025-08-19 11:27:51 [http-nio-8443-exec-1] INFO  com.afr.fms.Security.jwt.JwtUtils - jwt path: --------------
2025-08-19 11:27:52 [http-nio-8443-exec-1] INFO  com.afr.fms.Security.jwt.JwtUtils - jwt path: --------------
2025-08-19 11:27:52 [http-nio-8443-exec-5] INFO  c.a.fms.Security.jwt.AuthTokenFilter - AFRFMS API URI: /api/audit/auditor/dashboard/ism Method: POST Remote: 0:0:0:0:0:0:0:1
2025-08-19 11:27:58 [http-nio-8443-exec-3] INFO  c.a.fms.Security.jwt.AuthTokenFilter - AFRFMS API URI: /api/auditor/cash_count_audit/drafted Method: POST Remote: 0:0:0:0:0:0:0:1
2025-08-19 11:27:59 [http-nio-8443-exec-6] INFO  c.a.fms.Security.jwt.AuthTokenFilter - AFRFMS API URI: /api/common/findings/CashCount Method: GET Remote: 0:0:0:0:0:0:0:1
2025-08-19 11:27:59 [http-nio-8443-exec-9] INFO  c.a.fms.Security.jwt.AuthTokenFilter - AFRFMS API URI: /api/common/recommendation/recommendations/CashCount Method: GET Remote: 0:0:0:0:0:0:0:1
2025-08-19 11:27:59 [http-nio-8443-exec-10] INFO  c.a.fms.Security.jwt.AuthTokenFilter - AFRFMS API URI: /api/branch Method: GET Remote: 0:0:0:0:0:0:0:1
2025-08-19 11:28:39 [http-nio-8443-exec-8] INFO  c.a.fms.Security.jwt.AuthTokenFilter - AFRFMS API URI: /api/auditor/cash_count_audit/create Method: POST Remote: 0:0:0:0:0:0:0:1
2025-08-19 11:28:39 [http-nio-8443-exec-4] INFO  c.a.fms.Security.jwt.AuthTokenFilter - AFRFMS API URI: /api/auditor/cash_count_audit/drafted Method: POST Remote: 0:0:0:0:0:0:0:1
2025-08-19 11:28:45 [http-nio-8443-exec-1] INFO  c.a.fms.Security.jwt.AuthTokenFilter - AFRFMS API URI: /api/common/findings/CashCount Method: GET Remote: 0:0:0:0:0:0:0:1
2025-08-19 11:28:45 [http-nio-8443-exec-2] INFO  c.a.fms.Security.jwt.AuthTokenFilter - AFRFMS API URI: /api/common/recommendation/recommendations/CashCount Method: GET Remote: 0:0:0:0:0:0:0:1
2025-08-19 11:28:45 [http-nio-8443-exec-7] INFO  c.a.fms.Security.jwt.AuthTokenFilter - AFRFMS API URI: /api/branch Method: GET Remote: 0:0:0:0:0:0:0:1
2025-08-19 11:29:03 [http-nio-8443-exec-3] INFO  c.a.fms.Security.jwt.AuthTokenFilter - AFRFMS API URI: /api/auditor/cash_count_audit/create Method: POST Remote: 0:0:0:0:0:0:0:1
2025-08-19 11:29:03 [http-nio-8443-exec-6] INFO  c.a.fms.Security.jwt.AuthTokenFilter - AFRFMS API URI: /api/auditor/cash_count_audit/drafted Method: POST Remote: 0:0:0:0:0:0:0:1
2025-08-19 11:29:07 [http-nio-8443-exec-10] INFO  c.a.fms.Security.jwt.AuthTokenFilter - AFRFMS API URI: /api/common/recommendation/recommendations/CashCount Method: GET Remote: 0:0:0:0:0:0:0:1
2025-08-19 11:29:07 [http-nio-8443-exec-9] INFO  c.a.fms.Security.jwt.AuthTokenFilter - AFRFMS API URI: /api/common/findings/CashCount Method: GET Remote: 0:0:0:0:0:0:0:1
2025-08-19 11:29:07 [http-nio-8443-exec-8] INFO  c.a.fms.Security.jwt.AuthTokenFilter - AFRFMS API URI: /api/branch Method: GET Remote: 0:0:0:0:0:0:0:1
2025-08-19 11:30:00 [http-nio-8443-exec-4] INFO  c.a.fms.Security.jwt.AuthTokenFilter - AFRFMS API URI: /api/auditor/long_outstanding_items_audit/drafted Method: POST Remote: 0:0:0:0:0:0:0:1
2025-08-19 11:30:03 [http-nio-8443-exec-2] INFO  c.a.fms.Security.jwt.AuthTokenFilter - AFRFMS API URI: /api/common/recommendation/recommendations/LongOutstandingItems Method: GET Remote: 0:0:0:0:0:0:0:1
2025-08-19 11:30:03 [http-nio-8443-exec-1] INFO  c.a.fms.Security.jwt.AuthTokenFilter - AFRFMS API URI: /api/common/findings/LongOutstandingItems Method: GET Remote: 0:0:0:0:0:0:0:1
2025-08-19 11:30:03 [http-nio-8443-exec-7] INFO  c.a.fms.Security.jwt.AuthTokenFilter - AFRFMS API URI: /api/branch Method: GET Remote: 0:0:0:0:0:0:0:1
2025-08-19 11:30:50 [http-nio-8443-exec-5] INFO  c.a.fms.Security.jwt.AuthTokenFilter - AFRFMS API URI: /api/auditor/long_outstanding_items_audit/create Method: POST Remote: 0:0:0:0:0:0:0:1
2025-08-19 11:30:50 [http-nio-8443-exec-3] INFO  c.a.fms.Security.jwt.AuthTokenFilter - AFRFMS API URI: /api/auditor/long_outstanding_items_audit/drafted Method: POST Remote: 0:0:0:0:0:0:0:1
2025-08-19 11:31:05 [http-nio-8443-exec-10] INFO  c.a.fms.Security.jwt.AuthTokenFilter - AFRFMS API URI: /api/auditor/long_outstanding_items_audit/drafted Method: POST Remote: 0:0:0:0:0:0:0:1
2025-08-19 11:34:25 [http-nio-8443-exec-4] INFO  c.a.fms.Security.jwt.AuthTokenFilter - AFRFMS API URI: /api/common/findings/LongOutstandingItems Method: GET Remote: 0:0:0:0:0:0:0:1
2025-08-19 11:34:25 [http-nio-8443-exec-1] INFO  c.a.fms.Security.jwt.AuthTokenFilter - AFRFMS API URI: /api/common/recommendation/recommendations/LongOutstandingItems Method: GET Remote: 0:0:0:0:0:0:0:1
2025-08-19 11:34:25 [http-nio-8443-exec-2] INFO  c.a.fms.Security.jwt.AuthTokenFilter - AFRFMS API URI: /api/branch Method: GET Remote: 0:0:0:0:0:0:0:1
2025-08-19 11:34:50 [http-nio-8443-exec-7] INFO  c.a.fms.Security.jwt.AuthTokenFilter - AFRFMS API URI: /api/asset-liability/auditor Method: POST Remote: 0:0:0:0:0:0:0:1
2025-08-19 11:34:53 [http-nio-8443-exec-3] INFO  c.a.fms.Security.jwt.AuthTokenFilter - AFRFMS API URI: /api/branch Method: GET Remote: 0:0:0:0:0:0:0:1
2025-08-19 11:34:53 [http-nio-8443-exec-6] INFO  c.a.fms.Security.jwt.AuthTokenFilter - AFRFMS API URI: /api/common/recommendation/recommendations/AssetLiability Method: GET Remote: 0:0:0:0:0:0:0:1
2025-08-19 11:34:53 [http-nio-8443-exec-5] INFO  c.a.fms.Security.jwt.AuthTokenFilter - AFRFMS API URI: /api/common/findings/AssetLiability Method: GET Remote: 0:0:0:0:0:0:0:1
2025-08-19 11:35:06 [http-nio-8443-exec-9] INFO  c.a.fms.Security.jwt.AuthTokenFilter - AFRFMS API URI: /api/common/findings/AssetLiability Method: GET Remote: 0:0:0:0:0:0:0:1
2025-08-19 11:35:06 [http-nio-8443-exec-10] INFO  c.a.fms.Security.jwt.AuthTokenFilter - AFRFMS API URI: /api/common/recommendation/recommendations/AssetLiability Method: GET Remote: 0:0:0:0:0:0:0:1
2025-08-19 11:35:06 [http-nio-8443-exec-8] INFO  c.a.fms.Security.jwt.AuthTokenFilter - AFRFMS API URI: /api/branch Method: GET Remote: 0:0:0:0:0:0:0:1
2025-08-19 11:35:11 [http-nio-8443-exec-1] INFO  c.a.fms.Security.jwt.AuthTokenFilter - AFRFMS API URI: /api/auditor/general_observation_audit/drafted Method: POST Remote: 0:0:0:0:0:0:0:1
2025-08-19 11:35:13 [http-nio-8443-exec-4] INFO  c.a.fms.Security.jwt.AuthTokenFilter - AFRFMS API URI: /api/common/findings/GeneralObservation Method: GET Remote: 0:0:0:0:0:0:0:1
2025-08-19 11:35:13 [http-nio-8443-exec-7] INFO  c.a.fms.Security.jwt.AuthTokenFilter - AFRFMS API URI: /api/branch Method: GET Remote: 0:0:0:0:0:0:0:1
2025-08-19 11:35:13 [http-nio-8443-exec-2] INFO  c.a.fms.Security.jwt.AuthTokenFilter - AFRFMS API URI: /api/common/recommendation/recommendations/GeneralObservation Method: GET Remote: 0:0:0:0:0:0:0:1
2025-08-19 11:35:30 [http-nio-8443-exec-6] INFO  c.a.fms.Security.jwt.AuthTokenFilter - AFRFMS API URI: /api/auditor/general_observation_audit/create Method: POST Remote: 0:0:0:0:0:0:0:1
2025-08-19 11:35:31 [http-nio-8443-exec-3] INFO  c.a.fms.Security.jwt.AuthTokenFilter - AFRFMS API URI: /api/auditor/general_observation_audit/drafted Method: POST Remote: 0:0:0:0:0:0:0:1
2025-08-19 11:35:33 [http-nio-8443-exec-10] INFO  c.a.fms.Security.jwt.AuthTokenFilter - AFRFMS API URI: /api/common/findings/GeneralObservation Method: GET Remote: 0:0:0:0:0:0:0:1
2025-08-19 11:35:33 [http-nio-8443-exec-9] INFO  c.a.fms.Security.jwt.AuthTokenFilter - AFRFMS API URI: /api/common/recommendation/recommendations/GeneralObservation Method: GET Remote: 0:0:0:0:0:0:0:1
2025-08-19 11:35:33 [http-nio-8443-exec-8] INFO  c.a.fms.Security.jwt.AuthTokenFilter - AFRFMS API URI: /api/branch Method: GET Remote: 0:0:0:0:0:0:0:1
2025-08-19 11:35:50 [http-nio-8443-exec-1] INFO  c.a.fms.Security.jwt.AuthTokenFilter - AFRFMS API URI: /api/auditor/general_observation_audit/create Method: POST Remote: 0:0:0:0:0:0:0:1
2025-08-19 11:35:50 [http-nio-8443-exec-4] INFO  c.a.fms.Security.jwt.AuthTokenFilter - AFRFMS API URI: /api/auditor/general_observation_audit/drafted Method: POST Remote: 0:0:0:0:0:0:0:1
2025-08-19 11:37:04 [http-nio-8443-exec-3] INFO  c.a.fms.Security.jwt.AuthTokenFilter - AFRFMS API URI: /api/branch Method: GET Remote: 0:0:0:0:0:0:0:1
2025-08-19 11:37:04 [http-nio-8443-exec-10] INFO  c.a.fms.Security.jwt.AuthTokenFilter - AFRFMS API URI: /api/user/5 Method: GET Remote: 0:0:0:0:0:0:0:1
2025-08-19 11:37:04 [http-nio-8443-exec-9] INFO  c.a.fms.Security.jwt.AuthTokenFilter - AFRFMS API URI: /api/common/findings/AbnormalBalance Method: GET Remote: 0:0:0:0:0:0:0:1
2025-08-19 11:37:12 [http-nio-8443-exec-1] INFO  c.a.fms.Security.jwt.AuthTokenFilter - AFRFMS API URI: /api/mgt_report/fetch_new_report Method: POST Remote: 0:0:0:0:0:0:0:1
2025-08-19 11:37:31 [http-nio-8443-exec-2] INFO  c.a.fms.Security.jwt.AuthTokenFilter - AFRFMS API URI: /api/auditor/abnormal_balance_audit/drafted Method: POST Remote: 0:0:0:0:0:0:0:1
2025-08-19 11:37:34 [http-nio-8443-exec-7] INFO  c.a.fms.Security.jwt.AuthTokenFilter - AFRFMS API URI: /api/remark/getUnseenRemarks Method: POST Remote: 0:0:0:0:0:0:0:1
2025-08-19 11:37:34 [http-nio-8443-exec-5] INFO  c.a.fms.Security.jwt.AuthTokenFilter - AFRFMS API URI: /api/all_audit/files Method: POST Remote: 0:0:0:0:0:0:0:1
2025-08-19 11:37:40 [http-nio-8443-exec-6] INFO  c.a.fms.Security.jwt.AuthTokenFilter - AFRFMS API URI: /api/remark/getUnseenRemarks Method: POST Remote: 0:0:0:0:0:0:0:1
2025-08-19 11:37:41 [http-nio-8443-exec-9] INFO  c.a.fms.Security.jwt.AuthTokenFilter - AFRFMS API URI: /api/remark/getUnseenRemarks Method: POST Remote: 0:0:0:0:0:0:0:1
2025-08-19 11:37:41 [http-nio-8443-exec-10] INFO  c.a.fms.Security.jwt.AuthTokenFilter - AFRFMS API URI: /api/all_audit/files Method: POST Remote: 0:0:0:0:0:0:0:1
2025-08-19 11:37:51 [http-nio-8443-exec-1] INFO  c.a.fms.Security.jwt.AuthTokenFilter - AFRFMS API URI: /api/branch Method: GET Remote: 0:0:0:0:0:0:0:1
2025-08-19 11:37:51 [http-nio-8443-exec-8] INFO  c.a.fms.Security.jwt.AuthTokenFilter - AFRFMS API URI: /api/common/recommendation/recommendations/AbnormalBalance Method: GET Remote: 0:0:0:0:0:0:0:1
2025-08-19 11:37:51 [http-nio-8443-exec-3] INFO  c.a.fms.Security.jwt.AuthTokenFilter - AFRFMS API URI: /api/common/findings/AbnormalBalance Method: GET Remote: 0:0:0:0:0:0:0:1
2025-08-19 11:38:32 [http-nio-8443-exec-4] INFO  c.a.fms.Security.jwt.AuthTokenFilter - AFRFMS API URI: /api/auditor/abnormal_balance_audit/create Method: POST Remote: 0:0:0:0:0:0:0:1
2025-08-19 11:38:32 [http-nio-8443-exec-2] INFO  c.a.fms.Security.jwt.AuthTokenFilter - AFRFMS API URI: /api/auditor/abnormal_balance_audit/drafted Method: POST Remote: 0:0:0:0:0:0:0:1
2025-08-19 11:38:32 [http-nio-8443-exec-7] INFO  c.a.fms.Security.jwt.AuthTokenFilter - AFRFMS API URI: /api/all_audit/files Method: POST Remote: 0:0:0:0:0:0:0:1
2025-08-19 11:38:36 [http-nio-8443-exec-6] INFO  c.a.fms.Security.jwt.AuthTokenFilter - AFRFMS API URI: /api/remark/getUnseenRemarks Method: POST Remote: 0:0:0:0:0:0:0:1
2025-08-19 11:38:36 [http-nio-8443-exec-9] INFO  c.a.fms.Security.jwt.AuthTokenFilter - AFRFMS API URI: /api/all_audit/files Method: POST Remote: 0:0:0:0:0:0:0:1
2025-08-19 11:38:36 [http-nio-8443-exec-10] INFO  c.a.fms.Security.jwt.AuthTokenFilter - AFRFMS API URI: /api/all_audit/files Method: POST Remote: 0:0:0:0:0:0:0:1
2025-08-19 11:38:41 [http-nio-8443-exec-3] INFO  c.a.fms.Security.jwt.AuthTokenFilter - AFRFMS API URI: /api/remark/getUnseenRemarks Method: POST Remote: 0:0:0:0:0:0:0:1
2025-08-19 11:38:41 [http-nio-8443-exec-8] INFO  c.a.fms.Security.jwt.AuthTokenFilter - AFRFMS API URI: /api/all_audit/files Method: POST Remote: 0:0:0:0:0:0:0:1
2025-08-19 11:38:44 [http-nio-8443-exec-1] INFO  c.a.fms.Security.jwt.AuthTokenFilter - AFRFMS API URI: /api/common-action/auditor/pass/50274 Method: GET Remote: 0:0:0:0:0:0:0:1
2025-08-19 11:38:52 [http-nio-8443-exec-2] INFO  c.a.fms.Security.jwt.AuthTokenFilter - AFRFMS API URI: /api/common-action/auditor/pass/50259 Method: GET Remote: 0:0:0:0:0:0:0:1
2025-08-19 11:39:05 [http-nio-8443-exec-7] INFO  c.a.fms.Security.jwt.AuthTokenFilter - AFRFMS API URI: /api/remark/getUnseenRemarks Method: POST Remote: 0:0:0:0:0:0:0:1
2025-08-19 11:39:09 [http-nio-8443-exec-5] INFO  c.a.fms.Security.jwt.AuthTokenFilter - AFRFMS API URI: /api/common-action/auditor/pass/50257 Method: GET Remote: 0:0:0:0:0:0:0:1
2025-08-19 11:39:14 [http-nio-8443-exec-9] INFO  c.a.fms.Security.jwt.AuthTokenFilter - AFRFMS API URI: /api/common-action/auditor/pass/50256 Method: GET Remote: 0:0:0:0:0:0:0:1
2025-08-19 11:39:20 [http-nio-8443-exec-10] INFO  c.a.fms.Security.jwt.AuthTokenFilter - AFRFMS API URI: /api/branch Method: GET Remote: 0:0:0:0:0:0:0:1
2025-08-19 11:39:20 [http-nio-8443-exec-6] INFO  c.a.fms.Security.jwt.AuthTokenFilter - AFRFMS API URI: /api/user/5 Method: GET Remote: 0:0:0:0:0:0:0:1
2025-08-19 11:39:20 [http-nio-8443-exec-8] INFO  c.a.fms.Security.jwt.AuthTokenFilter - AFRFMS API URI: /api/common/findings/AbnormalBalance Method: GET Remote: 0:0:0:0:0:0:0:1
2025-08-19 11:39:31 [http-nio-8443-exec-2] INFO  c.a.fms.Security.jwt.AuthTokenFilter - AFRFMS API URI: /api/mgt_report/fetch_new_report Method: POST Remote: 0:0:0:0:0:0:0:1
2025-08-19 11:39:54 [http-nio-8443-exec-7] INFO  c.a.fms.Security.jwt.AuthTokenFilter - AFRFMS API URI: /api/auditor/cash_count_audit/drafted Method: POST Remote: 0:0:0:0:0:0:0:1
2025-08-19 11:39:56 [http-nio-8443-exec-5] INFO  c.a.fms.Security.jwt.AuthTokenFilter - AFRFMS API URI: /api/remark/getUnseenRemarks Method: POST Remote: 0:0:0:0:0:0:0:1
2025-08-19 11:39:56 [http-nio-8443-exec-9] INFO  c.a.fms.Security.jwt.AuthTokenFilter - AFRFMS API URI: /api/all_audit/files Method: POST Remote: 0:0:0:0:0:0:0:1
2025-08-19 11:39:59 [http-nio-8443-exec-6] INFO  c.a.fms.Security.jwt.AuthTokenFilter - AFRFMS API URI: /api/remark/getUnseenRemarks Method: POST Remote: 0:0:0:0:0:0:0:1
2025-08-19 11:40:02 [http-nio-8443-exec-8] INFO  c.a.fms.Security.jwt.AuthTokenFilter - AFRFMS API URI: /api/common-action/auditor/pass/50271 Method: GET Remote: 0:0:0:0:0:0:0:1
2025-08-19 11:40:06 [http-nio-8443-exec-10] INFO  c.a.fms.Security.jwt.AuthTokenFilter - AFRFMS API URI: /api/branch Method: GET Remote: 0:0:0:0:0:0:0:1
2025-08-19 11:40:06 [http-nio-8443-exec-1] INFO  c.a.fms.Security.jwt.AuthTokenFilter - AFRFMS API URI: /api/common/findings/CashCount Method: GET Remote: 0:0:0:0:0:0:0:1
2025-08-19 11:40:06 [http-nio-8443-exec-4] INFO  c.a.fms.Security.jwt.AuthTokenFilter - AFRFMS API URI: /api/user/5 Method: GET Remote: 0:0:0:0:0:0:0:1
2025-08-19 11:40:10 [http-nio-8443-exec-3] INFO  c.a.fms.Security.jwt.AuthTokenFilter - AFRFMS API URI: /api/mgt_report/fetch_new_report Method: POST Remote: 0:0:0:0:0:0:0:1
2025-08-19 11:40:35 [http-nio-8443-exec-9] INFO  c.a.fms.Security.jwt.AuthTokenFilter - AFRFMS API URI: /api/branch Method: GET Remote: 0:0:0:0:0:0:0:1
2025-08-19 11:40:35 [http-nio-8443-exec-6] INFO  c.a.fms.Security.jwt.AuthTokenFilter - AFRFMS API URI: /api/user/5 Method: GET Remote: 0:0:0:0:0:0:0:1
2025-08-19 11:40:35 [http-nio-8443-exec-8] INFO  c.a.fms.Security.jwt.AuthTokenFilter - AFRFMS API URI: /api/common/findings/LongOutstandingItems Method: GET Remote: 0:0:0:0:0:0:0:1
2025-08-19 11:40:42 [http-nio-8443-exec-1] INFO  c.a.fms.Security.jwt.AuthTokenFilter - AFRFMS API URI: /api/mgt_report/fetch_new_report Method: POST Remote: 0:0:0:0:0:0:0:1
2025-08-19 11:40:50 [http-nio-8443-exec-5] INFO  c.a.fms.Security.jwt.AuthTokenFilter - AFRFMS API URI: /api/branch Method: GET Remote: 0:0:0:0:0:0:0:1
2025-08-19 11:40:50 [http-nio-8443-exec-7] INFO  c.a.fms.Security.jwt.AuthTokenFilter - AFRFMS API URI: /api/common/findings/MemorandomContingent Method: GET Remote: 0:0:0:0:0:0:0:1
2025-08-19 11:40:50 [http-nio-8443-exec-2] INFO  c.a.fms.Security.jwt.AuthTokenFilter - AFRFMS API URI: /api/user/5 Method: GET Remote: 0:0:0:0:0:0:0:1
2025-08-19 11:40:52 [http-nio-8443-exec-8] INFO  c.a.fms.Security.jwt.AuthTokenFilter - AFRFMS API URI: /api/mgt_report/fetch_new_report Method: POST Remote: 0:0:0:0:0:0:0:1
2025-08-19 11:41:12 [http-nio-8443-exec-3] INFO  c.a.fms.Security.jwt.AuthTokenFilter - AFRFMS API URI: /api/mgt_report/fetch_new_report Method: POST Remote: 0:0:0:0:0:0:0:1
2025-08-19 11:42:03 [http-nio-8443-exec-4] INFO  c.a.fms.Security.jwt.AuthTokenFilter - AFRFMS API URI: /api/suspense-account/auditor Method: POST Remote: 0:0:0:0:0:0:0:1
2025-08-19 11:42:07 [http-nio-8443-exec-2] INFO  c.a.fms.Security.jwt.AuthTokenFilter - AFRFMS API URI: /api/branch Method: GET Remote: 0:0:0:0:0:0:0:1
2025-08-19 11:42:07 [http-nio-8443-exec-5] INFO  c.a.fms.Security.jwt.AuthTokenFilter - AFRFMS API URI: /api/user/5 Method: GET Remote: 0:0:0:0:0:0:0:1
2025-08-19 11:42:07 [http-nio-8443-exec-8] INFO  c.a.fms.Security.jwt.AuthTokenFilter - AFRFMS API URI: /api/common/findings/SuspenseAccount Method: GET Remote: 0:0:0:0:0:0:0:1
2025-08-19 11:42:13 [http-nio-8443-exec-1] INFO  c.a.fms.Security.jwt.AuthTokenFilter - AFRFMS API URI: /api/mgt_report/fetch_new_report Method: POST Remote: 0:0:0:0:0:0:0:1
2025-08-19 11:42:21 [http-nio-8443-exec-10] INFO  c.a.fms.Security.jwt.AuthTokenFilter - AFRFMS API URI: /api/branch Method: GET Remote: 0:0:0:0:0:0:0:1
2025-08-19 11:42:21 [http-nio-8443-exec-7] INFO  c.a.fms.Security.jwt.AuthTokenFilter - AFRFMS API URI: /api/common/findings/GeneralObservation Method: GET Remote: 0:0:0:0:0:0:0:1
2025-08-19 11:42:21 [http-nio-8443-exec-4] INFO  c.a.fms.Security.jwt.AuthTokenFilter - AFRFMS API URI: /api/user/5 Method: GET Remote: 0:0:0:0:0:0:0:1
2025-08-19 11:42:23 [http-nio-8443-exec-8] INFO  c.a.fms.Security.jwt.AuthTokenFilter - AFRFMS API URI: /api/mgt_report/fetch_new_report Method: POST Remote: 0:0:0:0:0:0:0:1
2025-08-19 11:42:36 [http-nio-8443-exec-6] INFO  c.a.fms.Security.jwt.AuthTokenFilter - AFRFMS API URI: /api/mgt_report/fetch_new_report Method: POST Remote: 0:0:0:0:0:0:0:1
2025-08-19 11:42:41 [http-nio-8443-exec-3] INFO  c.a.fms.Security.jwt.AuthTokenFilter - AFRFMS API URI: /api/branch Method: GET Remote: 0:0:0:0:0:0:0:1
2025-08-19 11:42:41 [http-nio-8443-exec-7] INFO  c.a.fms.Security.jwt.AuthTokenFilter - AFRFMS API URI: /api/user/5 Method: GET Remote: 0:0:0:0:0:0:0:1
2025-08-19 11:42:41 [http-nio-8443-exec-4] INFO  c.a.fms.Security.jwt.AuthTokenFilter - AFRFMS API URI: /api/common/findings/MGT Method: GET Remote: 0:0:0:0:0:0:0:1
2025-08-19 11:42:43 [http-nio-8443-exec-10] INFO  c.a.fms.Security.jwt.AuthTokenFilter - AFRFMS API URI: /api/mgt_report/fetch_new_report Method: POST Remote: 0:0:0:0:0:0:0:1
2025-08-19 11:42:43 [http-nio-8443-exec-2] INFO  c.a.fms.Security.jwt.AuthTokenFilter - AFRFMS API URI: /api/mgt_report/fetch_new_report Method: POST Remote: 0:0:0:0:0:0:0:1
2025-08-19 11:42:43 [http-nio-8443-exec-5] INFO  c.a.fms.Security.jwt.AuthTokenFilter - AFRFMS API URI: /api/mgt_report/fetch_new_report Method: POST Remote: 0:0:0:0:0:0:0:1
2025-08-19 11:42:43 [http-nio-8443-exec-1] INFO  c.a.fms.Security.jwt.AuthTokenFilter - AFRFMS API URI: /api/mgt_report/fetch_new_report Method: POST Remote: 0:0:0:0:0:0:0:1
2025-08-19 11:42:43 [http-nio-8443-exec-8] INFO  c.a.fms.Security.jwt.AuthTokenFilter - AFRFMS API URI: /api/mgt_report/fetch_new_report Method: POST Remote: 0:0:0:0:0:0:0:1
2025-08-19 11:42:43 [http-nio-8443-exec-6] INFO  c.a.fms.Security.jwt.AuthTokenFilter - AFRFMS API URI: /api/mgt_report/fetch_new_report Method: POST Remote: 0:0:0:0:0:0:0:1
2025-08-19 11:42:43 [http-nio-8443-exec-9] INFO  c.a.fms.Security.jwt.AuthTokenFilter - AFRFMS API URI: /api/mgt_report/fetch_new_report Method: POST Remote: 0:0:0:0:0:0:0:1
2025-08-19 11:42:43 [http-nio-8443-exec-4] INFO  c.a.fms.Security.jwt.AuthTokenFilter - AFRFMS API URI: /api/mgt_report/fetch_credit_documentation_report Method: POST Remote: 0:0:0:0:0:0:0:1
2025-08-19 11:42:48 [http-nio-8443-exec-9] INFO  c.a.fms.Security.jwt.AuthTokenFilter - AFRFMS API URI: /api/mgt_report/fetch_new_report Method: POST Remote: 0:0:0:0:0:0:0:1
2025-08-19 11:42:48 [http-nio-8443-exec-7] INFO  c.a.fms.Security.jwt.AuthTokenFilter - AFRFMS API URI: /api/mgt_report/fetch_new_report Method: POST Remote: 0:0:0:0:0:0:0:1
2025-08-19 11:42:48 [http-nio-8443-exec-1] INFO  c.a.fms.Security.jwt.AuthTokenFilter - AFRFMS API URI: /api/mgt_report/fetch_new_report Method: POST Remote: 0:0:0:0:0:0:0:1
2025-08-19 11:42:48 [http-nio-8443-exec-4] INFO  c.a.fms.Security.jwt.AuthTokenFilter - AFRFMS API URI: /api/mgt_report/fetch_new_report Method: POST Remote: 0:0:0:0:0:0:0:1
2025-08-19 11:42:48 [http-nio-8443-exec-3] INFO  c.a.fms.Security.jwt.AuthTokenFilter - AFRFMS API URI: /api/mgt_report/fetch_new_report Method: POST Remote: 0:0:0:0:0:0:0:1
2025-08-19 11:42:48 [http-nio-8443-exec-5] INFO  c.a.fms.Security.jwt.AuthTokenFilter - AFRFMS API URI: /api/mgt_report/fetch_new_report Method: POST Remote: 0:0:0:0:0:0:0:1
2025-08-19 11:42:48 [http-nio-8443-exec-6] INFO  c.a.fms.Security.jwt.AuthTokenFilter - AFRFMS API URI: /api/mgt_report/fetch_new_report Method: POST Remote: 0:0:0:0:0:0:0:1
2025-08-19 11:42:48 [http-nio-8443-exec-2] INFO  c.a.fms.Security.jwt.AuthTokenFilter - AFRFMS API URI: /api/mgt_report/fetch_credit_documentation_report Method: POST Remote: 0:0:0:0:0:0:0:1
2025-08-19 11:43:09 [http-nio-8443-exec-4] INFO  c.a.fms.Security.jwt.AuthTokenFilter - AFRFMS API URI: /api/mgt_report/fetch_new_report Method: POST Remote: 0:0:0:0:0:0:0:1
2025-08-19 11:43:09 [http-nio-8443-exec-7] INFO  c.a.fms.Security.jwt.AuthTokenFilter - AFRFMS API URI: /api/mgt_report/fetch_new_report Method: POST Remote: 0:0:0:0:0:0:0:1
2025-08-19 11:43:09 [http-nio-8443-exec-6] INFO  c.a.fms.Security.jwt.AuthTokenFilter - AFRFMS API URI: /api/mgt_report/fetch_new_report Method: POST Remote: 0:0:0:0:0:0:0:1
2025-08-19 11:43:09 [http-nio-8443-exec-2] INFO  c.a.fms.Security.jwt.AuthTokenFilter - AFRFMS API URI: /api/mgt_report/fetch_new_report Method: POST Remote: 0:0:0:0:0:0:0:1
2025-08-19 11:43:09 [http-nio-8443-exec-10] INFO  c.a.fms.Security.jwt.AuthTokenFilter - AFRFMS API URI: /api/mgt_report/fetch_new_report Method: POST Remote: 0:0:0:0:0:0:0:1
2025-08-19 11:43:09 [http-nio-8443-exec-5] INFO  c.a.fms.Security.jwt.AuthTokenFilter - AFRFMS API URI: /api/mgt_report/fetch_new_report Method: POST Remote: 0:0:0:0:0:0:0:1
2025-08-19 11:43:09 [http-nio-8443-exec-2] INFO  c.a.fms.Security.jwt.AuthTokenFilter - AFRFMS API URI: /api/mgt_report/fetch_new_report Method: POST Remote: 0:0:0:0:0:0:0:1
2025-08-19 11:43:09 [http-nio-8443-exec-1] INFO  c.a.fms.Security.jwt.AuthTokenFilter - AFRFMS API URI: /api/mgt_report/fetch_credit_documentation_report Method: POST Remote: 0:0:0:0:0:0:0:1
2025-08-19 11:43:13 [http-nio-8443-exec-9] INFO  c.a.fms.Security.jwt.AuthTokenFilter - AFRFMS API URI: /api/mgt_report/fetch_new_report Method: POST Remote: 0:0:0:0:0:0:0:1
2025-08-19 11:43:13 [http-nio-8443-exec-8] INFO  c.a.fms.Security.jwt.AuthTokenFilter - AFRFMS API URI: /api/mgt_report/fetch_new_report Method: POST Remote: 0:0:0:0:0:0:0:1
2025-08-19 11:43:13 [http-nio-8443-exec-10] INFO  c.a.fms.Security.jwt.AuthTokenFilter - AFRFMS API URI: /api/mgt_report/fetch_new_report Method: POST Remote: 0:0:0:0:0:0:0:1
2025-08-19 11:43:13 [http-nio-8443-exec-5] INFO  c.a.fms.Security.jwt.AuthTokenFilter - AFRFMS API URI: /api/mgt_report/fetch_new_report Method: POST Remote: 0:0:0:0:0:0:0:1
2025-08-19 11:43:13 [http-nio-8443-exec-3] INFO  c.a.fms.Security.jwt.AuthTokenFilter - AFRFMS API URI: /api/mgt_report/fetch_new_report Method: POST Remote: 0:0:0:0:0:0:0:1
2025-08-19 11:43:13 [http-nio-8443-exec-6] INFO  c.a.fms.Security.jwt.AuthTokenFilter - AFRFMS API URI: /api/mgt_report/fetch_new_report Method: POST Remote: 0:0:0:0:0:0:0:1
2025-08-19 11:43:13 [http-nio-8443-exec-7] INFO  c.a.fms.Security.jwt.AuthTokenFilter - AFRFMS API URI: /api/mgt_report/fetch_new_report Method: POST Remote: 0:0:0:0:0:0:0:1
2025-08-19 11:43:13 [http-nio-8443-exec-2] INFO  c.a.fms.Security.jwt.AuthTokenFilter - AFRFMS API URI: /api/mgt_report/fetch_credit_documentation_report Method: POST Remote: 0:0:0:0:0:0:0:1
2025-08-19 11:52:49 [SpringApplicationShutdownHook] INFO  com.zaxxer.hikari.HikariDataSource - HikariPool-2 - Shutdown initiated...
2025-08-19 11:52:49 [SpringApplicationShutdownHook] INFO  com.zaxxer.hikari.HikariDataSource - HikariPool-2 - Shutdown completed.
