#
# There is insufficient memory for the Java Runtime Environment to continue.
# Native memory allocation (malloc) failed to allocate 1282528 bytes for Chunk::new
# Possible reasons:
#   The system is out of physical RAM or swap space
#   The process is running with CompressedOops enabled, and the Java Heap may be blocking the growth of the native heap
# Possible solutions:
#   Reduce memory load on the system
#   Increase physical memory or swap space
#   Check if swap backing store is full
#   Decrease Java heap size (-Xmx/-Xms)
#   Decrease number of Java threads
#   Decrease Java thread stack sizes (-Xss)
#   Set larger code cache with -XX:ReservedCodeCacheSize=
#   JVM is running with Zero Based Compressed Oops mode in which the Java heap is
#     placed in the first 32GB address space. The Java Heap base address is the
#     maximum limit for the native heap growth. Please use -XX:HeapBaseMinAddress
#     to set the Java Heap base and to place the Java Heap above 32GB virtual address.
# This output file may be truncated or incomplete.
#
#  Out of Memory Error (arena.cpp:189), pid=23984, tid=22360
#
# JRE version: Java(TM) SE Runtime Environment (17.0.12+8) (build 17.0.12+8-LTS-286)
# Java VM: Java HotSpot(TM) 64-Bit Server VM (17.0.12+8-LTS-286, mixed mode, sharing, tiered, compressed oops, compressed class ptrs, g1 gc, windows-amd64)
# Core dump will be written. Default location: E:\VSC\Project\Audit\Ewunete\is_mgt_enhanced_latest\Backend\AuditFindingReportingandFollowupManagementSystem\hs_err_pid23984.mdmp
#

---------------  S U M M A R Y ------------

Command Line: -XX:+ShowCodeDetailsInExceptionMessages -Dspring.jmx.enabled=true -Dmanagement.endpoints.jmx.exposure.include=* -Dspring.application.admin.enabled=true -Dspring.boot.project.name=AuditFindingReportingandFollowupManagementSystem -Djava.rmi.server.hostname=localhost -Dcom.sun.management.jmxremote.port=45557 -Dcom.sun.management.jmxremote.authenticate=false -Dcom.sun.management.jmxremote.ssl=false com.tms.AFRFMSApplication

Host: Intel(R) Xeon(R) CPU E5-2640 v3 @ 2.60GHz, 8 cores, 23G,  Windows Server 2019 , 64 bit Build 17763 (10.0.17763.7009)
Time: Thu Jun 26 14:09:53 2025 E. Africa Standard Time elapsed time: 7516.024170 seconds (0d 2h 5m 16s)

---------------  T H R E A D  ---------------

Current thread (0x00000197aaab26d0):  JavaThread "C2 CompilerThread0" daemon [_thread_in_native, id=22360, stack(0x0000004e3bd00000,0x0000004e3be00000)]


Current CompileTask:
C2:7516025 13877   !   4       org.springframework.util.ConcurrentReferenceHashMap$Segment::restructure (316 bytes)

Stack: [0x0000004e3bd00000,0x0000004e3be00000]
Native frames: (J=compiled Java code, j=interpreted, Vv=VM code, C=native code)
V  [jvm.dll+0x67a04a]
V  [jvm.dll+0x7da4ed]
V  [jvm.dll+0x7dbe33]
V  [jvm.dll+0x7dc4a3]
V  [jvm.dll+0x24508f]
V  [jvm.dll+0xab773]
V  [jvm.dll+0xabd3c]
V  [jvm.dll+0x361bee]
V  [jvm.dll+0x32c431]
V  [jvm.dll+0x32b8ca]
V  [jvm.dll+0x21683f]
V  [jvm.dll+0x215c6f]
V  [jvm.dll+0x1a2960]
V  [jvm.dll+0x22610b]
V  [jvm.dll+0x2242ab]
V  [jvm.dll+0x79075c]
V  [jvm.dll+0x78abea]
V  [jvm.dll+0x678f35]
C  [ucrtbase.dll+0x2268a]
C  [KERNEL32.DLL+0x17ac4]
C  [ntdll.dll+0x5a8c1]


---------------  P R O C E S S  ---------------

Threads class SMR info:
_java_thread_list=0x00000197f225c8f0, length=22, elements={
0x00000197aaa93330, 0x00000197aaa96860, 0x00000197aaaa6350, 0x00000197aaaa8120,
0x00000197aaaa8ae0, 0x00000197aaaa9c40, 0x00000197aaab26d0, 0x00000197aaab2ce0,
0x00000197aaabd1d0, 0x00000197ab225a80, 0x00000197ab2b9210, 0x00000197ab9cdb40,
0x00000197ab9d0fd0, 0x00000197aba2e070, 0x00000197f1b3a520, 0x00000197f1b39b00,
0x00000197f4105be0, 0x00000197f2f5a1b0, 0x00000197f1b390e0, 0x00000197f1b395f0,
0x00000197f1b37790, 0x00000197f275d0c0
}

Java Threads: ( => current thread )
  0x00000197aaa93330 JavaThread "Reference Handler" daemon [_thread_blocked, id=12348, stack(0x0000004e3b700000,0x0000004e3b800000)]
  0x00000197aaa96860 JavaThread "Finalizer" daemon [_thread_blocked, id=8284, stack(0x0000004e3b800000,0x0000004e3b900000)]
  0x00000197aaaa6350 JavaThread "Signal Dispatcher" daemon [_thread_blocked, id=20184, stack(0x0000004e3b900000,0x0000004e3ba00000)]
  0x00000197aaaa8120 JavaThread "Attach Listener" daemon [_thread_blocked, id=24120, stack(0x0000004e3ba00000,0x0000004e3bb00000)]
  0x00000197aaaa8ae0 JavaThread "Service Thread" daemon [_thread_blocked, id=14696, stack(0x0000004e3bb00000,0x0000004e3bc00000)]
  0x00000197aaaa9c40 JavaThread "Monitor Deflation Thread" daemon [_thread_blocked, id=20588, stack(0x0000004e3bc00000,0x0000004e3bd00000)]
=>0x00000197aaab26d0 JavaThread "C2 CompilerThread0" daemon [_thread_in_native, id=22360, stack(0x0000004e3bd00000,0x0000004e3be00000)]
  0x00000197aaab2ce0 JavaThread "C1 CompilerThread0" daemon [_thread_blocked, id=5816, stack(0x0000004e3be00000,0x0000004e3bf00000)]
  0x00000197aaabd1d0 JavaThread "Sweeper thread" daemon [_thread_blocked, id=4948, stack(0x0000004e3bf00000,0x0000004e3c000000)]
  0x00000197ab225a80 JavaThread "Common-Cleaner" daemon [_thread_blocked, id=16028, stack(0x0000004e3c000000,0x0000004e3c100000)]
  0x00000197ab2b9210 JavaThread "Notification Thread" daemon [_thread_blocked, id=16804, stack(0x0000004e3c100000,0x0000004e3c200000)]
  0x00000197ab9cdb40 JavaThread "RMI TCP Accept-0" daemon [_thread_in_native, id=18752, stack(0x0000004e3c200000,0x0000004e3c300000)]
  0x00000197ab9d0fd0 JavaThread "RMI TCP Accept-45557" daemon [_thread_in_native, id=23508, stack(0x0000004e3c300000,0x0000004e3c400000)]
  0x00000197aba2e070 JavaThread "RMI TCP Accept-0" daemon [_thread_in_native, id=18616, stack(0x0000004e3c400000,0x0000004e3c500000)]
  0x00000197f1b3a520 JavaThread "RMI Scheduler(0)" daemon [_thread_blocked, id=2420, stack(0x0000004e3d400000,0x0000004e3d500000)]
  0x00000197f1b39b00 JavaThread "JMX server connection timeout 28" daemon [_thread_blocked, id=8536, stack(0x0000004e3c600000,0x0000004e3c700000)]
  0x00000197f4105be0 JavaThread "RMI TCP Connection(3)-127.0.0.1" daemon [_thread_in_native, id=19344, stack(0x0000004e3d800000,0x0000004e3d900000)]
  0x00000197f2f5a1b0 JavaThread "DestroyJavaVM" [_thread_blocked, id=8664, stack(0x0000004e3b000000,0x0000004e3b100000)]
  0x00000197f1b390e0 JavaThread "Thread-1" [_thread_blocked, id=9240, stack(0x0000004e3ad00000,0x0000004e3ae00000)]
  0x00000197f1b395f0 JavaThread "restartedMain" [_thread_in_native, id=14724, stack(0x0000004e3c700000,0x0000004e3c800000)]
  0x00000197f1b37790 JavaThread "AsyncAppender-Worker-ASYNC_FILE" daemon [_thread_blocked, id=20236, stack(0x0000004e3d100000,0x0000004e3d200000)]
  0x00000197f275d0c0 JavaThread "C2 CompilerThread1" daemon [_thread_in_native, id=12704, stack(0x0000004e3d300000,0x0000004e3d400000)]

Other Threads:
  0x00000197aaa8cf70 VMThread "VM Thread" [stack: 0x0000004e3b600000,0x0000004e3b700000] [id=8280]
  0x00000197815be8d0 WatcherThread [stack: 0x0000004e3c500000,0x0000004e3c600000] [id=768]
  0x0000019783642f20 GCTaskThread "GC Thread#0" [stack: 0x0000004e3b100000,0x0000004e3b200000] [id=1592]
  0x00000197abc53f90 GCTaskThread "GC Thread#1" [stack: 0x0000004e3c800000,0x0000004e3c900000] [id=18164]
  0x00000197f16517d0 GCTaskThread "GC Thread#2" [stack: 0x0000004e3c900000,0x0000004e3ca00000] [id=15252]
  0x00000197f18328e0 GCTaskThread "GC Thread#3" [stack: 0x0000004e3ca00000,0x0000004e3cb00000] [id=21912]
  0x00000197f1832ba0 GCTaskThread "GC Thread#4" [stack: 0x0000004e3cb00000,0x0000004e3cc00000] [id=1804]
  0x00000197f1832e60 GCTaskThread "GC Thread#5" [stack: 0x0000004e3cc00000,0x0000004e3cd00000] [id=2056]
  0x00000197f15a1480 GCTaskThread "GC Thread#6" [stack: 0x0000004e3cd00000,0x0000004e3ce00000] [id=22836]
  0x00000197f15a1740 GCTaskThread "GC Thread#7" [stack: 0x0000004e3ce00000,0x0000004e3cf00000] [id=11568]
  0x000001978364fe70 ConcurrentGCThread "G1 Main Marker" [stack: 0x0000004e3b200000,0x0000004e3b300000] [id=8216]
  0x0000019783651440 ConcurrentGCThread "G1 Conc#0" [stack: 0x0000004e3b300000,0x0000004e3b400000] [id=12012]
  0x00000197f1bb9130 ConcurrentGCThread "G1 Conc#1" [stack: 0x0000004e3d500000,0x0000004e3d600000] [id=7092]
  0x000001978365e2a0 ConcurrentGCThread "G1 Refine#0" [stack: 0x0000004e3b400000,0x0000004e3b500000] [id=18848]
  0x00000197abc0fdc0 ConcurrentGCThread "G1 Refine#1" [stack: 0x0000004e3cf00000,0x0000004e3d000000] [id=10388]
  0x00000197abbd1f60 ConcurrentGCThread "G1 Refine#2" [stack: 0x0000004e3d000000,0x0000004e3d100000] [id=1652]
  0x00000197aa946ab0 ConcurrentGCThread "G1 Service" [stack: 0x0000004e3b500000,0x0000004e3b600000] [id=16808]

Threads with active compile tasks:
C2 CompilerThread0  7516167 13877   !   4       org.springframework.util.ConcurrentReferenceHashMap$Segment::restructure (316 bytes)
C2 CompilerThread1  7516167 14003       4       org.springframework.scheduling.annotation.ScheduledAnnotationBeanPostProcessor$$Lambda$557/0x00000197ad456a38::inspect (5 bytes)

VM state: not at safepoint (normal execution)

VM Mutex/Monitor currently owned by a thread: None

Heap address: 0x0000000680000000, size: 6144 MB, Compressed Oops mode: Zero based, Oop shift amount: 3

CDS archive(s) mapped at: [0x00000197ac000000-0x00000197acbd0000-0x00000197acbd0000), size 12386304, SharedBaseAddress: 0x00000197ac000000, ArchiveRelocationMode: 1.
Compressed class space mapped at: 0x00000197ad000000-0x00000197ed000000, reserved size: 1073741824
Narrow klass base: 0x00000197ac000000, Narrow klass shift: 0, Narrow klass range: 0x100000000

GC Precious Log:
 CPUs: 8 total, 8 available
 Memory: 24575M
 Large Page Support: Disabled
 NUMA Support: Disabled
 Compressed Oops: Enabled (Zero based)
 Heap Region Size: 4M
 Heap Min Capacity: 8M
 Heap Initial Capacity: 384M
 Heap Max Capacity: 6G
 Pre-touch: Disabled
 Parallel Workers: 8
 Concurrent Workers: 2
 Concurrent Refinement Workers: 8
 Periodic GC: Disabled

Heap:
 garbage-first heap   total 118784K, used 71691K [0x0000000680000000, 0x0000000800000000)
  region size 4096K, 7 young (28672K), 1 survivors (4096K)
 Metaspace       used 86224K, committed 87040K, reserved 1179648K
  class space    used 10662K, committed 11072K, reserved 1048576K

Heap Regions: E=young(eden), S=young(survivor), O=old, HS=humongous(starts), HC=humongous(continues), CS=collection set, F=free, OA=open archive, CA=closed archive, TAMS=top-at-mark-start (previous, next)
|   0|0x0000000680000000, 0x0000000680400000, 0x0000000680400000|100%| O|  |TAMS 0x0000000680400000, 0x0000000680000000| Untracked 
|   1|0x0000000680400000, 0x0000000680800000, 0x0000000680800000|100%| O|  |TAMS 0x0000000680800000, 0x0000000680400000| Untracked 
|   2|0x0000000680800000, 0x0000000680bffff0, 0x0000000680c00000| 99%| O|  |TAMS 0x0000000680800000, 0x0000000680800000| Untracked 
|   3|0x0000000680c00000, 0x0000000680fffff8, 0x0000000681000000| 99%| O|  |TAMS 0x0000000680c00000, 0x0000000680c00000| Untracked 
|   4|0x0000000681000000, 0x00000006813fffa0, 0x0000000681400000| 99%| O|  |TAMS 0x0000000681000000, 0x0000000681000000| Untracked 
|   5|0x0000000681400000, 0x0000000681800000, 0x0000000681800000|100%| O|  |TAMS 0x0000000681400000, 0x0000000681400000| Untracked 
|   6|0x0000000681800000, 0x0000000681bfffe8, 0x0000000681c00000| 99%| O|  |TAMS 0x0000000681800000, 0x0000000681800000| Untracked 
|   7|0x0000000681c00000, 0x0000000682000000, 0x0000000682000000|100%| O|  |TAMS 0x0000000681c00000, 0x0000000681c00000| Untracked 
|   8|0x0000000682000000, 0x00000006823fffe8, 0x0000000682400000| 99%| O|  |TAMS 0x0000000682000000, 0x0000000682000000| Untracked 
|   9|0x0000000682400000, 0x0000000682709460, 0x0000000682800000| 75%| O|  |TAMS 0x0000000682400000, 0x0000000682400000| Untracked 
|  10|0x0000000682800000, 0x0000000682a0eff8, 0x0000000682c00000| 51%| O|  |TAMS 0x0000000682800000, 0x0000000682800000| Untracked 
|  11|0x0000000682c00000, 0x0000000683000000, 0x0000000683000000|100%| O|  |TAMS 0x0000000682c00000, 0x0000000682c00000| Untracked 
|  12|0x0000000683000000, 0x00000006830f0a00, 0x0000000683400000| 23%| O|  |TAMS 0x0000000683000000, 0x0000000683000000| Untracked 
|  13|0x0000000683400000, 0x0000000683400000, 0x0000000683800000|  0%| F|  |TAMS 0x0000000683400000, 0x0000000683400000| Untracked 
|  14|0x0000000683800000, 0x0000000683800000, 0x0000000683c00000|  0%| F|  |TAMS 0x0000000683800000, 0x0000000683800000| Untracked 
|  15|0x0000000683c00000, 0x0000000683c00000, 0x0000000684000000|  0%| F|  |TAMS 0x0000000683c00000, 0x0000000683c00000| Untracked 
|  16|0x0000000684000000, 0x0000000684000000, 0x0000000684400000|  0%| F|  |TAMS 0x0000000684000000, 0x0000000684000000| Untracked 
|  17|0x0000000684400000, 0x0000000684400000, 0x0000000684800000|  0%| F|  |TAMS 0x0000000684400000, 0x0000000684400000| Untracked 
|  18|0x0000000684800000, 0x0000000684bfa098, 0x0000000684c00000| 99%| S|CS|TAMS 0x0000000684800000, 0x0000000684800000| Complete 
|  19|0x0000000684c00000, 0x0000000684c00000, 0x0000000685000000|  0%| F|  |TAMS 0x0000000684c00000, 0x0000000684c00000| Untracked 
|  20|0x0000000685000000, 0x0000000685000000, 0x0000000685400000|  0%| F|  |TAMS 0x0000000685000000, 0x0000000685000000| Untracked 
|  21|0x0000000685400000, 0x0000000685400000, 0x0000000685800000|  0%| F|  |TAMS 0x0000000685400000, 0x0000000685400000| Untracked 
|  22|0x0000000685800000, 0x0000000685800000, 0x0000000685c00000|  0%| F|  |TAMS 0x0000000685800000, 0x0000000685800000| Untracked 
|  23|0x0000000685c00000, 0x0000000685c8f6f0, 0x0000000686000000| 14%| E|  |TAMS 0x0000000685c00000, 0x0000000685c00000| Complete 
|  24|0x0000000686000000, 0x0000000686400000, 0x0000000686400000|100%| E|CS|TAMS 0x0000000686000000, 0x0000000686000000| Complete 
|  25|0x0000000686400000, 0x0000000686800000, 0x0000000686800000|100%| E|CS|TAMS 0x0000000686400000, 0x0000000686400000| Complete 
|  26|0x0000000686800000, 0x0000000686c00000, 0x0000000686c00000|100%| E|CS|TAMS 0x0000000686800000, 0x0000000686800000| Complete 
|  91|0x0000000696c00000, 0x0000000697000000, 0x0000000697000000|100%| E|CS|TAMS 0x0000000696c00000, 0x0000000696c00000| Complete 
|  95|0x0000000697c00000, 0x0000000698000000, 0x0000000698000000|100%| E|CS|TAMS 0x0000000697c00000, 0x0000000697c00000| Complete 

Card table byte_map: [0x000001979ad80000,0x000001979b980000] _byte_map_base: 0x0000019797980000

Marking Bits (Prev, Next): (CMBitMap*) 0x0000019783643540, (CMBitMap*) 0x0000019783643580
 Prev Bits: [0x000001979c580000, 0x00000197a2580000)
 Next Bits: [0x00000197a2580000, 0x00000197a8580000)

Polling page: 0x0000019781480000

Metaspace:

Usage:
  Non-class:     73.79 MB used.
      Class:     10.41 MB used.
       Both:     84.20 MB used.

Virtual space:
  Non-class space:      128.00 MB reserved,      74.19 MB ( 58%) committed,  2 nodes.
      Class space:        1.00 GB reserved,      10.81 MB (  1%) committed,  1 nodes.
             Both:        1.13 GB reserved,      85.00 MB (  7%) committed. 

Chunk freelists:
   Non-Class:  4.94 MB
       Class:  5.22 MB
        Both:  10.16 MB

MaxMetaspaceSize: unlimited
CompressedClassSpaceSize: 1.00 GB
Initial GC threshold: 21.00 MB
Current GC threshold: 138.75 MB
CDS: on
MetaspaceReclaimPolicy: balanced
 - commit_granule_bytes: 65536.
 - commit_granule_words: 8192.
 - virtual_space_node_default_size: 8388608.
 - enlarge_chunks_in_place: 1.
 - new_chunks_are_fully_committed: 0.
 - uncommit_free_chunks: 1.
 - use_allocation_guard: 0.
 - handle_deallocations: 1.


Internal statistics:

num_allocs_failed_limit: 6.
num_arena_births: 1690.
num_arena_deaths: 232.
num_vsnodes_births: 3.
num_vsnodes_deaths: 0.
num_space_committed: 1358.
num_space_uncommitted: 0.
num_chunks_returned_to_freelist: 323.
num_chunks_taken_from_freelist: 5310.
num_chunk_merges: 84.
num_chunk_splits: 3162.
num_chunks_enlarged: 1908.
num_inconsistent_stats: 0.

CodeHeap 'non-profiled nmethods': size=120000Kb used=10590Kb max_used=10590Kb free=109409Kb
 bounds [0x0000019792920000, 0x0000019793380000, 0x0000019799e50000]
CodeHeap 'profiled nmethods': size=120000Kb used=24060Kb max_used=24060Kb free=95939Kb
 bounds [0x000001978ae50000, 0x000001978c5d0000, 0x0000019792380000]
CodeHeap 'non-nmethods': size=5760Kb used=1366Kb max_used=1475Kb free=4393Kb
 bounds [0x0000019792380000, 0x00000197925f0000, 0x0000019792920000]
 total_blobs=12313 nmethods=11622 adapters=602
 compilation: enabled
              stopped_count=0, restarted_count=0
 full_count=0

Compilation events (20 events):
Event: 7515.331 Thread 0x00000197aaab2ce0 13925       3       java.util.stream.IntPipeline::forEachWithCancel (37 bytes)
Event: 7515.332 Thread 0x00000197aaab2ce0 nmethod 13925 0x000001978c578310 code [0x000001978c578540, 0x000001978c578de8]
Event: 7515.332 Thread 0x00000197aaab2ce0 13926       3       java.util.stream.IntPipeline::adapt (35 bytes)
Event: 7515.332 Thread 0x00000197aaab2ce0 nmethod 13926 0x000001978c579090 code [0x000001978c579280, 0x000001978c5797d8]
Event: 7515.332 Thread 0x00000197aaab2ce0 13927       3       java.util.stream.IntPipeline::adapt (37 bytes)
Event: 7515.332 Thread 0x00000197aaab2ce0 nmethod 13927 0x000001978c579910 code [0x000001978c579b20, 0x000001978c57a1c8]
Event: 7515.332 Thread 0x00000197aaab2ce0 13928       3       java.lang.StringLatin1$CharsSpliterator::tryAdvance (60 bytes)
Event: 7515.333 Thread 0x00000197aaab2ce0 nmethod 13928 0x000001978c57a390 code [0x000001978c57a560, 0x000001978c57a938]
Event: 7515.333 Thread 0x00000197aaab2ce0 13929       3       org.springframework.boot.context.properties.source.SystemEnvironmentPropertyMapper::processElementValue (49 bytes)
Event: 7515.334 Thread 0x00000197aaab2ce0 nmethod 13929 0x000001978c57aa90 code [0x000001978c57ad80, 0x000001978c57bb58]
Event: 7515.334 Thread 0x00000197aaab2ce0 13930       3       org.springframework.boot.context.properties.source.SystemEnvironmentPropertyMapper::isNumber (15 bytes)
Event: 7515.334 Thread 0x00000197aaab2ce0 nmethod 13930 0x000001978c57c010 code [0x000001978c57c200, 0x000001978c57c728]
Event: 7515.334 Thread 0x00000197aaab2ce0 13931       3       java.util.stream.IntPipeline::allMatch (18 bytes)
Event: 7515.334 Thread 0x00000197aaab2ce0 nmethod 13931 0x000001978c57c910 code [0x000001978c57cac0, 0x000001978c57cd58]
Event: 7515.334 Thread 0x00000197aaab2ce0 13932       3       java.util.stream.MatchOps::makeInt (29 bytes)
Event: 7515.335 Thread 0x00000197aaab2ce0 nmethod 13932 0x000001978c57ce90 code [0x000001978c57d0e0, 0x000001978c57dc68]
Event: 7515.335 Thread 0x00000197aaab2ce0 13933       3       java.lang.StringLatin1$CharsSpliterator::<init> (10 bytes)
Event: 7515.335 Thread 0x00000197aaab2ce0 nmethod 13933 0x000001978c57e010 code [0x000001978c57e1c0, 0x000001978c57e308]
Event: 7515.336 Thread 0x00000197aaab2ce0 13939       3       org.springframework.boot.context.properties.bind.Bindable::withAnnotations (34 bytes)
Event: 7515.336 Thread 0x00000197aaab2ce0 nmethod 13939 0x000001978c57e410 code [0x000001978c57e5e0, 0x000001978c57ea78]

GC Heap History (20 events):
Event: 6801.277 GC heap before
{Heap before GC invocations=228 (full 0):
 garbage-first heap   total 118784K, used 95753K [0x0000000680000000, 0x0000000800000000)
  region size 4096K, 11 young (45056K), 1 survivors (4096K)
 Metaspace       used 84022K, committed 85056K, reserved 1179648K
  class space    used 10430K, committed 10880K, reserved 1048576K
}
Event: 6801.278 GC heap after
{Heap after GC invocations=229 (full 0):
 garbage-first heap   total 118784K, used 54764K [0x0000000680000000, 0x0000000800000000)
  region size 4096K, 1 young (4096K), 1 survivors (4096K)
 Metaspace       used 84022K, committed 85056K, reserved 1179648K
  class space    used 10430K, committed 10880K, reserved 1048576K
}
Event: 6860.540 GC heap before
{Heap before GC invocations=229 (full 0):
 garbage-first heap   total 118784K, used 91628K [0x0000000680000000, 0x0000000800000000)
  region size 4096K, 11 young (45056K), 1 survivors (4096K)
 Metaspace       used 84148K, committed 85056K, reserved 1179648K
  class space    used 10434K, committed 10880K, reserved 1048576K
}
Event: 6860.541 GC heap after
{Heap after GC invocations=230 (full 0):
 garbage-first heap   total 118784K, used 55129K [0x0000000680000000, 0x0000000800000000)
  region size 4096K, 1 young (4096K), 1 survivors (4096K)
 Metaspace       used 84148K, committed 85056K, reserved 1179648K
  class space    used 10434K, committed 10880K, reserved 1048576K
}
Event: 6931.509 GC heap before
{Heap before GC invocations=230 (full 0):
 garbage-first heap   total 118784K, used 96089K [0x0000000680000000, 0x0000000800000000)
  region size 4096K, 11 young (45056K), 1 survivors (4096K)
 Metaspace       used 84185K, committed 85056K, reserved 1179648K
  class space    used 10435K, committed 10880K, reserved 1048576K
}
Event: 6931.510 GC heap after
{Heap after GC invocations=231 (full 0):
 garbage-first heap   total 118784K, used 54888K [0x0000000680000000, 0x0000000800000000)
  region size 4096K, 1 young (4096K), 1 survivors (4096K)
 Metaspace       used 84185K, committed 85056K, reserved 1179648K
  class space    used 10435K, committed 10880K, reserved 1048576K
}
Event: 6984.834 GC heap before
{Heap before GC invocations=231 (full 0):
 garbage-first heap   total 118784K, used 95848K [0x0000000680000000, 0x0000000800000000)
  region size 4096K, 11 young (45056K), 1 survivors (4096K)
 Metaspace       used 84235K, committed 85120K, reserved 1179648K
  class space    used 10435K, committed 10880K, reserved 1048576K
}
Event: 6984.835 GC heap after
{Heap after GC invocations=232 (full 0):
 garbage-first heap   total 118784K, used 54803K [0x0000000680000000, 0x0000000800000000)
  region size 4096K, 1 young (4096K), 1 survivors (4096K)
 Metaspace       used 84235K, committed 85120K, reserved 1179648K
  class space    used 10435K, committed 10880K, reserved 1048576K
}
Event: 7071.907 GC heap before
{Heap before GC invocations=232 (full 0):
 garbage-first heap   total 118784K, used 95763K [0x0000000680000000, 0x0000000800000000)
  region size 4096K, 11 young (45056K), 1 survivors (4096K)
 Metaspace       used 84235K, committed 85120K, reserved 1179648K
  class space    used 10435K, committed 10880K, reserved 1048576K
}
Event: 7071.908 GC heap after
{Heap after GC invocations=233 (full 0):
 garbage-first heap   total 118784K, used 54889K [0x0000000680000000, 0x0000000800000000)
  region size 4096K, 1 young (4096K), 1 survivors (4096K)
 Metaspace       used 84235K, committed 85120K, reserved 1179648K
  class space    used 10435K, committed 10880K, reserved 1048576K
}
Event: 7172.464 GC heap before
{Heap before GC invocations=233 (full 0):
 garbage-first heap   total 118784K, used 95849K [0x0000000680000000, 0x0000000800000000)
  region size 4096K, 11 young (45056K), 1 survivors (4096K)
 Metaspace       used 84285K, committed 85184K, reserved 1179648K
  class space    used 10435K, committed 10880K, reserved 1048576K
}
Event: 7172.465 GC heap after
{Heap after GC invocations=234 (full 0):
 garbage-first heap   total 118784K, used 55273K [0x0000000680000000, 0x0000000800000000)
  region size 4096K, 1 young (4096K), 1 survivors (4096K)
 Metaspace       used 84285K, committed 85184K, reserved 1179648K
  class space    used 10435K, committed 10880K, reserved 1048576K
}
Event: 7253.076 GC heap before
{Heap before GC invocations=234 (full 0):
 garbage-first heap   total 118784K, used 96233K [0x0000000680000000, 0x0000000800000000)
  region size 4096K, 11 young (45056K), 1 survivors (4096K)
 Metaspace       used 84285K, committed 85184K, reserved 1179648K
  class space    used 10435K, committed 10880K, reserved 1048576K
}
Event: 7253.077 GC heap after
{Heap after GC invocations=235 (full 0):
 garbage-first heap   total 118784K, used 55125K [0x0000000680000000, 0x0000000800000000)
  region size 4096K, 1 young (4096K), 1 survivors (4096K)
 Metaspace       used 84285K, committed 85184K, reserved 1179648K
  class space    used 10435K, committed 10880K, reserved 1048576K
}
Event: 7346.653 GC heap before
{Heap before GC invocations=235 (full 0):
 garbage-first heap   total 118784K, used 96085K [0x0000000680000000, 0x0000000800000000)
  region size 4096K, 11 young (45056K), 1 survivors (4096K)
 Metaspace       used 84285K, committed 85184K, reserved 1179648K
  class space    used 10435K, committed 10880K, reserved 1048576K
}
Event: 7346.654 GC heap after
{Heap after GC invocations=236 (full 0):
 garbage-first heap   total 118784K, used 55150K [0x0000000680000000, 0x0000000800000000)
  region size 4096K, 1 young (4096K), 1 survivors (4096K)
 Metaspace       used 84285K, committed 85184K, reserved 1179648K
  class space    used 10435K, committed 10880K, reserved 1048576K
}
Event: 7391.223 GC heap before
{Heap before GC invocations=236 (full 0):
 garbage-first heap   total 118784K, used 71534K [0x0000000680000000, 0x0000000800000000)
  region size 4096K, 6 young (24576K), 1 survivors (4096K)
 Metaspace       used 84403K, committed 85248K, reserved 1179648K
  class space    used 10458K, committed 10880K, reserved 1048576K
}
Event: 7391.348 GC heap after
{Heap after GC invocations=237 (full 1):
 garbage-first heap   total 118784K, used 42080K [0x0000000680000000, 0x0000000800000000)
  region size 4096K, 0 young (0K), 0 survivors (0K)
 Metaspace       used 84397K, committed 85248K, reserved 1179648K
  class space    used 10457K, committed 10880K, reserved 1048576K
}
Event: 7509.668 GC heap before
{Heap before GC invocations=237 (full 1):
 garbage-first heap   total 118784K, used 99424K [0x0000000680000000, 0x0000000800000000)
  region size 4096K, 14 young (57344K), 0 survivors (0K)
 Metaspace       used 85420K, committed 86272K, reserved 1179648K
  class space    used 10585K, committed 11008K, reserved 1048576K
}
Event: 7509.672 GC heap after
{Heap after GC invocations=238 (full 1):
 garbage-first heap   total 118784K, used 48198K [0x0000000680000000, 0x0000000800000000)
  region size 4096K, 2 young (8192K), 2 survivors (8192K)
 Metaspace       used 85420K, committed 86272K, reserved 1179648K
  class space    used 10585K, committed 11008K, reserved 1048576K
}

Deoptimization events (20 events):
Event: 7511.162 Thread 0x00000197f1b395f0 DEOPT PACKING pc=0x00000197933304b4 sp=0x0000004e3c7fd5d0
Event: 7511.162 Thread 0x00000197f1b395f0 DEOPT UNPACKING pc=0x00000197923d23a3 sp=0x0000004e3c7fd550 mode 2
Event: 7514.978 Thread 0x00000197f1b395f0 DEOPT PACKING pc=0x000001978b67303b sp=0x0000004e3c7fd9d0
Event: 7514.978 Thread 0x00000197f1b395f0 DEOPT UNPACKING pc=0x00000197923d2b43 sp=0x0000004e3c7fcee8 mode 0
Event: 7515.033 Thread 0x00000197f1b395f0 Uncommon trap: trap_request=0xffffff45 fr.pc=0x000001979334b66c relative=0x000000000000078c
Event: 7515.033 Thread 0x00000197f1b395f0 Uncommon trap: reason=unstable_if action=reinterpret pc=0x000001979334b66c method=org.springframework.cglib.core.CodeEmitter.emit_invoke(ILorg/springframework/asm/Type;Lorg/springframework/cglib/core/Signature;Z)V @ 24 c2
Event: 7515.033 Thread 0x00000197f1b395f0 DEOPT PACKING pc=0x000001979334b66c sp=0x0000004e3c7fdbc0
Event: 7515.033 Thread 0x00000197f1b395f0 DEOPT UNPACKING pc=0x00000197923d23a3 sp=0x0000004e3c7fdb80 mode 2
Event: 7515.331 Thread 0x00000197f1b395f0 Uncommon trap: trap_request=0xffffff6e fr.pc=0x0000019792e7c58c relative=0x000000000000580c
Event: 7515.332 Thread 0x00000197f1b395f0 Uncommon trap: reason=loop_limit_check action=maybe_recompile pc=0x0000019792e7c58c method=org.springframework.boot.context.properties.source.ConfigurationPropertyName.elementsEqual(Lorg/springframework/boot/context/properties/source/ConfigurationProperty
Event: 7515.332 Thread 0x00000197f1b395f0 DEOPT PACKING pc=0x0000019792e7c58c sp=0x0000004e3c7fc3d0
Event: 7515.332 Thread 0x00000197f1b395f0 DEOPT UNPACKING pc=0x00000197923d23a3 sp=0x0000004e3c7fc1b8 mode 2
Event: 7515.332 Thread 0x00000197f1b395f0 Uncommon trap: trap_request=0xffffff6e fr.pc=0x0000019792e4975c relative=0x0000000000003e7c
Event: 7515.332 Thread 0x00000197f1b395f0 Uncommon trap: reason=loop_limit_check action=maybe_recompile pc=0x0000019792e4975c method=org.springframework.boot.context.properties.source.ConfigurationPropertyName.elementsEqual(Lorg/springframework/boot/context/properties/source/ConfigurationProperty
Event: 7515.332 Thread 0x00000197f1b395f0 DEOPT PACKING pc=0x0000019792e4975c sp=0x0000004e3c7fc310
Event: 7515.332 Thread 0x00000197f1b395f0 DEOPT UNPACKING pc=0x00000197923d23a3 sp=0x0000004e3c7fc218 mode 2
Event: 7515.332 Thread 0x00000197f1b395f0 Uncommon trap: trap_request=0xffffff6e fr.pc=0x0000019792e63968 relative=0x00000000000053e8
Event: 7515.333 Thread 0x00000197f1b395f0 Uncommon trap: reason=loop_limit_check action=maybe_recompile pc=0x0000019792e63968 method=org.springframework.boot.context.properties.source.ConfigurationPropertyName.elementsEqual(Lorg/springframework/boot/context/properties/source/ConfigurationProperty
Event: 7515.333 Thread 0x00000197f1b395f0 DEOPT PACKING pc=0x0000019792e63968 sp=0x0000004e3c7fc300
Event: 7515.333 Thread 0x00000197f1b395f0 DEOPT UNPACKING pc=0x00000197923d23a3 sp=0x0000004e3c7fc1b0 mode 2

Classes unloaded (20 events):
Event: 6168.219 Thread 0x00000197aaa8cf70 Unloading class 0x00000197ad0c1000 'java/lang/invoke/LambdaForm$MH+0x00000197ad0c1000'
Event: 6168.219 Thread 0x00000197aaa8cf70 Unloading class 0x00000197ad0c0c00 'java/lang/invoke/LambdaForm$MH+0x00000197ad0c0c00'
Event: 6168.219 Thread 0x00000197aaa8cf70 Unloading class 0x00000197ad0c0800 'jdk/internal/reflect/GeneratedSerializationConstructorAccessor3'
Event: 6168.219 Thread 0x00000197aaa8cf70 Unloading class 0x00000197ad0c0400 'jdk/internal/reflect/GeneratedSerializationConstructorAccessor2'
Event: 6168.219 Thread 0x00000197aaa8cf70 Unloading class 0x00000197ad0c0000 'jdk/internal/reflect/GeneratedSerializationConstructorAccessor1'
Event: 6168.219 Thread 0x00000197aaa8cf70 Unloading class 0x00000197ad008800 'java/lang/invoke/LambdaForm$DMH+0x00000197ad008800'
Event: 6168.219 Thread 0x00000197aaa8cf70 Unloading class 0x00000197ad008000 'java/lang/invoke/LambdaForm$DMH+0x00000197ad008000'
Event: 6168.219 Thread 0x00000197aaa8cf70 Unloading class 0x00000197ad007400 'jdk/internal/reflect/GeneratedConstructorAccessor1'
Event: 6168.219 Thread 0x00000197aaa8cf70 Unloading class 0x00000197ad006800 'java/lang/invoke/LambdaForm$MH+0x00000197ad006800'
Event: 6168.219 Thread 0x00000197aaa8cf70 Unloading class 0x00000197ad006400 'java/lang/invoke/LambdaForm$MH+0x00000197ad006400'
Event: 6168.219 Thread 0x00000197aaa8cf70 Unloading class 0x00000197ad006000 'java/lang/invoke/LambdaForm$MH+0x00000197ad006000'
Event: 6168.219 Thread 0x00000197aaa8cf70 Unloading class 0x00000197ad005c00 'java/lang/invoke/LambdaForm$MH+0x00000197ad005c00'
Event: 6168.219 Thread 0x00000197aaa8cf70 Unloading class 0x00000197ad004400 'java/lang/invoke/LambdaForm$MH+0x00000197ad004400'
Event: 6168.219 Thread 0x00000197aaa8cf70 Unloading class 0x00000197ad004000 'java/lang/invoke/LambdaForm$MH+0x00000197ad004000'
Event: 6168.219 Thread 0x00000197aaa8cf70 Unloading class 0x00000197ad003800 'java/lang/invoke/LambdaForm$MH+0x00000197ad003800'
Event: 6168.219 Thread 0x00000197aaa8cf70 Unloading class 0x00000197ad002c00 'java/lang/invoke/LambdaForm$MH+0x00000197ad002c00'
Event: 6168.219 Thread 0x00000197aaa8cf70 Unloading class 0x00000197ad002400 'java/lang/invoke/LambdaForm$MH+0x00000197ad002400'
Event: 6168.219 Thread 0x00000197aaa8cf70 Unloading class 0x00000197ad001c00 'java/lang/invoke/LambdaForm$MH+0x00000197ad001c00'
Event: 7391.267 Thread 0x00000197aaa8cf70 Unloading class 0x00000197ad65c000 'jdk/internal/reflect/GeneratedConstructorAccessor56'
Event: 7391.267 Thread 0x00000197aaa8cf70 Unloading class 0x00000197ad210800 'jdk/internal/reflect/GeneratedConstructorAccessor4'

Classes redefined (0 events):
No events

Internal exceptions (20 events):
Event: 7390.770 Thread 0x00000197f4103870 Implicit null exception at 0x0000019792a93c5d to 0x0000019792a94930
Event: 7390.770 Thread 0x00000197f4103870 Implicit null exception at 0x0000019792b00118 to 0x0000019792b00694
Event: 7390.841 Thread 0x00000197f1b390e0 Implicit null exception at 0x0000019792baede7 to 0x0000019792bb43b8
Event: 7390.983 Thread 0x00000197f1b390e0 Implicit null exception at 0x0000019792ba36f1 to 0x0000019792ba3a68
Event: 7390.988 Thread 0x00000197f41051c0 Exception <a 'java/lang/InterruptedException'{0x00000006866c30e0}: sleep interrupted> (0x00000006866c30e0) 
thrown [s\open\src\hotspot\share\prims\jvm.cpp, line 3064]
Event: 7391.570 Thread 0x00000197f1b395f0 Implicit null exception at 0x0000019793144911 to 0x0000019793145298
Event: 7391.570 Thread 0x00000197f1b395f0 Implicit null exception at 0x000001979312299a to 0x0000019793122fe4
Event: 7391.572 Thread 0x00000197f1b395f0 Implicit null exception at 0x0000019792ca503a to 0x0000019792ca56d0
Event: 7391.576 Thread 0x00000197f1b395f0 Exception <a 'sun/nio/fs/WindowsException'{0x0000000697cb5130}> (0x0000000697cb5130) 
thrown [s\open\src\hotspot\share\prims\jni.cpp, line 516]
Event: 7391.719 Thread 0x00000197f1b395f0 Implicit null exception at 0x0000019792bcd10b to 0x0000019792bcfef4
Event: 7392.027 Thread 0x00000197f1b395f0 Implicit null exception at 0x0000019792f326c8 to 0x0000019792f36edc
Event: 7500.488 Thread 0x00000197f1b3a010 Exception <a 'java/lang/NoClassDefFoundError'{0x000000068517a7d0}: org/glassfish/jersey/server/monitoring/ApplicationEventListener> (0x000000068517a7d0) 
thrown [s\open\src\hotspot\share\classfile\systemDictionary.cpp, line 245]
Event: 7500.497 Thread 0x00000197f1b395f0 Implicit null exception at 0x0000019792f9dfda to 0x0000019792fab7a8
Event: 7509.423 Thread 0x00000197f1b395f0 Implicit null exception at 0x0000019792b6a393 to 0x0000019792b6a8e8
Event: 7515.140 Thread 0x00000197f1b395f0 Exception <a 'java/lang/NoClassDefFoundError'{0x00000006854cf710}: org/flywaydb/core/Flyway> (0x00000006854cf710) 
thrown [s\open\src\hotspot\share\oops\constantPool.cpp, line 837]
Event: 7515.140 Thread 0x00000197f1b395f0 Exception <a 'java/lang/NoClassDefFoundError'{0x00000006854cfd60}: liquibase/integration/spring/SpringLiquibase> (0x00000006854cfd60) 
thrown [s\open\src\hotspot\share\oops\constantPool.cpp, line 837]
Event: 7515.203 Thread 0x00000197f1b395f0 Exception <a 'java/lang/NoClassDefFoundError'{0x0000000685665ae0}: org/jooq/DSLContext> (0x0000000685665ae0) 
thrown [s\open\src\hotspot\share\oops\constantPool.cpp, line 837]
Event: 7515.204 Thread 0x00000197f1b395f0 Exception <a 'java/lang/NoClassDefFoundError'{0x0000000685680d58}: org/springframework/batch/core/repository/JobRepository> (0x0000000685680d58) 
thrown [s\open\src\hotspot\share\oops\constantPool.cpp, line 837]
Event: 7515.204 Thread 0x00000197f1b395f0 Exception <a 'java/lang/NoClassDefFoundError'{0x00000006856813a0}: org/quartz/Scheduler> (0x00000006856813a0) 
thrown [s\open\src\hotspot\share\oops\constantPool.cpp, line 837]
Event: 7515.204 Thread 0x00000197f1b395f0 Exception <a 'java/lang/NoClassDefFoundError'{0x0000000685681a10}: org/springframework/session/jdbc/JdbcIndexedSessionRepository> (0x0000000685681a10) 
thrown [s\open\src\hotspot\share\oops\constantPool.cpp, line 837]

VM Operations (20 events):
Event: 7457.608 Executing VM operation: Cleanup
Event: 7457.608 Executing VM operation: Cleanup done
Event: 7477.848 Executing VM operation: Cleanup
Event: 7477.849 Executing VM operation: Cleanup done
Event: 7480.851 Executing VM operation: Cleanup
Event: 7480.851 Executing VM operation: Cleanup done
Event: 7494.858 Executing VM operation: Cleanup
Event: 7494.858 Executing VM operation: Cleanup done
Event: 7497.859 Executing VM operation: Cleanup
Event: 7497.859 Executing VM operation: Cleanup done
Event: 7500.860 Executing VM operation: Cleanup
Event: 7500.860 Executing VM operation: Cleanup done
Event: 7506.862 Executing VM operation: Cleanup
Event: 7506.862 Executing VM operation: Cleanup done
Event: 7509.559 Executing VM operation: G1CollectForAllocation
Event: 7509.672 Executing VM operation: G1CollectForAllocation done
Event: 7511.673 Executing VM operation: Cleanup
Event: 7511.673 Executing VM operation: Cleanup done
Event: 7513.674 Executing VM operation: Cleanup
Event: 7513.674 Executing VM operation: Cleanup done

Events (20 events):
Event: 7391.349 loading class java/lang/ref/Finalizer$1
Event: 7391.349 loading class java/lang/ref/Finalizer$1 done
Event: 7391.350 Thread 0x00000197f1b395f0 Thread added: 0x00000197f1b395f0
Event: 7391.366 Thread 0x00000197f1b395f0 Thread exited: 0x00000197f1b395f0
Event: 7391.367 Thread 0x00000197f1b395f0 Thread added: 0x00000197f1b395f0
Event: 7391.577 Thread 0x00000197f302b890 Thread added: 0x00000197f302b890
Event: 7391.722 loading class java/util/concurrent/ArrayBlockingQueue$Itr
Event: 7391.722 loading class java/util/concurrent/ArrayBlockingQueue$Itr done
Event: 7391.722 loading class java/io/FileOutputStream$1
Event: 7391.722 loading class java/io/FileOutputStream$1 done
Event: 7391.724 Thread 0x00000197f1b37790 Thread exited: 0x00000197f1b37790
Event: 7392.034 Thread 0x00000197f1b37790 Thread added: 0x00000197f1b37790
Event: 7392.920 Thread 0x00000197f302b890 Thread exited: 0x00000197f302b890
Event: 7494.026 Thread 0x00000197f275d0c0 Thread added: 0x00000197f275d0c0
Event: 7495.122 Thread 0x00000197f275d0c0 Thread exited: 0x00000197f275d0c0
Event: 7500.051 Thread 0x00000197f1b3a010 Thread added: 0x00000197f1b3a010
Event: 7500.494 Thread 0x00000197f1b3a010 Thread exited: 0x00000197f1b3a010
Event: 7509.474 Thread 0x00000197f275d0c0 Thread added: 0x00000197f275d0c0
Event: 7510.965 Thread 0x00000197f275d0c0 Thread exited: 0x00000197f275d0c0
Event: 7515.200 Thread 0x00000197f275d0c0 Thread added: 0x00000197f275d0c0


Dynamic libraries:
0x00007ff658db0000 - 0x00007ff658dc0000 	C:\Program Files\Java\jdk-17\bin\java.exe
0x00007fff1f100000 - 0x00007fff1f2ee000 	C:\Windows\SYSTEM32\ntdll.dll
0x00007fff1ef60000 - 0x00007fff1f013000 	C:\Windows\System32\KERNEL32.DLL
0x00007fff1b210000 - 0x00007fff1b4ae000 	C:\Windows\System32\KERNELBASE.dll
0x00007fff1bf60000 - 0x00007fff1c05a000 	C:\Windows\System32\ucrtbase.dll
0x00007ffefa9c0000 - 0x00007ffefa9d9000 	C:\Program Files\Java\jdk-17\bin\jli.dll
0x00007fff1c6b0000 - 0x00007fff1c759000 	C:\Windows\System32\ADVAPI32.dll
0x00007fff1eda0000 - 0x00007fff1ee3e000 	C:\Windows\System32\msvcrt.dll
0x00007fff1c3d0000 - 0x00007fff1c472000 	C:\Windows\System32\sechost.dll
0x00007fff1cd40000 - 0x00007fff1ce58000 	C:\Windows\System32\RPCRT4.dll
0x00007fff1b710000 - 0x00007fff1b736000 	C:\Windows\System32\bcrypt.dll
0x00007fff1ec00000 - 0x00007fff1ed97000 	C:\Windows\System32\USER32.dll
0x00007fff1b4b0000 - 0x00007fff1b4d0000 	C:\Windows\System32\win32u.dll
0x00007fff1d010000 - 0x00007fff1d039000 	C:\Windows\System32\GDI32.dll
0x00007fff1b560000 - 0x00007fff1b70c000 	C:\Windows\System32\gdi32full.dll
0x00007fff1b170000 - 0x00007fff1b210000 	C:\Windows\System32\msvcp_win.dll
0x00007fff0f840000 - 0x00007fff0fab9000 	C:\Windows\WinSxS\amd64_microsoft.windows.common-controls_6595b64144ccf1df_6.0.17763.7136_none_de7065e8534c1279\COMCTL32.dll
0x00007fff1d1b0000 - 0x00007fff1d4da000 	C:\Windows\System32\combase.dll
0x00007fff1b4d0000 - 0x00007fff1b552000 	C:\Windows\System32\bcryptPrimitives.dll
0x00007ffefa5e0000 - 0x00007ffefa5fb000 	C:\Program Files\Java\jdk-17\bin\VCRUNTIME140.dll
0x00007fff17f20000 - 0x00007fff17f2a000 	C:\Windows\SYSTEM32\VERSION.dll
0x00007fff1ee40000 - 0x00007fff1ee6e000 	C:\Windows\System32\IMM32.DLL
0x00007fff0f060000 - 0x00007fff0f06c000 	C:\Program Files\Java\jdk-17\bin\vcruntime140_1.dll
0x00007ffeeda50000 - 0x00007ffeedade000 	C:\Program Files\Java\jdk-17\bin\msvcp140.dll
0x00007fff0a7b0000 - 0x00007fff0b390000 	C:\Program Files\Java\jdk-17\bin\server\jvm.dll
0x00007fff1d540000 - 0x00007fff1d548000 	C:\Windows\System32\PSAPI.DLL
0x00007fff0d5d0000 - 0x00007fff0d5d9000 	C:\Windows\SYSTEM32\WSOCK32.dll
0x00007fff1eef0000 - 0x00007fff1ef5d000 	C:\Windows\System32\WS2_32.dll
0x00007fff143f0000 - 0x00007fff14414000 	C:\Windows\SYSTEM32\WINMM.dll
0x00007fff140e0000 - 0x00007fff1410d000 	C:\Windows\SYSTEM32\winmmbase.dll
0x00007fff1c060000 - 0x00007fff1c0aa000 	C:\Windows\System32\cfgmgr32.dll
0x00007fff1b120000 - 0x00007fff1b131000 	C:\Windows\System32\kernel.appcore.dll
0x00007fff0c120000 - 0x00007fff0c12a000 	C:\Program Files\Java\jdk-17\bin\jimage.dll
0x00007fff151a0000 - 0x00007fff1538d000 	C:\Windows\SYSTEM32\DBGHELP.DLL
0x00007fff15150000 - 0x00007fff1517a000 	C:\Windows\SYSTEM32\dbgcore.DLL
0x00007fff0a090000 - 0x00007fff0a0b5000 	C:\Program Files\Java\jdk-17\bin\java.dll
0x00007fff00620000 - 0x00007fff006f7000 	C:\Program Files\Java\jdk-17\bin\jsvml.dll
0x00007fff1d700000 - 0x00007fff1ebf8000 	C:\Windows\System32\SHELL32.dll
0x00007fff1f020000 - 0x00007fff1f0c7000 	C:\Windows\System32\shcore.dll
0x00007fff1b810000 - 0x00007fff1bf58000 	C:\Windows\System32\windows.storage.dll
0x00007fff1b140000 - 0x00007fff1b163000 	C:\Windows\System32\profapi.dll
0x00007fff1b0a0000 - 0x00007fff1b0fd000 	C:\Windows\System32\powrprof.dll
0x00007fff1ce80000 - 0x00007fff1ced2000 	C:\Windows\System32\shlwapi.dll
0x00007fff1b740000 - 0x00007fff1b75b000 	C:\Windows\System32\cryptsp.dll
0x00007fff097a0000 - 0x00007fff097b9000 	C:\Program Files\Java\jdk-17\bin\net.dll
0x00007fff16580000 - 0x00007fff1667d000 	C:\Windows\SYSTEM32\WINHTTP.dll
0x00007fff1a6e0000 - 0x00007fff1a747000 	C:\Windows\system32\mswsock.dll
0x00007ffefe8d0000 - 0x00007ffefe8e6000 	C:\Program Files\Java\jdk-17\bin\nio.dll
0x00007ffefe8b0000 - 0x00007ffefe8c8000 	C:\Program Files\Java\jdk-17\bin\zip.dll
0x00007ffefede0000 - 0x00007ffefedea000 	C:\Program Files\Java\jdk-17\bin\management.dll
0x00007ffefecf0000 - 0x00007ffefecfb000 	C:\Program Files\Java\jdk-17\bin\management_ext.dll
0x00007fff13830000 - 0x00007fff13846000 	C:\Windows\system32\napinsp.dll
0x00007fff1a420000 - 0x00007fff1a4e6000 	C:\Windows\SYSTEM32\DNSAPI.dll
0x00007fff1d620000 - 0x00007fff1d628000 	C:\Windows\System32\NSI.dll
0x00007fff1a3d0000 - 0x00007fff1a40d000 	C:\Windows\SYSTEM32\IPHLPAPI.DLL
0x00007fff13850000 - 0x00007fff1385e000 	C:\Windows\System32\winrnr.dll
0x00007fff163f0000 - 0x00007fff1640b000 	C:\Windows\system32\NLAapi.dll
0x00007fff13860000 - 0x00007fff13875000 	C:\Windows\system32\wshbth.dll
0x00007fff15f60000 - 0x00007fff15f6a000 	C:\Windows\System32\rasadhlp.dll
0x00007fff18080000 - 0x00007fff180f9000 	C:\Windows\System32\fwpuclnt.dll
0x00007fff1a200000 - 0x00007fff1a233000 	C:\Windows\system32\rsaenh.dll
0x00007fff1afd0000 - 0x00007fff1aff9000 	C:\Windows\SYSTEM32\USERENV.dll
0x00007fff1a8b0000 - 0x00007fff1a8bc000 	C:\Windows\SYSTEM32\CRYPTBASE.dll
0x00007fff18060000 - 0x00007fff18076000 	C:\Windows\SYSTEM32\dhcpcsvc6.DLL
0x00007fff18040000 - 0x00007fff1805c000 	C:\Windows\SYSTEM32\dhcpcsvc.DLL
0x00007ffef8470000 - 0x00007ffef8480000 	C:\Program Files\Java\jdk-17\bin\verify.dll
0x00007fff0e260000 - 0x00007fff0e26e000 	C:\Program Files\Java\jdk-17\bin\sunmscapi.dll
0x00007fff1c0b0000 - 0x00007fff1c2c0000 	C:\Windows\System32\CRYPT32.dll
0x00007fff1b100000 - 0x00007fff1b112000 	C:\Windows\System32\MSASN1.dll
0x00007fff1a9b0000 - 0x00007fff1a9dc000 	C:\Windows\SYSTEM32\ncrypt.dll
0x00007fff1a970000 - 0x00007fff1a9ac000 	C:\Windows\SYSTEM32\NTASN1.dll
0x00007ffefb170000 - 0x00007ffefb177000 	C:\Windows\system32\wshunix.dll

dbghelp: loaded successfully - version: 4.0.5 - missing functions: none
symbol engine: initialized successfully - sym options: 0x614 - pdb path: .;C:\Program Files\Java\jdk-17\bin;C:\Windows\SYSTEM32;C:\Windows\WinSxS\amd64_microsoft.windows.common-controls_6595b64144ccf1df_6.0.17763.7136_none_de7065e8534c1279;C:\Program Files\Java\jdk-17\bin\server

VM Arguments:
jvm_args: -XX:+ShowCodeDetailsInExceptionMessages -Dspring.jmx.enabled=true -Dmanagement.endpoints.jmx.exposure.include=* -Dspring.application.admin.enabled=true -Dspring.boot.project.name=AuditFindingReportingandFollowupManagementSystem -Djava.rmi.server.hostname=localhost -Dcom.sun.management.jmxremote.port=45557 -Dcom.sun.management.jmxremote.authenticate=false -Dcom.sun.management.jmxremote.ssl=false 
java_command: com.tms.AFRFMSApplication
java_class_path (initial): E:\VSC\Project\Audit\Ewunete\is_mgt_enhanced_latest\Backend\AuditFindingReportingandFollowupManagementSystem\target\classes;C:\Users\ewnetiea\.m2\repository\org\springframework\boot\spring-boot-starter-tomcat\2.7.3\spring-boot-starter-tomcat-2.7.3.jar;C:\Users\ewnetiea\.m2\repository\jakarta\annotation\jakarta.annotation-api\1.3.5\jakarta.annotation-api-1.3.5.jar;C:\Users\ewnetiea\.m2\repository\org\apache\tomcat\embed\tomcat-embed-core\9.0.65\tomcat-embed-core-9.0.65.jar;C:\Users\ewnetiea\.m2\repository\org\apache\tomcat\embed\tomcat-embed-el\9.0.65\tomcat-embed-el-9.0.65.jar;C:\Users\ewnetiea\.m2\repository\org\apache\tomcat\embed\tomcat-embed-websocket\9.0.65\tomcat-embed-websocket-9.0.65.jar;C:\Users\ewnetiea\.m2\repository\org\springframework\boot\spring-boot-starter-actuator\2.7.3\spring-boot-starter-actuator-2.7.3.jar;C:\Users\ewnetiea\.m2\repository\org\springframework\boot\spring-boot-starter\2.7.3\spring-boot-starter-2.7.3.jar;C:\Users\ewnetiea\.m2\repository\org\yaml\snakeyaml\1.30\snakeyaml-1.30.jar;C:\Users\ewnetiea\.m2\repository\org\springframework\boot\spring-boot-actuator-autoconfigure\2.7.3\spring-boot-actuator-autoconfigure-2.7.3.jar;C:\Users\ewnetiea\.m2\repository\org\springframework\boot\spring-boot-actuator\2.7.3\spring-boot-actuator-2.7.3.jar;C:\Users\ewnetiea\.m2\repository\com\fasterxml\jackson\datatype\jackson-datatype-jsr310\2.13.3\jackson-datatype-jsr310-2.13.3.jar;C:\Users\ewnetiea\.m2\repository\io\micrometer\micrometer-core\1.9.3\micrometer-core-1.9.3.jar;C:\Users\ewnetiea\.m2\repository\org\hdrhistogram\HdrHistogram\2.1.12\HdrHistogram-2.1.12.jar;C:\Users\ewnetiea\.m2\repository\org\latencyutils\LatencyUtils\2.0.3\LatencyUtils-2.0.3.jar;C:\Users\ewnetiea\.m2\repository\eu\bitwalker\UserAgentUtils\1.15\UserAgentUtils-1.15.jar;C:\Users\ewnetiea\.m2\repository\org\springframework\boot\spring-boot-starter-data-jdbc\2.7.3\spring-boot-starter-data-jdbc-2.7.3.jar;C:\Users\ewnetiea\.m2\repository\org\springframew
Launcher Type: SUN_STANDARD

[Global flags]
     intx CICompilerCount                          = 4                                         {product} {ergonomic}
     uint ConcGCThreads                            = 2                                         {product} {ergonomic}
     uint G1ConcRefinementThreads                  = 8                                         {product} {ergonomic}
   size_t G1HeapRegionSize                         = 4194304                                   {product} {ergonomic}
    uintx GCDrainStackTargetSize                   = 64                                        {product} {ergonomic}
   size_t InitialHeapSize                          = 402653184                                 {product} {ergonomic}
     bool ManagementServer                         = true                                      {product} {command line}
   size_t MarkStackSize                            = 4194304                                   {product} {ergonomic}
   size_t MaxHeapSize                              = 6442450944                                {product} {ergonomic}
   size_t MaxNewSize                               = 3862953984                                {product} {ergonomic}
   size_t MinHeapDeltaBytes                        = 4194304                                   {product} {ergonomic}
   size_t MinHeapSize                              = 8388608                                   {product} {ergonomic}
    uintx NonNMethodCodeHeapSize                   = 5839372                                {pd product} {ergonomic}
    uintx NonProfiledCodeHeapSize                  = 122909434                              {pd product} {ergonomic}
    uintx ProfiledCodeHeapSize                     = 122909434                              {pd product} {ergonomic}
    uintx ReservedCodeCacheSize                    = 251658240                              {pd product} {ergonomic}
     bool SegmentedCodeCache                       = true                                      {product} {ergonomic}
     bool ShowCodeDetailsInExceptionMessages       = true                                   {manageable} {command line}
   size_t SoftMaxHeapSize                          = 6442450944                             {manageable} {ergonomic}
     bool UseCompressedClassPointers               = true                           {product lp64_product} {ergonomic}
     bool UseCompressedOops                        = true                           {product lp64_product} {ergonomic}
     bool UseG1GC                                  = true                                      {product} {ergonomic}
     bool UseLargePagesIndividualAllocation        = false                                  {pd product} {ergonomic}

Logging:
Log output configuration:
 #0: stdout all=warning uptime,level,tags
 #1: stderr all=off uptime,level,tags

Environment Variables:
JAVA_HOME=C:\Program Files\Java\jdk-17
PATH=C:\Program Files\Java\jdk-17\bin;C:\Program Files\Common Files\Oracle\Java\javapath;C:\Windows\system32;C:\Windows;C:\Windows\System32\Wbem;C:\Windows\System32\WindowsPowerShell\v1.0\;C:\Windows\System32\OpenSSH\;C:\Program Files\Microsoft SQL Server\Client SDK\ODBC\170\Tools\Binn\;C:\Program Files (x86)\Microsoft SQL Server\150\Tools\Binn\;C:\Program Files\Microsoft SQL Server\150\Tools\Binn\;C:\Program Files\Microsoft SQL Server\150\DTS\Binn\;C:\Program Files (x86)\Microsoft SQL Server\150\DTS\Binn\;C:\Program Files\Azure Data Studio\bin;C:\Program Files\Java\jdk-17\bin;C:\Program Files\Git\cmd;C:\nssm\win64;C:\Users\abeshuk\AppData\Roaming\npm\node_modules;C:\apache-maven-3.8.7\bin;C:\Users\ewnetiea\AppData\Roaming\nvm;C:\Program Files\nodejs;C:\Users\ewnetiea\AppData\Local\Microsoft\WindowsApps;C:\Users\ewnetiea\AppData\Roaming\npm;C:\apache-maven-3.9.8\bin;C:\Users\ewnetiea\AppData\Local\Programs\Microsoft VS Code\bin;C:\Program Files\docker;C:\Program Files\nvm-setup;C:\Program Files\nodejs;C:\Users\ewnetiea\AppData\Local\Programs\Python\Python313\;C:\Users\ewnetiea\AppData\Local\Programs\Python\Python313\Scripts\;C:\Users\ewnetiea\AppData\Local\Programs\Python\Python313\Scripts\;C:\Users\ewnetiea\AppData\Local\Programs\Python\Python313\;C:\Users\ewnetiea\AppData\Local\Microsoft\WindowsApps;C:\Program Files\Java\jdk-17\bin;C:\apache-maven-3.8.7\bin;C:\Users\ewnetiea\AppData\Roaming\npm;C:\apache-maven-3.9.8\bin;C:\Users\ewnetiea\AppData\Local\Programs\Microsoft VS Code\bin;C:\Users\ewnetiea\AppData\Roaming\nvm;C:\Program Files\nodejs
USERNAME=ewnetiea
LANG=en_US.UTF-8
OS=Windows_NT
PROCESSOR_IDENTIFIER=Intel64 Family 6 Model 63 Stepping 2, GenuineIntel



---------------  S Y S T E M  ---------------

OS:
 Windows Server 2019 , 64 bit Build 17763 (10.0.17763.7009)
OS uptime: 12 days 23:46 hours
VMWare virtualization detected

CPU: total 8 (initial active 8) (2 cores per cpu, 1 threads per core) family 6 model 63 stepping 2 microcode 0x49, cx8, cmov, fxsr, mmx, sse, sse2, sse3, ssse3, sse4.1, sse4.2, popcnt, lzcnt, tsc, tscinvbit, avx, avx2, aes, erms, clmul, bmi1, bmi2, fma, vzeroupper, clflush, hv

Memory: 4k page, system-wide physical 24575M (531M free)
TotalPageFile size 36018M (AvailPageFile size 126M)
current process WorkingSet (physical memory assigned to process): 374M, peak: 385M
current process commit charge ("private bytes"): 426M, peak: 540M

vm_info: Java HotSpot(TM) 64-Bit Server VM (17.0.12+8-LTS-286) for windows-amd64 JRE (17.0.12+8-LTS-286), built on Jun  5 2024 06:46:59 by "mach5one" with MS VC++ 17.6 (VS2022)

END.
