#
# There is insufficient memory for the Java Runtime Environment to continue.
# Native memory allocation (malloc) failed to allocate 1096176 bytes for Chunk::new
# Possible reasons:
#   The system is out of physical RAM or swap space
#   The process is running with CompressedOops enabled, and the Java Heap may be blocking the growth of the native heap
# Possible solutions:
#   Reduce memory load on the system
#   Increase physical memory or swap space
#   Check if swap backing store is full
#   Decrease Java heap size (-Xmx/-Xms)
#   Decrease number of Java threads
#   Decrease Java thread stack sizes (-Xss)
#   Set larger code cache with -XX:ReservedCodeCacheSize=
#   JVM is running with Zero Based Compressed Oops mode in which the Java heap is
#     placed in the first 32GB address space. The Java Heap base address is the
#     maximum limit for the native heap growth. Please use -XX:HeapBaseMinAddress
#     to set the Java Heap base and to place the Java Heap above 32GB virtual address.
# This output file may be truncated or incomplete.
#
#  Out of Memory Error (arena.cpp:189), pid=4976, tid=13492
#
# JRE version: Java(TM) SE Runtime Environment (17.0.12+8) (build 17.0.12+8-LTS-286)
# Java VM: Java HotSpot(TM) 64-Bit Server VM (17.0.12+8-LTS-286, mixed mode, sharing, tiered, compressed oops, compressed class ptrs, g1 gc, windows-amd64)
# Core dump will be written. Default location: E:\VSC\Project\tms\ewnetie\tms\Backend\TaxManagmentSystem\hs_err_pid4976.mdmp
#

---------------  S U M M A R Y ------------

Command Line: -XX:+ShowCodeDetailsInExceptionMessages -Dspring.jmx.enabled=true -Dmanagement.endpoints.jmx.exposure.include=* -Dspring.application.admin.enabled=true -Dspring.boot.project.name=TaxManagmentSystem -Djava.rmi.server.hostname=localhost -Dcom.sun.management.jmxremote.port=45557 -Dcom.sun.management.jmxremote.authenticate=false -Dcom.sun.management.jmxremote.ssl=false com.tms.TMSApplication

Host: Intel(R) Xeon(R) CPU E5-2690 v3 @ 2.60GHz, 8 cores, 23G,  Windows Server 2019 , 64 bit Build 17763 (10.0.17763.7009)
Time: Tue Aug 26 15:46:38 2025 E. Africa Standard Time elapsed time: 40.185650 seconds (0d 0h 0m 40s)

---------------  T H R E A D  ---------------

Current thread (0x000001ccb68cc160):  JavaThread "C2 CompilerThread0" daemon [_thread_in_native, id=13492, stack(0x00000054b2000000,0x00000054b2100000)]


Current CompileTask:
C2:  40185 4489       4       org.springframework.asm.ClassReader::accept (1401 bytes)

Stack: [0x00000054b2000000,0x00000054b2100000]
Native frames: (J=compiled Java code, j=interpreted, Vv=VM code, C=native code)
V  [jvm.dll+0x67a04a]
V  [jvm.dll+0x7da4ed]
V  [jvm.dll+0x7dbe33]
V  [jvm.dll+0x7dc4a3]
V  [jvm.dll+0x24508f]
V  [jvm.dll+0xab773]
V  [jvm.dll+0xabd3c]
V  [jvm.dll+0x2aa52f]
V  [jvm.dll+0x581eb9]
V  [jvm.dll+0x21f422]
V  [jvm.dll+0x21f81f]
V  [jvm.dll+0x218aa0]
V  [jvm.dll+0x215b65]
V  [jvm.dll+0x1a2960]
V  [jvm.dll+0x22610b]
V  [jvm.dll+0x2242ab]
V  [jvm.dll+0x79075c]
V  [jvm.dll+0x78abea]
V  [jvm.dll+0x678f35]
C  [ucrtbase.dll+0x2268a]
C  [KERNEL32.DLL+0x17ac4]
C  [ntdll.dll+0x5a8c1]


---------------  P R O C E S S  ---------------

Threads class SMR info:
_java_thread_list=0x000001ccff41fac0, length=25, elements={
0x000001cc8f3d1a10, 0x000001ccb68b37c0, 0x000001ccb68b4640, 0x000001ccb68c68f0,
0x000001ccb68ca1e0, 0x000001ccb68caab0, 0x000001ccb68cb470, 0x000001ccb68cc160,
0x000001ccb68ccc10, 0x000001ccb68cf620, 0x000001ccfc0fe230, 0x000001ccfc193a70,
0x000001ccfc9261e0, 0x000001ccfc95c1f0, 0x000001ccfc954920, 0x000001ccfc92a090,
0x000001ccfc92a570, 0x000001ccfd2d7250, 0x000001ccfd2d6320, 0x000001ccfd2d6830,
0x000001ccfd2d6d40, 0x000001ccfd2d7c70, 0x000001ccfd2d53f0, 0x000001ccfd4ea5a0,
0x000001ccfd4eb590
}

Java Threads: ( => current thread )
  0x000001cc8f3d1a10 JavaThread "main" [_thread_blocked, id=12872, stack(0x00000054b1300000,0x00000054b1400000)]
  0x000001ccb68b37c0 JavaThread "Reference Handler" daemon [_thread_blocked, id=26004, stack(0x00000054b1a00000,0x00000054b1b00000)]
  0x000001ccb68b4640 JavaThread "Finalizer" daemon [_thread_blocked, id=1336, stack(0x00000054b1b00000,0x00000054b1c00000)]
  0x000001ccb68c68f0 JavaThread "Signal Dispatcher" daemon [_thread_blocked, id=6188, stack(0x00000054b1c00000,0x00000054b1d00000)]
  0x000001ccb68ca1e0 JavaThread "Attach Listener" daemon [_thread_blocked, id=11120, stack(0x00000054b1d00000,0x00000054b1e00000)]
  0x000001ccb68caab0 JavaThread "Service Thread" daemon [_thread_blocked, id=26140, stack(0x00000054b1e00000,0x00000054b1f00000)]
  0x000001ccb68cb470 JavaThread "Monitor Deflation Thread" daemon [_thread_blocked, id=26492, stack(0x00000054b1f00000,0x00000054b2000000)]
=>0x000001ccb68cc160 JavaThread "C2 CompilerThread0" daemon [_thread_in_native, id=13492, stack(0x00000054b2000000,0x00000054b2100000)]
  0x000001ccb68ccc10 JavaThread "C1 CompilerThread0" daemon [_thread_blocked, id=9884, stack(0x00000054b2100000,0x00000054b2200000)]
  0x000001ccb68cf620 JavaThread "Sweeper thread" daemon [_thread_blocked, id=24364, stack(0x00000054b2200000,0x00000054b2300000)]
  0x000001ccfc0fe230 JavaThread "Common-Cleaner" daemon [_thread_blocked, id=26052, stack(0x00000054b2300000,0x00000054b2400000)]
  0x000001ccfc193a70 JavaThread "Notification Thread" daemon [_thread_blocked, id=24716, stack(0x00000054b2400000,0x00000054b2500000)]
  0x000001ccfc9261e0 JavaThread "RMI TCP Accept-0" daemon [_thread_in_native, id=7200, stack(0x00000054b2500000,0x00000054b2600000)]
  0x000001ccfc95c1f0 JavaThread "RMI TCP Accept-45557" daemon [_thread_in_native, id=16140, stack(0x00000054b2600000,0x00000054b2700000)]
  0x000001ccfc954920 JavaThread "RMI TCP Accept-0" daemon [_thread_in_native, id=13520, stack(0x00000054b2700000,0x00000054b2800000)]
  0x000001ccfc92a090 JavaThread "Thread-0" [_thread_blocked, id=18900, stack(0x00000054b3100000,0x00000054b3200000)]
  0x000001ccfc92a570 JavaThread "restartedMain" [_thread_in_native, id=13428, stack(0x00000054b3200000,0x00000054b3300000)]
  0x000001ccfd2d7250 JavaThread "RMI TCP Connection(idle)" daemon [_thread_blocked, id=20224, stack(0x00000054b3300000,0x00000054b3400000)]
  0x000001ccfd2d6320 JavaThread "RMI Scheduler(0)" daemon [_thread_blocked, id=26348, stack(0x00000054b3400000,0x00000054b3500000)]
  0x000001ccfd2d6830 JavaThread "RMI TCP Connection(2)-127.0.0.1" daemon [_thread_in_native, id=26112, stack(0x00000054b2900000,0x00000054b2a00000)]
  0x000001ccfd2d6d40 JavaThread "AsyncAppender-Worker-ASYNC_FILE" daemon [_thread_blocked, id=20148, stack(0x00000054b3500000,0x00000054b3600000)]
  0x000001ccfd2d7c70 JavaThread "JMX server connection timeout 27" daemon [_thread_blocked, id=7096, stack(0x00000054b3700000,0x00000054b3800000)]
  0x000001ccfd2d53f0 JavaThread "RMI TCP Connection(3)-127.0.0.1" daemon [_thread_in_native, id=17060, stack(0x00000054b3800000,0x00000054b3900000)]
  0x000001ccfd4ea5a0 JavaThread "C2 CompilerThread1" daemon [_thread_in_native, id=22752, stack(0x00000054b3600000,0x00000054b3700000)]
  0x000001ccfd4eb590 JavaThread "C2 CompilerThread2" daemon [_thread_in_native, id=24556, stack(0x00000054b3a00000,0x00000054b3b00000)]

Other Threads:
  0x000001ccb68ad730 VMThread "VM Thread" [stack: 0x00000054b1900000,0x00000054b1a00000] [id=7588]
  0x000001ccfc954e00 WatcherThread [stack: 0x00000054b2800000,0x00000054b2900000] [id=25764]
  0x000001cc8f464f50 GCTaskThread "GC Thread#0" [stack: 0x00000054b1400000,0x00000054b1500000] [id=22836]
  0x000001ccfcbe6e20 GCTaskThread "GC Thread#1" [stack: 0x00000054b2a00000,0x00000054b2b00000] [id=9900]
  0x000001ccfd176400 GCTaskThread "GC Thread#2" [stack: 0x00000054b2b00000,0x00000054b2c00000] [id=6280]
  0x000001ccfd0797c0 GCTaskThread "GC Thread#3" [stack: 0x00000054b2c00000,0x00000054b2d00000] [id=24308]
  0x000001ccfd079a80 GCTaskThread "GC Thread#4" [stack: 0x00000054b2d00000,0x00000054b2e00000] [id=25960]
  0x000001ccfd079d40 GCTaskThread "GC Thread#5" [stack: 0x00000054b2e00000,0x00000054b2f00000] [id=22144]
  0x000001ccfd07a000 GCTaskThread "GC Thread#6" [stack: 0x00000054b2f00000,0x00000054b3000000] [id=22276]
  0x000001ccfd07a2c0 GCTaskThread "GC Thread#7" [stack: 0x00000054b3000000,0x00000054b3100000] [id=6992]
  0x000001cc8f472eb0 ConcurrentGCThread "G1 Main Marker" [stack: 0x00000054b1500000,0x00000054b1600000] [id=7552]
  0x000001cc8f4738c0 ConcurrentGCThread "G1 Conc#0" [stack: 0x00000054b1600000,0x00000054b1700000] [id=3976]
  0x000001ccfd8e7c20 ConcurrentGCThread "G1 Conc#1" [stack: 0x00000054b3900000,0x00000054b3a00000] [id=4132]
  0x000001cc8f47ea20 ConcurrentGCThread "G1 Refine#0" [stack: 0x00000054b1700000,0x00000054b1800000] [id=14460]
  0x000001ccb6766f20 ConcurrentGCThread "G1 Service" [stack: 0x00000054b1800000,0x00000054b1900000] [id=26228]

Threads with active compile tasks:
C2 CompilerThread0    40286 4489       4       org.springframework.asm.ClassReader::accept (1401 bytes)
C2 CompilerThread1    40286 4565       4       org.springframework.beans.factory.support.AbstractBeanFactory::isTypeMatch (607 bytes)
C2 CompilerThread2    40286 4624       4       org.springframework.beans.factory.support.AbstractAutowireCapableBeanFactory::predictBeanType (126 bytes)

VM state: not at safepoint (normal execution)

VM Mutex/Monitor currently owned by a thread: None

Heap address: 0x0000000680000000, size: 6144 MB, Compressed Oops mode: Zero based, Oop shift amount: 3

CDS archive(s) mapped at: [0x000001ccb7000000-0x000001ccb7bd0000-0x000001ccb7bd0000), size 12386304, SharedBaseAddress: 0x000001ccb7000000, ArchiveRelocationMode: 1.
Compressed class space mapped at: 0x000001ccb8000000-0x000001ccf8000000, reserved size: 1073741824
Narrow klass base: 0x000001ccb7000000, Narrow klass shift: 0, Narrow klass range: 0x100000000

GC Precious Log:
 CPUs: 8 total, 8 available
 Memory: 24575M
 Large Page Support: Disabled
 NUMA Support: Disabled
 Compressed Oops: Enabled (Zero based)
 Heap Region Size: 4M
 Heap Min Capacity: 8M
 Heap Initial Capacity: 384M
 Heap Max Capacity: 6G
 Pre-touch: Disabled
 Parallel Workers: 8
 Concurrent Workers: 2
 Concurrent Refinement Workers: 8
 Periodic GC: Disabled

Heap:
 garbage-first heap   total 98304K, used 43167K [0x0000000680000000, 0x0000000800000000)
  region size 4096K, 7 young (28672K), 1 survivors (4096K)
 Metaspace       used 34849K, committed 35264K, reserved 1114112K
  class space    used 4425K, committed 4672K, reserved 1048576K

Heap Regions: E=young(eden), S=young(survivor), O=old, HS=humongous(starts), HC=humongous(continues), CS=collection set, F=free, OA=open archive, CA=closed archive, TAMS=top-at-mark-start (previous, next)
|   0|0x0000000680000000, 0x0000000680400000, 0x0000000680400000|100%| O|  |TAMS 0x0000000680400000, 0x0000000680000000| Untracked 
|   1|0x0000000680400000, 0x0000000680800000, 0x0000000680800000|100%| O|  |TAMS 0x0000000680800000, 0x0000000680400000| Untracked 
|   2|0x0000000680800000, 0x0000000680c00000, 0x0000000680c00000|100%| O|  |TAMS 0x0000000680800000, 0x0000000680800000| Untracked 
|   3|0x0000000680c00000, 0x0000000681000000, 0x0000000681000000|100%| O|  |TAMS 0x0000000681000000, 0x0000000680c00000| Untracked 
|   4|0x0000000681000000, 0x0000000681400000, 0x0000000681400000|100%| O|  |TAMS 0x0000000681400000, 0x0000000681000000| Untracked 
|   5|0x0000000681400000, 0x0000000681400000, 0x0000000681800000|  0%| F|  |TAMS 0x0000000681400000, 0x0000000681400000| Untracked 
|   6|0x0000000681800000, 0x000000068199c000, 0x0000000681c00000| 40%| O|  |TAMS 0x0000000681800000, 0x0000000681800000| Untracked 
|   7|0x0000000681c00000, 0x0000000681c00000, 0x0000000682000000|  0%| F|  |TAMS 0x0000000681c00000, 0x0000000681c00000| Untracked 
|   8|0x0000000682000000, 0x0000000682000000, 0x0000000682400000|  0%| F|  |TAMS 0x0000000682000000, 0x0000000682000000| Untracked 
|   9|0x0000000682400000, 0x0000000682400000, 0x0000000682800000|  0%| F|  |TAMS 0x0000000682400000, 0x0000000682400000| Untracked 
|  10|0x0000000682800000, 0x0000000682800000, 0x0000000682c00000|  0%| F|  |TAMS 0x0000000682800000, 0x0000000682800000| Untracked 
|  11|0x0000000682c00000, 0x0000000682c00000, 0x0000000683000000|  0%| F|  |TAMS 0x0000000682c00000, 0x0000000682c00000| Untracked 
|  12|0x0000000683000000, 0x0000000683000000, 0x0000000683400000|  0%| F|  |TAMS 0x0000000683000000, 0x0000000683000000| Untracked 
|  13|0x0000000683400000, 0x0000000683400000, 0x0000000683800000|  0%| F|  |TAMS 0x0000000683400000, 0x0000000683400000| Untracked 
|  14|0x0000000683800000, 0x0000000683800000, 0x0000000683c00000|  0%| F|  |TAMS 0x0000000683800000, 0x0000000683800000| Untracked 
|  15|0x0000000683c00000, 0x0000000683c00000, 0x0000000684000000|  0%| F|  |TAMS 0x0000000683c00000, 0x0000000683c00000| Untracked 
|  16|0x0000000684000000, 0x0000000684000000, 0x0000000684400000|  0%| F|  |TAMS 0x0000000684000000, 0x0000000684000000| Untracked 
|  17|0x0000000684400000, 0x00000006845ff7c8, 0x0000000684800000| 49%| E|  |TAMS 0x0000000684400000, 0x0000000684400000| Complete 
|  18|0x0000000684800000, 0x0000000684c00000, 0x0000000684c00000|100%| E|CS|TAMS 0x0000000684800000, 0x0000000684800000| Complete 
|  19|0x0000000684c00000, 0x0000000685000000, 0x0000000685000000|100%| E|CS|TAMS 0x0000000684c00000, 0x0000000684c00000| Complete 
|  91|0x0000000696c00000, 0x0000000697000000, 0x0000000697000000|100%| E|CS|TAMS 0x0000000696c00000, 0x0000000696c00000| Complete 
|  92|0x0000000697000000, 0x0000000697400000, 0x0000000697400000|100%| E|CS|TAMS 0x0000000697000000, 0x0000000697000000| Complete 
|  94|0x0000000697800000, 0x000000069788bfa0, 0x0000000697c00000| 13%| S|CS|TAMS 0x0000000697800000, 0x0000000697800000| Complete 
|  95|0x0000000697c00000, 0x0000000698000000, 0x0000000698000000|100%| E|CS|TAMS 0x0000000697c00000, 0x0000000697c00000| Complete 

Card table byte_map: [0x000001cca6bb0000,0x000001cca77b0000] _byte_map_base: 0x000001cca37b0000

Marking Bits (Prev, Next): (CMBitMap*) 0x000001cc8f465570, (CMBitMap*) 0x000001cc8f4655b0
 Prev Bits: [0x000001cca83b0000, 0x000001ccae3b0000)
 Next Bits: [0x000001ccae3b0000, 0x000001ccb43b0000)

Polling page: 0x000001cc8d240000

Metaspace:

Usage:
  Non-class:     29.71 MB used.
      Class:      4.32 MB used.
       Both:     34.03 MB used.

Virtual space:
  Non-class space:       64.00 MB reserved,      29.88 MB ( 47%) committed,  1 nodes.
      Class space:        1.00 GB reserved,       4.56 MB ( <1%) committed,  1 nodes.
             Both:        1.06 GB reserved,      34.44 MB (  3%) committed. 

Chunk freelists:
   Non-Class:  1.75 MB
       Class:  11.48 MB
        Both:  13.23 MB

MaxMetaspaceSize: unlimited
CompressedClassSpaceSize: 1.00 GB
Initial GC threshold: 21.00 MB
Current GC threshold: 45.94 MB
CDS: on
MetaspaceReclaimPolicy: balanced
 - commit_granule_bytes: 65536.
 - commit_granule_words: 8192.
 - virtual_space_node_default_size: 8388608.
 - enlarge_chunks_in_place: 1.
 - new_chunks_are_fully_committed: 0.
 - uncommit_free_chunks: 1.
 - use_allocation_guard: 0.
 - handle_deallocations: 1.


Internal statistics:

num_allocs_failed_limit: 9.
num_arena_births: 436.
num_arena_deaths: 0.
num_vsnodes_births: 2.
num_vsnodes_deaths: 0.
num_space_committed: 551.
num_space_uncommitted: 0.
num_chunks_returned_to_freelist: 9.
num_chunks_taken_from_freelist: 1622.
num_chunk_merges: 9.
num_chunk_splits: 1078.
num_chunks_enlarged: 769.
num_inconsistent_stats: 0.

CodeHeap 'non-profiled nmethods': size=120000Kb used=2101Kb max_used=2816Kb free=117898Kb
 bounds [0x000001cc9e740000, 0x000001cc9ea10000, 0x000001cca5c70000]
CodeHeap 'profiled nmethods': size=120000Kb used=8334Kb max_used=9998Kb free=111666Kb
 bounds [0x000001cc96c70000, 0x000001cc97640000, 0x000001cc9e1a0000]
CodeHeap 'non-nmethods': size=5760Kb used=1213Kb max_used=1273Kb free=4546Kb
 bounds [0x000001cc9e1a0000, 0x000001cc9e410000, 0x000001cc9e740000]
 total_blobs=4491 nmethods=3977 adapters=426
 compilation: enabled
              stopped_count=0, restarted_count=0
 full_count=0

Compilation events (20 events):
Event: 39.950 Thread 0x000001ccb68ccc10 nmethod 4560 0x000001cc9e788990 code [0x000001cc9e788b20, 0x000001cc9e788bf8]
Event: 39.950 Thread 0x000001ccb68ccc10 4546       3       org.springframework.util.PropertyPlaceholderHelper::replacePlaceholders (14 bytes)
Event: 39.950 Thread 0x000001ccb68ccc10 nmethod 4546 0x000001cc97052190 code [0x000001cc97052360, 0x000001cc97052618]
Event: 39.950 Thread 0x000001ccb68ccc10 4547       3       org.springframework.core.env.AbstractPropertyResolver::doResolvePlaceholders (12 bytes)
Event: 39.950 Thread 0x000001ccb68ccc10 nmethod 4547 0x000001cc96edb010 code [0x000001cc96edb240, 0x000001cc96edba28]
Event: 39.950 Thread 0x000001ccb68ccc10 4548       3       org.springframework.core.env.AbstractPropertyResolver$$Lambda$358/0x000001ccb82b2c40::<init> (10 bytes)
Event: 39.950 Thread 0x000001ccb68ccc10 nmethod 4548 0x000001cc96e1a290 code [0x000001cc96e1a420, 0x000001cc96e1a5d8]
Event: 39.950 Thread 0x000001ccb68ccc10 4549       3       org.springframework.core.env.AbstractPropertyResolver::resolveRequiredPlaceholders (26 bytes)
Event: 39.951 Thread 0x000001ccb68ccc10 nmethod 4549 0x000001cc96d96610 code [0x000001cc96d96860, 0x000001cc96d97198]
Event: 39.951 Thread 0x000001ccb68ccc10 4551       3       org.springframework.context.support.PropertySourcesPlaceholderConfigurer$$Lambda$541/0x000001ccb8432930::resolveStringValue (13 bytes)
Event: 39.951 Thread 0x000001ccb68ccc10 nmethod 4551 0x000001cc96e6cb10 code [0x000001cc96e6ccc0, 0x000001cc96e6ce28]
Event: 39.951 Thread 0x000001ccb68ccc10 4552       3       org.springframework.context.support.PropertySourcesPlaceholderConfigurer::lambda$processProperties$0 (54 bytes)
Event: 39.952 Thread 0x000001ccb68ccc10 nmethod 4552 0x000001cc96d59890 code [0x000001cc96d59aa0, 0x000001cc96d5a0e8]
Event: 39.952 Thread 0x000001ccb68ccc10 4550       3       org.springframework.beans.factory.config.BeanDefinitionVisitor::resolveStringValue (42 bytes)
Event: 39.952 Thread 0x000001ccb68ccc10 nmethod 4550 0x000001cc96d7df10 code [0x000001cc96d7e0e0, 0x000001cc96d7e468]
Event: 39.953 Thread 0x000001ccb68ccc10 4561       1       java.beans.PropertyEditorSupport::setSource (6 bytes)
Event: 39.953 Thread 0x000001ccb68ccc10 nmethod 4561 0x000001cc9e788590 code [0x000001cc9e788720, 0x000001cc9e788838]
Event: 39.958 Thread 0x000001ccb68ccc10 4562   !   3       org.springframework.beans.factory.support.DefaultListableBeanFactory::doGetBeanNamesForType (528 bytes)
Event: 39.964 Thread 0x000001ccb68ccc10 nmethod 4562 0x000001cc9751d510 code [0x000001cc9751dce0, 0x000001cc97524068]
Event: 39.985 Thread 0x000001ccb68ccc10 4566       3       java.lang.Long::getChars (208 bytes)

GC Heap History (18 events):
Event: 5.311 GC heap before
{Heap before GC invocations=0 (full 0):
 garbage-first heap   total 393216K, used 16384K [0x0000000680000000, 0x0000000800000000)
  region size 4096K, 5 young (20480K), 0 survivors (0K)
 Metaspace       used 6580K, committed 6784K, reserved 1114112K
  class space    used 718K, committed 832K, reserved 1048576K
}
Event: 5.344 GC heap after
{Heap after GC invocations=1 (full 0):
 garbage-first heap   total 393216K, used 8878K [0x0000000680000000, 0x0000000800000000)
  region size 4096K, 1 young (4096K), 1 survivors (4096K)
 Metaspace       used 6580K, committed 6784K, reserved 1114112K
  class space    used 718K, committed 832K, reserved 1048576K
}
Event: 5.783 GC heap before
{Heap before GC invocations=1 (full 0):
 garbage-first heap   total 393216K, used 21166K [0x0000000680000000, 0x0000000800000000)
  region size 4096K, 4 young (16384K), 1 survivors (4096K)
 Metaspace       used 7929K, committed 8128K, reserved 1114112K
  class space    used 881K, committed 960K, reserved 1048576K
}
Event: 5.786 GC heap after
{Heap after GC invocations=2 (full 0):
 garbage-first heap   total 393216K, used 9587K [0x0000000680000000, 0x0000000800000000)
  region size 4096K, 1 young (4096K), 1 survivors (4096K)
 Metaspace       used 7929K, committed 8128K, reserved 1114112K
  class space    used 881K, committed 960K, reserved 1048576K
}
Event: 7.730 GC heap before
{Heap before GC invocations=2 (full 0):
 garbage-first heap   total 393216K, used 50547K [0x0000000680000000, 0x0000000800000000)
  region size 4096K, 11 young (45056K), 1 survivors (4096K)
 Metaspace       used 18273K, committed 18560K, reserved 1114112K
  class space    used 2365K, committed 2496K, reserved 1048576K
}
Event: 7.737 GC heap after
{Heap after GC invocations=3 (full 0):
 garbage-first heap   total 393216K, used 13014K [0x0000000680000000, 0x0000000800000000)
  region size 4096K, 1 young (4096K), 1 survivors (4096K)
 Metaspace       used 18273K, committed 18560K, reserved 1114112K
  class space    used 2365K, committed 2496K, reserved 1048576K
}
Event: 8.121 GC heap before
{Heap before GC invocations=3 (full 0):
 garbage-first heap   total 393216K, used 21206K [0x0000000680000000, 0x0000000800000000)
  region size 4096K, 4 young (16384K), 1 survivors (4096K)
 Metaspace       used 21251K, committed 21504K, reserved 1114112K
  class space    used 2672K, committed 2816K, reserved 1048576K
}
Event: 8.125 GC heap after
{Heap after GC invocations=4 (full 0):
 garbage-first heap   total 393216K, used 13635K [0x0000000680000000, 0x0000000800000000)
  region size 4096K, 2 young (8192K), 2 survivors (8192K)
 Metaspace       used 21251K, committed 21504K, reserved 1114112K
  class space    used 2672K, committed 2816K, reserved 1048576K
}
Event: 22.484 GC heap before
{Heap before GC invocations=5 (full 0):
 garbage-first heap   total 98304K, used 62787K [0x0000000680000000, 0x0000000800000000)
  region size 4096K, 14 young (57344K), 2 survivors (8192K)
 Metaspace       used 24263K, committed 24576K, reserved 1114112K
  class space    used 3028K, committed 3200K, reserved 1048576K
}
Event: 22.491 GC heap after
{Heap after GC invocations=6 (full 0):
 garbage-first heap   total 98304K, used 17756K [0x0000000680000000, 0x0000000800000000)
  region size 4096K, 2 young (8192K), 2 survivors (8192K)
 Metaspace       used 24263K, committed 24576K, reserved 1114112K
  class space    used 3028K, committed 3200K, reserved 1048576K
}
Event: 22.669 GC heap before
{Heap before GC invocations=6 (full 0):
 garbage-first heap   total 98304K, used 21852K [0x0000000680000000, 0x0000000800000000)
  region size 4096K, 3 young (12288K), 2 survivors (8192K)
 Metaspace       used 24911K, committed 25216K, reserved 1114112K
  class space    used 3094K, committed 3264K, reserved 1048576K
}
Event: 22.673 GC heap after
{Heap after GC invocations=7 (full 0):
 garbage-first heap   total 98304K, used 18371K [0x0000000680000000, 0x0000000800000000)
  region size 4096K, 1 young (4096K), 1 survivors (4096K)
 Metaspace       used 24911K, committed 25216K, reserved 1114112K
  class space    used 3094K, committed 3264K, reserved 1048576K
}
Event: 29.337 GC heap before
{Heap before GC invocations=7 (full 0):
 garbage-first heap   total 98304K, used 59331K [0x0000000680000000, 0x0000000800000000)
  region size 4096K, 11 young (45056K), 1 survivors (4096K)
 Metaspace       used 27880K, committed 28224K, reserved 1114112K
  class space    used 3469K, committed 3648K, reserved 1048576K
}
Event: 29.340 GC heap after
{Heap after GC invocations=8 (full 0):
 garbage-first heap   total 98304K, used 20730K [0x0000000680000000, 0x0000000800000000)
  region size 4096K, 1 young (4096K), 1 survivors (4096K)
 Metaspace       used 27880K, committed 28224K, reserved 1114112K
  class space    used 3469K, committed 3648K, reserved 1048576K
}
Event: 35.035 GC heap before
{Heap before GC invocations=9 (full 0):
 garbage-first heap   total 98304K, used 65786K [0x0000000680000000, 0x0000000800000000)
  region size 4096K, 12 young (49152K), 1 survivors (4096K)
 Metaspace       used 31932K, committed 32256K, reserved 1114112K
  class space    used 4015K, committed 4160K, reserved 1048576K
}
Event: 35.039 GC heap after
{Heap after GC invocations=10 (full 0):
 garbage-first heap   total 98304K, used 22487K [0x0000000680000000, 0x0000000800000000)
  region size 4096K, 2 young (8192K), 2 survivors (8192K)
 Metaspace       used 31932K, committed 32256K, reserved 1114112K
  class space    used 4015K, committed 4160K, reserved 1048576K
}
Event: 35.226 GC heap before
{Heap before GC invocations=10 (full 0):
 garbage-first heap   total 98304K, used 26583K [0x0000000680000000, 0x0000000800000000)
  region size 4096K, 3 young (12288K), 2 survivors (8192K)
 Metaspace       used 32378K, committed 32704K, reserved 1114112K
  class space    used 4079K, committed 4224K, reserved 1048576K
}
Event: 35.231 GC heap after
{Heap after GC invocations=11 (full 0):
 garbage-first heap   total 98304K, used 22687K [0x0000000680000000, 0x0000000800000000)
  region size 4096K, 1 young (4096K), 1 survivors (4096K)
 Metaspace       used 32378K, committed 32704K, reserved 1114112K
  class space    used 4079K, committed 4224K, reserved 1048576K
}

Deoptimization events (20 events):
Event: 35.325 Thread 0x000001ccfc92a570 Uncommon trap: trap_request=0xffffffbe fr.pc=0x000001cc9e9a5838 relative=0x0000000000001e38
Event: 35.325 Thread 0x000001ccfc92a570 Uncommon trap: reason=profile_predicate action=maybe_recompile pc=0x000001cc9e9a5838 method=org.springframework.util.StringUtils.tokenizeToStringArray(Ljava/lang/String;Ljava/lang/String;ZZ)[Ljava/lang/String; @ 33 c2
Event: 35.325 Thread 0x000001ccfc92a570 DEOPT PACKING pc=0x000001cc9e9a5838 sp=0x00000054b32fe150
Event: 35.325 Thread 0x000001ccfc92a570 DEOPT UNPACKING pc=0x000001cc9e1f23a3 sp=0x00000054b32fe168 mode 2
Event: 39.683 Thread 0x000001ccfc92a570 Uncommon trap: trap_request=0xffffff45 fr.pc=0x000001cc9e9e5418 relative=0x0000000000002ab8
Event: 39.683 Thread 0x000001ccfc92a570 Uncommon trap: reason=unstable_if action=reinterpret pc=0x000001cc9e9e5418 method=org.springframework.beans.factory.support.AbstractBeanFactory.isTypeMatch(Ljava/lang/String;Lorg/springframework/core/ResolvableType;Z)Z @ 499 c2
Event: 39.683 Thread 0x000001ccfc92a570 DEOPT PACKING pc=0x000001cc9e9e5418 sp=0x00000054b32fe070
Event: 39.683 Thread 0x000001ccfc92a570 DEOPT UNPACKING pc=0x000001cc9e1f23a3 sp=0x00000054b32fe088 mode 2
Event: 39.937 Thread 0x000001ccfc92a570 Uncommon trap: trap_request=0xffffff45 fr.pc=0x000001cc9e94ae08 relative=0x0000000000000388
Event: 39.937 Thread 0x000001ccfc92a570 Uncommon trap: reason=unstable_if action=reinterpret pc=0x000001cc9e94ae08 method=org.springframework.beans.factory.support.AbstractBeanFactory.getBeanPostProcessorCache()Lorg/springframework/beans/factory/support/AbstractBeanFactory$BeanPostProcessorCach
Event: 39.937 Thread 0x000001ccfc92a570 DEOPT PACKING pc=0x000001cc9e94ae08 sp=0x00000054b32fdf90
Event: 39.937 Thread 0x000001ccfc92a570 DEOPT UNPACKING pc=0x000001cc9e1f23a3 sp=0x00000054b32fde80 mode 2
Event: 39.957 Thread 0x000001ccfc92a570 Uncommon trap: trap_request=0xffffff45 fr.pc=0x000001cc9e9d0ae4 relative=0x0000000000004164
Event: 39.957 Thread 0x000001ccfc92a570 Uncommon trap: reason=unstable_if action=reinterpret pc=0x000001cc9e9d0ae4 method=org.springframework.beans.factory.support.DefaultListableBeanFactory.doGetBeanNamesForType(Lorg/springframework/core/ResolvableType;ZZ)[Ljava/lang/String; @ 242 c2
Event: 39.957 Thread 0x000001ccfc92a570 DEOPT PACKING pc=0x000001cc9e9d0ae4 sp=0x00000054b32fdfe0
Event: 39.957 Thread 0x000001ccfc92a570 DEOPT UNPACKING pc=0x000001cc9e1f23a3 sp=0x00000054b32fdfe8 mode 2
Event: 39.975 Thread 0x000001ccfc92a570 Uncommon trap: trap_request=0xffffff45 fr.pc=0x000001cc9e990718 relative=0x0000000000003f98
Event: 39.975 Thread 0x000001ccfc92a570 Uncommon trap: reason=unstable_if action=reinterpret pc=0x000001cc9e990718 method=org.springframework.beans.factory.support.AbstractBeanFactory.hasInstantiationAwareBeanPostProcessors()Z @ 12 c2
Event: 39.975 Thread 0x000001ccfc92a570 DEOPT PACKING pc=0x000001cc9e990718 sp=0x00000054b32fdef0
Event: 39.975 Thread 0x000001ccfc92a570 DEOPT UNPACKING pc=0x000001cc9e1f23a3 sp=0x00000054b32fdd68 mode 2

Classes unloaded (0 events):
No events

Classes redefined (0 events):
No events

Internal exceptions (20 events):
Event: 37.975 Thread 0x000001ccfd2d53f0 Exception <a 'java/lang/ClassNotFoundException'{0x00000006973b8440}: org/springframework/context/support/LiveBeansView> (0x00000006973b8440) 
thrown [s\open\src\hotspot\share\classfile\systemDictionary.cpp, line 256]
Event: 37.975 Thread 0x000001ccfd2d53f0 Exception <a 'java/lang/ClassNotFoundException'{0x00000006973b87e8}: org/springframework/context/support/LiveBeansView> (0x00000006973b87e8) 
thrown [s\open\src\hotspot\share\classfile\systemDictionary.cpp, line 256]
Event: 37.975 Thread 0x000001ccfd2d53f0 Exception <a 'java/lang/ClassNotFoundException'{0x00000006973b8ba8}: org/springframework/context/support/LiveBeansView> (0x00000006973b8ba8) 
thrown [s\open\src\hotspot\share\classfile\systemDictionary.cpp, line 256]
Event: 37.975 Thread 0x000001ccfd2d53f0 Exception <a 'java/lang/ClassNotFoundException'{0x00000006973b8f60}: org/springframework/context/support/LiveBeansView> (0x00000006973b8f60) 
thrown [s\open\src\hotspot\share\classfile\systemDictionary.cpp, line 256]
Event: 37.975 Thread 0x000001ccfd2d53f0 Exception <a 'java/lang/ClassNotFoundException'{0x00000006973b9310}: org/springframework/context/support/LiveBeansView> (0x00000006973b9310) 
thrown [s\open\src\hotspot\share\classfile\systemDictionary.cpp, line 256]
Event: 37.975 Thread 0x000001ccfd2d53f0 Exception <a 'java/lang/ClassNotFoundException'{0x00000006973b96d8}: org/springframework/context/support/LiveBeansView> (0x00000006973b96d8) 
thrown [s\open\src\hotspot\share\classfile\systemDictionary.cpp, line 256]
Event: 37.975 Thread 0x000001ccfd2d53f0 Exception <a 'java/lang/ClassNotFoundException'{0x00000006973b9a98}: org/springframework/context/support/LiveBeansView> (0x00000006973b9a98) 
thrown [s\open\src\hotspot\share\classfile\systemDictionary.cpp, line 256]
Event: 37.975 Thread 0x000001ccfd2d53f0 Exception <a 'java/lang/ClassNotFoundException'{0x00000006973b9e58}: org/springframework/context/support/LiveBeansView> (0x00000006973b9e58) 
thrown [s\open\src\hotspot\share\classfile\systemDictionary.cpp, line 256]
Event: 37.975 Thread 0x000001ccfd2d53f0 Exception <a 'java/lang/ClassNotFoundException'{0x00000006973ba218}: org/springframework/context/support/LiveBeansView> (0x00000006973ba218) 
thrown [s\open\src\hotspot\share\classfile\systemDictionary.cpp, line 256]
Event: 37.975 Thread 0x000001ccfd2d53f0 Exception <a 'java/lang/ClassNotFoundException'{0x00000006973ba5b8}: org/springframework/context/support/LiveBeansView> (0x00000006973ba5b8) 
thrown [s\open\src\hotspot\share\classfile\systemDictionary.cpp, line 256]
Event: 37.975 Thread 0x000001ccfd2d53f0 Exception <a 'java/lang/ClassNotFoundException'{0x00000006973ba970}: org/springframework/context/support/LiveBeansView> (0x00000006973ba970) 
thrown [s\open\src\hotspot\share\classfile\systemDictionary.cpp, line 256]
Event: 37.975 Thread 0x000001ccfd2d53f0 Exception <a 'java/lang/ClassNotFoundException'{0x00000006973bad18}: org/springframework/context/support/LiveBeansView> (0x00000006973bad18) 
thrown [s\open\src\hotspot\share\classfile\systemDictionary.cpp, line 256]
Event: 37.977 Thread 0x000001ccfd2d53f0 Exception <a 'java/lang/ClassNotFoundException'{0x0000000696c044d0}: org/springframework/context/support/LiveBeansView> (0x0000000696c044d0) 
thrown [s\open\src\hotspot\share\classfile\systemDictionary.cpp, line 256]
Event: 37.977 Thread 0x000001ccfd2d53f0 Exception <a 'java/lang/ClassNotFoundException'{0x0000000696c04898}: org/springframework/context/support/LiveBeansView> (0x0000000696c04898) 
thrown [s\open\src\hotspot\share\classfile\systemDictionary.cpp, line 256]
Event: 37.977 Thread 0x000001ccfd2d53f0 Exception <a 'java/lang/ClassNotFoundException'{0x0000000696c04c48}: org/springframework/context/support/LiveBeansView> (0x0000000696c04c48) 
thrown [s\open\src\hotspot\share\classfile\systemDictionary.cpp, line 256]
Event: 37.977 Thread 0x000001ccfd2d53f0 Exception <a 'java/lang/ClassNotFoundException'{0x0000000696c04ff8}: org/springframework/context/support/LiveBeansView> (0x0000000696c04ff8) 
thrown [s\open\src\hotspot\share\classfile\systemDictionary.cpp, line 256]
Event: 37.979 Thread 0x000001ccfd2d53f0 Exception <a 'java/lang/reflect/InvocationTargetException'{0x0000000696c087a8}> (0x0000000696c087a8) 
thrown [s\open\src\hotspot\share\runtime\reflection.cpp, line 1121]
Event: 39.937 Thread 0x000001ccfc92a570 Implicit null exception at 0x000001cc9e94aafe to 0x000001cc9e94ade8
Event: 39.972 Thread 0x000001ccfc92a570 Exception <a 'java/lang/NoClassDefFoundError'{0x0000000684ca61f0}: org/flywaydb/core/Flyway> (0x0000000684ca61f0) 
thrown [s\open\src\hotspot\share\classfile\systemDictionary.cpp, line 245]
Event: 39.972 Thread 0x000001ccfc92a570 Exception <a 'java/lang/NoClassDefFoundError'{0x0000000684ca77b0}: liquibase/integration/spring/SpringLiquibase> (0x0000000684ca77b0) 
thrown [s\open\src\hotspot\share\classfile\systemDictionary.cpp, line 245]

VM Operations (20 events):
Event: 36.277 Executing VM operation: Cleanup
Event: 36.277 Executing VM operation: Cleanup done
Event: 37.277 Executing VM operation: Cleanup
Event: 37.278 Executing VM operation: Cleanup done
Event: 38.278 Executing VM operation: Cleanup
Event: 38.278 Executing VM operation: Cleanup done
Event: 39.759 Executing VM operation: HandshakeAllThreads
Event: 39.759 Executing VM operation: HandshakeAllThreads done
Event: 39.759 Executing VM operation: Cleanup
Event: 39.759 Executing VM operation: Cleanup done
Event: 39.759 Executing VM operation: HandshakeAllThreads
Event: 39.759 Executing VM operation: HandshakeAllThreads done
Event: 39.765 Executing VM operation: HandshakeAllThreads
Event: 39.765 Executing VM operation: HandshakeAllThreads done
Event: 39.809 Executing VM operation: HandshakeAllThreads
Event: 39.809 Executing VM operation: HandshakeAllThreads done
Event: 39.809 Executing VM operation: HandshakeAllThreads
Event: 39.809 Executing VM operation: HandshakeAllThreads done
Event: 39.873 Executing VM operation: HandshakeAllThreads
Event: 39.873 Executing VM operation: HandshakeAllThreads done

Events (20 events):
Event: 39.878 Thread 0x000001ccb68cf620 flushing nmethod 0x000001cc97484110
Event: 39.878 Thread 0x000001ccb68cf620 flushing nmethod 0x000001cc97484d90
Event: 39.878 Thread 0x000001ccb68cf620 flushing nmethod 0x000001cc974a5a10
Event: 39.879 Thread 0x000001ccb68cf620 flushing nmethod 0x000001cc974b3710
Event: 39.879 Thread 0x000001ccb68cf620 flushing nmethod 0x000001cc974b4f10
Event: 39.880 Thread 0x000001ccb68cf620 flushing nmethod 0x000001cc974c3390
Event: 39.880 Thread 0x000001ccb68cf620 flushing nmethod 0x000001cc974d9990
Event: 39.880 Thread 0x000001ccb68cf620 flushing nmethod 0x000001cc974eab10
Event: 39.880 Thread 0x000001ccb68cf620 flushing nmethod 0x000001cc974f1490
Event: 39.880 Thread 0x000001ccb68cf620 flushing nmethod 0x000001cc9750de90
Event: 39.880 Thread 0x000001ccb68cf620 flushing nmethod 0x000001cc9751d510
Event: 39.880 Thread 0x000001ccb68cf620 flushing nmethod 0x000001cc97529510
Event: 39.880 Thread 0x000001ccb68cf620 flushing nmethod 0x000001cc9753cf90
Event: 39.880 Thread 0x000001ccb68cf620 flushing nmethod 0x000001cc97565910
Event: 39.880 Thread 0x000001ccb68cf620 flushing nmethod 0x000001cc9756ba10
Event: 39.880 Thread 0x000001ccb68cf620 flushing nmethod 0x000001cc9757b310
Event: 39.883 loading class java/util/DualPivotQuicksort
Event: 39.885 loading class java/util/DualPivotQuicksort done
Event: 39.892 loading class jdk/internal/reflect/UnsafeStaticObjectFieldAccessorImpl
Event: 39.895 loading class jdk/internal/reflect/UnsafeStaticObjectFieldAccessorImpl done


Dynamic libraries:
0x00007ff795d40000 - 0x00007ff795d50000 	C:\Program Files\Java\jdk-17\bin\java.exe
0x00007ff821240000 - 0x00007ff82142e000 	C:\Windows\SYSTEM32\ntdll.dll
0x00007ff820600000 - 0x00007ff8206b3000 	C:\Windows\System32\KERNEL32.DLL
0x00007ff81e0f0000 - 0x00007ff81e38e000 	C:\Windows\System32\KERNELBASE.dll
0x00007ff81dca0000 - 0x00007ff81dd9a000 	C:\Windows\System32\ucrtbase.dll
0x00007ff810230000 - 0x00007ff810249000 	C:\Program Files\Java\jdk-17\bin\jli.dll
0x00007ff81e800000 - 0x00007ff81e8a9000 	C:\Windows\System32\ADVAPI32.dll
0x00007ff8203c0000 - 0x00007ff82045e000 	C:\Windows\System32\msvcrt.dll
0x00007ff8201f0000 - 0x00007ff820292000 	C:\Windows\System32\sechost.dll
0x00007ff820c60000 - 0x00007ff820d78000 	C:\Windows\System32\RPCRT4.dll
0x00007ff81dfb0000 - 0x00007ff81dfd6000 	C:\Windows\System32\bcrypt.dll
0x00007ff820460000 - 0x00007ff8205f7000 	C:\Windows\System32\USER32.dll
0x00007ff81e070000 - 0x00007ff81e090000 	C:\Windows\System32\win32u.dll
0x00007ff8201c0000 - 0x00007ff8201e9000 	C:\Windows\System32\GDI32.dll
0x00007ff81d350000 - 0x00007ff81d4fc000 	C:\Windows\System32\gdi32full.dll
0x00007ff81d2b0000 - 0x00007ff81d350000 	C:\Windows\System32\msvcp_win.dll
0x00007ff80a050000 - 0x00007ff80a2c9000 	C:\Windows\WinSxS\amd64_microsoft.windows.common-controls_6595b64144ccf1df_6.0.17763.7136_none_de7065e8534c1279\COMCTL32.dll
0x00007ff820d80000 - 0x00007ff8210aa000 	C:\Windows\System32\combase.dll
0x00007ff81dfe0000 - 0x00007ff81e062000 	C:\Windows\System32\bcryptPrimitives.dll
0x00007ff817e70000 - 0x00007ff817e7a000 	C:\Windows\SYSTEM32\VERSION.dll
0x00007ff811300000 - 0x00007ff81131b000 	C:\Program Files\Java\jdk-17\bin\VCRUNTIME140.dll
0x00007ff820390000 - 0x00007ff8203be000 	C:\Windows\System32\IMM32.DLL
0x00007ff814aa0000 - 0x00007ff814aac000 	C:\Program Files\Java\jdk-17\bin\vcruntime140_1.dll
0x00007ffff07f0000 - 0x00007ffff087e000 	C:\Program Files\Java\jdk-17\bin\msvcp140.dll
0x00007fffd6f00000 - 0x00007fffd7ae0000 	C:\Program Files\Java\jdk-17\bin\server\jvm.dll
0x00007ff81e5d0000 - 0x00007ff81e5d8000 	C:\Windows\System32\PSAPI.DLL
0x00007ff8155b0000 - 0x00007ff8155d4000 	C:\Windows\SYSTEM32\WINMM.dll
0x00007ff815580000 - 0x00007ff8155ad000 	C:\Windows\SYSTEM32\WINMMBASE.dll
0x00007ff81d500000 - 0x00007ff81d54a000 	C:\Windows\System32\cfgmgr32.dll
0x00007ff804880000 - 0x00007ff804889000 	C:\Windows\SYSTEM32\WSOCK32.dll
0x00007ff820320000 - 0x00007ff82038d000 	C:\Windows\System32\WS2_32.dll
0x00007ff81d290000 - 0x00007ff81d2a1000 	C:\Windows\System32\kernel.appcore.dll
0x00007ff8112f0000 - 0x00007ff8112fa000 	C:\Program Files\Java\jdk-17\bin\jimage.dll
0x00007ff815a60000 - 0x00007ff815c4d000 	C:\Windows\SYSTEM32\DBGHELP.DLL
0x00007ff815a30000 - 0x00007ff815a5a000 	C:\Windows\SYSTEM32\dbgcore.DLL
0x00007ffffbb60000 - 0x00007ffffbb85000 	C:\Program Files\Java\jdk-17\bin\java.dll
0x00007fffe9830000 - 0x00007fffe9907000 	C:\Program Files\Java\jdk-17\bin\jsvml.dll
0x00007ff81e910000 - 0x00007ff81fe08000 	C:\Windows\System32\SHELL32.dll
0x00007ff81e5e0000 - 0x00007ff81e687000 	C:\Windows\System32\shcore.dll
0x00007ff81d550000 - 0x00007ff81dc98000 	C:\Windows\System32\windows.storage.dll
0x00007ff81d260000 - 0x00007ff81d283000 	C:\Windows\System32\profapi.dll
0x00007ff81d1e0000 - 0x00007ff81d23d000 	C:\Windows\System32\powrprof.dll
0x00007ff8210b0000 - 0x00007ff821102000 	C:\Windows\System32\shlwapi.dll
0x00007ff81e440000 - 0x00007ff81e45b000 	C:\Windows\System32\cryptsp.dll
0x00007ff801160000 - 0x00007ff801179000 	C:\Program Files\Java\jdk-17\bin\net.dll
0x00007ff818820000 - 0x00007ff81891d000 	C:\Windows\SYSTEM32\WINHTTP.dll
0x00007ff81c870000 - 0x00007ff81c8d7000 	C:\Windows\system32\mswsock.dll
0x00007ffffc2a0000 - 0x00007ffffc2b6000 	C:\Program Files\Java\jdk-17\bin\nio.dll
0x00007ffff6450000 - 0x00007ffff6468000 	C:\Program Files\Java\jdk-17\bin\zip.dll
0x00007ff8111a0000 - 0x00007ff8111aa000 	C:\Program Files\Java\jdk-17\bin\management.dll
0x00007ffffabe0000 - 0x00007ffffabeb000 	C:\Program Files\Java\jdk-17\bin\management_ext.dll
0x00007ff815c50000 - 0x00007ff815c66000 	C:\Windows\system32\napinsp.dll
0x00007ff81c5b0000 - 0x00007ff81c676000 	C:\Windows\SYSTEM32\DNSAPI.dll
0x00007ff81e5c0000 - 0x00007ff81e5c8000 	C:\Windows\System32\NSI.dll
0x00007ff81c560000 - 0x00007ff81c59d000 	C:\Windows\SYSTEM32\IPHLPAPI.DLL
0x00007ff8162a0000 - 0x00007ff8162ae000 	C:\Windows\System32\winrnr.dll
0x00007ff818450000 - 0x00007ff81846b000 	C:\Windows\system32\NLAapi.dll
0x00007ff815c70000 - 0x00007ff815c85000 	C:\Windows\system32\wshbth.dll
0x00007ff817d10000 - 0x00007ff817d1a000 	C:\Windows\System32\rasadhlp.dll
0x00007ff81a440000 - 0x00007ff81a4b9000 	C:\Windows\System32\fwpuclnt.dll
0x00007ff81c330000 - 0x00007ff81c363000 	C:\Windows\system32\rsaenh.dll
0x00007ff81d110000 - 0x00007ff81d139000 	C:\Windows\SYSTEM32\USERENV.dll
0x00007ff81ca40000 - 0x00007ff81ca4c000 	C:\Windows\SYSTEM32\CRYPTBASE.dll
0x00007ff81a420000 - 0x00007ff81a436000 	C:\Windows\SYSTEM32\dhcpcsvc6.DLL
0x00007ff81a400000 - 0x00007ff81a41c000 	C:\Windows\SYSTEM32\dhcpcsvc.DLL
0x00007ffff6b70000 - 0x00007ffff6b80000 	C:\Program Files\Java\jdk-17\bin\verify.dll

dbghelp: loaded successfully - version: 4.0.5 - missing functions: none
symbol engine: initialized successfully - sym options: 0x614 - pdb path: .;C:\Program Files\Java\jdk-17\bin;C:\Windows\SYSTEM32;C:\Windows\WinSxS\amd64_microsoft.windows.common-controls_6595b64144ccf1df_6.0.17763.7136_none_de7065e8534c1279;C:\Program Files\Java\jdk-17\bin\server

VM Arguments:
jvm_args: -XX:+ShowCodeDetailsInExceptionMessages -Dspring.jmx.enabled=true -Dmanagement.endpoints.jmx.exposure.include=* -Dspring.application.admin.enabled=true -Dspring.boot.project.name=TaxManagmentSystem -Djava.rmi.server.hostname=localhost -Dcom.sun.management.jmxremote.port=45557 -Dcom.sun.management.jmxremote.authenticate=false -Dcom.sun.management.jmxremote.ssl=false 
java_command: com.tms.TMSApplication
java_class_path (initial): E:\VSC\Project\tms\ewnetie\tms\Backend\TaxManagmentSystem\target\classes;C:\Users\ewnetiea\.m2\repository\org\springframework\boot\spring-boot-starter-tomcat\2.7.3\spring-boot-starter-tomcat-2.7.3.jar;C:\Users\ewnetiea\.m2\repository\jakarta\annotation\jakarta.annotation-api\1.3.5\jakarta.annotation-api-1.3.5.jar;C:\Users\ewnetiea\.m2\repository\org\apache\tomcat\embed\tomcat-embed-core\9.0.65\tomcat-embed-core-9.0.65.jar;C:\Users\ewnetiea\.m2\repository\org\apache\tomcat\embed\tomcat-embed-el\9.0.65\tomcat-embed-el-9.0.65.jar;C:\Users\ewnetiea\.m2\repository\org\apache\tomcat\embed\tomcat-embed-websocket\9.0.65\tomcat-embed-websocket-9.0.65.jar;C:\Users\ewnetiea\.m2\repository\org\springframework\boot\spring-boot-starter-actuator\2.7.3\spring-boot-starter-actuator-2.7.3.jar;C:\Users\ewnetiea\.m2\repository\org\springframework\boot\spring-boot-starter\2.7.3\spring-boot-starter-2.7.3.jar;C:\Users\ewnetiea\.m2\repository\org\yaml\snakeyaml\1.30\snakeyaml-1.30.jar;C:\Users\ewnetiea\.m2\repository\org\springframework\boot\spring-boot-actuator-autoconfigure\2.7.3\spring-boot-actuator-autoconfigure-2.7.3.jar;C:\Users\ewnetiea\.m2\repository\org\springframework\boot\spring-boot-actuator\2.7.3\spring-boot-actuator-2.7.3.jar;C:\Users\ewnetiea\.m2\repository\com\fasterxml\jackson\datatype\jackson-datatype-jsr310\2.13.3\jackson-datatype-jsr310-2.13.3.jar;C:\Users\ewnetiea\.m2\repository\io\micrometer\micrometer-core\1.9.3\micrometer-core-1.9.3.jar;C:\Users\ewnetiea\.m2\repository\org\hdrhistogram\HdrHistogram\2.1.12\HdrHistogram-2.1.12.jar;C:\Users\ewnetiea\.m2\repository\org\latencyutils\LatencyUtils\2.0.3\LatencyUtils-2.0.3.jar;C:\Users\ewnetiea\.m2\repository\eu\bitwalker\UserAgentUtils\1.15\UserAgentUtils-1.15.jar;C:\Users\ewnetiea\.m2\repository\org\springframework\boot\spring-boot-starter-data-jdbc\2.7.3\spring-boot-starter-data-jdbc-2.7.3.jar;C:\Users\ewnetiea\.m2\repository\org\springframework\boot\spring-boot-starter-jdbc\2.7.3\spring-boot
Launcher Type: SUN_STANDARD

[Global flags]
     intx CICompilerCount                          = 4                                         {product} {ergonomic}
     uint ConcGCThreads                            = 2                                         {product} {ergonomic}
     uint G1ConcRefinementThreads                  = 8                                         {product} {ergonomic}
   size_t G1HeapRegionSize                         = 4194304                                   {product} {ergonomic}
    uintx GCDrainStackTargetSize                   = 64                                        {product} {ergonomic}
   size_t InitialHeapSize                          = 402653184                                 {product} {ergonomic}
     bool ManagementServer                         = true                                      {product} {command line}
   size_t MarkStackSize                            = 4194304                                   {product} {ergonomic}
   size_t MaxHeapSize                              = 6442450944                                {product} {ergonomic}
   size_t MaxNewSize                               = 3862953984                                {product} {ergonomic}
   size_t MinHeapDeltaBytes                        = 4194304                                   {product} {ergonomic}
   size_t MinHeapSize                              = 8388608                                   {product} {ergonomic}
    uintx NonNMethodCodeHeapSize                   = 5839372                                {pd product} {ergonomic}
    uintx NonProfiledCodeHeapSize                  = 122909434                              {pd product} {ergonomic}
    uintx ProfiledCodeHeapSize                     = 122909434                              {pd product} {ergonomic}
    uintx ReservedCodeCacheSize                    = 251658240                              {pd product} {ergonomic}
     bool SegmentedCodeCache                       = true                                      {product} {ergonomic}
     bool ShowCodeDetailsInExceptionMessages       = true                                   {manageable} {command line}
   size_t SoftMaxHeapSize                          = 6442450944                             {manageable} {ergonomic}
     bool UseCompressedClassPointers               = true                           {product lp64_product} {ergonomic}
     bool UseCompressedOops                        = true                           {product lp64_product} {ergonomic}
     bool UseG1GC                                  = true                                      {product} {ergonomic}
     bool UseLargePagesIndividualAllocation        = false                                  {pd product} {ergonomic}

Logging:
Log output configuration:
 #0: stdout all=warning uptime,level,tags
 #1: stderr all=off uptime,level,tags

Environment Variables:
JAVA_HOME=C:\Program Files\Java\jdk-17
PATH=C:\Program Files\Java\jdk-17\bin;c:\Users\abeshuk\AppData\Local\Programs\cursor\resources\app\bin;C:\Program Files\Common Files\Oracle\Java\javapath;C:\Windows\system32;C:\Windows;C:\Windows\System32\Wbem;C:\Windows\System32\WindowsPowerShell\v1.0\;C:\Windows\System32\OpenSSH\;C:\Program Files\Microsoft SQL Server\Client SDK\ODBC\170\Tools\Binn\;C:\Program Files (x86)\Microsoft SQL Server\150\Tools\Binn\;C:\Program Files\Microsoft SQL Server\150\Tools\Binn\;C:\Program Files\Microsoft SQL Server\150\DTS\Binn\;C:\Program Files (x86)\Microsoft SQL Server\150\DTS\Binn\;C:\Program Files\Azure Data Studio\bin;C:\Program Files\Java\jdk-17\bin;C:\Program Files\Git\cmd;C:\nssm\win64;C:\Users\abeshuk\AppData\Roaming\npm\node_modules;C:\apache-maven-3.8.7\bin;C:\Users\ewnetiea\AppData\Roaming\nvm;C:\Program Files\nodejs;C:\Users\ewnetiea\AppData\Local\Microsoft\WindowsApps;C:\Users\ewnetiea\AppData\Roaming\npm;C:\apache-maven-3.9.8\bin;C:\Program Files\nvm-setup;C:\Program Files\nodejs;C:\Users\ewnetiea\AppData\Local\Programs\Py;C:\Program Files\nodejs\;C:\Users\ewnetiea\AppData\Local\Programs\Python\Python313\Scripts\;C:\Users\ewnetiea\AppData\Local\Programs\Python\Python313\;C:\Users\ewnetiea\AppData\Local\Microsoft\WindowsApps;C:\Program Files\Java\jdk-17\bin;C:\apache-maven-3.8.7\bin;C:\apache-maven-3.9.8\bin;C:\Users\ewnetiea\AppData\Local\Programs\Microsoft VS Code\bin;C:\Users\ewnetiea\AppData\Roaming\nvm;C:\Program Files\nodejs;C:\Users\ewnetiea\AppData\Roaming\npm
USERNAME=ewnetiea
LANG=en_US.UTF-8
OS=Windows_NT
PROCESSOR_IDENTIFIER=Intel64 Family 6 Model 63 Stepping 2, GenuineIntel



---------------  S Y S T E M  ---------------

OS:
 Windows Server 2019 , 64 bit Build 17763 (10.0.17763.7009)
OS uptime: 7 days 22:44 hours
VMWare virtualization detected

CPU: total 8 (initial active 8) (2 cores per cpu, 1 threads per core) family 6 model 63 stepping 2 microcode 0x49, cx8, cmov, fxsr, mmx, sse, sse2, sse3, ssse3, sse4.1, sse4.2, popcnt, lzcnt, tsc, tscinvbit, avx, avx2, aes, erms, clmul, bmi1, bmi2, fma, vzeroupper, clflush, hv

Memory: 4k page, system-wide physical 24575M (763M free)
TotalPageFile size 37297M (AvailPageFile size 302M)
current process WorkingSet (physical memory assigned to process): 225M, peak: 242M
current process commit charge ("private bytes"): 277M, peak: 532M

vm_info: Java HotSpot(TM) 64-Bit Server VM (17.0.12+8-LTS-286) for windows-amd64 JRE (17.0.12+8-LTS-286), built on Jun  5 2024 06:46:59 by "mach5one" with MS VC++ 17.6 (VS2022)

END.
