#
# There is insufficient memory for the Java Runtime Environment to continue.
# Native memory allocation (malloc) failed to allocate 1048576 bytes. Error detail: AllocateHeap
# Possible reasons:
#   The system is out of physical RAM or swap space
#   This process is running with CompressedOops enabled, and the Java Heap may be blocking the growth of the native heap
# Possible solutions:
#   Reduce memory load on the system
#   Increase physical memory or swap space
#   Check if swap backing store is full
#   Decrease Java heap size (-Xmx/-Xms)
#   Decrease number of Java threads
#   Decrease Java thread stack sizes (-Xss)
#   Set larger code cache with -XX:ReservedCodeCacheSize=
#   JVM is running with Unscaled Compressed Oops mode in which the Java heap is
#     placed in the first 4GB address space. The Java Heap base address is the
#     maximum limit for the native heap growth. Please use -XX:HeapBaseMinAddress
#     to set the Java Heap base and to place the Java Heap above 4GB virtual address.
# This output file may be truncated or incomplete.
#
#  Out of Memory Error (allocation.cpp:44), pid=12748, tid=7008
#
# JRE version: OpenJDK Runtime Environment Temurin-21.0.8+9 (21.0.8+9) (build 21.0.8+9-LTS)
# Java VM: OpenJDK 64-Bit Server VM Temurin-21.0.8+9 (21.0.8+9-LTS, mixed mode, sharing, tiered, compressed oops, compressed class ptrs, parallel gc, windows-amd64)
# Core dump will be written. Default location: e:\VSC\Project\Audit\Abeshu\ums\Backend\AuditFindingReportingandFollowupManagementSystem\hs_err_pid12748.mdmp
#

---------------  S U M M A R Y ------------

Command Line: --add-modules=ALL-SYSTEM --add-opens=java.base/java.util=ALL-UNNAMED --add-opens=java.base/java.lang=ALL-UNNAMED --add-opens=java.base/sun.nio.fs=ALL-UNNAMED -Declipse.application=org.eclipse.jdt.ls.core.id1 -Dosgi.bundles.defaultStartLevel=4 -Declipse.product=org.eclipse.jdt.ls.core.product -Djava.import.generatesMetadataFilesAtProjectRoot=false -DDetectVMInstallationsJob.disabled=true -Dfile.encoding=utf8 -XX:+UseParallelGC -XX:GCTimeRatio=4 -XX:AdaptiveSizePolicyWeight=90 -Dsun.zip.disableMemoryMapping=true -Xmx2G -Xms100m -Xlog:disable -javaagent:c:\Users\abeshuk\.vscode\extensions\redhat.java-1.44.0-win32-x64\lombok\lombok-1.18.39-4050.jar -XX:+HeapDumpOnOutOfMemoryError -XX:HeapDumpPath=c:\Users\abeshuk\AppData\Roaming\Code\User\workspaceStorage\0d97b21f31cd49fd9323b20bdbe348d2\redhat.java -Daether.dependencyCollector.impl=bf c:\Users\abeshuk\.vscode\extensions\redhat.java-1.44.0-win32-x64\server\plugins\org.eclipse.equinox.launcher_1.7.0.v20250519-0528.jar -configuration c:\Users\abeshuk\AppData\Roaming\Code\User\globalStorage\redhat.java\1.44.0\config_win -data c:\Users\abeshuk\AppData\Roaming\Code\User\workspaceStorage\0d97b21f31cd49fd9323b20bdbe348d2\redhat.java\jdt_ws --pipe=\\.\pipe\lsp-e232ad4fba6ff3e4af7efebea0a87f6a-sock

Host: Intel(R) Xeon(R) CPU E5-2690 v3 @ 2.60GHz, 8 cores, 23G,  Windows Server 2019 , 64 bit Build 17763 (10.0.17763.7009)
Time: Tue Aug 12 11:32:06 2025 E. Africa Standard Time elapsed time: 10079.915022 seconds (0d 2h 47m 59s)

---------------  T H R E A D  ---------------

Current thread (0x000001e2da1c9a90):  JavaThread "Attach Listener" daemon [_thread_in_vm, id=7008, stack(0x0000007ad7f00000,0x0000007ad8000000) (1024K)]

Stack: [0x0000007ad7f00000,0x0000007ad8000000]
Native frames: (J=compiled Java code, j=interpreted, Vv=VM code, C=native code)
V  [jvm.dll+0x6d2449]
V  [jvm.dll+0x8ae341]
V  [jvm.dll+0x8b08be]
V  [jvm.dll+0x8b0fa3]
V  [jvm.dll+0x280c96]
V  [jvm.dll+0xc0347]
V  [jvm.dll+0x6d2cf9]
V  [jvm.dll+0x131116]
V  [jvm.dll+0x3f2d16]
V  [jvm.dll+0x857e6b]
V  [jvm.dll+0x6d0b0d]
C  [ucrtbase.dll+0x2268a]
C  [KERNEL32.DLL+0x17ac4]
C  [ntdll.dll+0x5a8c1]


---------------  P R O C E S S  ---------------

Threads class SMR info:
_java_thread_list=0x000001e2f4547aa0, length=41, elements={
0x000001e2825e7860, 0x000001e2da1c83b0, 0x000001e28269ccb0, 0x000001e28269e930,
0x000001e2da1c9a90, 0x000001e2da1ca9a0, 0x000001e2da1ce410, 0x000001e2da1d1250,
0x000001e2db968120, 0x000001e2dba2d3d0, 0x000001e2dbc74f10, 0x000001e2e0494b00,
0x000001e2e05d22e0, 0x000001e2dbc4cbb0, 0x000001e2dbc4d5e0, 0x000001e2dba90c60,
0x000001e2e0c93d90, 0x000001e2e05af330, 0x000001e2e05acbd0, 0x000001e2e05af9c0,
0x000001e2e05ad260, 0x000001e2e062f230, 0x000001e2e062b720, 0x000001e2e062e510,
0x000001e2e062eba0, 0x000001e2e06305e0, 0x000001e2e062f8c0, 0x000001e2e062cad0,
0x000001e2e062bdb0, 0x000001e2e062b090, 0x000001e2e0630c70, 0x000001e2e062d7f0,
0x000001e2e0631300, 0x000001e2e0631990, 0x000001e2e100b440, 0x000001e2e100d510,
0x000001e2e1466a60, 0x000001e2e14691c0, 0x000001e2f85fbe60, 0x000001e2f85f9d90,
0x000001e2f85fb7d0
}

Java Threads: ( => current thread )
  0x000001e2825e7860 JavaThread "main"                              [_thread_blocked, id=19952, stack(0x0000007ad7800000,0x0000007ad7900000) (1024K)]
  0x000001e2da1c83b0 JavaThread "Reference Handler"          daemon [_thread_blocked, id=5036, stack(0x0000007ad7c00000,0x0000007ad7d00000) (1024K)]
  0x000001e28269ccb0 JavaThread "Finalizer"                  daemon [_thread_blocked, id=19512, stack(0x0000007ad7d00000,0x0000007ad7e00000) (1024K)]
  0x000001e28269e930 JavaThread "Signal Dispatcher"          daemon [_thread_blocked, id=12756, stack(0x0000007ad7e00000,0x0000007ad7f00000) (1024K)]
=>0x000001e2da1c9a90 JavaThread "Attach Listener"            daemon [_thread_in_vm, id=7008, stack(0x0000007ad7f00000,0x0000007ad8000000) (1024K)]
  0x000001e2da1ca9a0 JavaThread "Service Thread"             daemon [_thread_blocked, id=20724, stack(0x0000007ad8000000,0x0000007ad8100000) (1024K)]
  0x000001e2da1ce410 JavaThread "Monitor Deflation Thread"   daemon [_thread_blocked, id=14460, stack(0x0000007ad8100000,0x0000007ad8200000) (1024K)]
  0x000001e2da1d1250 JavaThread "C2 CompilerThread0"         daemon [_thread_blocked, id=10416, stack(0x0000007ad8200000,0x0000007ad8300000) (1024K)]
  0x000001e2db968120 JavaThread "C1 CompilerThread0"         daemon [_thread_blocked, id=6492, stack(0x0000007ad8300000,0x0000007ad8400000) (1024K)]
  0x000001e2dba2d3d0 JavaThread "Common-Cleaner"             daemon [_thread_blocked, id=12472, stack(0x0000007ad8400000,0x0000007ad8500000) (1024K)]
  0x000001e2dbc74f10 JavaThread "Notification Thread"        daemon [_thread_blocked, id=9172, stack(0x0000007ad8600000,0x0000007ad8700000) (1024K)]
  0x000001e2e0494b00 JavaThread "Active Thread: Equinox Container: 50a3eeb7-a58f-4585-905b-1cf32f3ce902"        [_thread_blocked, id=10356, stack(0x0000007ad8e00000,0x0000007ad8f00000) (1024K)]
  0x000001e2e05d22e0 JavaThread "Refresh Thread: Equinox Container: 50a3eeb7-a58f-4585-905b-1cf32f3ce902" daemon [_thread_blocked, id=4248, stack(0x0000007ad8d00000,0x0000007ad8e00000) (1024K)]
  0x000001e2dbc4cbb0 JavaThread "Framework Event Dispatcher: Equinox Container: 50a3eeb7-a58f-4585-905b-1cf32f3ce902" daemon [_thread_blocked, id=22168, stack(0x0000007ad8f00000,0x0000007ad9000000) (1024K)]
  0x000001e2dbc4d5e0 JavaThread "Start Level: Equinox Container: 50a3eeb7-a58f-4585-905b-1cf32f3ce902" daemon [_thread_blocked, id=18196, stack(0x0000007ad9000000,0x0000007ad9100000) (1024K)]
  0x000001e2dba90c60 JavaThread "Bundle File Closer"         daemon [_thread_blocked, id=19988, stack(0x0000007ad9100000,0x0000007ad9200000) (1024K)]
  0x000001e2e0c93d90 JavaThread "SCR Component Actor"        daemon [_thread_blocked, id=20548, stack(0x0000007ad9200000,0x0000007ad9300000) (1024K)]
  0x000001e2e05af330 JavaThread "Worker-JM"                         [_thread_blocked, id=7636, stack(0x0000007ad9400000,0x0000007ad9500000) (1024K)]
  0x000001e2e05acbd0 JavaThread "JNA Cleaner"                daemon [_thread_blocked, id=21680, stack(0x0000007ad9500000,0x0000007ad9600000) (1024K)]
  0x000001e2e05af9c0 JavaThread "Worker-1"                          [_thread_blocked, id=12060, stack(0x0000007ad9800000,0x0000007ad9900000) (1024K)]
  0x000001e2e05ad260 JavaThread "Java indexing"              daemon [_thread_blocked, id=328, stack(0x0000007ad9a00000,0x0000007ad9b00000) (1024K)]
  0x000001e2e062f230 JavaThread "Worker-4"                          [_thread_blocked, id=20532, stack(0x0000007ad9d00000,0x0000007ad9e00000) (1024K)]
  0x000001e2e062b720 JavaThread "Thread-2"                   daemon [_thread_in_native, id=256, stack(0x0000007ad9f00000,0x0000007ada000000) (1024K)]
  0x000001e2e062e510 JavaThread "Thread-3"                   daemon [_thread_in_native, id=2232, stack(0x0000007ada000000,0x0000007ada100000) (1024K)]
  0x000001e2e062eba0 JavaThread "Thread-4"                   daemon [_thread_in_native, id=12496, stack(0x0000007ada100000,0x0000007ada200000) (1024K)]
  0x000001e2e06305e0 JavaThread "Thread-5"                   daemon [_thread_in_native, id=16028, stack(0x0000007ada200000,0x0000007ada300000) (1024K)]
  0x000001e2e062f8c0 JavaThread "Thread-6"                   daemon [_thread_in_native, id=6940, stack(0x0000007ada300000,0x0000007ada400000) (1024K)]
  0x000001e2e062cad0 JavaThread "Thread-7"                   daemon [_thread_in_native, id=20552, stack(0x0000007ada400000,0x0000007ada500000) (1024K)]
  0x000001e2e062bdb0 JavaThread "Thread-8"                   daemon [_thread_in_native, id=20976, stack(0x0000007ada500000,0x0000007ada600000) (1024K)]
  0x000001e2e062b090 JavaThread "Thread-9"                   daemon [_thread_in_native, id=9224, stack(0x0000007ada600000,0x0000007ada700000) (1024K)]
  0x000001e2e0630c70 JavaThread "Thread-10"                  daemon [_thread_in_native, id=1192, stack(0x0000007ada700000,0x0000007ada800000) (1024K)]
  0x000001e2e062d7f0 JavaThread "pool-2-thread-1"                   [_thread_blocked, id=5672, stack(0x0000007ada800000,0x0000007ada900000) (1024K)]
  0x000001e2e0631300 JavaThread "WorkspaceEventsHandler"            [_thread_blocked, id=18404, stack(0x0000007ada900000,0x0000007adaa00000) (1024K)]
  0x000001e2e0631990 JavaThread "pool-1-thread-1"                   [_thread_blocked, id=19784, stack(0x0000007adaa00000,0x0000007adab00000) (1024K)]
  0x000001e2e100b440 JavaThread "Cleaner-0"                  daemon [_thread_blocked, id=16320, stack(0x0000007adc300000,0x0000007adc400000) (1024K)]
  0x000001e2e100d510 JavaThread "Java Debug Server"          daemon [_thread_in_native, id=15312, stack(0x0000007adc900000,0x0000007adca00000) (1024K)]
  0x000001e2e1466a60 JavaThread "pool-5-thread-1"                   [_thread_in_native, id=32, stack(0x0000007adca00000,0x0000007adcb00000) (1024K)]
  0x000001e2e14691c0 JavaThread "RxSchedulerPurge-1"         daemon [_thread_blocked, id=2196, stack(0x0000007adcb00000,0x0000007adcc00000) (1024K)]
  0x000001e2f85fbe60 JavaThread "RxCachedWorkerPoolEvictor-1" daemon [_thread_blocked, id=13648, stack(0x0000007adcc00000,0x0000007adcd00000) (1024K)]
  0x000001e2f85f9d90 JavaThread "RxNewThreadScheduler-1"     daemon [_thread_blocked, id=12768, stack(0x0000007ad9600000,0x0000007ad9700000) (1024K)]
  0x000001e2f85fb7d0 JavaThread "process reaper (pid 15960)" daemon [_thread_in_native, id=18264, stack(0x0000007ad7130000,0x0000007ad7150000) (128K)]
Total: 41

Other Threads:
  0x000001e2da1c3720 VMThread "VM Thread"                           [id=21508, stack(0x0000007ad7b00000,0x0000007ad7c00000) (1024K)]
  0x000001e282652a80 WatcherThread "VM Periodic Task Thread"        [id=18512, stack(0x0000007ad7a00000,0x0000007ad7b00000) (1024K)]
  0x000001e2826079c0 WorkerThread "GC Thread#0"                     [id=8236, stack(0x0000007ad7900000,0x0000007ad7a00000) (1024K)]
  0x000001e2e050dc60 WorkerThread "GC Thread#1"                     [id=16868, stack(0x0000007ad8500000,0x0000007ad8600000) (1024K)]
  0x000001e2e02f5560 WorkerThread "GC Thread#2"                     [id=12156, stack(0x0000007ad8700000,0x0000007ad8800000) (1024K)]
  0x000001e2e02f5900 WorkerThread "GC Thread#3"                     [id=16980, stack(0x0000007ad8800000,0x0000007ad8900000) (1024K)]
  0x000001e2e07c01a0 WorkerThread "GC Thread#4"                     [id=20172, stack(0x0000007ad8900000,0x0000007ad8a00000) (1024K)]
  0x000001e2e07c0540 WorkerThread "GC Thread#5"                     [id=18004, stack(0x0000007ad8a00000,0x0000007ad8b00000) (1024K)]
  0x000001e2e07c08e0 WorkerThread "GC Thread#6"                     [id=6452, stack(0x0000007ad8b00000,0x0000007ad8c00000) (1024K)]
  0x000001e2da1fb1f0 WorkerThread "GC Thread#7"                     [id=13868, stack(0x0000007ad8c00000,0x0000007ad8d00000) (1024K)]
Total: 10

Threads with active compile tasks:
Total: 0

VM state: not at safepoint (normal execution)

VM Mutex/Monitor currently owned by a thread: None

Heap address: 0x0000000080000000, size: 2048 MB, Compressed Oops mode: 32-bit

CDS archive(s) mapped at: [0x000001e299000000-0x000001e299ba0000-0x000001e299ba0000), size 12189696, SharedBaseAddress: 0x000001e299000000, ArchiveRelocationMode: 1.
Compressed class space mapped at: 0x000001e29a000000-0x000001e2da000000, reserved size: 1073741824
Narrow klass base: 0x000001e299000000, Narrow klass shift: 0, Narrow klass range: 0x100000000

GC Precious Log:
 CardTable entry size: 512
 CPUs: 8 total, 8 available
 Memory: 24575M
 Large Page Support: Disabled
 NUMA Support: Disabled
 Compressed Oops: Enabled (32-bit)
 Alignments: Space 512K, Generation 512K, Heap 2M
 Heap Min Capacity: 100M
 Heap Initial Capacity: 100M
 Heap Max Capacity: 2G
 Pre-touch: Disabled
 Parallel Workers: 8

Heap:
 PSYoungGen      total 4096K, used 1202K [0x00000000d5580000, 0x00000000d5a80000, 0x0000000100000000)
  eden space 3584K, 28% used [0x00000000d5580000,0x00000000d567c9b0,0x00000000d5900000)
  from space 512K, 37% used [0x00000000d5a00000,0x00000000d5a30000,0x00000000d5a80000)
  to   space 512K, 0% used [0x00000000d5980000,0x00000000d5980000,0x00000000d5a00000)
 ParOldGen       total 644608K, used 434299K [0x0000000080000000, 0x00000000a7580000, 0x00000000d5580000)
  object space 644608K, 67% used [0x0000000080000000,0x000000009a81ef40,0x00000000a7580000)
 Metaspace       used 86059K, committed 87872K, reserved 1179648K
  class space    used 8894K, committed 9728K, reserved 1048576K

Card table byte_map: [0x000001e281fa0000,0x000001e2823b0000] _byte_map_base: 0x000001e281ba0000

Marking Bits: (ParMarkBitMap*) 0x00007ffb0cc8a340
 Begin Bits: [0x000001e294a80000, 0x000001e296a80000)
 End Bits:   [0x000001e296a80000, 0x000001e298a80000)

Polling page: 0x000001e2803d0000

Metaspace:

Usage:
  Non-class:     75.36 MB used.
      Class:      8.69 MB used.
       Both:     84.04 MB used.

Virtual space:
  Non-class space:      128.00 MB reserved,      76.31 MB ( 60%) committed,  2 nodes.
      Class space:        1.00 GB reserved,       9.50 MB ( <1%) committed,  1 nodes.
             Both:        1.13 GB reserved,      85.81 MB (  7%) committed. 

Chunk freelists:
   Non-Class:  2.75 MB
       Class:  6.51 MB
        Both:  9.26 MB

MaxMetaspaceSize: unlimited
CompressedClassSpaceSize: 1.00 GB
Initial GC threshold: 21.00 MB
Current GC threshold: 121.38 MB
CDS: on
 - commit_granule_bytes: 65536.
 - commit_granule_words: 8192.
 - virtual_space_node_default_size: 8388608.
 - enlarge_chunks_in_place: 1.
 - use_allocation_guard: 0.


Internal statistics:

num_allocs_failed_limit: 9.
num_arena_births: 1668.
num_arena_deaths: 14.
num_vsnodes_births: 3.
num_vsnodes_deaths: 0.
num_space_committed: 1373.
num_space_uncommitted: 0.
num_chunks_returned_to_freelist: 23.
num_chunks_taken_from_freelist: 5806.
num_chunk_merges: 10.
num_chunk_splits: 3496.
num_chunks_enlarged: 1884.
num_inconsistent_stats: 0.

CodeHeap 'non-profiled nmethods': size=120000Kb used=19672Kb max_used=19672Kb free=100327Kb
 bounds [0x000001e28d2a0000, 0x000001e28e5e0000, 0x000001e2947d0000]
CodeHeap 'profiled nmethods': size=120000Kb used=44472Kb max_used=44472Kb free=75527Kb
 bounds [0x000001e2857d0000, 0x000001e288340000, 0x000001e28cd00000]
CodeHeap 'non-nmethods': size=5760Kb used=1535Kb max_used=1632Kb free=4224Kb
 bounds [0x000001e28cd00000, 0x000001e28cf70000, 0x000001e28d2a0000]
CodeCache: size=245760Kb, used=65679Kb, max_used=65776Kb, free=180078Kb
 total_blobs=18550, nmethods=17688, adapters=766, full_count=0
Compilation: enabled, stopped_count=0, restarted_count=0

Compilation events (20 events):
Event: 6628.452 Thread 0x000001e2db968120 19827       3       org.eclipse.core.internal.jobs.JobQueue::enqueue (83 bytes)
Event: 6628.452 Thread 0x000001e2da1d1250 19828       4       sun.security.provider.HashDrbg::addBytes (130 bytes)
Event: 6628.458 Thread 0x000001e2da1d1250 nmethod 19828 0x000001e28e5d3d10 code [0x000001e28e5d3ea0, 0x000001e28e5d4268]
Event: 6628.458 Thread 0x000001e2da1d1250 19829       4       org.eclipse.core.internal.dtree.DataTreeNode::storeStrings (28 bytes)
Event: 6628.601 Thread 0x000001e2da1d1250 nmethod 19829 0x000001e28e5d4390 code [0x000001e28e5d4640, 0x000001e28e5d53b0]
Event: 6628.602 Thread 0x000001e2db968120 nmethod 19827 0x000001e28833ad10 code [0x000001e28833af60, 0x000001e28833b800]
Event: 7384.331 Thread 0x000001e2db968120 19832   !   3       org.eclipse.osgi.container.ModuleDatabase::getTimestamp (25 bytes)
Event: 7384.400 Thread 0x000001e2db968120 nmethod 19832 0x000001e28833bb90 code [0x000001e28833bde0, 0x000001e28833c728]
Event: 7434.254 Thread 0x000001e2da1d1250 19833       4       java.util.concurrent.locks.AbstractQueuedSynchronizer$ConditionObject::unlinkCancelledWaiters (91 bytes)
Event: 7434.256 Thread 0x000001e2da1d1250 nmethod 19833 0x000001e28e5d5f90 code [0x000001e28e5d6120, 0x000001e28e5d6288]
Event: 7504.352 Thread 0x000001e2db968120 19834       3       org.eclipse.osgi.storage.Storage::isReadOnly (10 bytes)
Event: 7504.364 Thread 0x000001e2db968120 nmethod 19834 0x000001e28833cb90 code [0x000001e28833cd40, 0x000001e28833cec0]
Event: 7528.454 Thread 0x000001e2db968120 19835       3       java.util.concurrent.atomic.AtomicReference::<init> (5 bytes)
Event: 7528.468 Thread 0x000001e2db968120 nmethod 19835 0x000001e28833cf90 code [0x000001e28833d140, 0x000001e28833d2a8]
Event: 7684.391 Thread 0x000001e2db968120 19836   !   3       org.eclipse.osgi.internal.framework.StorageSaver$StorageSaverTask::run (31 bytes)
Event: 7684.447 Thread 0x000001e2db968120 nmethod 19836 0x000001e28833d390 code [0x000001e28833d560, 0x000001e28833d800]
Event: 7904.899 Thread 0x000001e2db968120 19839       3       java.lang.ClassLoader::getBuiltinPlatformClassLoader (4 bytes)
Event: 7904.899 Thread 0x000001e2db968120 nmethod 19839 0x000001e28833d990 code [0x000001e28833db40, 0x000001e28833dc90]
Event: 7994.958 Thread 0x000001e2db968120 19840       3       java.lang.ClassLoader::getPlatformClassLoader (21 bytes)
Event: 7994.958 Thread 0x000001e2db968120 nmethod 19840 0x000001e28833dd10 code [0x000001e28833dee0, 0x000001e28833e170]

GC Heap History (20 events):
Event: 120.775 GC heap before
{Heap before GC invocations=2041 (full 4):
 PSYoungGen      total 4608K, used 4448K [0x00000000d5580000, 0x00000000d5b00000, 0x0000000100000000)
  eden space 3584K, 100% used [0x00000000d5580000,0x00000000d5900000,0x00000000d5900000)
  from space 1024K, 84% used [0x00000000d5a00000,0x00000000d5ad8000,0x00000000d5b00000)
  to   space 1024K, 0% used [0x00000000d5900000,0x00000000d5900000,0x00000000d5a00000)
 ParOldGen       total 644608K, used 429948K [0x0000000080000000, 0x00000000a7580000, 0x00000000d5580000)
  object space 644608K, 66% used [0x0000000080000000,0x000000009a3df3b0,0x00000000a7580000)
 Metaspace       used 85692K, committed 87488K, reserved 1179648K
  class space    used 8867K, committed 9728K, reserved 1048576K
}
Event: 120.778 GC heap after
{Heap after GC invocations=2041 (full 4):
 PSYoungGen      total 4608K, used 821K [0x00000000d5580000, 0x00000000d5b00000, 0x0000000100000000)
  eden space 3584K, 0% used [0x00000000d5580000,0x00000000d5580000,0x00000000d5900000)
  from space 1024K, 80% used [0x00000000d5900000,0x00000000d59cd7f0,0x00000000d5a00000)
  to   space 1024K, 0% used [0x00000000d5a00000,0x00000000d5a00000,0x00000000d5b00000)
 ParOldGen       total 644608K, used 430489K [0x0000000080000000, 0x00000000a7580000, 0x00000000d5580000)
  object space 644608K, 66% used [0x0000000080000000,0x000000009a4665c0,0x00000000a7580000)
 Metaspace       used 85692K, committed 87488K, reserved 1179648K
  class space    used 8867K, committed 9728K, reserved 1048576K
}
Event: 120.782 GC heap before
{Heap before GC invocations=2042 (full 4):
 PSYoungGen      total 4608K, used 4405K [0x00000000d5580000, 0x00000000d5b00000, 0x0000000100000000)
  eden space 3584K, 100% used [0x00000000d5580000,0x00000000d5900000,0x00000000d5900000)
  from space 1024K, 80% used [0x00000000d5900000,0x00000000d59cd7f0,0x00000000d5a00000)
  to   space 1024K, 0% used [0x00000000d5a00000,0x00000000d5a00000,0x00000000d5b00000)
 ParOldGen       total 644608K, used 430489K [0x0000000080000000, 0x00000000a7580000, 0x00000000d5580000)
  object space 644608K, 66% used [0x0000000080000000,0x000000009a4665c0,0x00000000a7580000)
 Metaspace       used 85692K, committed 87488K, reserved 1179648K
  class space    used 8867K, committed 9728K, reserved 1048576K
}
Event: 120.784 GC heap after
{Heap after GC invocations=2042 (full 4):
 PSYoungGen      total 4096K, used 224K [0x00000000d5580000, 0x00000000d5a80000, 0x0000000100000000)
  eden space 3584K, 0% used [0x00000000d5580000,0x00000000d5580000,0x00000000d5900000)
  from space 512K, 43% used [0x00000000d5a00000,0x00000000d5a38000,0x00000000d5a80000)
  to   space 512K, 0% used [0x00000000d5980000,0x00000000d5980000,0x00000000d5a00000)
 ParOldGen       total 644608K, used 431224K [0x0000000080000000, 0x00000000a7580000, 0x00000000d5580000)
  object space 644608K, 66% used [0x0000000080000000,0x000000009a51e008,0x00000000a7580000)
 Metaspace       used 85692K, committed 87488K, reserved 1179648K
  class space    used 8867K, committed 9728K, reserved 1048576K
}
Event: 120.804 GC heap before
{Heap before GC invocations=2043 (full 4):
 PSYoungGen      total 4096K, used 3808K [0x00000000d5580000, 0x00000000d5a80000, 0x0000000100000000)
  eden space 3584K, 100% used [0x00000000d5580000,0x00000000d5900000,0x00000000d5900000)
  from space 512K, 43% used [0x00000000d5a00000,0x00000000d5a38000,0x00000000d5a80000)
  to   space 512K, 0% used [0x00000000d5980000,0x00000000d5980000,0x00000000d5a00000)
 ParOldGen       total 644608K, used 431224K [0x0000000080000000, 0x00000000a7580000, 0x00000000d5580000)
  object space 644608K, 66% used [0x0000000080000000,0x000000009a51e008,0x00000000a7580000)
 Metaspace       used 85692K, committed 87488K, reserved 1179648K
  class space    used 8867K, committed 9728K, reserved 1048576K
}
Event: 120.806 GC heap after
{Heap after GC invocations=2043 (full 4):
 PSYoungGen      total 4096K, used 480K [0x00000000d5580000, 0x00000000d5b00000, 0x0000000100000000)
  eden space 3584K, 0% used [0x00000000d5580000,0x00000000d5580000,0x00000000d5900000)
  from space 512K, 93% used [0x00000000d5980000,0x00000000d59f8010,0x00000000d5a00000)
  to   space 1024K, 0% used [0x00000000d5a00000,0x00000000d5a00000,0x00000000d5b00000)
 ParOldGen       total 644608K, used 431416K [0x0000000080000000, 0x00000000a7580000, 0x00000000d5580000)
  object space 644608K, 66% used [0x0000000080000000,0x000000009a54e018,0x00000000a7580000)
 Metaspace       used 85692K, committed 87488K, reserved 1179648K
  class space    used 8867K, committed 9728K, reserved 1048576K
}
Event: 120.848 GC heap before
{Heap before GC invocations=2044 (full 4):
 PSYoungGen      total 4096K, used 4064K [0x00000000d5580000, 0x00000000d5b00000, 0x0000000100000000)
  eden space 3584K, 100% used [0x00000000d5580000,0x00000000d5900000,0x00000000d5900000)
  from space 512K, 93% used [0x00000000d5980000,0x00000000d59f8010,0x00000000d5a00000)
  to   space 1024K, 0% used [0x00000000d5a00000,0x00000000d5a00000,0x00000000d5b00000)
 ParOldGen       total 644608K, used 431416K [0x0000000080000000, 0x00000000a7580000, 0x00000000d5580000)
  object space 644608K, 66% used [0x0000000080000000,0x000000009a54e018,0x00000000a7580000)
 Metaspace       used 85693K, committed 87488K, reserved 1179648K
  class space    used 8867K, committed 9728K, reserved 1048576K
}
Event: 120.849 GC heap after
{Heap after GC invocations=2044 (full 4):
 PSYoungGen      total 4608K, used 576K [0x00000000d5580000, 0x00000000d5b00000, 0x0000000100000000)
  eden space 3584K, 0% used [0x00000000d5580000,0x00000000d5580000,0x00000000d5900000)
  from space 1024K, 56% used [0x00000000d5a00000,0x00000000d5a90000,0x00000000d5b00000)
  to   space 1024K, 0% used [0x00000000d5900000,0x00000000d5900000,0x00000000d5a00000)
 ParOldGen       total 644608K, used 431926K [0x0000000080000000, 0x00000000a7580000, 0x00000000d5580000)
  object space 644608K, 67% used [0x0000000080000000,0x000000009a5cd988,0x00000000a7580000)
 Metaspace       used 85693K, committed 87488K, reserved 1179648K
  class space    used 8867K, committed 9728K, reserved 1048576K
}
Event: 120.865 GC heap before
{Heap before GC invocations=2045 (full 4):
 PSYoungGen      total 4608K, used 4160K [0x00000000d5580000, 0x00000000d5b00000, 0x0000000100000000)
  eden space 3584K, 100% used [0x00000000d5580000,0x00000000d5900000,0x00000000d5900000)
  from space 1024K, 56% used [0x00000000d5a00000,0x00000000d5a90000,0x00000000d5b00000)
  to   space 1024K, 0% used [0x00000000d5900000,0x00000000d5900000,0x00000000d5a00000)
 ParOldGen       total 644608K, used 431926K [0x0000000080000000, 0x00000000a7580000, 0x00000000d5580000)
  object space 644608K, 67% used [0x0000000080000000,0x000000009a5cd988,0x00000000a7580000)
 Metaspace       used 85694K, committed 87488K, reserved 1179648K
  class space    used 8867K, committed 9728K, reserved 1048576K
}
Event: 120.866 GC heap after
{Heap after GC invocations=2045 (full 4):
 PSYoungGen      total 4608K, used 704K [0x00000000d5580000, 0x00000000d5b00000, 0x0000000100000000)
  eden space 3584K, 0% used [0x00000000d5580000,0x00000000d5580000,0x00000000d5900000)
  from space 1024K, 68% used [0x00000000d5900000,0x00000000d59b0000,0x00000000d5a00000)
  to   space 1024K, 0% used [0x00000000d5a00000,0x00000000d5a00000,0x00000000d5b00000)
 ParOldGen       total 644608K, used 432410K [0x0000000080000000, 0x00000000a7580000, 0x00000000d5580000)
  object space 644608K, 67% used [0x0000000080000000,0x000000009a646a80,0x00000000a7580000)
 Metaspace       used 85694K, committed 87488K, reserved 1179648K
  class space    used 8867K, committed 9728K, reserved 1048576K
}
Event: 120.883 GC heap before
{Heap before GC invocations=2046 (full 4):
 PSYoungGen      total 4608K, used 4288K [0x00000000d5580000, 0x00000000d5b00000, 0x0000000100000000)
  eden space 3584K, 100% used [0x00000000d5580000,0x00000000d5900000,0x00000000d5900000)
  from space 1024K, 68% used [0x00000000d5900000,0x00000000d59b0000,0x00000000d5a00000)
  to   space 1024K, 0% used [0x00000000d5a00000,0x00000000d5a00000,0x00000000d5b00000)
 ParOldGen       total 644608K, used 432410K [0x0000000080000000, 0x00000000a7580000, 0x00000000d5580000)
  object space 644608K, 67% used [0x0000000080000000,0x000000009a646a80,0x00000000a7580000)
 Metaspace       used 85696K, committed 87488K, reserved 1179648K
  class space    used 8867K, committed 9728K, reserved 1048576K
}
Event: 120.885 GC heap after
{Heap after GC invocations=2046 (full 4):
 PSYoungGen      total 4608K, used 416K [0x00000000d5580000, 0x00000000d5b00000, 0x0000000100000000)
  eden space 3584K, 0% used [0x00000000d5580000,0x00000000d5580000,0x00000000d5900000)
  from space 1024K, 40% used [0x00000000d5a00000,0x00000000d5a68000,0x00000000d5b00000)
  to   space 1024K, 0% used [0x00000000d5900000,0x00000000d5900000,0x00000000d5a00000)
 ParOldGen       total 644608K, used 432970K [0x0000000080000000, 0x00000000a7580000, 0x00000000d5580000)
  object space 644608K, 67% used [0x0000000080000000,0x000000009a6d2ac0,0x00000000a7580000)
 Metaspace       used 85696K, committed 87488K, reserved 1179648K
  class space    used 8867K, committed 9728K, reserved 1048576K
}
Event: 120.909 GC heap before
{Heap before GC invocations=2047 (full 4):
 PSYoungGen      total 4608K, used 4000K [0x00000000d5580000, 0x00000000d5b00000, 0x0000000100000000)
  eden space 3584K, 100% used [0x00000000d5580000,0x00000000d5900000,0x00000000d5900000)
  from space 1024K, 40% used [0x00000000d5a00000,0x00000000d5a68000,0x00000000d5b00000)
  to   space 1024K, 0% used [0x00000000d5900000,0x00000000d5900000,0x00000000d5a00000)
 ParOldGen       total 644608K, used 432970K [0x0000000080000000, 0x00000000a7580000, 0x00000000d5580000)
  object space 644608K, 67% used [0x0000000080000000,0x000000009a6d2ac0,0x00000000a7580000)
 Metaspace       used 85702K, committed 87488K, reserved 1179648K
  class space    used 8867K, committed 9728K, reserved 1048576K
}
Event: 120.911 GC heap after
{Heap after GC invocations=2047 (full 4):
 PSYoungGen      total 4608K, used 640K [0x00000000d5580000, 0x00000000d5b00000, 0x0000000100000000)
  eden space 3584K, 0% used [0x00000000d5580000,0x00000000d5580000,0x00000000d5900000)
  from space 1024K, 62% used [0x00000000d5900000,0x00000000d59a0000,0x00000000d5a00000)
  to   space 1024K, 0% used [0x00000000d5a00000,0x00000000d5a00000,0x00000000d5b00000)
 ParOldGen       total 644608K, used 433266K [0x0000000080000000, 0x00000000a7580000, 0x00000000d5580000)
  object space 644608K, 67% used [0x0000000080000000,0x000000009a71cb00,0x00000000a7580000)
 Metaspace       used 85702K, committed 87488K, reserved 1179648K
  class space    used 8867K, committed 9728K, reserved 1048576K
}
Event: 120.927 GC heap before
{Heap before GC invocations=2048 (full 4):
 PSYoungGen      total 4608K, used 4224K [0x00000000d5580000, 0x00000000d5b00000, 0x0000000100000000)
  eden space 3584K, 100% used [0x00000000d5580000,0x00000000d5900000,0x00000000d5900000)
  from space 1024K, 62% used [0x00000000d5900000,0x00000000d59a0000,0x00000000d5a00000)
  to   space 1024K, 0% used [0x00000000d5a00000,0x00000000d5a00000,0x00000000d5b00000)
 ParOldGen       total 644608K, used 433266K [0x0000000080000000, 0x00000000a7580000, 0x00000000d5580000)
  object space 644608K, 67% used [0x0000000080000000,0x000000009a71cb00,0x00000000a7580000)
 Metaspace       used 85706K, committed 87488K, reserved 1179648K
  class space    used 8867K, committed 9728K, reserved 1048576K
}
Event: 120.929 GC heap after
{Heap after GC invocations=2048 (full 4):
 PSYoungGen      total 4608K, used 576K [0x00000000d5580000, 0x00000000d5b00000, 0x0000000100000000)
  eden space 3584K, 0% used [0x00000000d5580000,0x00000000d5580000,0x00000000d5900000)
  from space 1024K, 56% used [0x00000000d5a00000,0x00000000d5a90000,0x00000000d5b00000)
  to   space 1024K, 0% used [0x00000000d5900000,0x00000000d5900000,0x00000000d5a00000)
 ParOldGen       total 644608K, used 433754K [0x0000000080000000, 0x00000000a7580000, 0x00000000d5580000)
  object space 644608K, 67% used [0x0000000080000000,0x000000009a796b30,0x00000000a7580000)
 Metaspace       used 85706K, committed 87488K, reserved 1179648K
  class space    used 8867K, committed 9728K, reserved 1048576K
}
Event: 1193.800 GC heap before
{Heap before GC invocations=2049 (full 4):
 PSYoungGen      total 4608K, used 4159K [0x00000000d5580000, 0x00000000d5b00000, 0x0000000100000000)
  eden space 3584K, 99% used [0x00000000d5580000,0x00000000d58ffff8,0x00000000d5900000)
  from space 1024K, 56% used [0x00000000d5a00000,0x00000000d5a90000,0x00000000d5b00000)
  to   space 1024K, 0% used [0x00000000d5900000,0x00000000d5900000,0x00000000d5a00000)
 ParOldGen       total 644608K, used 433754K [0x0000000080000000, 0x00000000a7580000, 0x00000000d5580000)
  object space 644608K, 67% used [0x0000000080000000,0x000000009a796b30,0x00000000a7580000)
 Metaspace       used 86025K, committed 87808K, reserved 1179648K
  class space    used 8894K, committed 9728K, reserved 1048576K
}
Event: 1193.803 GC heap after
{Heap after GC invocations=2049 (full 4):
 PSYoungGen      total 4608K, used 256K [0x00000000d5580000, 0x00000000d5a80000, 0x0000000100000000)
  eden space 3584K, 0% used [0x00000000d5580000,0x00000000d5580000,0x00000000d5900000)
  from space 1024K, 25% used [0x00000000d5900000,0x00000000d5940000,0x00000000d5a00000)
  to   space 512K, 0% used [0x00000000d5a00000,0x00000000d5a00000,0x00000000d5a80000)
 ParOldGen       total 644608K, used 434163K [0x0000000080000000, 0x00000000a7580000, 0x00000000d5580000)
  object space 644608K, 67% used [0x0000000080000000,0x000000009a7fcf40,0x00000000a7580000)
 Metaspace       used 86025K, committed 87808K, reserved 1179648K
  class space    used 8894K, committed 9728K, reserved 1048576K
}
Event: 7747.800 GC heap before
{Heap before GC invocations=2050 (full 4):
 PSYoungGen      total 4608K, used 3840K [0x00000000d5580000, 0x00000000d5a80000, 0x0000000100000000)
  eden space 3584K, 100% used [0x00000000d5580000,0x00000000d5900000,0x00000000d5900000)
  from space 1024K, 25% used [0x00000000d5900000,0x00000000d5940000,0x00000000d5a00000)
  to   space 512K, 0% used [0x00000000d5a00000,0x00000000d5a00000,0x00000000d5a80000)
 ParOldGen       total 644608K, used 434163K [0x0000000080000000, 0x00000000a7580000, 0x00000000d5580000)
  object space 644608K, 67% used [0x0000000080000000,0x000000009a7fcf40,0x00000000a7580000)
 Metaspace       used 86059K, committed 87872K, reserved 1179648K
  class space    used 8894K, committed 9728K, reserved 1048576K
}
Event: 7747.808 GC heap after
{Heap after GC invocations=2050 (full 4):
 PSYoungGen      total 4096K, used 192K [0x00000000d5580000, 0x00000000d5a80000, 0x0000000100000000)
  eden space 3584K, 0% used [0x00000000d5580000,0x00000000d5580000,0x00000000d5900000)
  from space 512K, 37% used [0x00000000d5a00000,0x00000000d5a30000,0x00000000d5a80000)
  to   space 512K, 0% used [0x00000000d5980000,0x00000000d5980000,0x00000000d5a00000)
 ParOldGen       total 644608K, used 434299K [0x0000000080000000, 0x00000000a7580000, 0x00000000d5580000)
  object space 644608K, 67% used [0x0000000080000000,0x000000009a81ef40,0x00000000a7580000)
 Metaspace       used 86059K, committed 87872K, reserved 1179648K
  class space    used 8894K, committed 9728K, reserved 1048576K
}

Dll operation events (12 events):
Event: 0.020 Loaded shared library c:\Users\abeshuk\.vscode\extensions\redhat.java-1.44.0-win32-x64\jre\21.0.8-win32-x86_64\bin\java.dll
Event: 0.228 Loaded shared library c:\Users\abeshuk\.vscode\extensions\redhat.java-1.44.0-win32-x64\jre\21.0.8-win32-x86_64\bin\zip.dll
Event: 0.286 Loaded shared library C:\Users\abeshuk\.vscode\extensions\redhat.java-1.44.0-win32-x64\jre\21.0.8-win32-x86_64\bin\instrument.dll
Event: 0.316 Loaded shared library C:\Users\abeshuk\.vscode\extensions\redhat.java-1.44.0-win32-x64\jre\21.0.8-win32-x86_64\bin\net.dll
Event: 0.344 Loaded shared library C:\Users\abeshuk\.vscode\extensions\redhat.java-1.44.0-win32-x64\jre\21.0.8-win32-x86_64\bin\nio.dll
Event: 0.349 Loaded shared library C:\Users\abeshuk\.vscode\extensions\redhat.java-1.44.0-win32-x64\jre\21.0.8-win32-x86_64\bin\zip.dll
Event: 0.404 Loaded shared library C:\Users\abeshuk\.vscode\extensions\redhat.java-1.44.0-win32-x64\jre\21.0.8-win32-x86_64\bin\jimage.dll
Event: 0.575 Loaded shared library c:\Users\abeshuk\.vscode\extensions\redhat.java-1.44.0-win32-x64\jre\21.0.8-win32-x86_64\bin\verify.dll
Event: 10.440 Loaded shared library C:\Users\abeshuk\AppData\Roaming\Code\User\globalStorage\redhat.java\1.44.0\config_win\org.eclipse.equinox.launcher\org.eclipse.equinox.launcher.win32.win32.x86_64_1.2.1400.v20250730-1736\eclipse_11913.dll
Event: 28.140 Loaded shared library C:\Users\abeshuk\AppData\Local\Temp\7\jna--1203994097\jna17262378891180975458.dll
Event: 31.144 Loaded shared library C:\Users\abeshuk\.vscode\extensions\redhat.java-1.44.0-win32-x64\jre\21.0.8-win32-x86_64\bin\sunmscapi.dll
Event: 43.208 Loaded shared library C:\Users\abeshuk\.vscode\extensions\redhat.java-1.44.0-win32-x64\jre\21.0.8-win32-x86_64\bin\extnet.dll

Deoptimization events (20 events):
Event: 3028.325 Thread 0x000001e2e062f230 Uncommon trap: trap_request=0xffffffbe fr.pc=0x000001e28e5c1448 relative=0x00000000000002a8
Event: 3028.325 Thread 0x000001e2e062f230 Uncommon trap: reason=profile_predicate action=maybe_recompile pc=0x000001e28e5c1448 method=sun.security.provider.HashDrbg.addBytes([BI[[B)V @ 36 c2
Event: 3028.325 Thread 0x000001e2e062f230 DEOPT PACKING pc=0x000001e28e5c1448 sp=0x0000007ad9dfec90
Event: 3028.325 Thread 0x000001e2e062f230 DEOPT UNPACKING pc=0x000001e28cd53aa2 sp=0x0000007ad9dfebe0 mode 2
Event: 4745.804 Thread 0x000001e2e14691c0 Uncommon trap: trap_request=0xffffffd6 fr.pc=0x000001e28e5ce9c4 relative=0x0000000000000304
Event: 4745.804 Thread 0x000001e2e14691c0 Uncommon trap: reason=array_check action=maybe_recompile pc=0x000001e28e5ce9c4 method=java.util.concurrent.ScheduledThreadPoolExecutor$DelayedWorkQueue.offer(Ljava/lang/Runnable;)Z @ 65 c2
Event: 4745.804 Thread 0x000001e2e14691c0 DEOPT PACKING pc=0x000001e28e5ce9c4 sp=0x0000007adcbff560
Event: 4745.804 Thread 0x000001e2e14691c0 DEOPT UNPACKING pc=0x000001e28cd53aa2 sp=0x0000007adcbff400 mode 2
Event: 4746.799 Thread 0x000001e2e14691c0 Uncommon trap: trap_request=0xffffffd6 fr.pc=0x000001e28e5ce9c4 relative=0x0000000000000304
Event: 4746.799 Thread 0x000001e2e14691c0 Uncommon trap: reason=array_check action=maybe_recompile pc=0x000001e28e5ce9c4 method=java.util.concurrent.ScheduledThreadPoolExecutor$DelayedWorkQueue.offer(Ljava/lang/Runnable;)Z @ 65 c2
Event: 4746.799 Thread 0x000001e2e14691c0 DEOPT PACKING pc=0x000001e28e5ce9c4 sp=0x0000007adcbff560
Event: 4746.799 Thread 0x000001e2e14691c0 DEOPT UNPACKING pc=0x000001e28cd53aa2 sp=0x0000007adcbff400 mode 2
Event: 4747.800 Thread 0x000001e2e14691c0 Uncommon trap: trap_request=0xffffffd6 fr.pc=0x000001e28e5ce9c4 relative=0x0000000000000304
Event: 4747.800 Thread 0x000001e2e14691c0 Uncommon trap: reason=array_check action=maybe_recompile pc=0x000001e28e5ce9c4 method=java.util.concurrent.ScheduledThreadPoolExecutor$DelayedWorkQueue.offer(Ljava/lang/Runnable;)Z @ 65 c2
Event: 4747.800 Thread 0x000001e2e14691c0 DEOPT PACKING pc=0x000001e28e5ce9c4 sp=0x0000007adcbff560
Event: 4747.800 Thread 0x000001e2e14691c0 DEOPT UNPACKING pc=0x000001e28cd53aa2 sp=0x0000007adcbff400 mode 2
Event: 4748.868 Thread 0x000001e2e14691c0 Uncommon trap: trap_request=0xffffffd6 fr.pc=0x000001e28e5ce9c4 relative=0x0000000000000304
Event: 4748.868 Thread 0x000001e2e14691c0 Uncommon trap: reason=array_check action=maybe_recompile pc=0x000001e28e5ce9c4 method=java.util.concurrent.ScheduledThreadPoolExecutor$DelayedWorkQueue.offer(Ljava/lang/Runnable;)Z @ 65 c2
Event: 4748.868 Thread 0x000001e2e14691c0 DEOPT PACKING pc=0x000001e28e5ce9c4 sp=0x0000007adcbff560
Event: 4748.868 Thread 0x000001e2e14691c0 DEOPT UNPACKING pc=0x000001e28cd53aa2 sp=0x0000007adcbff400 mode 2

Classes loaded (20 events):
Event: 87.061 Loading class java/lang/ProcessHandleImpl$1
Event: 87.061 Loading class java/lang/ProcessHandleImpl$1 done
Event: 87.062 Loading class java/util/concurrent/CompletableFuture$UniHandle
Event: 87.062 Loading class java/util/concurrent/CompletableFuture$UniHandle done
Event: 329.599 Loading class java/util/stream/Nodes$CollectorTask$OfRef
Event: 329.599 Loading class java/util/stream/Nodes$CollectorTask
Event: 329.599 Loading class java/util/stream/Nodes$CollectorTask done
Event: 329.599 Loading class java/util/stream/Nodes$CollectorTask$OfRef done
Event: 329.604 Loading class java/util/function/LongFunction
Event: 329.604 Loading class java/util/function/LongFunction done
Event: 329.604 Loading class java/util/stream/Nodes$ConcNode
Event: 329.604 Loading class java/util/stream/Nodes$AbstractConcNode
Event: 329.604 Loading class java/util/stream/Nodes$AbstractConcNode done
Event: 329.604 Loading class java/util/stream/Nodes$ConcNode done
Event: 329.610 Loading class java/io/ObjectOutputStream$BlockDataOutputStream
Event: 329.611 Loading class java/io/ObjectOutputStream$BlockDataOutputStream done
Event: 329.611 Loading class java/io/ObjectOutputStream$HandleTable
Event: 329.611 Loading class java/io/ObjectOutputStream$HandleTable done
Event: 329.611 Loading class java/io/ObjectOutputStream$ReplaceTable
Event: 329.611 Loading class java/io/ObjectOutputStream$ReplaceTable done

Classes unloaded (7 events):
Event: 28.981 Thread 0x000001e2da1c3720 Unloading class 0x000001e29a1aa000 'java/lang/invoke/LambdaForm$MH+0x000001e29a1aa000'
Event: 28.981 Thread 0x000001e2da1c3720 Unloading class 0x000001e29a1a9c00 'java/lang/invoke/LambdaForm$MH+0x000001e29a1a9c00'
Event: 28.981 Thread 0x000001e2da1c3720 Unloading class 0x000001e29a1a9800 'java/lang/invoke/LambdaForm$MH+0x000001e29a1a9800'
Event: 28.981 Thread 0x000001e2da1c3720 Unloading class 0x000001e29a1a9400 'java/lang/invoke/LambdaForm$MH+0x000001e29a1a9400'
Event: 28.981 Thread 0x000001e2da1c3720 Unloading class 0x000001e29a1a9000 'java/lang/invoke/LambdaForm$BMH+0x000001e29a1a9000'
Event: 28.981 Thread 0x000001e2da1c3720 Unloading class 0x000001e29a1a8c00 'java/lang/invoke/LambdaForm$DMH+0x000001e29a1a8c00'
Event: 28.981 Thread 0x000001e2da1c3720 Unloading class 0x000001e29a1a3800 'java/lang/invoke/LambdaForm$DMH+0x000001e29a1a3800'

Classes redefined (0 events):
No events

Internal exceptions (20 events):
Event: 85.915 Thread 0x000001e2f85f9d90 Exception <a 'sun/nio/fs/WindowsException'{0x00000000d59730a8}> (0x00000000d59730a8) 
thrown [s\src\hotspot\share\prims\jni.cpp, line 520]
Event: 85.915 Thread 0x000001e2f85f9d90 Exception <a 'sun/nio/fs/WindowsException'{0x00000000d5974100}> (0x00000000d5974100) 
thrown [s\src\hotspot\share\prims\jni.cpp, line 520]
Event: 85.940 Thread 0x000001e2f85f9d90 Exception <a 'java/lang/NoSuchMethodError'{0x00000000d5a165e8}: 'void java.lang.invoke.DirectMethodHandle$Holder.invokeStatic(java.lang.Object, java.lang.Object, java.lang.Object, java.lang.Object, java.lang.Object, java.lang.Object, java.lang.Object)'> (0x00000000d5a165e8) 
thrown [s\src\hotspot\share\interpreter\linkResolver.cpp, line 773]
Event: 86.288 Thread 0x000001e2e0631990 Exception <a 'java/lang/IncompatibleClassChangeError'{0x00000000d5a38aa0}: Found class java.lang.Object, but interface was expected> (0x00000000d5a38aa0) 
thrown [s\src\hotspot\share\interpreter\linkResolver.cpp, line 840]
Event: 86.962 Thread 0x000001e2f85fb140 Exception <a 'java/lang/NoSuchMethodError'{0x00000000d5a6e1f0}: 'long java.lang.invoke.DelegatingMethodHandle$Holder.reinvoke_L(java.lang.Object, java.lang.Object)'> (0x00000000d5a6e1f0) 
thrown [s\src\hotspot\share\interpreter\linkResolver.cpp, line 773]
Event: 86.963 Thread 0x000001e2f85fb140 Exception <a 'java/lang/NoSuchMethodError'{0x00000000d5a78280}: 'void java.lang.invoke.DelegatingMethodHandle$Holder.reinvoke_L(java.lang.Object, java.lang.Object, long)'> (0x00000000d5a78280) 
thrown [s\src\hotspot\share\interpreter\linkResolver.cpp, line 773]
Event: 87.063 Thread 0x000001e2f85fb140 Exception <a 'java/lang/NoSuchMethodError'{0x00000000d55d95c8}: 'long java.lang.invoke.Invokers$Holder.invokeExact_MT(java.lang.Object, java.lang.Object, java.lang.Object)'> (0x00000000d55d95c8) 
thrown [s\src\hotspot\share\interpreter\linkResolver.cpp, line 773]
Event: 95.252 Thread 0x000001e2e1010990 Exception <a 'java/lang/NoSuchMethodError'{0x00000000d57d1218}: 'void java.lang.invoke.DirectMethodHandle$Holder.invokeSpecial(java.lang.Object, java.lang.Object, int)'> (0x00000000d57d1218) 
thrown [s\src\hotspot\share\interpreter\linkResolver.cpp, line 773]
Event: 95.335 Thread 0x000001e2e1010990 Exception <a 'java/lang/NoSuchMethodError'{0x00000000d57fe198}: 'int java.lang.invoke.DirectMethodHandle$Holder.invokeVirtual(java.lang.Object, java.lang.Object, java.lang.Object, int)'> (0x00000000d57fe198) 
thrown [s\src\hotspot\share\interpreter\linkResolver.cpp, line 773]
Event: 95.835 Thread 0x000001e2e1010990 Implicit null exception at 0x000001e287db25c4 to 0x000001e287db2d34
Event: 95.835 Thread 0x000001e2e1010990 Exception <a 'java/lang/NullPointerException'{0x00000000d57c8980}> (0x00000000d57c8980) 
thrown [s\src\hotspot\share\runtime\sharedRuntime.cpp, line 625]
Event: 111.050 Thread 0x000001e2e0631990 Exception <a 'java/lang/IncompatibleClassChangeError'{0x00000000d5880a30}: Found class java.lang.Object, but interface was expected> (0x00000000d5880a30) 
thrown [s\src\hotspot\share\interpreter\linkResolver.cpp, line 840]
Event: 111.062 Thread 0x000001e2e1010990 Exception <a 'java/lang/NoSuchMethodError'{0x00000000d58e6700}: 'java.lang.Object java.lang.invoke.DirectMethodHandle$Holder.invokeSpecial(java.lang.Object, java.lang.Object, java.lang.Object, java.lang.Object, int, java.lang.Object, java.lang.Object)'> (0x00000000d58e6700) 
thrown [s\src\hotspot\share\interpreter\linkResolver.cpp, line 773]
Event: 111.216 Thread 0x000001e2e146b290 Exception <a 'sun/nio/fs/WindowsException'{0x00000000d568de70}> (0x00000000d568de70) 
thrown [s\src\hotspot\share\prims\jni.cpp, line 520]
Event: 111.216 Thread 0x000001e2e146b290 Exception <a 'sun/nio/fs/WindowsException'{0x00000000d568f168}> (0x00000000d568f168) 
thrown [s\src\hotspot\share\prims\jni.cpp, line 520]
Event: 111.445 Thread 0x000001e2e100c7f0 Implicit null exception at 0x000001e28e44ea5e to 0x000001e28e452e6c
Event: 115.653 Thread 0x000001e2e100c7f0 Implicit null exception at 0x000001e28e44ea5e to 0x000001e28e452e6c
Event: 116.283 Thread 0x000001e2e100c7f0 Implicit null exception at 0x000001e28e44ea5e to 0x000001e28e452e6c
Event: 329.629 Thread 0x000001e2e05af9c0 Exception <a 'java/lang/NoSuchMethodError'{0x00000000d57d8698}: static [J.<clinit>()V> (0x00000000d57d8698) 
thrown [s\src\hotspot\share\prims\jni.cpp, line 1111]
Event: 329.642 Thread 0x000001e2e05af9c0 Exception <a 'java/lang/NoSuchMethodError'{0x00000000d5820e68}: 'java.lang.Object java.lang.invoke.DirectMethodHandle$Holder.newInvokeSpecial(java.lang.Object, java.lang.Object, java.lang.Object, java.lang.Object, java.lang.Object, java.lang.Object, java.lang.Object, java.lang.Object)'> (0x00000000d5820e68) 
thrown [s\src\hotspot\share\interpreter\linkResolver.cpp, line 773]

ZGC Phase Switch (0 events):
No events

VM Operations (20 events):
Event: 9620.872 Executing VM operation: HandshakeAllThreads (HandshakeForDeflation)
Event: 9620.872 Executing VM operation: HandshakeAllThreads (HandshakeForDeflation) done
Event: 9620.872 Executing VM operation: RendezvousGCThreads
Event: 9620.872 Executing VM operation: RendezvousGCThreads done
Event: 9741.167 Executing VM operation: HandshakeAllThreads (HandshakeForDeflation)
Event: 9741.167 Executing VM operation: HandshakeAllThreads (HandshakeForDeflation) done
Event: 9741.167 Executing VM operation: RendezvousGCThreads
Event: 9741.167 Executing VM operation: RendezvousGCThreads done
Event: 9921.692 Executing VM operation: HandshakeAllThreads (HandshakeForDeflation)
Event: 9921.692 Executing VM operation: HandshakeAllThreads (HandshakeForDeflation) done
Event: 9921.692 Executing VM operation: RendezvousGCThreads
Event: 9921.693 Executing VM operation: RendezvousGCThreads done
Event: 9981.872 Executing VM operation: HandshakeAllThreads (HandshakeForDeflation)
Event: 9981.872 Executing VM operation: HandshakeAllThreads (HandshakeForDeflation) done
Event: 9981.872 Executing VM operation: RendezvousGCThreads
Event: 9981.872 Executing VM operation: RendezvousGCThreads done
Event: 10041.990 Executing VM operation: HandshakeAllThreads (HandshakeForDeflation)
Event: 10041.990 Executing VM operation: HandshakeAllThreads (HandshakeForDeflation) done
Event: 10041.990 Executing VM operation: RendezvousGCThreads
Event: 10041.990 Executing VM operation: RendezvousGCThreads done

Memory protections (0 events):
No events

Nmethod flushes (20 events):
Event: 71.907 Thread 0x000001e2da1c3720 flushing  nmethod 0x000001e286904890
Event: 71.907 Thread 0x000001e2da1c3720 flushing  nmethod 0x000001e28690c190
Event: 71.907 Thread 0x000001e2da1c3720 flushing  nmethod 0x000001e28690cb90
Event: 71.907 Thread 0x000001e2da1c3720 flushing  nmethod 0x000001e28690d690
Event: 71.907 Thread 0x000001e2da1c3720 flushing  nmethod 0x000001e28690df90
Event: 71.907 Thread 0x000001e2da1c3720 flushing  nmethod 0x000001e28690f210
Event: 71.907 Thread 0x000001e2da1c3720 flushing  nmethod 0x000001e28690fe90
Event: 71.907 Thread 0x000001e2da1c3720 flushing  nmethod 0x000001e286910390
Event: 71.907 Thread 0x000001e2da1c3720 flushing  nmethod 0x000001e286910710
Event: 71.907 Thread 0x000001e2da1c3720 flushing  nmethod 0x000001e286910e90
Event: 71.907 Thread 0x000001e2da1c3720 flushing  nmethod 0x000001e286911390
Event: 71.907 Thread 0x000001e2da1c3720 flushing  nmethod 0x000001e286911a10
Event: 71.907 Thread 0x000001e2da1c3720 flushing  nmethod 0x000001e286912990
Event: 71.907 Thread 0x000001e2da1c3720 flushing  nmethod 0x000001e28691b790
Event: 71.907 Thread 0x000001e2da1c3720 flushing  nmethod 0x000001e28691d190
Event: 71.907 Thread 0x000001e2da1c3720 flushing  nmethod 0x000001e286956090
Event: 71.907 Thread 0x000001e2da1c3720 flushing  nmethod 0x000001e28695da10
Event: 71.907 Thread 0x000001e2da1c3720 flushing  nmethod 0x000001e28695e910
Event: 71.907 Thread 0x000001e2da1c3720 flushing  nmethod 0x000001e28695f410
Event: 71.907 Thread 0x000001e2da1c3720 flushing  nmethod 0x000001e286961990

Events (20 events):
Event: 352.456 Thread 0x000001e2e14670f0 Thread exited: 0x000001e2e14670f0
Event: 352.467 Thread 0x000001e2e1467780 Thread exited: 0x000001e2e1467780
Event: 352.488 Thread 0x000001e2e1465020 Thread exited: 0x000001e2e1465020
Event: 355.523 Thread 0x000001e2f8dc1ee0 Thread exited: 0x000001e2f8dc1ee0
Event: 355.526 Thread 0x000001e2f8dc11c0 Thread exited: 0x000001e2f8dc11c0
Event: 355.527 Thread 0x000001e2f8dc3920 Thread exited: 0x000001e2f8dc3920
Event: 355.532 Thread 0x000001e2f8dc0b30 Thread exited: 0x000001e2f8dc0b30
Event: 355.532 Thread 0x000001e2f8dc2570 Thread exited: 0x000001e2f8dc2570
Event: 355.532 Thread 0x000001e2f8dc1850 Thread exited: 0x000001e2f8dc1850
Event: 360.989 Thread 0x000001e2e100a090 Thread exited: 0x000001e2e100a090
Event: 392.818 Thread 0x000001e2e062de80 Thread exited: 0x000001e2e062de80
Event: 421.003 Thread 0x000001e2e100dba0 Thread exited: 0x000001e2e100dba0
Event: 452.818 Thread 0x000001e2e062ff50 Thread exited: 0x000001e2e062ff50
Event: 481.004 Thread 0x000001e2e100ef50 Thread exited: 0x000001e2e100ef50
Event: 512.819 Thread 0x000001e2e146bfb0 Thread exited: 0x000001e2e146bfb0
Event: 541.004 Thread 0x000001e2e1010300 Thread exited: 0x000001e2e1010300
Event: 1573.003 Thread 0x000001e2e0631990 Thread added: 0x000001e2f85fc4f0
Event: 1573.251 Thread 0x000001e2e0631990 Thread added: 0x000001e2f85f9070
Event: 1634.858 Thread 0x000001e2f85f9070 Thread exited: 0x000001e2f85f9070
Event: 1694.872 Thread 0x000001e2f85fc4f0 Thread exited: 0x000001e2f85fc4f0


Dynamic libraries:
0x00007ff7c80a0000 - 0x00007ff7c80ae000 	c:\Users\abeshuk\.vscode\extensions\redhat.java-1.44.0-win32-x64\jre\21.0.8-win32-x86_64\bin\java.exe
0x00007ffb55b30000 - 0x00007ffb55d1e000 	C:\Windows\SYSTEM32\ntdll.dll
0x00007ffb55630000 - 0x00007ffb556e3000 	C:\Windows\System32\KERNEL32.DLL
0x00007ffb526d0000 - 0x00007ffb5296e000 	C:\Windows\System32\KERNELBASE.dll
0x00007ffb51820000 - 0x00007ffb519c6000 	C:\Windows\system32\hmpalert.dll
0x00007ffb51cd0000 - 0x00007ffb51dca000 	C:\Windows\System32\ucrtbase.dll
0x00007ffb40420000 - 0x00007ffb40438000 	c:\Users\abeshuk\.vscode\extensions\redhat.java-1.44.0-win32-x64\jre\21.0.8-win32-x86_64\bin\jli.dll
0x00007ffb55100000 - 0x00007ffb55297000 	C:\Windows\System32\USER32.dll
0x00007ffb52a20000 - 0x00007ffb52a40000 	C:\Windows\System32\win32u.dll
0x00007ffb546c0000 - 0x00007ffb546e9000 	C:\Windows\System32\GDI32.dll
0x00007ffb51dd0000 - 0x00007ffb51f7c000 	C:\Windows\System32\gdi32full.dll
0x00007ffb51c30000 - 0x00007ffb51cd0000 	C:\Windows\System32\msvcp_win.dll
0x00007ffb47250000 - 0x00007ffb4726e000 	c:\Users\abeshuk\.vscode\extensions\redhat.java-1.44.0-win32-x64\jre\21.0.8-win32-x86_64\bin\VCRUNTIME140.dll
0x00007ffb425c0000 - 0x00007ffb42839000 	C:\Windows\WinSxS\amd64_microsoft.windows.common-controls_6595b64144ccf1df_6.0.17763.7136_none_de7065e8534c1279\COMCTL32.dll
0x00007ffb54620000 - 0x00007ffb546be000 	C:\Windows\System32\msvcrt.dll
0x00007ffb542f0000 - 0x00007ffb5461a000 	C:\Windows\System32\combase.dll
0x00007ffb55490000 - 0x00007ffb555a8000 	C:\Windows\System32\RPCRT4.dll
0x00007ffb51ba0000 - 0x00007ffb51c22000 	C:\Windows\System32\bcryptPrimitives.dll
0x00007ffb542c0000 - 0x00007ffb542ee000 	C:\Windows\System32\IMM32.DLL
0x00007ffb49310000 - 0x00007ffb4931c000 	c:\Users\abeshuk\.vscode\extensions\redhat.java-1.44.0-win32-x64\jre\21.0.8-win32-x86_64\bin\vcruntime140_1.dll
0x00007ffb0eb70000 - 0x00007ffb0ebfd000 	c:\Users\abeshuk\.vscode\extensions\redhat.java-1.44.0-win32-x64\jre\21.0.8-win32-x86_64\bin\msvcp140.dll
0x00007ffb0bfd0000 - 0x00007ffb0cd67000 	c:\Users\abeshuk\.vscode\extensions\redhat.java-1.44.0-win32-x64\jre\21.0.8-win32-x86_64\bin\server\jvm.dll
0x00007ffb546f0000 - 0x00007ffb54799000 	C:\Windows\System32\ADVAPI32.dll
0x00007ffb547a0000 - 0x00007ffb54842000 	C:\Windows\System32\sechost.dll
0x00007ffb52d20000 - 0x00007ffb52d46000 	C:\Windows\System32\bcrypt.dll
0x00007ffb51b40000 - 0x00007ffb51b9d000 	C:\Windows\System32\POWRPROF.dll
0x00007ffb556f0000 - 0x00007ffb5575d000 	C:\Windows\System32\WS2_32.dll
0x00007ffb495b0000 - 0x00007ffb495d4000 	C:\Windows\SYSTEM32\WINMM.dll
0x00007ffb4f0f0000 - 0x00007ffb4f0fa000 	C:\Windows\SYSTEM32\VERSION.dll
0x00007ffb49340000 - 0x00007ffb4936d000 	C:\Windows\SYSTEM32\WINMMBASE.dll
0x00007ffb52970000 - 0x00007ffb529ba000 	C:\Windows\System32\cfgmgr32.dll
0x00007ffb51b00000 - 0x00007ffb51b11000 	C:\Windows\System32\kernel.appcore.dll
0x00007ffb48be0000 - 0x00007ffb48bea000 	c:\Users\abeshuk\.vscode\extensions\redhat.java-1.44.0-win32-x64\jre\21.0.8-win32-x86_64\bin\jimage.dll
0x00007ffb4ac00000 - 0x00007ffb4aded000 	C:\Windows\SYSTEM32\DBGHELP.DLL
0x00007ffb4ab20000 - 0x00007ffb4ab4a000 	C:\Windows\SYSTEM32\dbgcore.DLL
0x00007ffb42d30000 - 0x00007ffb42d3f000 	c:\Users\abeshuk\.vscode\extensions\redhat.java-1.44.0-win32-x64\jre\21.0.8-win32-x86_64\bin\instrument.dll
0x00007ffb3c770000 - 0x00007ffb3c78f000 	c:\Users\abeshuk\.vscode\extensions\redhat.java-1.44.0-win32-x64\jre\21.0.8-win32-x86_64\bin\java.dll
0x00007ffb52d60000 - 0x00007ffb54258000 	C:\Windows\System32\SHELL32.dll
0x00007ffb55050000 - 0x00007ffb550f7000 	C:\Windows\System32\shcore.dll
0x00007ffb51f80000 - 0x00007ffb526c8000 	C:\Windows\System32\windows.storage.dll
0x00007ffb51ad0000 - 0x00007ffb51af3000 	C:\Windows\System32\profapi.dll
0x00007ffb54260000 - 0x00007ffb542b2000 	C:\Windows\System32\shlwapi.dll
0x00007ffb52d00000 - 0x00007ffb52d1b000 	C:\Windows\System32\cryptsp.dll
0x00007ffb39300000 - 0x00007ffb39318000 	c:\Users\abeshuk\.vscode\extensions\redhat.java-1.44.0-win32-x64\jre\21.0.8-win32-x86_64\bin\zip.dll
0x00007ffb43f60000 - 0x00007ffb43f70000 	C:\Users\abeshuk\.vscode\extensions\redhat.java-1.44.0-win32-x64\jre\21.0.8-win32-x86_64\bin\net.dll
0x00007ffb4d180000 - 0x00007ffb4d27d000 	C:\Windows\SYSTEM32\WINHTTP.dll
0x00007ffb51100000 - 0x00007ffb51167000 	C:\Windows\system32\mswsock.dll
0x00007ffb33190000 - 0x00007ffb331a6000 	C:\Users\abeshuk\.vscode\extensions\redhat.java-1.44.0-win32-x64\jre\21.0.8-win32-x86_64\bin\nio.dll
0x00007ffb42a40000 - 0x00007ffb42a50000 	c:\Users\abeshuk\.vscode\extensions\redhat.java-1.44.0-win32-x64\jre\21.0.8-win32-x86_64\bin\verify.dll
0x00007ffb14530000 - 0x00007ffb14575000 	C:\Users\abeshuk\AppData\Roaming\Code\User\globalStorage\redhat.java\1.44.0\config_win\org.eclipse.equinox.launcher\org.eclipse.equinox.launcher.win32.win32.x86_64_1.2.1400.v20250730-1736\eclipse_11913.dll
0x00007ffb54ef0000 - 0x00007ffb55048000 	C:\Windows\System32\ole32.dll
0x00007ffb50c20000 - 0x00007ffb50c53000 	C:\Windows\system32\rsaenh.dll
0x00007ffb51a00000 - 0x00007ffb51a29000 	C:\Windows\SYSTEM32\USERENV.dll
0x00007ffb512d0000 - 0x00007ffb512dc000 	C:\Windows\SYSTEM32\CRYPTBASE.dll
0x00007ffb50df0000 - 0x00007ffb50e2d000 	C:\Windows\SYSTEM32\IPHLPAPI.DLL
0x00007ffb55420000 - 0x00007ffb55428000 	C:\Windows\System32\NSI.dll
0x00007ffb12a00000 - 0x00007ffb12a49000 	C:\Users\abeshuk\AppData\Local\Temp\7\jna--1203994097\jna17262378891180975458.dll
0x00007ffb52d50000 - 0x00007ffb52d58000 	C:\Windows\System32\PSAPI.DLL
0x00007ffb4e540000 - 0x00007ffb4e556000 	C:\Windows\SYSTEM32\dhcpcsvc6.DLL
0x00007ffb4ddb0000 - 0x00007ffb4ddcc000 	C:\Windows\SYSTEM32\dhcpcsvc.DLL
0x00007ffb403f0000 - 0x00007ffb403fe000 	C:\Users\abeshuk\.vscode\extensions\redhat.java-1.44.0-win32-x64\jre\21.0.8-win32-x86_64\bin\sunmscapi.dll
0x00007ffb52a40000 - 0x00007ffb52c50000 	C:\Windows\System32\CRYPT32.dll
0x00007ffb51b20000 - 0x00007ffb51b32000 	C:\Windows\System32\MSASN1.dll
0x00007ffb513d0000 - 0x00007ffb513fc000 	C:\Windows\SYSTEM32\ncrypt.dll
0x00007ffb51390000 - 0x00007ffb513cc000 	C:\Windows\SYSTEM32\NTASN1.dll
0x00007ffb50e40000 - 0x00007ffb50f06000 	C:\Windows\SYSTEM32\DNSAPI.dll
0x00007ffb4c6b0000 - 0x00007ffb4c6ba000 	C:\Windows\System32\rasadhlp.dll
0x00007ffb4dd30000 - 0x00007ffb4dda9000 	C:\Windows\System32\fwpuclnt.dll
0x00007ffb401b0000 - 0x00007ffb401b9000 	C:\Users\abeshuk\.vscode\extensions\redhat.java-1.44.0-win32-x64\jre\21.0.8-win32-x86_64\bin\extnet.dll

JVMTI agents:
c:\Users\abeshuk\.vscode\extensions\redhat.java-1.44.0-win32-x64\lombok\lombok-1.18.39-4050.jar path:c:\Users\abeshuk\.vscode\extensions\redhat.java-1.44.0-win32-x64\jre\21.0.8-win32-x86_64\bin\instrument.dll, loaded, initialized, instrumentlib options:none

dbghelp: loaded successfully - version: 4.0.5 - missing functions: none
symbol engine: initialized successfully - sym options: 0x614 - pdb path: .;c:\Users\abeshuk\.vscode\extensions\redhat.java-1.44.0-win32-x64\jre\21.0.8-win32-x86_64\bin;C:\Windows\SYSTEM32;C:\Windows\WinSxS\amd64_microsoft.windows.common-controls_6595b64144ccf1df_6.0.17763.7136_none_de7065e8534c1279;c:\Users\abeshuk\.vscode\extensions\redhat.java-1.44.0-win32-x64\jre\21.0.8-win32-x86_64\bin\server;C:\Users\abeshuk\AppData\Roaming\Code\User\globalStorage\redhat.java\1.44.0\config_win\org.eclipse.equinox.launcher\org.eclipse.equinox.launcher.win32.win32.x86_64_1.2.1400.v20250730-1736;C:\Users\abeshuk\AppData\Local\Temp\7\jna--1203994097

VM Arguments:
jvm_args: --add-modules=ALL-SYSTEM --add-opens=java.base/java.util=ALL-UNNAMED --add-opens=java.base/java.lang=ALL-UNNAMED --add-opens=java.base/sun.nio.fs=ALL-UNNAMED -Declipse.application=org.eclipse.jdt.ls.core.id1 -Dosgi.bundles.defaultStartLevel=4 -Declipse.product=org.eclipse.jdt.ls.core.product -Djava.import.generatesMetadataFilesAtProjectRoot=false -DDetectVMInstallationsJob.disabled=true -Dfile.encoding=utf8 -XX:+UseParallelGC -XX:GCTimeRatio=4 -XX:AdaptiveSizePolicyWeight=90 -Dsun.zip.disableMemoryMapping=true -Xmx2G -Xms100m -Xlog:disable -javaagent:c:\Users\abeshuk\.vscode\extensions\redhat.java-1.44.0-win32-x64\lombok\lombok-1.18.39-4050.jar -XX:+HeapDumpOnOutOfMemoryError -XX:HeapDumpPath=c:\Users\abeshuk\AppData\Roaming\Code\User\workspaceStorage\0d97b21f31cd49fd9323b20bdbe348d2\redhat.java -Daether.dependencyCollector.impl=bf 
java_command: c:\Users\abeshuk\.vscode\extensions\redhat.java-1.44.0-win32-x64\server\plugins\org.eclipse.equinox.launcher_1.7.0.v20250519-0528.jar -configuration c:\Users\abeshuk\AppData\Roaming\Code\User\globalStorage\redhat.java\1.44.0\config_win -data c:\Users\abeshuk\AppData\Roaming\Code\User\workspaceStorage\0d97b21f31cd49fd9323b20bdbe348d2\redhat.java\jdt_ws --pipe=\\.\pipe\lsp-e232ad4fba6ff3e4af7efebea0a87f6a-sock
java_class_path (initial): c:\Users\abeshuk\.vscode\extensions\redhat.java-1.44.0-win32-x64\server\plugins\org.eclipse.equinox.launcher_1.7.0.v20250519-0528.jar
Launcher Type: SUN_STANDARD

[Global flags]
    uintx AdaptiveSizePolicyWeight                 = 90                                        {product} {command line}
     intx CICompilerCount                          = 4                                         {product} {ergonomic}
    uintx GCTimeRatio                              = 4                                         {product} {command line}
     bool HeapDumpOnOutOfMemoryError               = true                                   {manageable} {command line}
    ccstr HeapDumpPath                             = c:\Users\abeshuk\AppData\Roaming\Code\User\workspaceStorage\0d97b21f31cd49fd9323b20bdbe348d2\redhat.java         {manageable} {command line}
   size_t InitialHeapSize                          = 104857600                                 {product} {command line}
   size_t MaxHeapSize                              = 2147483648                                {product} {command line}
   size_t MaxNewSize                               = 715653120                                 {product} {ergonomic}
   size_t MinHeapDeltaBytes                        = 524288                                    {product} {ergonomic}
   size_t MinHeapSize                              = 104857600                                 {product} {command line}
   size_t NewSize                                  = 34603008                                  {product} {ergonomic}
    uintx NonNMethodCodeHeapSize                   = 5839372                                {pd product} {ergonomic}
    uintx NonProfiledCodeHeapSize                  = 122909434                              {pd product} {ergonomic}
   size_t OldSize                                  = 70254592                                  {product} {ergonomic}
    uintx ProfiledCodeHeapSize                     = 122909434                              {pd product} {ergonomic}
    uintx ReservedCodeCacheSize                    = 251658240                              {pd product} {ergonomic}
     bool SegmentedCodeCache                       = true                                      {product} {ergonomic}
   size_t SoftMaxHeapSize                          = 2147483648                             {manageable} {ergonomic}
     bool UseCompressedOops                        = true                           {product lp64_product} {ergonomic}
     bool UseLargePagesIndividualAllocation        = false                                  {pd product} {ergonomic}
     bool UseParallelGC                            = true                                      {product} {command line}

Logging:
Log output configuration:
 #0: stdout all=off uptime,level,tags foldmultilines=false
 #1: stderr all=off uptime,level,tags foldmultilines=false

Environment Variables:
JAVA_HOME=C:\Program Files\Java\jdk-17
PATH=c:\Users\abeshuk\AppData\Local\Programs\cursor\resources\app\bin;C:\Program Files\Common Files\Oracle\Java\javapath;C:\Windows\system32;C:\Windows;C:\Windows\System32\Wbem;C:\Windows\System32\WindowsPowerShell\v1.0\;C:\Windows\System32\OpenSSH\;C:\Program Files\Microsoft SQL Server\Client SDK\ODBC\170\Tools\Binn\;C:\Program Files (x86)\Microsoft SQL Server\150\Tools\Binn\;C:\Program Files\Microsoft SQL Server\150\Tools\Binn\;C:\Program Files\Microsoft SQL Server\150\DTS\Binn\;C:\Program Files (x86)\Microsoft SQL Server\150\DTS\Binn\;C:\Program Files\Azure Data Studio\bin;C:\Program Files\Java\jdk-17\bin;C:\Program Files\Git\cmd;C:\nssm\win64;C:\Users\abeshuk\AppData\Roaming\npm\node_modules;C:\apache-maven-3.8.7\bin;C:\Users\ewnetiea\AppData\Roaming\nvm;C:\Program Files\nodejs;C:\Users\ewnetiea\AppData\Local\Microsoft\WindowsApps;C:\Users\ewnetiea\AppData\Roaming\npm;C:\apache-maven-3.9.8\bin;C:\Program Files\nvm-setup;C:\Program Files\nodejs;C:\Users\ewnetiea\AppData\Local\Programs\Py;C:\Program Files\nodejs\;C:\Users\abeshuk\AppData\Local\Microsoft\WindowsApps;C:\Users\abeshuk\AppData\Roaming\npm;C:\Program Files\Azure Data Studio\bin;C:\apache-maven-3.9.8\bin;C:\Users\abeshuk\AppData\Local\Programs\cursor\resources\app\bin;C:\Users\abeshuk\AppData\Local\Programs\Windsurf\bin;C:\Users\abeshuk\AppData\Local\Programs\Microsoft VS Code\bin;C:\Users\abeshuk\Downloads\hugo_extended_withdeploy_0.147.9_windows-amd64.zip;
USERNAME=abeshuk
OS=Windows_NT
PROCESSOR_IDENTIFIER=Intel64 Family 6 Model 63 Stepping 2, GenuineIntel
TMP=C:\Users\abeshuk\AppData\Local\Temp\7
TEMP=C:\Users\abeshuk\AppData\Local\Temp\7




Periodic native trim disabled

---------------  S Y S T E M  ---------------

OS:
 Windows Server 2019 , 64 bit Build 17763 (10.0.17763.7009)
OS uptime: 3 days 0:20 hours
VMWare virtualization detected

CPU: total 8 (initial active 8) (2 cores per cpu, 1 threads per core) family 6 model 63 stepping 2 microcode 0x49, cx8, cmov, fxsr, mmx, sse, sse2, sse3, ssse3, sse4.1, sse4.2, popcnt, lzcnt, tsc, tscinvbit, avx, avx2, aes, erms, clmul, bmi1, bmi2, fma, vzeroupper, clflush, hv, rdtscp, f16c
Processor Information for the first 8 processors :
  Max Mhz: 2600, Current Mhz: 2600, Mhz Limit: 2600

Memory: 4k page, system-wide physical 24575M (455M free)
TotalPageFile size 37297M (AvailPageFile size 89M)
current process WorkingSet (physical memory assigned to process): 97M, peak: 1102M
current process commit charge ("private bytes"): 1036M, peak: 1046M

vm_info: OpenJDK 64-Bit Server VM (21.0.8+9-LTS) for windows-amd64 JRE (21.0.8+9-LTS), built on 2025-07-15T00:00:00Z by "admin" with MS VC++ 17.7 (VS2022)

END.
