#
# There is insufficient memory for the Java Runtime Environment to continue.
# Native memory allocation (malloc) failed to allocate 264896 bytes. Error detail: Chunk::new
# Possible reasons:
#   The system is out of physical RAM or swap space
#   This process is running with CompressedOops enabled, and the Java Heap may be blocking the growth of the native heap
# Possible solutions:
#   Reduce memory load on the system
#   Increase physical memory or swap space
#   Check if swap backing store is full
#   Decrease Java heap size (-Xmx/-Xms)
#   Decrease number of Java threads
#   Decrease Java thread stack sizes (-Xss)
#   Set larger code cache with -XX:ReservedCodeCacheSize=
#   JVM is running with Unscaled Compressed Oops mode in which the Java heap is
#     placed in the first 4GB address space. The Java Heap base address is the
#     maximum limit for the native heap growth. Please use -XX:HeapBaseMinAddress
#     to set the Java Heap base and to place the Java Heap above 4GB virtual address.
# This output file may be truncated or incomplete.
#
#  Out of Memory Error (arena.cpp:168), pid=12016, tid=8596
#
# JRE version: OpenJDK Runtime Environment Temurin-21.0.8+9 (21.0.8+9) (build 21.0.8+9-LTS)
# Java VM: OpenJDK 64-Bit Server VM Temurin-21.0.8+9 (21.0.8+9-LTS, mixed mode, sharing, tiered, compressed oops, compressed class ptrs, parallel gc, windows-amd64)
# Core dump will be written. Default location: e:\VSC\Project\Audit\Abeshu\ums\Backend\AuditFindingReportingandFollowupManagementSystem\hs_err_pid12016.mdmp
#

---------------  S U M M A R Y ------------

Command Line: --add-modules=ALL-SYSTEM --add-opens=java.base/java.util=ALL-UNNAMED --add-opens=java.base/java.lang=ALL-UNNAMED --add-opens=java.base/sun.nio.fs=ALL-UNNAMED -Declipse.application=org.eclipse.jdt.ls.core.id1 -Dosgi.bundles.defaultStartLevel=4 -Declipse.product=org.eclipse.jdt.ls.core.product -Djava.import.generatesMetadataFilesAtProjectRoot=false -DDetectVMInstallationsJob.disabled=true -Dfile.encoding=utf8 -XX:+UseParallelGC -XX:GCTimeRatio=4 -XX:AdaptiveSizePolicyWeight=90 -Dsun.zip.disableMemoryMapping=true -Xmx2G -Xms100m -Xlog:disable -javaagent:c:\Users\abeshuk\.vscode\extensions\redhat.java-1.44.0-win32-x64\lombok\lombok-1.18.39-4050.jar -XX:+HeapDumpOnOutOfMemoryError -XX:HeapDumpPath=c:\Users\abeshuk\AppData\Roaming\Code\User\workspaceStorage\0d97b21f31cd49fd9323b20bdbe348d2\redhat.java -Daether.dependencyCollector.impl=bf c:\Users\abeshuk\.vscode\extensions\redhat.java-1.44.0-win32-x64\server\plugins\org.eclipse.equinox.launcher_1.7.0.v20250519-0528.jar -configuration c:\Users\abeshuk\AppData\Roaming\Code\User\globalStorage\redhat.java\1.44.0\config_win -data c:\Users\abeshuk\AppData\Roaming\Code\User\workspaceStorage\0d97b21f31cd49fd9323b20bdbe348d2\redhat.java\jdt_ws --pipe=\\.\pipe\lsp-9aad02b1db52313d6cbe271cbe3b7be2-sock

Host: Intel(R) Xeon(R) CPU E5-2690 v3 @ 2.60GHz, 8 cores, 23G,  Windows Server 2019 , 64 bit Build 17763 (10.0.17763.7009)
Time: Tue Aug 12 11:32:13 2025 E. Africa Standard Time elapsed time: 5.119024 seconds (0d 0h 0m 5s)

---------------  T H R E A D  ---------------

Current thread (0x00000208eb664520):  JavaThread "C2 CompilerThread0" daemon [_thread_in_native, id=8596, stack(0x00000096d3600000,0x00000096d3700000) (1024K)]


Current CompileTask:
C2:5119 1762 %     4       java.io.WinNTFileSystem::normalize @ 58 (224 bytes)

Stack: [0x00000096d3600000,0x00000096d3700000]
Native frames: (J=compiled Java code, j=interpreted, Vv=VM code, C=native code)
V  [jvm.dll+0x6d2449]
V  [jvm.dll+0x8ae341]
V  [jvm.dll+0x8b08be]
V  [jvm.dll+0x8b0fa3]
V  [jvm.dll+0x280c96]
V  [jvm.dll+0xc581d]
V  [jvm.dll+0xc5d53]
V  [jvm.dll+0x3b919c]
V  [jvm.dll+0x385315]
V  [jvm.dll+0x38477a]
V  [jvm.dll+0x248ed0]
V  [jvm.dll+0x2484af]
V  [jvm.dll+0x1c89ee]
V  [jvm.dll+0x257d4d]
V  [jvm.dll+0x2562ea]
V  [jvm.dll+0x3f2d16]
V  [jvm.dll+0x857e6b]
V  [jvm.dll+0x6d0b0d]
C  [ucrtbase.dll+0x2268a]
C  [KERNEL32.DLL+0x17ac4]
C  [ntdll.dll+0x5a8c1]


---------------  P R O C E S S  ---------------

Threads class SMR info:
_java_thread_list=0x00000208c979cc60, length=12, elements={
0x00000208eb6e7670, 0x00000208eb659410, 0x00000208eb65a8f0, 0x00000208eb65bdd0,
0x00000208eb65cf60, 0x00000208eb65fc80, 0x00000208eb6616e0, 0x00000208eb664520,
0x00000208eb674580, 0x00000208ff9c7d60, 0x00000208ffb7f6d0, 0x00000208c9511690
}

Java Threads: ( => current thread )
  0x00000208eb6e7670 JavaThread "main"                              [_thread_in_native, id=13872, stack(0x00000096d2c00000,0x00000096d2d00000) (1024K)]
  0x00000208eb659410 JavaThread "Reference Handler"          daemon [_thread_blocked, id=22444, stack(0x00000096d3000000,0x00000096d3100000) (1024K)]
  0x00000208eb65a8f0 JavaThread "Finalizer"                  daemon [_thread_blocked, id=17992, stack(0x00000096d3100000,0x00000096d3200000) (1024K)]
  0x00000208eb65bdd0 JavaThread "Signal Dispatcher"          daemon [_thread_blocked, id=1240, stack(0x00000096d3200000,0x00000096d3300000) (1024K)]
  0x00000208eb65cf60 JavaThread "Attach Listener"            daemon [_thread_blocked, id=7292, stack(0x00000096d3300000,0x00000096d3400000) (1024K)]
  0x00000208eb65fc80 JavaThread "Service Thread"             daemon [_thread_blocked, id=12860, stack(0x00000096d3400000,0x00000096d3500000) (1024K)]
  0x00000208eb6616e0 JavaThread "Monitor Deflation Thread"   daemon [_thread_blocked, id=7728, stack(0x00000096d3500000,0x00000096d3600000) (1024K)]
=>0x00000208eb664520 JavaThread "C2 CompilerThread0"         daemon [_thread_in_native, id=8596, stack(0x00000096d3600000,0x00000096d3700000) (1024K)]
  0x00000208eb674580 JavaThread "C1 CompilerThread0"         daemon [_thread_blocked, id=7284, stack(0x00000096d3700000,0x00000096d3800000) (1024K)]
  0x00000208ff9c7d60 JavaThread "Common-Cleaner"             daemon [_thread_blocked, id=15712, stack(0x00000096d3800000,0x00000096d3900000) (1024K)]
  0x00000208ffb7f6d0 JavaThread "Notification Thread"        daemon [_thread_blocked, id=10108, stack(0x00000096d3900000,0x00000096d3a00000) (1024K)]
  0x00000208c9511690 JavaThread "Active Thread: Equinox Container: 7b9e96b9-a8cf-48ce-bd28-868e8f22e369"        [_thread_blocked, id=8452, stack(0x00000096d4000000,0x00000096d4100000) (1024K)]
Total: 12

Other Threads:
  0x00000208eb782040 VMThread "VM Thread"                           [id=15276, stack(0x00000096d2f00000,0x00000096d3000000) (1024K)]
  0x00000208eb56bc60 WatcherThread "VM Periodic Task Thread"        [id=9772, stack(0x00000096d2e00000,0x00000096d2f00000) (1024K)]
  0x00000208eb707760 WorkerThread "GC Thread#0"                     [id=18776, stack(0x00000096d2d00000,0x00000096d2e00000) (1024K)]
  0x00000208c96c7720 WorkerThread "GC Thread#1"                     [id=21272, stack(0x00000096d3a00000,0x00000096d3b00000) (1024K)]
  0x00000208c9331960 WorkerThread "GC Thread#2"                     [id=12972, stack(0x00000096d3b00000,0x00000096d3c00000) (1024K)]
  0x00000208c9331d00 WorkerThread "GC Thread#3"                     [id=15828, stack(0x00000096d3c00000,0x00000096d3d00000) (1024K)]
  0x00000208c93320a0 WorkerThread "GC Thread#4"                     [id=16628, stack(0x00000096d3d00000,0x00000096d3e00000) (1024K)]
  0x00000208c9332440 WorkerThread "GC Thread#5"                     [id=21644, stack(0x00000096d3e00000,0x00000096d3f00000) (1024K)]
  0x00000208c9330ae0 WorkerThread "GC Thread#6"                     [id=10744, stack(0x00000096d3f00000,0x00000096d4000000) (1024K)]
Total: 9

Threads with active compile tasks:
C2 CompilerThread0  5331 1762 %     4       java.io.WinNTFileSystem::normalize @ 58 (224 bytes)
Total: 1

VM state: not at safepoint (normal execution)

VM Mutex/Monitor currently owned by a thread: None

Heap address: 0x0000000080000000, size: 2048 MB, Compressed Oops mode: 32-bit

CDS archive(s) mapped at: [0x0000020884000000-0x0000020884ba0000-0x0000020884ba0000), size 12189696, SharedBaseAddress: 0x0000020884000000, ArchiveRelocationMode: 1.
Compressed class space mapped at: 0x0000020885000000-0x00000208c5000000, reserved size: 1073741824
Narrow klass base: 0x0000020884000000, Narrow klass shift: 0, Narrow klass range: 0x100000000

GC Precious Log:
 CardTable entry size: 512
 CPUs: 8 total, 8 available
 Memory: 24575M
 Large Page Support: Disabled
 NUMA Support: Disabled
 Compressed Oops: Enabled (32-bit)
 Alignments: Space 512K, Generation 512K, Heap 2M
 Heap Min Capacity: 100M
 Heap Initial Capacity: 100M
 Heap Max Capacity: 2G
 Pre-touch: Disabled
 Parallel Workers: 8

Heap:
 PSYoungGen      total 29696K, used 28256K [0x00000000d5580000, 0x00000000d7680000, 0x0000000100000000)
  eden space 25600K, 97% used [0x00000000d5580000,0x00000000d6ddc348,0x00000000d6e80000)
  from space 4096K, 80% used [0x00000000d6e80000,0x00000000d71bbe68,0x00000000d7280000)
  to   space 4096K, 0% used [0x00000000d7280000,0x00000000d7280000,0x00000000d7680000)
 ParOldGen       total 68608K, used 16K [0x0000000080000000, 0x0000000084300000, 0x00000000d5580000)
  object space 68608K, 0% used [0x0000000080000000,0x0000000080004000,0x0000000084300000)
 Metaspace       used 7950K, committed 8192K, reserved 1114112K
  class space    used 831K, committed 960K, reserved 1048576K

Card table byte_map: [0x00000208eb080000,0x00000208eb490000] _byte_map_base: 0x00000208eac80000

Marking Bits: (ParMarkBitMap*) 0x00007ffb0cc8a340
 Begin Bits: [0x0000020880000000, 0x0000020882000000)
 End Bits:   [0x0000020882000000, 0x0000020884000000)

Polling page: 0x00000208e9300000

Metaspace:

Usage:
  Non-class:      6.95 MB used.
      Class:    831.16 KB used.
       Both:      7.76 MB used.

Virtual space:
  Non-class space:       64.00 MB reserved,       7.06 MB ( 11%) committed,  1 nodes.
      Class space:        1.00 GB reserved,     960.00 KB ( <1%) committed,  1 nodes.
             Both:        1.06 GB reserved,       8.00 MB ( <1%) committed. 

Chunk freelists:
   Non-Class:  8.81 MB
       Class:  14.91 MB
        Both:  23.72 MB

MaxMetaspaceSize: unlimited
CompressedClassSpaceSize: 1.00 GB
Initial GC threshold: 21.00 MB
Current GC threshold: 21.00 MB
CDS: on
 - commit_granule_bytes: 65536.
 - commit_granule_words: 8192.
 - virtual_space_node_default_size: 8388608.
 - enlarge_chunks_in_place: 1.
 - use_allocation_guard: 0.


Internal statistics:

num_allocs_failed_limit: 0.
num_arena_births: 228.
num_arena_deaths: 0.
num_vsnodes_births: 2.
num_vsnodes_deaths: 0.
num_space_committed: 128.
num_space_uncommitted: 0.
num_chunks_returned_to_freelist: 0.
num_chunks_taken_from_freelist: 414.
num_chunk_merges: 0.
num_chunk_splits: 267.
num_chunks_enlarged: 182.
num_inconsistent_stats: 0.

CodeHeap 'non-profiled nmethods': size=120000Kb used=745Kb max_used=745Kb free=119254Kb
 bounds [0x00000208f63a0000, 0x00000208f6610000, 0x00000208fd8d0000]
CodeHeap 'profiled nmethods': size=120000Kb used=3163Kb max_used=3163Kb free=116836Kb
 bounds [0x00000208ee8d0000, 0x00000208eebf0000, 0x00000208f5e00000]
CodeHeap 'non-nmethods': size=5760Kb used=1216Kb max_used=1235Kb free=4543Kb
 bounds [0x00000208f5e00000, 0x00000208f6070000, 0x00000208f63a0000]
CodeCache: size=245760Kb, used=5124Kb, max_used=5143Kb, free=240633Kb
 total_blobs=2243, nmethods=1761, adapters=389, full_count=0
Compilation: enabled, stopped_count=0, restarted_count=0

Compilation events (20 events):
Event: 3.419 Thread 0x00000208eb674580 nmethod 1752 0x00000208eebe1890 code [0x00000208eebe1a60, 0x00000208eebe1d70]
Event: 3.419 Thread 0x00000208eb674580 1753       3       java.lang.Character::isLetter (18 bytes)
Event: 3.420 Thread 0x00000208eb674580 nmethod 1753 0x00000208eebe1e90 code [0x00000208eebe2060, 0x00000208eebe2308]
Event: 3.466 Thread 0x00000208eb674580 1754       3       java.lang.AbstractStringBuilder::appendChars (207 bytes)
Event: 3.467 Thread 0x00000208eb674580 nmethod 1754 0x00000208eebe2410 code [0x00000208eebe26c0, 0x00000208eebe35f0]
Event: 3.500 Thread 0x00000208eb674580 1755       3       java.util.StringTokenizer::<init> (8 bytes)
Event: 3.500 Thread 0x00000208eb674580 nmethod 1755 0x00000208eebe3b10 code [0x00000208eebe3cc0, 0x00000208eebe3e00]
Event: 4.624 Thread 0x00000208eb664520 1756       4       java.lang.String::startsWith (7 bytes)
Event: 4.627 Thread 0x00000208eb664520 nmethod 1756 0x00000208f6459e10 code [0x00000208f6459fc0, 0x00000208f645a228]
Event: 4.984 Thread 0x00000208eb674580 1757       3       java.net.URL::isValidProtocol (78 bytes)
Event: 4.986 Thread 0x00000208eb674580 nmethod 1757 0x00000208eebe3e90 code [0x00000208eebe41a0, 0x00000208eebe53d8]
Event: 4.986 Thread 0x00000208eb674580 1758       3       java.net.URL::toExternalForm (9 bytes)
Event: 4.986 Thread 0x00000208eb674580 nmethod 1758 0x00000208eebe5b10 code [0x00000208eebe5cc0, 0x00000208eebe5ea0]
Event: 4.986 Thread 0x00000208eb674580 1759       1       sun.nio.fs.NativeBuffer::address (5 bytes)
Event: 4.986 Thread 0x00000208eb674580 nmethod 1759 0x00000208f645a490 code [0x00000208f645a620, 0x00000208f645a6e8]
Event: 5.071 Thread 0x00000208eb674580 1760       3       java.lang.StringBuilder::append (10 bytes)
Event: 5.071 Thread 0x00000208eb674580 nmethod 1760 0x00000208eebe5f90 code [0x00000208eebe6140, 0x00000208eebe6290]
Event: 5.071 Thread 0x00000208eb674580 1761       3       java.lang.AbstractStringBuilder::append (67 bytes)
Event: 5.072 Thread 0x00000208eb674580 nmethod 1761 0x00000208eebe6390 code [0x00000208eebe65a0, 0x00000208eebe6c20]
Event: 5.093 Thread 0x00000208eb664520 1762 %     4       java.io.WinNTFileSystem::normalize @ 58 (224 bytes)

GC Heap History (2 events):
Event: 2.393 GC heap before
{Heap before GC invocations=1 (full 0):
 PSYoungGen      total 29696K, used 25600K [0x00000000d5580000, 0x00000000d7680000, 0x0000000100000000)
  eden space 25600K, 100% used [0x00000000d5580000,0x00000000d6e80000,0x00000000d6e80000)
  from space 4096K, 0% used [0x00000000d7280000,0x00000000d7280000,0x00000000d7680000)
  to   space 4096K, 0% used [0x00000000d6e80000,0x00000000d6e80000,0x00000000d7280000)
 ParOldGen       total 68608K, used 0K [0x0000000080000000, 0x0000000084300000, 0x00000000d5580000)
  object space 68608K, 0% used [0x0000000080000000,0x0000000080000000,0x0000000084300000)
 Metaspace       used 4340K, committed 4608K, reserved 1114112K
  class space    used 472K, committed 576K, reserved 1048576K
}
Event: 2.401 GC heap after
{Heap after GC invocations=1 (full 0):
 PSYoungGen      total 29696K, used 3311K [0x00000000d5580000, 0x00000000d7680000, 0x0000000100000000)
  eden space 25600K, 0% used [0x00000000d5580000,0x00000000d5580000,0x00000000d6e80000)
  from space 4096K, 80% used [0x00000000d6e80000,0x00000000d71bbe68,0x00000000d7280000)
  to   space 4096K, 0% used [0x00000000d7280000,0x00000000d7280000,0x00000000d7680000)
 ParOldGen       total 68608K, used 16K [0x0000000080000000, 0x0000000084300000, 0x00000000d5580000)
  object space 68608K, 0% used [0x0000000080000000,0x0000000080004000,0x0000000084300000)
 Metaspace       used 4340K, committed 4608K, reserved 1114112K
  class space    used 472K, committed 576K, reserved 1048576K
}

Dll operation events (8 events):
Event: 0.278 Loaded shared library c:\Users\abeshuk\.vscode\extensions\redhat.java-1.44.0-win32-x64\jre\21.0.8-win32-x86_64\bin\java.dll
Event: 0.347 Loaded shared library c:\Users\abeshuk\.vscode\extensions\redhat.java-1.44.0-win32-x64\jre\21.0.8-win32-x86_64\bin\zip.dll
Event: 0.393 Loaded shared library C:\Users\abeshuk\.vscode\extensions\redhat.java-1.44.0-win32-x64\jre\21.0.8-win32-x86_64\bin\instrument.dll
Event: 0.399 Loaded shared library C:\Users\abeshuk\.vscode\extensions\redhat.java-1.44.0-win32-x64\jre\21.0.8-win32-x86_64\bin\net.dll
Event: 0.406 Loaded shared library C:\Users\abeshuk\.vscode\extensions\redhat.java-1.44.0-win32-x64\jre\21.0.8-win32-x86_64\bin\nio.dll
Event: 0.413 Loaded shared library C:\Users\abeshuk\.vscode\extensions\redhat.java-1.44.0-win32-x64\jre\21.0.8-win32-x86_64\bin\zip.dll
Event: 0.447 Loaded shared library C:\Users\abeshuk\.vscode\extensions\redhat.java-1.44.0-win32-x64\jre\21.0.8-win32-x86_64\bin\jimage.dll
Event: 0.612 Loaded shared library c:\Users\abeshuk\.vscode\extensions\redhat.java-1.44.0-win32-x64\jre\21.0.8-win32-x86_64\bin\verify.dll

Deoptimization events (20 events):
Event: 3.111 Thread 0x00000208eb6e7670 Uncommon trap: trap_request=0xffffff45 fr.pc=0x00000208f6434934 relative=0x0000000000000094
Event: 3.111 Thread 0x00000208eb6e7670 Uncommon trap: reason=unstable_if action=reinterpret pc=0x00000208f6434934 method=java.util.concurrent.locks.ReentrantLock$Sync.tryRelease(I)Z @ 26 c2
Event: 3.111 Thread 0x00000208eb6e7670 DEOPT PACKING pc=0x00000208f6434934 sp=0x00000096d2cfea60
Event: 3.111 Thread 0x00000208eb6e7670 DEOPT UNPACKING pc=0x00000208f5e53aa2 sp=0x00000096d2cfe9e0 mode 2
Event: 3.253 Thread 0x00000208eb6e7670 Uncommon trap: trap_request=0xffffffde fr.pc=0x00000208f6428b50 relative=0x0000000000000a50
Event: 3.253 Thread 0x00000208eb6e7670 Uncommon trap: reason=class_check action=maybe_recompile pc=0x00000208f6428b50 method=java.util.HashMap.putVal(ILjava/lang/Object;Ljava/lang/Object;ZZ)Ljava/lang/Object; @ 253 c2
Event: 3.253 Thread 0x00000208eb6e7670 DEOPT PACKING pc=0x00000208f6428b50 sp=0x00000096d2cfe350
Event: 3.253 Thread 0x00000208eb6e7670 DEOPT UNPACKING pc=0x00000208f5e53aa2 sp=0x00000096d2cfe2e0 mode 2
Event: 3.255 Thread 0x00000208eb6e7670 Uncommon trap: trap_request=0xffffffde fr.pc=0x00000208f6428b50 relative=0x0000000000000a50
Event: 3.255 Thread 0x00000208eb6e7670 Uncommon trap: reason=class_check action=maybe_recompile pc=0x00000208f6428b50 method=java.util.HashMap.putVal(ILjava/lang/Object;Ljava/lang/Object;ZZ)Ljava/lang/Object; @ 253 c2
Event: 3.255 Thread 0x00000208eb6e7670 DEOPT PACKING pc=0x00000208f6428b50 sp=0x00000096d2cfe350
Event: 3.255 Thread 0x00000208eb6e7670 DEOPT UNPACKING pc=0x00000208f5e53aa2 sp=0x00000096d2cfe2e0 mode 2
Event: 3.329 Thread 0x00000208eb6e7670 DEOPT PACKING pc=0x00000208eea58188 sp=0x00000096d2cfc450
Event: 3.329 Thread 0x00000208eb6e7670 DEOPT UNPACKING pc=0x00000208f5e54242 sp=0x00000096d2cfb8d0 mode 0
Event: 3.330 Thread 0x00000208eb6e7670 DEOPT PACKING pc=0x00000208eea58188 sp=0x00000096d2cfc760
Event: 3.330 Thread 0x00000208eb6e7670 DEOPT UNPACKING pc=0x00000208f5e54242 sp=0x00000096d2cfbbe0 mode 0
Event: 3.331 Thread 0x00000208eb6e7670 DEOPT PACKING pc=0x00000208eea58188 sp=0x00000096d2cfc6b0
Event: 3.331 Thread 0x00000208eb6e7670 DEOPT UNPACKING pc=0x00000208f5e54242 sp=0x00000096d2cfbb30 mode 0
Event: 3.331 Thread 0x00000208eb6e7670 DEOPT PACKING pc=0x00000208eea58188 sp=0x00000096d2cfc9b0
Event: 3.331 Thread 0x00000208eb6e7670 DEOPT UNPACKING pc=0x00000208f5e54242 sp=0x00000096d2cfbe30 mode 0

Classes loaded (20 events):
Event: 3.324 Loading class java/security/KeyStoreException
Event: 3.324 Loading class java/security/KeyStoreException done
Event: 3.361 Loading class java/util/LinkedList$Node
Event: 3.362 Loading class java/util/LinkedList$Node done
Event: 3.362 Loading class java/util/LinkedList$ListItr
Event: 3.362 Loading class java/util/LinkedList$ListItr done
Event: 3.363 Loading class java/lang/Thread$Builder$OfPlatform
Event: 3.363 Loading class java/lang/Thread$Builder
Event: 3.363 Loading class java/lang/Thread$Builder done
Event: 3.363 Loading class java/lang/Thread$Builder$OfPlatform done
Event: 3.363 Loading class java/lang/Thread$Builder$OfVirtual
Event: 3.363 Loading class java/lang/Thread$Builder$OfVirtual done
Event: 3.370 Loading class sun/nio/fs/WindowsChannelFactory
Event: 3.370 Loading class sun/nio/fs/WindowsChannelFactory done
Event: 3.370 Loading class sun/nio/fs/WindowsChannelFactory$1
Event: 3.370 Loading class sun/nio/fs/WindowsChannelFactory$1 done
Event: 3.370 Loading class sun/nio/fs/WindowsChannelFactory$Flags
Event: 3.370 Loading class sun/nio/fs/WindowsChannelFactory$Flags done
Event: 3.372 Loading class sun/nio/ch/FileChannelImpl$Closer
Event: 3.378 Loading class sun/nio/ch/FileChannelImpl$Closer done

Classes unloaded (0 events):
No events

Classes redefined (0 events):
No events

Internal exceptions (20 events):
Event: 1.816 Thread 0x00000208eb6e7670 Exception <a 'java/lang/NoSuchMethodError'{0x00000000d6560468}: 'int java.lang.invoke.DirectMethodHandle$Holder.invokeStatic(java.lang.Object, java.lang.Object, java.lang.Object, java.lang.Object, java.lang.Object)'> (0x00000000d6560468) 
thrown [s\src\hotspot\share\interpreter\linkResolver.cpp, line 773]
Event: 1.939 Thread 0x00000208eb6e7670 Exception <a 'java/lang/NoSuchMethodError'{0x00000000d65f54c8}: 'java.lang.Object java.lang.invoke.DirectMethodHandle$Holder.invokeInterface(java.lang.Object, java.lang.Object, int)'> (0x00000000d65f54c8) 
thrown [s\src\hotspot\share\interpreter\linkResolver.cpp, line 773]
Event: 2.323 Thread 0x00000208eb6e7670 Exception <a 'java/lang/NoSuchMethodError'{0x00000000d6a79d20}: 'java.lang.ClassLoader java.lang.ClassLoader.getPlatformClassLoader(java.lang.Class)'> (0x00000000d6a79d20) 
thrown [s\src\hotspot\share\interpreter\linkResolver.cpp, line 773]
Event: 2.404 Thread 0x00000208eb6e7670 Exception <a 'java/lang/ClassNotFoundException'{0x00000000d5593d70}: sun/net/www/protocol/c/Handler> (0x00000000d5593d70) 
thrown [s\src\hotspot\share\classfile\systemDictionary.cpp, line 312]
Event: 2.404 Thread 0x00000208eb6e7670 Exception <a 'java/lang/ClassNotFoundException'{0x00000000d55951a0}: sun/net/www/protocol/e/Handler> (0x00000000d55951a0) 
thrown [s\src\hotspot\share\classfile\systemDictionary.cpp, line 312]
Event: 2.405 Thread 0x00000208eb6e7670 Exception <a 'java/lang/ClassNotFoundException'{0x00000000d5596478}: sun/net/www/protocol/c/Handler> (0x00000000d5596478) 
thrown [s\src\hotspot\share\classfile\systemDictionary.cpp, line 312]
Event: 2.427 Thread 0x00000208eb6e7670 Exception <a 'java/io/FileNotFoundException'{0x00000000d55bec80}> (0x00000000d55bec80) 
thrown [s\src\hotspot\share\prims\jni.cpp, line 520]
Event: 2.480 Thread 0x00000208eb6e7670 Implicit null exception at 0x00000208f6410e49 to 0x00000208f64118f0
Event: 2.480 Thread 0x00000208eb6e7670 Implicit null exception at 0x00000208f6416d1a to 0x00000208f6416f20
Event: 2.481 Thread 0x00000208eb6e7670 Exception <a 'java/lang/NoSuchMethodError'{0x00000000d576bdd0}: 'void java.lang.invoke.DirectMethodHandle$Holder.invokeStatic(java.lang.Object, java.lang.Object, java.lang.Object, java.lang.Object)'> (0x00000000d576bdd0) 
thrown [s\src\hotspot\share\interpreter\linkResolver.cpp, line 773]
Event: 2.482 Thread 0x00000208eb6e7670 Implicit null exception at 0x00000208f640641a to 0x00000208f6406624
Event: 2.482 Thread 0x00000208eb6e7670 Implicit null exception at 0x00000208f6404c3d to 0x00000208f6404cc1
Event: 2.707 Thread 0x00000208eb6e7670 Exception <a 'java/lang/NoSuchMethodError'{0x00000000d5a48a50}: 'void java.lang.invoke.DirectMethodHandle$Holder.invokeSpecial(java.lang.Object, java.lang.Object, java.lang.Object)'> (0x00000000d5a48a50) 
thrown [s\src\hotspot\share\interpreter\linkResolver.cpp, line 773]
Event: 3.014 Thread 0x00000208eb6e7670 Exception <a 'java/lang/NoSuchMethodError'{0x00000000d644c070}: 'int java.lang.invoke.DirectMethodHandle$Holder.invokeVirtual(java.lang.Object, java.lang.Object)'> (0x00000000d644c070) 
thrown [s\src\hotspot\share\interpreter\linkResolver.cpp, line 773]
Event: 3.128 Thread 0x00000208eb6e7670 Exception <a 'java/lang/NoSuchMethodError'{0x00000000d65c0530}: 'int java.lang.invoke.DirectMethodHandle$Holder.invokeStaticInit(java.lang.Object, java.lang.Object, java.lang.Object, java.lang.Object)'> (0x00000000d65c0530) 
thrown [s\src\hotspot\share\interpreter\linkResolver.cpp, line 773]
Event: 3.129 Thread 0x00000208eb6e7670 Exception <a 'java/lang/IncompatibleClassChangeError'{0x00000000d65c89b8}: Found class java.lang.Object, but interface was expected> (0x00000000d65c89b8) 
thrown [s\src\hotspot\share\interpreter\linkResolver.cpp, line 840]
Event: 3.135 Thread 0x00000208eb6e7670 Exception <a 'java/lang/NoSuchMethodError'{0x00000000d65cefc8}: 'void java.lang.invoke.DirectMethodHandle$Holder.invokeStaticInit(java.lang.Object, java.lang.Object)'> (0x00000000d65cefc8) 
thrown [s\src\hotspot\share\interpreter\linkResolver.cpp, line 773]
Event: 3.136 Thread 0x00000208eb6e7670 Exception <a 'java/lang/NoSuchMethodError'{0x00000000d65d81c0}: 'int java.lang.invoke.DirectMethodHandle$Holder.invokeStaticInit(java.lang.Object, java.lang.Object)'> (0x00000000d65d81c0) 
thrown [s\src\hotspot\share\interpreter\linkResolver.cpp, line 773]
Event: 3.222 Thread 0x00000208eb6e7670 Exception <a 'java/lang/NoSuchMethodError'{0x00000000d6823260}: 'java.lang.Object java.lang.invoke.DirectMethodHandle$Holder.newInvokeSpecial(java.lang.Object, int, java.lang.Object)'> (0x00000000d6823260) 
thrown [s\src\hotspot\share\interpreter\linkResolver.cpp, line 773]
Event: 3.293 Thread 0x00000208eb6e7670 Exception <a 'java/lang/ClassNotFoundException'{0x00000000d6a34f78}: sun/net/www/protocol/plurl/Handler> (0x00000000d6a34f78) 
thrown [s\src\hotspot\share\classfile\systemDictionary.cpp, line 312]

ZGC Phase Switch (0 events):
No events

VM Operations (20 events):
Event: 1.479 Executing VM operation: Cleanup
Event: 1.484 Executing VM operation: Cleanup done
Event: 1.541 Executing VM operation: HandshakeAllThreads (Deoptimize)
Event: 1.541 Executing VM operation: HandshakeAllThreads (Deoptimize) done
Event: 1.560 Executing VM operation: HandshakeAllThreads (Deoptimize)
Event: 1.560 Executing VM operation: HandshakeAllThreads (Deoptimize) done
Event: 2.393 Executing VM operation: ParallelGCFailedAllocation (Allocation Failure)
Event: 2.401 Executing VM operation: ParallelGCFailedAllocation (Allocation Failure) done
Event: 3.204 Executing VM operation: HandshakeAllThreads (Deoptimize)
Event: 3.204 Executing VM operation: HandshakeAllThreads (Deoptimize) done
Event: 3.211 Executing VM operation: HandshakeAllThreads (Deoptimize)
Event: 3.211 Executing VM operation: HandshakeAllThreads (Deoptimize) done
Event: 3.265 Executing VM operation: HandshakeAllThreads (Deoptimize)
Event: 3.265 Executing VM operation: HandshakeAllThreads (Deoptimize) done
Event: 3.283 Executing VM operation: HandshakeAllThreads (Deoptimize)
Event: 3.283 Executing VM operation: HandshakeAllThreads (Deoptimize) done
Event: 3.378 Executing VM operation: ICBufferFull
Event: 3.378 Executing VM operation: ICBufferFull done
Event: 4.378 Executing VM operation: Cleanup
Event: 4.378 Executing VM operation: Cleanup done

Memory protections (0 events):
No events

Nmethod flushes (0 events):
No events

Events (16 events):
Event: 0.295 Thread 0x00000208eb6e7670 Thread added: 0x00000208eb6e7670
Event: 0.308 Thread 0x00000208eb6e7670 Thread added: 0x00000208eb659410
Event: 0.308 Thread 0x00000208eb6e7670 Thread added: 0x00000208eb65a8f0
Event: 0.309 Thread 0x00000208eb6e7670 Thread added: 0x00000208eb65bdd0
Event: 0.309 Thread 0x00000208eb6e7670 Thread added: 0x00000208eb65cf60
Event: 0.309 Thread 0x00000208eb6e7670 Thread added: 0x00000208eb65fc80
Event: 0.309 Thread 0x00000208eb6e7670 Thread added: 0x00000208eb6616e0
Event: 0.309 Thread 0x00000208eb6e7670 Thread added: 0x00000208eb664520
Event: 0.310 Thread 0x00000208eb6e7670 Thread added: 0x00000208eb674580
Event: 0.334 Thread 0x00000208eb6e7670 Thread added: 0x00000208ff9c7d60
Event: 0.364 Thread 0x00000208eb664520 Thread added: 0x00000208ff9f70d0
Event: 0.654 Thread 0x00000208ff9f70d0 Thread exited: 0x00000208ff9f70d0
Event: 0.766 Thread 0x00000208eb6e7670 Thread added: 0x00000208ffb7f6d0
Event: 1.295 Thread 0x00000208eb674580 Thread added: 0x00000208ffc3a1f0
Event: 1.819 Thread 0x00000208ffc3a1f0 Thread exited: 0x00000208ffc3a1f0
Event: 3.192 Thread 0x00000208eb6e7670 Thread added: 0x00000208c9511690


Dynamic libraries:
0x00007ff7c80a0000 - 0x00007ff7c80ae000 	c:\Users\abeshuk\.vscode\extensions\redhat.java-1.44.0-win32-x64\jre\21.0.8-win32-x86_64\bin\java.exe
0x00007ffb55b30000 - 0x00007ffb55d1e000 	C:\Windows\SYSTEM32\ntdll.dll
0x00007ffb55630000 - 0x00007ffb556e3000 	C:\Windows\System32\KERNEL32.DLL
0x00007ffb526d0000 - 0x00007ffb5296e000 	C:\Windows\System32\KERNELBASE.dll
0x00007ffb51820000 - 0x00007ffb519c6000 	C:\Windows\system32\hmpalert.dll
0x00007ffb51cd0000 - 0x00007ffb51dca000 	C:\Windows\System32\ucrtbase.dll
0x00007ffb40420000 - 0x00007ffb40438000 	c:\Users\abeshuk\.vscode\extensions\redhat.java-1.44.0-win32-x64\jre\21.0.8-win32-x86_64\bin\jli.dll
0x00007ffb47250000 - 0x00007ffb4726e000 	c:\Users\abeshuk\.vscode\extensions\redhat.java-1.44.0-win32-x64\jre\21.0.8-win32-x86_64\bin\VCRUNTIME140.dll
0x00007ffb55100000 - 0x00007ffb55297000 	C:\Windows\System32\USER32.dll
0x00007ffb52a20000 - 0x00007ffb52a40000 	C:\Windows\System32\win32u.dll
0x00007ffb546c0000 - 0x00007ffb546e9000 	C:\Windows\System32\GDI32.dll
0x00007ffb51dd0000 - 0x00007ffb51f7c000 	C:\Windows\System32\gdi32full.dll
0x00007ffb51c30000 - 0x00007ffb51cd0000 	C:\Windows\System32\msvcp_win.dll
0x00007ffb425c0000 - 0x00007ffb42839000 	C:\Windows\WinSxS\amd64_microsoft.windows.common-controls_6595b64144ccf1df_6.0.17763.7136_none_de7065e8534c1279\COMCTL32.dll
0x00007ffb54620000 - 0x00007ffb546be000 	C:\Windows\System32\msvcrt.dll
0x00007ffb542f0000 - 0x00007ffb5461a000 	C:\Windows\System32\combase.dll
0x00007ffb55490000 - 0x00007ffb555a8000 	C:\Windows\System32\RPCRT4.dll
0x00007ffb51ba0000 - 0x00007ffb51c22000 	C:\Windows\System32\bcryptPrimitives.dll
0x00007ffb542c0000 - 0x00007ffb542ee000 	C:\Windows\System32\IMM32.DLL
0x00007ffb49310000 - 0x00007ffb4931c000 	c:\Users\abeshuk\.vscode\extensions\redhat.java-1.44.0-win32-x64\jre\21.0.8-win32-x86_64\bin\vcruntime140_1.dll
0x00007ffb3ee70000 - 0x00007ffb3eefd000 	c:\Users\abeshuk\.vscode\extensions\redhat.java-1.44.0-win32-x64\jre\21.0.8-win32-x86_64\bin\msvcp140.dll
0x00007ffb0bfd0000 - 0x00007ffb0cd67000 	c:\Users\abeshuk\.vscode\extensions\redhat.java-1.44.0-win32-x64\jre\21.0.8-win32-x86_64\bin\server\jvm.dll
0x00007ffb546f0000 - 0x00007ffb54799000 	C:\Windows\System32\ADVAPI32.dll
0x00007ffb547a0000 - 0x00007ffb54842000 	C:\Windows\System32\sechost.dll
0x00007ffb52d20000 - 0x00007ffb52d46000 	C:\Windows\System32\bcrypt.dll
0x00007ffb51b40000 - 0x00007ffb51b9d000 	C:\Windows\System32\POWRPROF.dll
0x00007ffb556f0000 - 0x00007ffb5575d000 	C:\Windows\System32\WS2_32.dll
0x00007ffb495b0000 - 0x00007ffb495d4000 	C:\Windows\SYSTEM32\WINMM.dll
0x00007ffb4f0f0000 - 0x00007ffb4f0fa000 	C:\Windows\SYSTEM32\VERSION.dll
0x00007ffb49340000 - 0x00007ffb4936d000 	C:\Windows\SYSTEM32\WINMMBASE.dll
0x00007ffb52970000 - 0x00007ffb529ba000 	C:\Windows\System32\cfgmgr32.dll
0x00007ffb51b00000 - 0x00007ffb51b11000 	C:\Windows\System32\kernel.appcore.dll
0x00007ffb48be0000 - 0x00007ffb48bea000 	c:\Users\abeshuk\.vscode\extensions\redhat.java-1.44.0-win32-x64\jre\21.0.8-win32-x86_64\bin\jimage.dll
0x00007ffb4ac00000 - 0x00007ffb4aded000 	C:\Windows\SYSTEM32\DBGHELP.DLL
0x00007ffb4ab20000 - 0x00007ffb4ab4a000 	C:\Windows\SYSTEM32\dbgcore.DLL
0x00007ffb43f60000 - 0x00007ffb43f6f000 	c:\Users\abeshuk\.vscode\extensions\redhat.java-1.44.0-win32-x64\jre\21.0.8-win32-x86_64\bin\instrument.dll
0x00007ffb42b60000 - 0x00007ffb42b7f000 	c:\Users\abeshuk\.vscode\extensions\redhat.java-1.44.0-win32-x64\jre\21.0.8-win32-x86_64\bin\java.dll
0x00007ffb52d60000 - 0x00007ffb54258000 	C:\Windows\System32\SHELL32.dll
0x00007ffb55050000 - 0x00007ffb550f7000 	C:\Windows\System32\shcore.dll
0x00007ffb51f80000 - 0x00007ffb526c8000 	C:\Windows\System32\windows.storage.dll
0x00007ffb51ad0000 - 0x00007ffb51af3000 	C:\Windows\System32\profapi.dll
0x00007ffb54260000 - 0x00007ffb542b2000 	C:\Windows\System32\shlwapi.dll
0x00007ffb52d00000 - 0x00007ffb52d1b000 	C:\Windows\System32\cryptsp.dll
0x00007ffb3ee50000 - 0x00007ffb3ee68000 	c:\Users\abeshuk\.vscode\extensions\redhat.java-1.44.0-win32-x64\jre\21.0.8-win32-x86_64\bin\zip.dll
0x00007ffb42d30000 - 0x00007ffb42d40000 	C:\Users\abeshuk\.vscode\extensions\redhat.java-1.44.0-win32-x64\jre\21.0.8-win32-x86_64\bin\net.dll
0x00007ffb4d180000 - 0x00007ffb4d27d000 	C:\Windows\SYSTEM32\WINHTTP.dll
0x00007ffb51100000 - 0x00007ffb51167000 	C:\Windows\system32\mswsock.dll
0x00007ffb3ef30000 - 0x00007ffb3ef46000 	C:\Users\abeshuk\.vscode\extensions\redhat.java-1.44.0-win32-x64\jre\21.0.8-win32-x86_64\bin\nio.dll
0x00007ffb403f0000 - 0x00007ffb40400000 	c:\Users\abeshuk\.vscode\extensions\redhat.java-1.44.0-win32-x64\jre\21.0.8-win32-x86_64\bin\verify.dll

JVMTI agents:
c:\Users\abeshuk\.vscode\extensions\redhat.java-1.44.0-win32-x64\lombok\lombok-1.18.39-4050.jar path:c:\Users\abeshuk\.vscode\extensions\redhat.java-1.44.0-win32-x64\jre\21.0.8-win32-x86_64\bin\instrument.dll, loaded, initialized, instrumentlib options:none

dbghelp: loaded successfully - version: 4.0.5 - missing functions: none
symbol engine: initialized successfully - sym options: 0x614 - pdb path: .;c:\Users\abeshuk\.vscode\extensions\redhat.java-1.44.0-win32-x64\jre\21.0.8-win32-x86_64\bin;C:\Windows\SYSTEM32;C:\Windows\WinSxS\amd64_microsoft.windows.common-controls_6595b64144ccf1df_6.0.17763.7136_none_de7065e8534c1279;c:\Users\abeshuk\.vscode\extensions\redhat.java-1.44.0-win32-x64\jre\21.0.8-win32-x86_64\bin\server

VM Arguments:
jvm_args: --add-modules=ALL-SYSTEM --add-opens=java.base/java.util=ALL-UNNAMED --add-opens=java.base/java.lang=ALL-UNNAMED --add-opens=java.base/sun.nio.fs=ALL-UNNAMED -Declipse.application=org.eclipse.jdt.ls.core.id1 -Dosgi.bundles.defaultStartLevel=4 -Declipse.product=org.eclipse.jdt.ls.core.product -Djava.import.generatesMetadataFilesAtProjectRoot=false -DDetectVMInstallationsJob.disabled=true -Dfile.encoding=utf8 -XX:+UseParallelGC -XX:GCTimeRatio=4 -XX:AdaptiveSizePolicyWeight=90 -Dsun.zip.disableMemoryMapping=true -Xmx2G -Xms100m -Xlog:disable -javaagent:c:\Users\abeshuk\.vscode\extensions\redhat.java-1.44.0-win32-x64\lombok\lombok-1.18.39-4050.jar -XX:+HeapDumpOnOutOfMemoryError -XX:HeapDumpPath=c:\Users\abeshuk\AppData\Roaming\Code\User\workspaceStorage\0d97b21f31cd49fd9323b20bdbe348d2\redhat.java -Daether.dependencyCollector.impl=bf 
java_command: c:\Users\abeshuk\.vscode\extensions\redhat.java-1.44.0-win32-x64\server\plugins\org.eclipse.equinox.launcher_1.7.0.v20250519-0528.jar -configuration c:\Users\abeshuk\AppData\Roaming\Code\User\globalStorage\redhat.java\1.44.0\config_win -data c:\Users\abeshuk\AppData\Roaming\Code\User\workspaceStorage\0d97b21f31cd49fd9323b20bdbe348d2\redhat.java\jdt_ws --pipe=\\.\pipe\lsp-9aad02b1db52313d6cbe271cbe3b7be2-sock
java_class_path (initial): c:\Users\abeshuk\.vscode\extensions\redhat.java-1.44.0-win32-x64\server\plugins\org.eclipse.equinox.launcher_1.7.0.v20250519-0528.jar
Launcher Type: SUN_STANDARD

[Global flags]
    uintx AdaptiveSizePolicyWeight                 = 90                                        {product} {command line}
     intx CICompilerCount                          = 4                                         {product} {ergonomic}
    uintx GCTimeRatio                              = 4                                         {product} {command line}
     bool HeapDumpOnOutOfMemoryError               = true                                   {manageable} {command line}
    ccstr HeapDumpPath                             = c:\Users\abeshuk\AppData\Roaming\Code\User\workspaceStorage\0d97b21f31cd49fd9323b20bdbe348d2\redhat.java         {manageable} {command line}
   size_t InitialHeapSize                          = 104857600                                 {product} {command line}
   size_t MaxHeapSize                              = 2147483648                                {product} {command line}
   size_t MaxNewSize                               = 715653120                                 {product} {ergonomic}
   size_t MinHeapDeltaBytes                        = 524288                                    {product} {ergonomic}
   size_t MinHeapSize                              = 104857600                                 {product} {command line}
   size_t NewSize                                  = 34603008                                  {product} {ergonomic}
    uintx NonNMethodCodeHeapSize                   = 5839372                                {pd product} {ergonomic}
    uintx NonProfiledCodeHeapSize                  = 122909434                              {pd product} {ergonomic}
   size_t OldSize                                  = 70254592                                  {product} {ergonomic}
    uintx ProfiledCodeHeapSize                     = 122909434                              {pd product} {ergonomic}
    uintx ReservedCodeCacheSize                    = 251658240                              {pd product} {ergonomic}
     bool SegmentedCodeCache                       = true                                      {product} {ergonomic}
   size_t SoftMaxHeapSize                          = 2147483648                             {manageable} {ergonomic}
     bool UseCompressedOops                        = true                           {product lp64_product} {ergonomic}
     bool UseLargePagesIndividualAllocation        = false                                  {pd product} {ergonomic}
     bool UseParallelGC                            = true                                      {product} {command line}

Logging:
Log output configuration:
 #0: stdout all=off uptime,level,tags foldmultilines=false
 #1: stderr all=off uptime,level,tags foldmultilines=false

Environment Variables:
JAVA_HOME=C:\Program Files\Java\jdk-17
PATH=c:\Users\abeshuk\AppData\Local\Programs\cursor\resources\app\bin;C:\Program Files\Common Files\Oracle\Java\javapath;C:\Windows\system32;C:\Windows;C:\Windows\System32\Wbem;C:\Windows\System32\WindowsPowerShell\v1.0\;C:\Windows\System32\OpenSSH\;C:\Program Files\Microsoft SQL Server\Client SDK\ODBC\170\Tools\Binn\;C:\Program Files (x86)\Microsoft SQL Server\150\Tools\Binn\;C:\Program Files\Microsoft SQL Server\150\Tools\Binn\;C:\Program Files\Microsoft SQL Server\150\DTS\Binn\;C:\Program Files (x86)\Microsoft SQL Server\150\DTS\Binn\;C:\Program Files\Azure Data Studio\bin;C:\Program Files\Java\jdk-17\bin;C:\Program Files\Git\cmd;C:\nssm\win64;C:\Users\abeshuk\AppData\Roaming\npm\node_modules;C:\apache-maven-3.8.7\bin;C:\Users\ewnetiea\AppData\Roaming\nvm;C:\Program Files\nodejs;C:\Users\ewnetiea\AppData\Local\Microsoft\WindowsApps;C:\Users\ewnetiea\AppData\Roaming\npm;C:\apache-maven-3.9.8\bin;C:\Program Files\nvm-setup;C:\Program Files\nodejs;C:\Users\ewnetiea\AppData\Local\Programs\Py;C:\Program Files\nodejs\;C:\Users\abeshuk\AppData\Local\Microsoft\WindowsApps;C:\Users\abeshuk\AppData\Roaming\npm;C:\Program Files\Azure Data Studio\bin;C:\apache-maven-3.9.8\bin;C:\Users\abeshuk\AppData\Local\Programs\cursor\resources\app\bin;C:\Users\abeshuk\AppData\Local\Programs\Windsurf\bin;C:\Users\abeshuk\AppData\Local\Programs\Microsoft VS Code\bin;C:\Users\abeshuk\Downloads\hugo_extended_withdeploy_0.147.9_windows-amd64.zip;
USERNAME=abeshuk
OS=Windows_NT
PROCESSOR_IDENTIFIER=Intel64 Family 6 Model 63 Stepping 2, GenuineIntel
TMP=C:\Users\abeshuk\AppData\Local\Temp\7
TEMP=C:\Users\abeshuk\AppData\Local\Temp\7




Periodic native trim disabled

---------------  S Y S T E M  ---------------

OS:
 Windows Server 2019 , 64 bit Build 17763 (10.0.17763.7009)
OS uptime: 3 days 0:21 hours
VMWare virtualization detected

CPU: total 8 (initial active 8) (2 cores per cpu, 1 threads per core) family 6 model 63 stepping 2 microcode 0x49, cx8, cmov, fxsr, mmx, sse, sse2, sse3, ssse3, sse4.1, sse4.2, popcnt, lzcnt, tsc, tscinvbit, avx, avx2, aes, erms, clmul, bmi1, bmi2, fma, vzeroupper, clflush, hv, rdtscp, f16c
Processor Information for the first 8 processors :
  Max Mhz: 2600, Current Mhz: 2600, Mhz Limit: 2600

Memory: 4k page, system-wide physical 24575M (275M free)
TotalPageFile size 37297M (AvailPageFile size 0M)
current process WorkingSet (physical memory assigned to process): 85M, peak: 85M
current process commit charge ("private bytes"): 241M, peak: 242M

vm_info: OpenJDK 64-Bit Server VM (21.0.8+9-LTS) for windows-amd64 JRE (21.0.8+9-LTS), built on 2025-07-15T00:00:00Z by "admin" with MS VC++ 17.7 (VS2022)

END.
